  Building Custom Rule C:/Daten/Projekte/SimulationPlatform/Third_Party_Libraries/vtk/VTK-9.0.3/Common/ExecutionModel/CMakeLists.txt
  CMake does not need to re-run because C:/Daten/Projekte/SimulationPlatform/Third_Party_Libraries/vtk/VTK-9.0.3/build_Win64/Common/ExecutionModel/CMakeFiles/generate.stamp is up-to-date.
  vtkAlgorithm.cxx
  vtkAlgorithmOutput.cxx
  vtkAnnotationLayersAlgorithm.cxx
  vtkArrayDataAlgorithm.cxx
  vtkCachedStreamingDemandDrivenPipeline.cxx
  vtkCastToConcrete.cxx
  vtkCompositeDataPipeline.cxx
  vtkCompositeDataSetAlgorithm.cxx
  vtkDataObjectAlgorithm.cxx
  vtkDataSetAlgorithm.cxx
  vtkDemandDrivenPipeline.cxx
  vtkDirectedGraphAlgorithm.cxx
  vtkEnsembleSource.cxx
  vtkExecutive.cxx
  vtkExplicitStructuredGridAlgorithm.cxx
  vtkExtentRCBPartitioner.cxx
  vtkExtentSplitter.cxx
  vtkExtentTranslator.cxx
  vtkFilteringInformationKeyManager.cxx
  vtkGraphAlgorithm.cxx
  Generating Code...
  Compiling...
  vtkHierarchicalBoxDataSetAlgorithm.cxx
  vtkHyperTreeGridAlgorithm.cxx
  vtkImageAlgorithm.cxx
  vtkImageInPlaceFilter.cxx
  vtkImageProgressIterator.cxx
  vtkImageToStructuredGrid.cxx
  vtkImageToStructuredPoints.cxx
  vtkInformationDataObjectMetaDataKey.cxx
  vtkInformationExecutivePortKey.cxx
  vtkInformationExecutivePortVectorKey.cxx
  vtkInformationIntegerRequestKey.cxx
  vtkMoleculeAlgorithm.cxx
  vtkMultiBlockDataSetAlgorithm.cxx
  vtkMultiTimeStepAlgorithm.cxx
  vtkParallelReader.cxx
  vtkPassInputTypeAlgorithm.cxx
  vtkPiecewiseFunctionAlgorithm.cxx
  vtkPiecewiseFunctionShiftScale.cxx
  vtkPointSetAlgorithm.cxx
  vtkPolyDataAlgorithm.cxx
  Generating Code...
  Compiling...
  vtkProgressObserver.cxx
  vtkReaderAlgorithm.cxx
  vtkReaderExecutive.cxx
  vtkRectilinearGridAlgorithm.cxx
  vtkSMPProgressObserver.cxx
  vtkScalarTree.cxx
  vtkSelectionAlgorithm.cxx
  vtkSimpleImageToImageFilter.cxx
  vtkSimpleReader.cxx
  vtkSimpleScalarTree.cxx
  vtkSpanSpace.cxx
  vtkSphereTree.cxx
  vtkStreamingDemandDrivenPipeline.cxx
  vtkStructuredGridAlgorithm.cxx
  vtkTableAlgorithm.cxx
  vtkThreadedCompositeDataPipeline.cxx
  vtkThreadedImageAlgorithm.cxx
  vtkTreeAlgorithm.cxx
  vtkTrivialConsumer.cxx
  vtkTrivialProducer.cxx
  Generating Code...
  Compiling...
  vtkUndirectedGraphAlgorithm.cxx
  vtkUniformGridPartitioner.cxx
  vtkUnstructuredGridAlgorithm.cxx
  vtkUnstructuredGridBaseAlgorithm.cxx
  vtkNonOverlappingAMRAlgorithm.cxx
  vtkOverlappingAMRAlgorithm.cxx
  vtkUniformGridAMRAlgorithm.cxx
  Generating Code...
     Creating library C:/Daten/Projekte/SimulationPlatform/Third_Party_Libraries/vtk/VTK-9.0.3/build_Win64/lib/Release/vtkCommonExecutionModel-9.0.lib and object C:/Daten/Projekte/SimulationPlatform/Third_Party_Libraries/vtk/VTK-9.0.3/build_Win64/lib/Release/vtkCommonExecutionModel-9.0.exp
  CommonExecutionModel.vcxproj -> C:\Daten\Projekte\SimulationPlatform\Third_Party_Libraries\vtk\VTK-9.0.3\build_Win64\bin\Release\vtkCommonExecutionModel-9.0.dll
