  Building Custom Rule C:/Daten/Projekte/SimulationPlatform/Third_Party_Libraries/vtk/VTK-9.0.3/Rendering/Context2D/CMakeLists.txt
  CMake does not need to re-run because C:/Daten/Projekte/SimulationPlatform/Third_Party_Libraries/vtk/VTK-9.0.3/build_Win64/Rendering/Context2D/CMakeFiles/generate.stamp is up-to-date.
  vtkAbstractContextBufferId.cxx
  vtkAbstractContextItem.cxx
  vtkBlockItem.cxx
  vtkBrush.cxx
  vtkContext2D.cxx
  vtkContext3D.cxx
  vtkContextActor.cxx
  vtkContextClip.cxx
  vtkContextDevice2D.cxx
  vtkContextDevice3D.cxx
  vtkContextItem.cxx
  vtkContextKeyEvent.cxx
  vtkContextMapper2D.cxx
  vtkContextMouseEvent.cxx
  vtkContextScene.cxx
  vtkContextTransform.cxx
  vtkImageItem.cxx
  vtkLabeledContourPolyDataItem.cxx
  vtkMarkerUtilities.cxx
  vtkPen.cxx
  Generating Code...
  Compiling...
  vtkPolyDataItem.cxx
  vtkPropItem.cxx
  vtkTooltipItem.cxx
  Generating Code...
     Creating library C:/Daten/Projekte/SimulationPlatform/Third_Party_Libraries/vtk/VTK-9.0.3/build_Win64/lib/Debug/vtkRenderingContext2D-9.0d.lib and object C:/Daten/Projekte/SimulationPlatform/Third_Party_Libraries/vtk/VTK-9.0.3/build_Win64/lib/Debug/vtkRenderingContext2D-9.0d.exp
  RenderingContext2D.vcxproj -> C:\Daten\Projekte\SimulationPlatform\Third_Party_Libraries\vtk\VTK-9.0.3\build_Win64\bin\Debug\vtkRenderingContext2D-9.0d.dll
