  Building Custom Rule C:/Daten/Projekte/SimulationPlatform/Third_Party_Libraries/vtk/VTK-9.0.3/Interaction/Style/CMakeLists.txt
  CMake does not need to re-run because C:/Daten/Projekte/SimulationPlatform/Third_Party_Libraries/vtk/VTK-9.0.3/build_Win64/Interaction/Style/CMakeFiles/generate.stamp is up-to-date.
  vtkInteractionStyleObjectFactory.cxx
  vtkInteractorStyleDrawPolygon.cxx
  vtkInteractorStyleFlight.cxx
  vtkInteractorStyleImage.cxx
  vtkInteractorStyleJoystickActor.cxx
  vtkInteractorStyleJoystickCamera.cxx
  vtkInteractorStyleMultiTouchCamera.cxx
  vtkInteractorStyleRubberBand2D.cxx
  vtkInteractorStyleRubberBand3D.cxx
  vtkInteractorStyleRubberBandPick.cxx
  vtkInteractorStyleRubberBandZoom.cxx
  vtkInteractorStyleTerrain.cxx
  vtkInteractorStyleTrackball.cxx
  vtkInteractorStyleTrackballActor.cxx
  vtkInteractorStyleTrackballCamera.cxx
  vtkInteractorStyleUnicam.cxx
  vtkInteractorStyleUser.cxx
  vtkInteractorStyleSwitch.cxx
  vtkParallelCoordinatesInteractorStyle.cxx
  Generating Code...
     Creating library C:/Daten/Projekte/SimulationPlatform/Third_Party_Libraries/vtk/VTK-9.0.3/build_Win64/lib/Debug/vtkInteractionStyle-9.0d.lib and object C:/Daten/Projekte/SimulationPlatform/Third_Party_Libraries/vtk/VTK-9.0.3/build_Win64/lib/Debug/vtkInteractionStyle-9.0d.exp
  InteractionStyle.vcxproj -> C:\Daten\Projekte\SimulationPlatform\Third_Party_Libraries\vtk\VTK-9.0.3\build_Win64\bin\Debug\vtkInteractionStyle-9.0d.dll
