  Generating raycasterfs.h, raycasterfs.cxx
  Generating raycastervs.h, raycastervs.cxx
  Generating vtkglProjectedTetrahedraVS.h, vtkglProjectedTetrahedraVS.cxx
  Generating vtkglProjectedTetrahedraFS.h, vtkglProjectedTetrahedraFS.cxx
  Building Custom Rule C:/Daten/Projekte/SimulationPlatform/Third_Party_Libraries/vtk/VTK-9.0.3/Rendering/VolumeOpenGL2/CMakeLists.txt
  CMake does not need to re-run because C:/Daten/Projekte/SimulationPlatform/Third_Party_Libraries/vtk/VTK-9.0.3/build_Win64/Rendering/VolumeOpenGL2/CMakeFiles/generate.stamp is up-to-date.
  raycasterfs.cxx
  raycastervs.cxx
  vtkglProjectedTetrahedraVS.cxx
  vtkglProjectedTetrahedraFS.cxx
  vtkRenderingVolumeOpenGL2ObjectFactory.cxx
  vtkMultiBlockVolumeMapper.cxx
  vtkOpenGLGPUVolumeRayCastMapper.cxx
  vtkOpenGLProjectedTetrahedraMapper.cxx
  vtkOpenGLRayCastImageDisplayHelper.cxx
  vtkOpenGLVolumeGradientOpacityTable.cxx
  vtkOpenGLVolumeLookupTable.cxx
  vtkOpenGLVolumeMaskGradientOpacityTransferFunction2D.cxx
  vtkOpenGLVolumeMaskTransferFunction2D.cxx
  vtkOpenGLVolumeOpacityTable.cxx
  vtkOpenGLVolumeRGBTable.cxx
  vtkOpenGLVolumeTransferFunction2D.cxx
  vtkSmartVolumeMapper.cxx
  vtkVolumeInputHelper.cxx
  vtkVolumeTexture.cxx
  Generating Code...
     Creating library C:/Daten/Projekte/SimulationPlatform/Third_Party_Libraries/vtk/VTK-9.0.3/build_Win64/lib/Debug/vtkRenderingVolumeOpenGL2-9.0d.lib and object C:/Daten/Projekte/SimulationPlatform/Third_Party_Libraries/vtk/VTK-9.0.3/build_Win64/lib/Debug/vtkRenderingVolumeOpenGL2-9.0d.exp
  RenderingVolumeOpenGL2.vcxproj -> C:\Daten\Projekte\SimulationPlatform\Third_Party_Libraries\vtk\VTK-9.0.3\build_Win64\bin\Debug\vtkRenderingVolumeOpenGL2-9.0d.dll
