c:\daten\projekte\simulationplatform\third_party_libraries\gmsh\gmsh-4.8.0-source\build_win64\gmsh.dir\release\common\options.cpp.obj
c:\daten\projekte\simulationplatform\third_party_libraries\gmsh\gmsh-4.8.0-source\build_win64\gmsh.dir\release\openfile.obj
c:\daten\projekte\simulationplatform\third_party_libraries\gmsh\gmsh-4.8.0-source\build_win64\gmsh.dir\release\stringutils.obj
c:\daten\projekte\simulationplatform\third_party_libraries\gmsh\gmsh-4.8.0-source\build_win64\gmsh.dir\release\discretefrechetdistance.obj
c:\daten\projekte\simulationplatform\third_party_libraries\gmsh\gmsh-4.8.0-source\build_win64\gmsh.dir\release\pyramidalbasis.obj
c:\daten\projekte\simulationplatform\third_party_libraries\gmsh\gmsh-4.8.0-source\build_win64\gmsh.dir\release\elementtype.obj
c:\daten\projekte\simulationplatform\third_party_libraries\gmsh\gmsh-4.8.0-source\build_win64\gmsh.dir\release\gaussintegration.obj
c:\daten\projekte\simulationplatform\third_party_libraries\gmsh\gmsh-4.8.0-source\build_win64\gmsh.dir\release\hilbertcurve.obj
c:\daten\projekte\simulationplatform\third_party_libraries\gmsh\gmsh-4.8.0-source\build_win64\gmsh.dir\release\orthogonalpoly.obj
c:\daten\projekte\simulationplatform\third_party_libraries\gmsh\gmsh-4.8.0-source\build_win64\gmsh.dir\release\hierarchicalbasish1tetra.obj
c:\daten\projekte\simulationplatform\third_party_libraries\gmsh\gmsh-4.8.0-source\build_win64\gmsh.dir\release\hierarchicalbasishcurlpri.obj
c:\daten\projekte\simulationplatform\third_party_libraries\gmsh\gmsh-4.8.0-source\build_win64\gmsh.dir\release\gedge.obj
c:\daten\projekte\simulationplatform\third_party_libraries\gmsh\gmsh-4.8.0-source\build_win64\gmsh.dir\release\gmshface.obj
c:\daten\projekte\simulationplatform\third_party_libraries\gmsh\gmsh-4.8.0-source\build_win64\gmsh.dir\release\discretevertex.obj
c:\daten\projekte\simulationplatform\third_party_libraries\gmsh\gmsh-4.8.0-source\build_win64\gmsh.dir\release\discreteregion.obj
c:\daten\projekte\simulationplatform\third_party_libraries\gmsh\gmsh-4.8.0-source\build_win64\gmsh.dir\release\gmodelio_msh.obj
c:\daten\projekte\simulationplatform\third_party_libraries\gmsh\gmsh-4.8.0-source\build_win64\gmsh.dir\release\gmodelio_msh2.obj
c:\daten\projekte\simulationplatform\third_party_libraries\gmsh\gmsh-4.8.0-source\build_win64\gmsh.dir\release\gmodelio_med.obj
c:\daten\projekte\simulationplatform\third_party_libraries\gmsh\gmsh-4.8.0-source\build_win64\gmsh.dir\release\gmodelio_stl.obj
c:\daten\projekte\simulationplatform\third_party_libraries\gmsh\gmsh-4.8.0-source\build_win64\gmsh.dir\release\gmodelio_diff.obj
c:\daten\projekte\simulationplatform\third_party_libraries\gmsh\gmsh-4.8.0-source\build_win64\gmsh.dir\release\gmodelio_actran.obj
c:\daten\projekte\simulationplatform\third_party_libraries\gmsh\gmsh-4.8.0-source\build_win64\gmsh.dir\release\gmodelio_x3d.obj
c:\daten\projekte\simulationplatform\third_party_libraries\gmsh\gmsh-4.8.0-source\build_win64\gmsh.dir\release\sorientedboundingbox.obj
c:\daten\projekte\simulationplatform\third_party_libraries\gmsh\gmsh-4.8.0-source\build_win64\gmsh.dir\release\cgnscommon.obj
c:\daten\projekte\simulationplatform\third_party_libraries\gmsh\gmsh-4.8.0-source\build_win64\gmsh.dir\release\cgnszoneunstruct.obj
c:\daten\projekte\simulationplatform\third_party_libraries\gmsh\gmsh-4.8.0-source\build_win64\gmsh.dir\release\generator.obj
c:\daten\projekte\simulationplatform\third_party_libraries\gmsh\gmsh-4.8.0-source\build_win64\gmsh.dir\release\meshgregionhxt.obj
c:\daten\projekte\simulationplatform\third_party_libraries\gmsh\gmsh-4.8.0-source\build_win64\gmsh.dir\release\meshgregionmmg.obj
c:\daten\projekte\simulationplatform\third_party_libraries\gmsh\gmsh-4.8.0-source\build_win64\gmsh.dir\release\meshgregionboundarylayer.obj
c:\daten\projekte\simulationplatform\third_party_libraries\gmsh\gmsh-4.8.0-source\build_win64\gmsh.dir\release\bds.obj
c:\daten\projekte\simulationplatform\third_party_libraries\gmsh\gmsh-4.8.0-source\build_win64\gmsh.dir\release\divideandconquer.obj
c:\daten\projekte\simulationplatform\third_party_libraries\gmsh\gmsh-4.8.0-source\build_win64\gmsh.dir\release\linearsystempetsc.obj
c:\daten\projekte\simulationplatform\third_party_libraries\gmsh\gmsh-4.8.0-source\build_win64\gmsh.dir\release\linearsystemmumps.obj
c:\daten\projekte\simulationplatform\third_party_libraries\gmsh\gmsh-4.8.0-source\build_win64\gmsh.dir\release\groupofelements.obj
c:\daten\projekte\simulationplatform\third_party_libraries\gmsh\gmsh-4.8.0-source\build_win64\gmsh.dir\release\eigensolver.obj
c:\daten\projekte\simulationplatform\third_party_libraries\gmsh\gmsh-4.8.0-source\build_win64\gmsh.dir\release\filters.obj
c:\daten\projekte\simulationplatform\third_party_libraries\gmsh\gmsh-4.8.0-source\build_win64\gmsh.dir\release\terms.obj
c:\daten\projekte\simulationplatform\third_party_libraries\gmsh\gmsh-4.8.0-source\build_win64\gmsh.dir\release\pviewoptions.obj
c:\daten\projekte\simulationplatform\third_party_libraries\gmsh\gmsh-4.8.0-source\build_win64\gmsh.dir\release\pviewfactory.obj
c:\daten\projekte\simulationplatform\third_party_libraries\gmsh\gmsh-4.8.0-source\build_win64\gmsh.dir\release\levelset.obj
c:\daten\projekte\simulationplatform\third_party_libraries\gmsh\gmsh-4.8.0-source\build_win64\gmsh.dir\release\cutparametric.obj
c:\daten\projekte\simulationplatform\third_party_libraries\gmsh\gmsh-4.8.0-source\build_win64\gmsh.dir\release\cutgrid.obj
c:\daten\projekte\simulationplatform\third_party_libraries\gmsh\gmsh-4.8.0-source\build_win64\gmsh.dir\release\warp.obj
c:\daten\projekte\simulationplatform\third_party_libraries\gmsh\gmsh-4.8.0-source\build_win64\gmsh.dir\release\modifycomponents.obj
c:\daten\projekte\simulationplatform\third_party_libraries\gmsh\gmsh-4.8.0-source\build_win64\gmsh.dir\release\curl.obj
c:\daten\projekte\simulationplatform\third_party_libraries\gmsh\gmsh-4.8.0-source\build_win64\gmsh.dir\release\distance.obj
c:\daten\projekte\simulationplatform\third_party_libraries\gmsh\gmsh-4.8.0-source\build_win64\gmsh.dir\release\scal2tens.obj
c:\daten\projekte\simulationplatform\third_party_libraries\gmsh\gmsh-4.8.0-source\build_win64\gmsh.dir\release\simplepartition.obj
c:\daten\projekte\simulationplatform\third_party_libraries\gmsh\gmsh-4.8.0-source\build_win64\gmsh.dir\release\meshsizefieldview.obj
c:\daten\projekte\simulationplatform\third_party_libraries\gmsh\gmsh-4.8.0-source\build_win64\gmsh.dir\release\commandline.obj
c:\daten\projekte\simulationplatform\third_party_libraries\gmsh\gmsh-4.8.0-source\build_win64\gmsh.dir\release\gmsh.obj
c:\daten\projekte\simulationplatform\third_party_libraries\gmsh\gmsh-4.8.0-source\build_win64\gmsh.dir\release\gaussquadraturelin.obj
c:\daten\projekte\simulationplatform\third_party_libraries\gmsh\gmsh-4.8.0-source\build_win64\gmsh.dir\release\gaussquadraturetri.obj
c:\daten\projekte\simulationplatform\third_party_libraries\gmsh\gmsh-4.8.0-source\build_win64\gmsh.dir\release\gaussquadraturehex.obj
c:\daten\projekte\simulationplatform\third_party_libraries\gmsh\gmsh-4.8.0-source\build_win64\gmsh.dir\release\gaussquadraturepri.obj
c:\daten\projekte\simulationplatform\third_party_libraries\gmsh\gmsh-4.8.0-source\build_win64\gmsh.dir\release\mathevaluator.obj
c:\daten\projekte\simulationplatform\third_party_libraries\gmsh\gmsh-4.8.0-source\build_win64\gmsh.dir\release\hierarchicalbasish1line.obj
c:\daten\projekte\simulationplatform\third_party_libraries\gmsh\gmsh-4.8.0-source\build_win64\gmsh.dir\release\hierarchicalbasis.obj
c:\daten\projekte\simulationplatform\third_party_libraries\gmsh\gmsh-4.8.0-source\build_win64\gmsh.dir\release\hierarchicalbasishcurlline.obj
c:\daten\projekte\simulationplatform\third_party_libraries\gmsh\gmsh-4.8.0-source\build_win64\gmsh.dir\release\closestpoint.obj
c:\daten\projekte\simulationplatform\third_party_libraries\gmsh\gmsh-4.8.0-source\build_win64\gmsh.dir\release\stensor3.obj
c:\daten\projekte\simulationplatform\third_party_libraries\gmsh\gmsh-4.8.0-source\build_win64\gmsh.dir\release\gmodelcreatetopologyfrommesh.obj
c:\daten\projekte\simulationplatform\third_party_libraries\gmsh\gmsh-4.8.0-source\build_win64\gmsh.dir\release\gmodelio_vtk.obj
c:\daten\projekte\simulationplatform\third_party_libraries\gmsh\gmsh-4.8.0-source\build_win64\gmsh.dir\release\gmodelio_ply.obj
c:\daten\projekte\simulationplatform\third_party_libraries\gmsh\gmsh-4.8.0-source\build_win64\gmsh.dir\release\gmodelio_geom.obj
c:\daten\projekte\simulationplatform\third_party_libraries\gmsh\gmsh-4.8.0-source\build_win64\gmsh.dir\release\gmodelio_celum.obj
c:\daten\projekte\simulationplatform\third_party_libraries\gmsh\gmsh-4.8.0-source\build_win64\gmsh.dir\release\gmodelio_pos.obj
c:\daten\projekte\simulationplatform\third_party_libraries\gmsh\gmsh-4.8.0-source\build_win64\gmsh.dir\release\gmshlevelset.obj
c:\daten\projekte\simulationplatform\third_party_libraries\gmsh\gmsh-4.8.0-source\build_win64\gmsh.dir\release\mtrihedron.obj
c:\daten\projekte\simulationplatform\third_party_libraries\gmsh\gmsh-4.8.0-source\build_win64\gmsh.dir\release\msubelement.obj
c:\daten\projekte\simulationplatform\third_party_libraries\gmsh\gmsh-4.8.0-source\build_win64\gmsh.dir\release\chain.obj
c:\daten\projekte\simulationplatform\third_party_libraries\gmsh\gmsh-4.8.0-source\build_win64\gmsh.dir\release\cgnswrite.obj
c:\daten\projekte\simulationplatform\third_party_libraries\gmsh\gmsh-4.8.0-source\build_win64\gmsh.dir\release\meshgfaceextruded.obj
c:\daten\projekte\simulationplatform\third_party_libraries\gmsh\gmsh-4.8.0-source\build_win64\gmsh.dir\release\meshgfaceoptimize.obj
c:\daten\projekte\simulationplatform\third_party_libraries\gmsh\gmsh-4.8.0-source\build_win64\gmsh.dir\release\meshgregionlocalmeshmod.obj
c:\daten\projekte\simulationplatform\third_party_libraries\gmsh\gmsh-4.8.0-source\build_win64\gmsh.dir\release\meshrelocatevertex.obj
c:\daten\projekte\simulationplatform\third_party_libraries\gmsh\gmsh-4.8.0-source\build_win64\gmsh.dir\release\boundarylayers.obj
c:\daten\projekte\simulationplatform\third_party_libraries\gmsh\gmsh-4.8.0-source\build_win64\gmsh.dir\release\field.obj
c:\daten\projekte\simulationplatform\third_party_libraries\gmsh\gmsh-4.8.0-source\build_win64\gmsh.dir\release\thermicsolver.obj
c:\daten\projekte\simulationplatform\third_party_libraries\gmsh\gmsh-4.8.0-source\build_win64\gmsh.dir\release\pviewio.obj
c:\daten\projekte\simulationplatform\third_party_libraries\gmsh\gmsh-4.8.0-source\build_win64\gmsh.dir\release\pviewdatalistio.obj
c:\daten\projekte\simulationplatform\third_party_libraries\gmsh\gmsh-4.8.0-source\build_win64\gmsh.dir\release\shapefunctions.obj
c:\daten\projekte\simulationplatform\third_party_libraries\gmsh\gmsh-4.8.0-source\build_win64\gmsh.dir\release\plugin.obj
c:\daten\projekte\simulationplatform\third_party_libraries\gmsh\gmsh-4.8.0-source\build_win64\gmsh.dir\release\isosurface.obj
c:\daten\projekte\simulationplatform\third_party_libraries\gmsh\gmsh-4.8.0-source\build_win64\gmsh.dir\release\eigenvectors.obj
c:\daten\projekte\simulationplatform\third_party_libraries\gmsh\gmsh-4.8.0-source\build_win64\gmsh.dir\release\fieldfromamplitudephase.obj
c:\daten\projekte\simulationplatform\third_party_libraries\gmsh\gmsh-4.8.0-source\build_win64\gmsh.dir\release\scal2vec.obj
c:\daten\projekte\simulationplatform\third_party_libraries\gmsh\gmsh-4.8.0-source\build_win64\gmsh.dir\release\meshsubentities.obj
c:\daten\projekte\simulationplatform\third_party_libraries\gmsh\gmsh-4.8.0-source\build_win64\gmsh.dir\release\gmsh.tab.obj
c:\daten\projekte\simulationplatform\third_party_libraries\gmsh\gmsh-4.8.0-source\build_win64\gmsh.dir\release\os.obj
c:\daten\projekte\simulationplatform\third_party_libraries\gmsh\gmsh-4.8.0-source\build_win64\gmsh.dir\release\octree.obj
c:\daten\projekte\simulationplatform\third_party_libraries\gmsh\gmsh-4.8.0-source\build_win64\gmsh.dir\release\treeutils.obj
c:\daten\projekte\simulationplatform\third_party_libraries\gmsh\gmsh-4.8.0-source\build_win64\gmsh.dir\release\avl.obj
c:\daten\projekte\simulationplatform\third_party_libraries\gmsh\gmsh-4.8.0-source\build_win64\gmsh.dir\release\mallocutils.obj
c:\daten\projekte\simulationplatform\third_party_libraries\gmsh\gmsh-4.8.0-source\build_win64\gmsh.dir\release\basisfactory.obj
c:\daten\projekte\simulationplatform\third_party_libraries\gmsh\gmsh-4.8.0-source\build_win64\gmsh.dir\release\orthogonalbasis.obj
c:\daten\projekte\simulationplatform\third_party_libraries\gmsh\gmsh-4.8.0-source\build_win64\gmsh.dir\release\bezierbasis.obj
c:\daten\projekte\simulationplatform\third_party_libraries\gmsh\gmsh-4.8.0-source\build_win64\gmsh.dir\release\approximationerror.obj
c:\daten\projekte\simulationplatform\third_party_libraries\gmsh\gmsh-4.8.0-source\build_win64\gmsh.dir\release\hierarchicalbasish1brick.obj
c:\daten\projekte\simulationplatform\third_party_libraries\gmsh\gmsh-4.8.0-source\build_win64\gmsh.dir\release\hierarchicalbasishcurlbrick.obj
c:\daten\projekte\simulationplatform\third_party_libraries\gmsh\gmsh-4.8.0-source\build_win64\gmsh.dir\release\affinetransformation.obj
c:\daten\projekte\simulationplatform\third_party_libraries\gmsh\gmsh-4.8.0-source\build_win64\gmsh.dir\release\gmshregion.obj
c:\daten\projekte\simulationplatform\third_party_libraries\gmsh\gmsh-4.8.0-source\build_win64\gmsh.dir\release\occregion.obj
c:\daten\projekte\simulationplatform\third_party_libraries\gmsh\gmsh-4.8.0-source\build_win64\gmsh.dir\release\gmodelio_geo.obj
c:\daten\projekte\simulationplatform\third_party_libraries\gmsh\gmsh-4.8.0-source\build_win64\gmsh.dir\release\gmodelio_msh4.obj
c:\daten\projekte\simulationplatform\third_party_libraries\gmsh\gmsh-4.8.0-source\build_win64\gmsh.dir\release\gmodelio_bdf.obj
c:\daten\projekte\simulationplatform\third_party_libraries\gmsh\gmsh-4.8.0-source\build_win64\gmsh.dir\release\gmodelio_mail.obj
c:\daten\projekte\simulationplatform\third_party_libraries\gmsh\gmsh-4.8.0-source\build_win64\gmsh.dir\release\gmodelio_su2.obj
c:\daten\projekte\simulationplatform\third_party_libraries\gmsh\gmsh-4.8.0-source\build_win64\gmsh.dir\release\extrudeparams.obj
c:\daten\projekte\simulationplatform\third_party_libraries\gmsh\gmsh-4.8.0-source\build_win64\gmsh.dir\release\geommeshmatcher.obj
c:\daten\projekte\simulationplatform\third_party_libraries\gmsh\gmsh-4.8.0-source\build_win64\gmsh.dir\release\mtriangle.obj
c:\daten\projekte\simulationplatform\third_party_libraries\gmsh\gmsh-4.8.0-source\build_win64\gmsh.dir\release\mpyramid.obj
c:\daten\projekte\simulationplatform\third_party_libraries\gmsh\gmsh-4.8.0-source\build_win64\gmsh.dir\release\chaincomplex.obj
c:\daten\projekte\simulationplatform\third_party_libraries\gmsh\gmsh-4.8.0-source\build_win64\gmsh.dir\release\mvertexboundarylayerdata.obj
c:\daten\projekte\simulationplatform\third_party_libraries\gmsh\gmsh-4.8.0-source\build_win64\gmsh.dir\release\cgnsconventions.obj
c:\daten\projekte\simulationplatform\third_party_libraries\gmsh\gmsh-4.8.0-source\build_win64\gmsh.dir\release\cgnsread.obj
c:\daten\projekte\simulationplatform\third_party_libraries\gmsh\gmsh-4.8.0-source\build_win64\gmsh.dir\release\meshgfacetransfinite.obj
c:\daten\projekte\simulationplatform\third_party_libraries\gmsh\gmsh-4.8.0-source\build_win64\gmsh.dir\release\meshgregionboundaryrecovery.obj
c:\daten\projekte\simulationplatform\third_party_libraries\gmsh\gmsh-4.8.0-source\build_win64\gmsh.dir\release\backgroundmesh.obj
c:\daten\projekte\simulationplatform\third_party_libraries\gmsh\gmsh-4.8.0-source\build_win64\gmsh.dir\release\filterelements.obj
c:\daten\projekte\simulationplatform\third_party_libraries\gmsh\gmsh-4.8.0-source\build_win64\gmsh.dir\release\linearsystem.obj
c:\daten\projekte\simulationplatform\third_party_libraries\gmsh\gmsh-4.8.0-source\build_win64\gmsh.dir\release\elasticityterm.obj
c:\daten\projekte\simulationplatform\third_party_libraries\gmsh\gmsh-4.8.0-source\build_win64\gmsh.dir\release\sparsitypattern.obj
c:\daten\projekte\simulationplatform\third_party_libraries\gmsh\gmsh-4.8.0-source\build_win64\gmsh.dir\release\stensor43.obj
c:\daten\projekte\simulationplatform\third_party_libraries\gmsh\gmsh-4.8.0-source\build_win64\gmsh.dir\release\pviewio_cgns.obj
c:\daten\projekte\simulationplatform\third_party_libraries\gmsh\gmsh-4.8.0-source\build_win64\gmsh.dir\release\pviewdatalist.obj
c:\daten\projekte\simulationplatform\third_party_libraries\gmsh\gmsh-4.8.0-source\build_win64\gmsh.dir\release\adaptivedata.obj
c:\daten\projekte\simulationplatform\third_party_libraries\gmsh\gmsh-4.8.0-source\build_win64\gmsh.dir\release\extractelements.obj
c:\daten\projekte\simulationplatform\third_party_libraries\gmsh\gmsh-4.8.0-source\build_win64\gmsh.dir\release\divergence.obj
c:\daten\projekte\simulationplatform\third_party_libraries\gmsh\gmsh-4.8.0-source\build_win64\gmsh.dir\release\homologycomputation.obj
c:\daten\projekte\simulationplatform\third_party_libraries\gmsh\gmsh-4.8.0-source\build_win64\gmsh.dir\release\bubbles.obj
c:\daten\projekte\simulationplatform\third_party_libraries\gmsh\gmsh-4.8.0-source\build_win64\gmsh.dir\release\cutmesh.obj
c:\daten\projekte\simulationplatform\third_party_libraries\gmsh\gmsh-4.8.0-source\build_win64\gmsh.dir\release\vorometal.obj
c:\daten\projekte\simulationplatform\third_party_libraries\gmsh\gmsh-4.8.0-source\build_win64\gmsh.dir\release\gmshpopplerwrapper.obj
c:\daten\projekte\simulationplatform\third_party_libraries\gmsh\gmsh-4.8.0-source\build_win64\gmsh.dir\release\createfile.obj
c:\daten\projekte\simulationplatform\third_party_libraries\gmsh\gmsh-4.8.0-source\build_win64\gmsh.dir\release\fullmatrix.obj
c:\daten\projekte\simulationplatform\third_party_libraries\gmsh\gmsh-4.8.0-source\build_win64\gmsh.dir\release\incompletebasis.obj
c:\daten\projekte\simulationplatform\third_party_libraries\gmsh\gmsh-4.8.0-source\build_win64\gmsh.dir\release\jacobianbasis.obj
c:\daten\projekte\simulationplatform\third_party_libraries\gmsh\gmsh-4.8.0-source\build_win64\gmsh.dir\release\gaussquadraturepyr.obj
c:\daten\projekte\simulationplatform\third_party_libraries\gmsh\gmsh-4.8.0-source\build_win64\gmsh.dir\release\iso.obj
c:\daten\projekte\simulationplatform\third_party_libraries\gmsh\gmsh-4.8.0-source\build_win64\gmsh.dir\release\hierarchicalbasish1tria.obj
c:\daten\projekte\simulationplatform\third_party_libraries\gmsh\gmsh-4.8.0-source\build_win64\gmsh.dir\release\hierarchicalbasishcurl.obj
c:\daten\projekte\simulationplatform\third_party_libraries\gmsh\gmsh-4.8.0-source\build_win64\gmsh.dir\release\curvature.obj
c:\daten\projekte\simulationplatform\third_party_libraries\gmsh\gmsh-4.8.0-source\build_win64\gmsh.dir\release\intersectcurvesurface.obj
c:\daten\projekte\simulationplatform\third_party_libraries\gmsh\gmsh-4.8.0-source\build_win64\gmsh.dir\release\gregion.obj
c:\daten\projekte\simulationplatform\third_party_libraries\gmsh\gmsh-4.8.0-source\build_win64\gmsh.dir\release\occvertex.obj
c:\daten\projekte\simulationplatform\third_party_libraries\gmsh\gmsh-4.8.0-source\build_win64\gmsh.dir\release\discreteedge.obj
c:\daten\projekte\simulationplatform\third_party_libraries\gmsh\gmsh-4.8.0-source\build_win64\gmsh.dir\release\gmodel.obj
c:\daten\projekte\simulationplatform\third_party_libraries\gmsh\gmsh-4.8.0-source\build_win64\gmsh.dir\release\gmodelio_unv.obj
c:\daten\projekte\simulationplatform\third_party_libraries\gmsh\gmsh-4.8.0-source\build_win64\gmsh.dir\release\gmodelio_p3d.obj
c:\daten\projekte\simulationplatform\third_party_libraries\gmsh\gmsh-4.8.0-source\build_win64\gmsh.dir\release\gmodelio_matlab.obj
c:\daten\projekte\simulationplatform\third_party_libraries\gmsh\gmsh-4.8.0-source\build_win64\gmsh.dir\release\findlinks.obj
c:\daten\projekte\simulationplatform\third_party_libraries\gmsh\gmsh-4.8.0-source\build_win64\gmsh.dir\release\medge.obj
c:\daten\projekte\simulationplatform\third_party_libraries\gmsh\gmsh-4.8.0-source\build_win64\gmsh.dir\release\mquadrangle.obj
c:\daten\projekte\simulationplatform\third_party_libraries\gmsh\gmsh-4.8.0-source\build_win64\gmsh.dir\release\qualitymeasuresjacobian.obj
c:\daten\projekte\simulationplatform\third_party_libraries\gmsh\gmsh-4.8.0-source\build_win64\gmsh.dir\release\delaunay3d.obj
c:\daten\projekte\simulationplatform\third_party_libraries\gmsh\gmsh-4.8.0-source\build_win64\gmsh.dir\release\gmshcrossfields.obj
c:\daten\projekte\simulationplatform\third_party_libraries\gmsh\gmsh-4.8.0-source\build_win64\gmsh.dir\release\pviewdataio.obj
c:\daten\projekte\simulationplatform\third_party_libraries\gmsh\gmsh-4.8.0-source\build_win64\gmsh.dir\release\pviewdatagmodel.obj
c:\daten\projekte\simulationplatform\third_party_libraries\gmsh\gmsh-4.8.0-source\build_win64\gmsh.dir\release\cutplane.obj
c:\daten\projekte\simulationplatform\third_party_libraries\gmsh\gmsh-4.8.0-source\build_win64\gmsh.dir\release\eigenvalues.obj
c:\daten\projekte\simulationplatform\third_party_libraries\gmsh\gmsh-4.8.0-source\build_win64\gmsh.dir\release\cutbox.obj
c:\daten\projekte\simulationplatform\third_party_libraries\gmsh\gmsh-4.8.0-source\build_win64\gmsh.dir\release\makesimplex.obj
c:\daten\projekte\simulationplatform\third_party_libraries\gmsh\gmsh-4.8.0-source\build_win64\gmsh.dir\release\annotate.obj
c:\daten\projekte\simulationplatform\third_party_libraries\gmsh\gmsh-4.8.0-source\build_win64\gmsh.dir\release\modulusphase.obj
c:\daten\projekte\simulationplatform\third_party_libraries\gmsh\gmsh-4.8.0-source\build_win64\gmsh.dir\release\extractedges.obj
c:\daten\projekte\simulationplatform\third_party_libraries\gmsh\gmsh-4.8.0-source\build_win64\gmsh.dir\release\discretizationerror.obj
c:\daten\projekte\simulationplatform\third_party_libraries\gmsh\gmsh-4.8.0-source\build_win64\gmsh.dir\release\crack.obj
c:\daten\projekte\simulationplatform\third_party_libraries\gmsh\gmsh-4.8.0-source\build_win64\gmsh.dir\release\gmsh.yy.obj
c:\daten\projekte\simulationplatform\third_party_libraries\gmsh\gmsh-4.8.0-source\build_win64\gmsh.dir\release\gmshmessage.obj
c:\daten\projekte\simulationplatform\third_party_libraries\gmsh\gmsh-4.8.0-source\build_win64\gmsh.dir\release\onelabutils.obj
c:\daten\projekte\simulationplatform\third_party_libraries\gmsh\gmsh-4.8.0-source\build_win64\gmsh.dir\release\gamepad.obj
c:\daten\projekte\simulationplatform\third_party_libraries\gmsh\gmsh-4.8.0-source\build_win64\gmsh.dir\release\nodalbasis.obj
c:\daten\projekte\simulationplatform\third_party_libraries\gmsh\gmsh-4.8.0-source\build_win64\gmsh.dir\release\innervertexplacement.obj
c:\daten\projekte\simulationplatform\third_party_libraries\gmsh\gmsh-4.8.0-source\build_win64\gmsh.dir\release\gaussjacobi1d.obj
c:\daten\projekte\simulationplatform\third_party_libraries\gmsh\gmsh-4.8.0-source\build_win64\gmsh.dir\release\hierarchicalbasish1.obj
c:\daten\projekte\simulationplatform\third_party_libraries\gmsh\gmsh-4.8.0-source\build_win64\gmsh.dir\release\hierarchicalbasish1point.obj
c:\daten\projekte\simulationplatform\third_party_libraries\gmsh\gmsh-4.8.0-source\build_win64\gmsh.dir\release\hierarchicalbasishcurltetra.obj
c:\daten\projekte\simulationplatform\third_party_libraries\gmsh\gmsh-4.8.0-source\build_win64\gmsh.dir\release\gentity.obj
c:\daten\projekte\simulationplatform\third_party_libraries\gmsh\gmsh-4.8.0-source\build_win64\gmsh.dir\release\gedgeloop.obj
c:\daten\projekte\simulationplatform\third_party_libraries\gmsh\gmsh-4.8.0-source\build_win64\gmsh.dir\release\gmshedge.obj
c:\daten\projekte\simulationplatform\third_party_libraries\gmsh\gmsh-4.8.0-source\build_win64\gmsh.dir\release\occface.obj
c:\daten\projekte\simulationplatform\third_party_libraries\gmsh\gmsh-4.8.0-source\build_win64\gmsh.dir\release\gmodelvertexarrays.obj
c:\daten\projekte\simulationplatform\third_party_libraries\gmsh\gmsh-4.8.0-source\build_win64\gmsh.dir\release\gmodelio_msh3.obj
c:\daten\projekte\simulationplatform\third_party_libraries\gmsh\gmsh-4.8.0-source\build_win64\gmsh.dir\release\gmodelio_mesh.obj
c:\daten\projekte\simulationplatform\third_party_libraries\gmsh\gmsh-4.8.0-source\build_win64\gmsh.dir\release\gmodelio_vrml.obj
c:\daten\projekte\simulationplatform\third_party_libraries\gmsh\gmsh-4.8.0-source\build_win64\gmsh.dir\release\gmodelio_inp.obj
c:\daten\projekte\simulationplatform\third_party_libraries\gmsh\gmsh-4.8.0-source\build_win64\gmsh.dir\release\gmodelio_neu.obj
c:\daten\projekte\simulationplatform\third_party_libraries\gmsh\gmsh-4.8.0-source\build_win64\gmsh.dir\release\geointerpolation.obj
c:\daten\projekte\simulationplatform\third_party_libraries\gmsh\gmsh-4.8.0-source\build_win64\gmsh.dir\release\mvertex.obj
c:\daten\projekte\simulationplatform\third_party_libraries\gmsh\gmsh-4.8.0-source\build_win64\gmsh.dir\release\mface.obj
c:\daten\projekte\simulationplatform\third_party_libraries\gmsh\gmsh-4.8.0-source\build_win64\gmsh.dir\release\mtetrahedron.obj
c:\daten\projekte\simulationplatform\third_party_libraries\gmsh\gmsh-4.8.0-source\build_win64\gmsh.dir\release\melementcut.obj
c:\daten\projekte\simulationplatform\third_party_libraries\gmsh\gmsh-4.8.0-source\build_win64\gmsh.dir\release\cgnswritestruct.obj
c:\daten\projekte\simulationplatform\third_party_libraries\gmsh\gmsh-4.8.0-source\build_win64\gmsh.dir\release\meshgface.obj
c:\daten\projekte\simulationplatform\third_party_libraries\gmsh\gmsh-4.8.0-source\build_win64\gmsh.dir\release\meshgregiondelaunayinsertion.obj
c:\daten\projekte\simulationplatform\third_party_libraries\gmsh\gmsh-4.8.0-source\build_win64\gmsh.dir\release\backgroundmeshtools.obj
c:\daten\projekte\simulationplatform\third_party_libraries\gmsh\gmsh-4.8.0-source\build_win64\gmsh.dir\release\meshpartition.obj
c:\daten\projekte\simulationplatform\third_party_libraries\gmsh\gmsh-4.8.0-source\build_win64\gmsh.dir\release\linearsystemcsr.obj
c:\daten\projekte\simulationplatform\third_party_libraries\gmsh\gmsh-4.8.0-source\build_win64\gmsh.dir\release\elasticitysolver.obj
c:\daten\projekte\simulationplatform\third_party_libraries\gmsh\gmsh-4.8.0-source\build_win64\gmsh.dir\release\stensor53.obj
c:\daten\projekte\simulationplatform\third_party_libraries\gmsh\gmsh-4.8.0-source\build_win64\gmsh.dir\release\stensor63.obj
c:\daten\projekte\simulationplatform\third_party_libraries\gmsh\gmsh-4.8.0-source\build_win64\gmsh.dir\release\pview.obj
c:\daten\projekte\simulationplatform\third_party_libraries\gmsh\gmsh-4.8.0-source\build_win64\gmsh.dir\release\pviewdatagmodelio_cgns.obj
c:\daten\projekte\simulationplatform\third_party_libraries\gmsh\gmsh-4.8.0-source\build_win64\gmsh.dir\release\pluginmanager.obj
c:\daten\projekte\simulationplatform\third_party_libraries\gmsh\gmsh-4.8.0-source\build_win64\gmsh.dir\release\streamlines.obj
c:\daten\projekte\simulationplatform\third_party_libraries\gmsh\gmsh-4.8.0-source\build_win64\gmsh.dir\release\longitudelatitude.obj
c:\daten\projekte\simulationplatform\third_party_libraries\gmsh\gmsh-4.8.0-source\build_win64\gmsh.dir\release\sphericalraise.obj
c:\daten\projekte\simulationplatform\third_party_libraries\gmsh\gmsh-4.8.0-source\build_win64\gmsh.dir\release\matheval.obj
c:\daten\projekte\simulationplatform\third_party_libraries\gmsh\gmsh-4.8.0-source\build_win64\gmsh.dir\release\remove.obj
c:\daten\projekte\simulationplatform\third_party_libraries\gmsh\gmsh-4.8.0-source\build_win64\gmsh.dir\release\homologypostprocessing.obj
c:\daten\projekte\simulationplatform\third_party_libraries\gmsh\gmsh-4.8.0-source\build_win64\gmsh.dir\release\meshvolume.obj
c:\daten\projekte\simulationplatform\third_party_libraries\gmsh\gmsh-4.8.0-source\build_win64\gmsh.dir\release\summation.obj
c:\daten\projekte\simulationplatform\third_party_libraries\gmsh\gmsh-4.8.0-source\build_win64\gmsh.dir\release\gmshc.obj
c:\daten\projekte\simulationplatform\third_party_libraries\gmsh\gmsh-4.8.0-source\build_win64\gmsh.dir\release\gmshglobal.obj
c:\daten\projekte\simulationplatform\third_party_libraries\gmsh\gmsh-4.8.0-source\build_win64\gmsh.dir\release\octreeinternals.obj
c:\daten\projekte\simulationplatform\third_party_libraries\gmsh\gmsh-4.8.0-source\build_win64\gmsh.dir\release\gmshremote.obj
c:\daten\projekte\simulationplatform\third_party_libraries\gmsh\gmsh-4.8.0-source\build_win64\gmsh.dir\release\funcspacedata.obj
c:\daten\projekte\simulationplatform\third_party_libraries\gmsh\gmsh-4.8.0-source\build_win64\gmsh.dir\release\polynomialbasis.obj
c:\daten\projekte\simulationplatform\third_party_libraries\gmsh\gmsh-4.8.0-source\build_win64\gmsh.dir\release\pointsgenerators.obj
c:\daten\projekte\simulationplatform\third_party_libraries\gmsh\gmsh-4.8.0-source\build_win64\gmsh.dir\release\gaussquadraturetet.obj
c:\daten\projekte\simulationplatform\third_party_libraries\gmsh\gmsh-4.8.0-source\build_win64\gmsh.dir\release\decasteljau.obj
c:\daten\projekte\simulationplatform\third_party_libraries\gmsh\gmsh-4.8.0-source\build_win64\gmsh.dir\release\hierarchicalbasish1quad.obj
c:\daten\projekte\simulationplatform\third_party_libraries\gmsh\gmsh-4.8.0-source\build_win64\gmsh.dir\release\hierarchicalbasishcurlquad.obj
c:\daten\projekte\simulationplatform\third_party_libraries\gmsh\gmsh-4.8.0-source\build_win64\gmsh.dir\release\boundarylayersdata.obj
c:\daten\projekte\simulationplatform\third_party_libraries\gmsh\gmsh-4.8.0-source\build_win64\gmsh.dir\release\gface.obj
c:\daten\projekte\simulationplatform\third_party_libraries\gmsh\gmsh-4.8.0-source\build_win64\gmsh.dir\release\geo.obj
c:\daten\projekte\simulationplatform\third_party_libraries\gmsh\gmsh-4.8.0-source\build_win64\gmsh.dir\release\mline.obj
c:\daten\projekte\simulationplatform\third_party_libraries\gmsh\gmsh-4.8.0-source\build_win64\gmsh.dir\release\mhexahedron.obj
c:\daten\projekte\simulationplatform\third_party_libraries\gmsh\gmsh-4.8.0-source\build_win64\gmsh.dir\release\cellcomplex.obj
c:\daten\projekte\simulationplatform\third_party_libraries\gmsh\gmsh-4.8.0-source\build_win64\gmsh.dir\release\cgnszone.obj
c:\daten\projekte\simulationplatform\third_party_libraries\gmsh\gmsh-4.8.0-source\build_win64\gmsh.dir\release\cgnszonestruct.obj
c:\daten\projekte\simulationplatform\third_party_libraries\gmsh\gmsh-4.8.0-source\build_win64\gmsh.dir\release\meshgedge.obj
c:\daten\projekte\simulationplatform\third_party_libraries\gmsh\gmsh-4.8.0-source\build_win64\gmsh.dir\release\meshgfacebds.obj
c:\daten\projekte\simulationplatform\third_party_libraries\gmsh\gmsh-4.8.0-source\build_win64\gmsh.dir\release\meshgregion.obj
c:\daten\projekte\simulationplatform\third_party_libraries\gmsh\gmsh-4.8.0-source\build_win64\gmsh.dir\release\meshgregiontransfinite.obj
c:\daten\projekte\simulationplatform\third_party_libraries\gmsh\gmsh-4.8.0-source\build_win64\gmsh.dir\release\qualitymeasures.obj
c:\daten\projekte\simulationplatform\third_party_libraries\gmsh\gmsh-4.8.0-source\build_win64\gmsh.dir\release\meshrefine.obj
c:\daten\projekte\simulationplatform\third_party_libraries\gmsh\gmsh-4.8.0-source\build_win64\gmsh.dir\release\automaticmeshsizefield.obj
c:\daten\projekte\simulationplatform\third_party_libraries\gmsh\gmsh-4.8.0-source\build_win64\gmsh.dir\release\dofmanager.obj
c:\daten\projekte\simulationplatform\third_party_libraries\gmsh\gmsh-4.8.0-source\build_win64\gmsh.dir\release\selement.obj
c:\daten\projekte\simulationplatform\third_party_libraries\gmsh\gmsh-4.8.0-source\build_win64\gmsh.dir\release\functionspace.obj
c:\daten\projekte\simulationplatform\third_party_libraries\gmsh\gmsh-4.8.0-source\build_win64\gmsh.dir\release\framesolver.obj
c:\daten\projekte\simulationplatform\third_party_libraries\gmsh\gmsh-4.8.0-source\build_win64\gmsh.dir\release\pviewdatagmodelio.obj
c:\daten\projekte\simulationplatform\third_party_libraries\gmsh\gmsh-4.8.0-source\build_win64\gmsh.dir\release\colortable.obj
c:\daten\projekte\simulationplatform\third_party_libraries\gmsh\gmsh-4.8.0-source\build_win64\gmsh.dir\release\cutsphere.obj
c:\daten\projekte\simulationplatform\third_party_libraries\gmsh\gmsh-4.8.0-source\build_win64\gmsh.dir\release\smooth.obj
c:\daten\projekte\simulationplatform\third_party_libraries\gmsh\gmsh-4.8.0-source\build_win64\gmsh.dir\release\particles.obj
c:\daten\projekte\simulationplatform\third_party_libraries\gmsh\gmsh-4.8.0-source\build_win64\gmsh.dir\release\triangulate.obj
c:\daten\projekte\simulationplatform\third_party_libraries\gmsh\gmsh-4.8.0-source\build_win64\gmsh.dir\release\integrate.obj
c:\daten\projekte\simulationplatform\third_party_libraries\gmsh\gmsh-4.8.0-source\build_win64\gmsh.dir\release\harmonictotime.obj
c:\daten\projekte\simulationplatform\third_party_libraries\gmsh\gmsh-4.8.0-source\build_win64\gmsh.dir\release\analysemeshquality.obj
c:\daten\projekte\simulationplatform\third_party_libraries\gmsh\gmsh-4.8.0-source\build_win64\gmsh.dir\release\newview.obj
c:\daten\projekte\simulationplatform\third_party_libraries\gmsh\gmsh-4.8.0-source\build_win64\gmsh.dir\release\gausspoints.obj
c:\daten\projekte\simulationplatform\third_party_libraries\gmsh\gmsh-4.8.0-source\build_win64\gmsh.dir\release\functionmanager.obj
c:\daten\projekte\simulationplatform\third_party_libraries\gmsh\gmsh-4.8.0-source\build_win64\gmsh.dir\release\context.obj
c:\daten\projekte\simulationplatform\third_party_libraries\gmsh\gmsh-4.8.0-source\build_win64\gmsh.dir\release\smoothdata.obj
c:\daten\projekte\simulationplatform\third_party_libraries\gmsh\gmsh-4.8.0-source\build_win64\gmsh.dir\release\listutils.obj
c:\daten\projekte\simulationplatform\third_party_libraries\gmsh\gmsh-4.8.0-source\build_win64\gmsh.dir\release\numeric.obj
c:\daten\projekte\simulationplatform\third_party_libraries\gmsh\gmsh-4.8.0-source\build_win64\gmsh.dir\release\discreteface.obj
c:\daten\projekte\simulationplatform\third_party_libraries\gmsh\gmsh-4.8.0-source\build_win64\gmsh.dir\release\gmodelio_occ.obj
c:\daten\projekte\simulationplatform\third_party_libraries\gmsh\gmsh-4.8.0-source\build_win64\gmsh.dir\release\melementoctree.obj
c:\daten\projekte\simulationplatform\third_party_libraries\gmsh\gmsh-4.8.0-source\build_win64\gmsh.dir\release\mprism.obj
c:\daten\projekte\simulationplatform\third_party_libraries\gmsh\gmsh-4.8.0-source\build_win64\gmsh.dir\release\cell.obj
c:\daten\projekte\simulationplatform\third_party_libraries\gmsh\gmsh-4.8.0-source\build_win64\gmsh.dir\release\homology.obj
c:\daten\projekte\simulationplatform\third_party_libraries\gmsh\gmsh-4.8.0-source\build_win64\gmsh.dir\release\meshgfacedelaunayinsertion.obj
c:\daten\projekte\simulationplatform\third_party_libraries\gmsh\gmsh-4.8.0-source\build_win64\gmsh.dir\release\meshgregionnetgen.obj
c:\daten\projekte\simulationplatform\third_party_libraries\gmsh\gmsh-4.8.0-source\build_win64\gmsh.dir\release\meshgregioncarvehole.obj
c:\daten\projekte\simulationplatform\third_party_libraries\gmsh\gmsh-4.8.0-source\build_win64\gmsh.dir\release\meshmetric.obj
c:\daten\projekte\simulationplatform\third_party_libraries\gmsh\gmsh-4.8.0-source\build_win64\gmsh.dir\release\stensor33.obj
c:\daten\projekte\simulationplatform\third_party_libraries\gmsh\gmsh-4.8.0-source\build_win64\gmsh.dir\release\pviewdata.obj
c:\daten\projekte\simulationplatform\third_party_libraries\gmsh\gmsh-4.8.0-source\build_win64\gmsh.dir\release\pviewx3d.obj
c:\daten\projekte\simulationplatform\third_party_libraries\gmsh\gmsh-4.8.0-source\build_win64\gmsh.dir\release\pviewassimplefunction.obj
c:\daten\projekte\simulationplatform\third_party_libraries\gmsh\gmsh-4.8.0-source\build_win64\gmsh.dir\release\octreepost.obj
c:\daten\projekte\simulationplatform\third_party_libraries\gmsh\gmsh-4.8.0-source\build_win64\gmsh.dir\release\lambda2.obj
c:\daten\projekte\simulationplatform\third_party_libraries\gmsh\gmsh-4.8.0-source\build_win64\gmsh.dir\release\transform.obj
c:\daten\projekte\simulationplatform\third_party_libraries\gmsh\gmsh-4.8.0-source\build_win64\gmsh.dir\release\tetrahedralize.obj
c:\daten\projekte\simulationplatform\third_party_libraries\gmsh\gmsh-4.8.0-source\build_win64\gmsh.dir\release\gradient.obj
c:\daten\projekte\simulationplatform\third_party_libraries\gmsh\gmsh-4.8.0-source\build_win64\gmsh.dir\release\probe.obj
c:\daten\projekte\simulationplatform\third_party_libraries\gmsh\gmsh-4.8.0-source\build_win64\gmsh.dir\release\curvedbnddist.obj
c:\daten\projekte\simulationplatform\third_party_libraries\gmsh\gmsh-4.8.0-source\build_win64\gmsh.dir\release\spanningtree.obj
c:\daten\projekte\simulationplatform\third_party_libraries\gmsh\gmsh-4.8.0-source\build_win64\gmsh.dir\release\boundaryangles.obj
c:\daten\projekte\simulationplatform\third_party_libraries\gmsh\gmsh-4.8.0-source\build_win64\gmsh.dir\release\main.obj
c:\daten\projekte\simulationplatform\third_party_libraries\gmsh\gmsh-4.8.0-source\build_win64\gmsh.dir\release\vertexarray.obj
c:\daten\projekte\simulationplatform\third_party_libraries\gmsh\gmsh-4.8.0-source\build_win64\gmsh.dir\release\gmshlocalnetworkclient.obj
c:\daten\projekte\simulationplatform\third_party_libraries\gmsh\gmsh-4.8.0-source\build_win64\gmsh.dir\release\minibasis.obj
c:\daten\projekte\simulationplatform\third_party_libraries\gmsh\gmsh-4.8.0-source\build_win64\gmsh.dir\release\bergotbasis.obj
c:\daten\projekte\simulationplatform\third_party_libraries\gmsh\gmsh-4.8.0-source\build_win64\gmsh.dir\release\condnumbasis.obj
c:\daten\projekte\simulationplatform\third_party_libraries\gmsh\gmsh-4.8.0-source\build_win64\gmsh.dir\release\gaussquadraturequad.obj
c:\daten\projekte\simulationplatform\third_party_libraries\gmsh\gmsh-4.8.0-source\build_win64\gmsh.dir\release\gausslegendresimplex.obj
c:\daten\projekte\simulationplatform\third_party_libraries\gmsh\gmsh-4.8.0-source\build_win64\gmsh.dir\release\robustpredicates.obj
c:\daten\projekte\simulationplatform\third_party_libraries\gmsh\gmsh-4.8.0-source\build_win64\gmsh.dir\release\conjugategradients.obj
c:\daten\projekte\simulationplatform\third_party_libraries\gmsh\gmsh-4.8.0-source\build_win64\gmsh.dir\release\hierarchicalbasish1pri.obj
c:\daten\projekte\simulationplatform\third_party_libraries\gmsh\gmsh-4.8.0-source\build_win64\gmsh.dir\release\hierarchicalbasishcurltria.obj
c:\daten\projekte\simulationplatform\third_party_libraries\gmsh\gmsh-4.8.0-source\build_win64\gmsh.dir\release\closestvertex.obj
c:\daten\projekte\simulationplatform\third_party_libraries\gmsh\gmsh-4.8.0-source\build_win64\gmsh.dir\release\gvertex.obj
c:\daten\projekte\simulationplatform\third_party_libraries\gmsh\gmsh-4.8.0-source\build_win64\gmsh.dir\release\gmshvertex.obj
c:\daten\projekte\simulationplatform\third_party_libraries\gmsh\gmsh-4.8.0-source\build_win64\gmsh.dir\release\gmshsurface.obj
c:\daten\projekte\simulationplatform\third_party_libraries\gmsh\gmsh-4.8.0-source\build_win64\gmsh.dir\release\occedge.obj
c:\daten\projekte\simulationplatform\third_party_libraries\gmsh\gmsh-4.8.0-source\build_win64\gmsh.dir\release\gmodelparametrize.obj
c:\daten\projekte\simulationplatform\third_party_libraries\gmsh\gmsh-4.8.0-source\build_win64\gmsh.dir\release\gmodelio_cgns.obj
c:\daten\projekte\simulationplatform\third_party_libraries\gmsh\gmsh-4.8.0-source\build_win64\gmsh.dir\release\gmodelio_tochnog.obj
c:\daten\projekte\simulationplatform\third_party_libraries\gmsh\gmsh-4.8.0-source\build_win64\gmsh.dir\release\gmodelio_ir3.obj
c:\daten\projekte\simulationplatform\third_party_libraries\gmsh\gmsh-4.8.0-source\build_win64\gmsh.dir\release\gmodelio_key.obj
c:\daten\projekte\simulationplatform\third_party_libraries\gmsh\gmsh-4.8.0-source\build_win64\gmsh.dir\release\gmodelio_samcef.obj
c:\daten\projekte\simulationplatform\third_party_libraries\gmsh\gmsh-4.8.0-source\build_win64\gmsh.dir\release\scriptstringinterface.obj
c:\daten\projekte\simulationplatform\third_party_libraries\gmsh\gmsh-4.8.0-source\build_win64\gmsh.dir\release\melement.obj
c:\daten\projekte\simulationplatform\third_party_libraries\gmsh\gmsh-4.8.0-source\build_win64\gmsh.dir\release\meshgedgeextruded.obj
c:\daten\projekte\simulationplatform\third_party_libraries\gmsh\gmsh-4.8.0-source\build_win64\gmsh.dir\release\meshgfacebamg.obj
c:\daten\projekte\simulationplatform\third_party_libraries\gmsh\gmsh-4.8.0-source\build_win64\gmsh.dir\release\meshgregionextruded.obj
c:\daten\projekte\simulationplatform\third_party_libraries\gmsh\gmsh-4.8.0-source\build_win64\gmsh.dir\release\meshtriangulation.obj
c:\daten\projekte\simulationplatform\third_party_libraries\gmsh\gmsh-4.8.0-source\build_win64\gmsh.dir\release\highorder.obj
c:\daten\projekte\simulationplatform\third_party_libraries\gmsh\gmsh-4.8.0-source\build_win64\gmsh.dir\release\pviewvertexarrays.obj
c:\daten\projekte\simulationplatform\third_party_libraries\gmsh\gmsh-4.8.0-source\build_win64\gmsh.dir\release\skin.obj
c:\daten\projekte\simulationplatform\third_party_libraries\gmsh\gmsh-4.8.0-source\build_win64\gmsh.dir\release\minmax.obj
c:\daten\projekte\simulationplatform\third_party_libraries\gmsh\gmsh-4.8.0-source\build_win64\gmsh.dir\release\nearestneighbor.obj
c:\daten\projekte\simulationplatform\third_party_libraries\gmsh\gmsh-4.8.0-source\build_win64\gmsh.dir\release\neartofarfield.obj
c:\daten\projekte\simulationplatform\third_party_libraries\gmsh\gmsh-4.8.0-source\build_win64\gmsh.dir\release\cvtremesh.obj
c:\daten\projekte\simulationplatform\third_party_libraries\gmsh\gmsh-4.8.0-source\build_win64\gmsh.dir\release\showneighborelements.obj
c:\daten\projekte\simulationplatform\third_party_libraries\gmsh\gmsh-4.8.0-source\build_win64\gmsh.dir\release\invisible.obj
c:\daten\projekte\simulationplatform\third_party_libraries\gmsh\gmsh-4.8.0-source\build_win64\gmsh.dir\release\bd_fix_rad_search.obj
c:\daten\projekte\simulationplatform\third_party_libraries\gmsh\gmsh-4.8.0-source\build_win64\gmsh.dir\release\kd_tree.obj
c:\daten\projekte\simulationplatform\third_party_libraries\gmsh\gmsh-4.8.0-source\build_win64\gmsh.dir\release\recurcut.obj
c:\daten\projekte\simulationplatform\third_party_libraries\gmsh\gmsh-4.8.0-source\build_win64\gmsh.dir\release\boundarylayercurver3d.obj
c:\daten\projekte\simulationplatform\third_party_libraries\gmsh\gmsh-4.8.0-source\build_win64\gmsh.dir\release\pointinsertion.obj
c:\daten\projekte\simulationplatform\third_party_libraries\gmsh\gmsh-4.8.0-source\build_win64\gmsh.dir\release\backgroundmeshmanager.obj
c:\daten\projekte\simulationplatform\third_party_libraries\gmsh\gmsh-4.8.0-source\build_win64\gmsh.dir\release\quadtriextruded3d.obj
c:\daten\projekte\simulationplatform\third_party_libraries\gmsh\gmsh-4.8.0-source\build_win64\gmsh.dir\release\flags.obj
c:\daten\projekte\simulationplatform\third_party_libraries\gmsh\gmsh-4.8.0-source\build_win64\gmsh.dir\release\ngexception.obj
c:\daten\projekte\simulationplatform\third_party_libraries\gmsh\gmsh-4.8.0-source\build_win64\gmsh.dir\release\geom3d.obj
c:\daten\projekte\simulationplatform\third_party_libraries\gmsh\gmsh-4.8.0-source\build_win64\gmsh.dir\release\geomsearch.obj
c:\daten\projekte\simulationplatform\third_party_libraries\gmsh\gmsh-4.8.0-source\build_win64\gmsh.dir\release\ruler2.obj
c:\daten\projekte\simulationplatform\third_party_libraries\gmsh\gmsh-4.8.0-source\build_win64\gmsh.dir\release\smoothing3.obj
c:\daten\projekte\simulationplatform\third_party_libraries\gmsh\gmsh-4.8.0-source\build_win64\gmsh.dir\release\topology.obj
c:\daten\projekte\simulationplatform\third_party_libraries\gmsh\gmsh-4.8.0-source\build_win64\gmsh.dir\release\metric.obj
c:\daten\projekte\simulationplatform\third_party_libraries\gmsh\gmsh-4.8.0-source\build_win64\gmsh.dir\release\hxt_boundary_recovery.obj
c:\daten\projekte\simulationplatform\third_party_libraries\gmsh\gmsh-4.8.0-source\build_win64\gmsh.dir\release\kd_dump.obj
c:\daten\projekte\simulationplatform\third_party_libraries\gmsh\gmsh-4.8.0-source\build_win64\gmsh.dir\release\ap.obj
c:\daten\projekte\simulationplatform\third_party_libraries\gmsh\gmsh-4.8.0-source\build_win64\gmsh.dir\release\highordermeshoptimizer.obj
c:\daten\projekte\simulationplatform\third_party_libraries\gmsh\gmsh-4.8.0-source\build_win64\gmsh.dir\release\meshoptimizer.obj
c:\daten\projekte\simulationplatform\third_party_libraries\gmsh\gmsh-4.8.0-source\build_win64\gmsh.dir\release\simple3d.obj
c:\daten\projekte\simulationplatform\third_party_libraries\gmsh\gmsh-4.8.0-source\build_win64\gmsh.dir\release\backgroundmesh3d.obj
c:\daten\projekte\simulationplatform\third_party_libraries\gmsh\gmsh-4.8.0-source\build_win64\gmsh.dir\release\array.obj
c:\daten\projekte\simulationplatform\third_party_libraries\gmsh\gmsh-4.8.0-source\build_win64\gmsh.dir\release\spbita2d.obj
c:\daten\projekte\simulationplatform\third_party_libraries\gmsh\gmsh-4.8.0-source\build_win64\gmsh.dir\release\densemat.obj
c:\daten\projekte\simulationplatform\third_party_libraries\gmsh\gmsh-4.8.0-source\build_win64\gmsh.dir\release\transform3d.obj
c:\daten\projekte\simulationplatform\third_party_libraries\gmsh\gmsh-4.8.0-source\build_win64\gmsh.dir\release\global.obj
c:\daten\projekte\simulationplatform\third_party_libraries\gmsh\gmsh-4.8.0-source\build_win64\gmsh.dir\release\meshtype.obj
c:\daten\projekte\simulationplatform\third_party_libraries\gmsh\gmsh-4.8.0-source\build_win64\gmsh.dir\release\meshing3.obj
c:\daten\projekte\simulationplatform\third_party_libraries\gmsh\gmsh-4.8.0-source\build_win64\gmsh.dir\release\boundarylayer.obj
c:\daten\projekte\simulationplatform\third_party_libraries\gmsh\gmsh-4.8.0-source\build_win64\gmsh.dir\release\mesh2.obj
c:\daten\projekte\simulationplatform\third_party_libraries\gmsh\gmsh-4.8.0-source\build_win64\gmsh.dir\release\meshio.obj
c:\daten\projekte\simulationplatform\third_party_libraries\gmsh\gmsh-4.8.0-source\build_win64\gmsh.dir\release\ann.obj
c:\daten\projekte\simulationplatform\third_party_libraries\gmsh\gmsh-4.8.0-source\build_win64\gmsh.dir\release\alglibinternal.obj
c:\daten\projekte\simulationplatform\third_party_libraries\gmsh\gmsh-4.8.0-source\build_win64\gmsh.dir\release\highordermeshfastcurving.obj
c:\daten\projekte\simulationplatform\third_party_libraries\gmsh\gmsh-4.8.0-source\build_win64\gmsh.dir\release\meshoptcommon.obj
c:\daten\projekte\simulationplatform\third_party_libraries\gmsh\gmsh-4.8.0-source\build_win64\gmsh.dir\release\objcontrib.obj
c:\daten\projekte\simulationplatform\third_party_libraries\gmsh\gmsh-4.8.0-source\build_win64\gmsh.dir\release\objcontribfunc.obj
c:\daten\projekte\simulationplatform\third_party_libraries\gmsh\gmsh-4.8.0-source\build_win64\gmsh.dir\release\integralboundarydist.obj
c:\daten\projekte\simulationplatform\third_party_libraries\gmsh\gmsh-4.8.0-source\build_win64\gmsh.dir\release\thinlayer.obj
c:\daten\projekte\simulationplatform\third_party_libraries\gmsh\gmsh-4.8.0-source\build_win64\gmsh.dir\release\quadtritransfinite3d.obj
c:\daten\projekte\simulationplatform\third_party_libraries\gmsh\gmsh-4.8.0-source\build_win64\gmsh.dir\release\bitarray.obj
c:\daten\projekte\simulationplatform\third_party_libraries\gmsh\gmsh-4.8.0-source\build_win64\gmsh.dir\release\seti.obj
c:\daten\projekte\simulationplatform\third_party_libraries\gmsh\gmsh-4.8.0-source\build_win64\gmsh.dir\release\bfgs.obj
c:\daten\projekte\simulationplatform\third_party_libraries\gmsh\gmsh-4.8.0-source\build_win64\gmsh.dir\release\geomfuncs.obj
c:\daten\projekte\simulationplatform\third_party_libraries\gmsh\gmsh-4.8.0-source\build_win64\gmsh.dir\release\parser2.obj
c:\daten\projekte\simulationplatform\third_party_libraries\gmsh\gmsh-4.8.0-source\build_win64\gmsh.dir\release\improve3.obj
c:\daten\projekte\simulationplatform\third_party_libraries\gmsh\gmsh-4.8.0-source\build_win64\gmsh.dir\release\meshfunc.obj
c:\daten\projekte\simulationplatform\third_party_libraries\gmsh\gmsh-4.8.0-source\build_win64\gmsh.dir\release\mesh2d.obj
c:\daten\projekte\simulationplatform\third_party_libraries\gmsh\gmsh-4.8.0-source\build_win64\gmsh.dir\release\meshgeom.obj
c:\daten\projekte\simulationplatform\third_party_libraries\gmsh\gmsh-4.8.0-source\build_win64\gmsh.dir\release\quadtree.obj
c:\daten\projekte\simulationplatform\third_party_libraries\gmsh\gmsh-4.8.0-source\build_win64\gmsh.dir\release\bd_tree.obj
c:\daten\projekte\simulationplatform\third_party_libraries\gmsh\gmsh-4.8.0-source\build_win64\gmsh.dir\release\kd_split.obj
c:\daten\projekte\simulationplatform\third_party_libraries\gmsh\gmsh-4.8.0-source\build_win64\gmsh.dir\release\alglibmisc.obj
c:\daten\projekte\simulationplatform\third_party_libraries\gmsh\gmsh-4.8.0-source\build_win64\gmsh.dir\release\highordermeshelasticanalogy.obj
c:\daten\projekte\simulationplatform\third_party_libraries\gmsh\gmsh-4.8.0-source\build_win64\gmsh.dir\release\meshqualityoptimizer.obj
c:\daten\projekte\simulationplatform\third_party_libraries\gmsh\gmsh-4.8.0-source\build_win64\gmsh.dir\release\bgmbase.obj
c:\daten\projekte\simulationplatform\third_party_libraries\gmsh\gmsh-4.8.0-source\build_win64\gmsh.dir\release\quadtriextruded2d.obj
c:\daten\projekte\simulationplatform\third_party_libraries\gmsh\gmsh-4.8.0-source\build_win64\gmsh.dir\release\gmp_matrix_io.obj
c:\daten\projekte\simulationplatform\third_party_libraries\gmsh\gmsh-4.8.0-source\build_win64\gmsh.dir\release\gmp_blas.obj
c:\daten\projekte\simulationplatform\third_party_libraries\gmsh\gmsh-4.8.0-source\build_win64\gmsh.dir\release\mathex.obj
c:\daten\projekte\simulationplatform\third_party_libraries\gmsh\gmsh-4.8.0-source\build_win64\gmsh.dir\release\symbolta.obj
c:\daten\projekte\simulationplatform\third_party_libraries\gmsh\gmsh-4.8.0-source\build_win64\gmsh.dir\release\mystring.obj
c:\daten\projekte\simulationplatform\third_party_libraries\gmsh\gmsh-4.8.0-source\build_win64\gmsh.dir\release\geom2d.obj
c:\daten\projekte\simulationplatform\third_party_libraries\gmsh\gmsh-4.8.0-source\build_win64\gmsh.dir\release\adfront3.obj
c:\daten\projekte\simulationplatform\third_party_libraries\gmsh\gmsh-4.8.0-source\build_win64\gmsh.dir\release\parser3.obj
c:\daten\projekte\simulationplatform\third_party_libraries\gmsh\gmsh-4.8.0-source\build_win64\gmsh.dir\release\improve2gen.obj
c:\daten\projekte\simulationplatform\third_party_libraries\gmsh\gmsh-4.8.0-source\build_win64\gmsh.dir\release\specials.obj
c:\daten\projekte\simulationplatform\third_party_libraries\gmsh\gmsh-4.8.0-source\build_win64\gmsh.dir\release\basegeom.obj
c:\daten\projekte\simulationplatform\third_party_libraries\gmsh\gmsh-4.8.0-source\build_win64\gmsh.dir\release\r2.obj
c:\daten\projekte\simulationplatform\third_party_libraries\gmsh\gmsh-4.8.0-source\build_win64\gmsh.dir\release\setofe4.obj
c:\daten\projekte\simulationplatform\third_party_libraries\gmsh\gmsh-4.8.0-source\build_win64\gmsh.dir\release\kd_fix_rad_search.obj
c:\daten\projekte\simulationplatform\third_party_libraries\gmsh\gmsh-4.8.0-source\build_win64\gmsh.dir\release\perf.obj
c:\daten\projekte\simulationplatform\third_party_libraries\gmsh\gmsh-4.8.0-source\build_win64\gmsh.dir\release\solvers.obj
c:\daten\projekte\simulationplatform\third_party_libraries\gmsh\gmsh-4.8.0-source\build_win64\gmsh.dir\release\highordermeshperiodicity.obj
c:\daten\projekte\simulationplatform\third_party_libraries\gmsh\gmsh-4.8.0-source\build_win64\gmsh.dir\release\vertexcoord.obj
c:\daten\projekte\simulationplatform\third_party_libraries\gmsh\gmsh-4.8.0-source\build_win64\gmsh.dir\release\pointinsertionrtreetools.obj
c:\daten\projekte\simulationplatform\third_party_libraries\gmsh\gmsh-4.8.0-source\build_win64\gmsh.dir\release\backgroundmesh2d.obj
c:\daten\projekte\simulationplatform\third_party_libraries\gmsh\gmsh-4.8.0-source\build_win64\gmsh.dir\release\table.obj
c:\daten\projekte\simulationplatform\third_party_libraries\gmsh\gmsh-4.8.0-source\build_win64\gmsh.dir\release\dynamicmem.obj
c:\daten\projekte\simulationplatform\third_party_libraries\gmsh\gmsh-4.8.0-source\build_win64\gmsh.dir\release\linopt.obj
c:\daten\projekte\simulationplatform\third_party_libraries\gmsh\gmsh-4.8.0-source\build_win64\gmsh.dir\release\adfront2.obj
c:\daten\projekte\simulationplatform\third_party_libraries\gmsh\gmsh-4.8.0-source\build_win64\gmsh.dir\release\netrule3.obj
c:\daten\projekte\simulationplatform\third_party_libraries\gmsh\gmsh-4.8.0-source\build_win64\gmsh.dir\release\smoothing2.obj
c:\daten\projekte\simulationplatform\third_party_libraries\gmsh\gmsh-4.8.0-source\build_win64\gmsh.dir\release\localh.obj
c:\daten\projekte\simulationplatform\third_party_libraries\gmsh\gmsh-4.8.0-source\build_win64\gmsh.dir\release\tetrarls.obj
c:\daten\projekte\simulationplatform\third_party_libraries\gmsh\gmsh-4.8.0-source\build_win64\gmsh.dir\release\triarls.obj
c:\daten\projekte\simulationplatform\third_party_libraries\gmsh\gmsh-4.8.0-source\build_win64\gmsh.dir\release\quadrls.obj
c:\daten\projekte\simulationplatform\third_party_libraries\gmsh\gmsh-4.8.0-source\build_win64\gmsh.dir\release\bisect.obj
c:\daten\projekte\simulationplatform\third_party_libraries\gmsh\gmsh-4.8.0-source\build_win64\gmsh.dir\release\bd_search.obj
c:\daten\projekte\simulationplatform\third_party_libraries\gmsh\gmsh-4.8.0-source\build_win64\gmsh.dir\release\kd_pr_search.obj
c:\daten\projekte\simulationplatform\third_party_libraries\gmsh\gmsh-4.8.0-source\build_win64\gmsh.dir\release\linalg.obj
c:\daten\projekte\simulationplatform\third_party_libraries\gmsh\gmsh-4.8.0-source\build_win64\gmsh.dir\release\boundarylayercurver2d.obj
c:\daten\projekte\simulationplatform\third_party_libraries\gmsh\gmsh-4.8.0-source\build_win64\gmsh.dir\release\yamakawa.obj
c:\daten\projekte\simulationplatform\third_party_libraries\gmsh\gmsh-4.8.0-source\build_win64\gmsh.dir\release\voro++.obj
c:\daten\projekte\simulationplatform\third_party_libraries\gmsh\gmsh-4.8.0-source\build_win64\gmsh.dir\release\parthreads.obj
c:\daten\projekte\simulationplatform\third_party_libraries\gmsh\gmsh-4.8.0-source\build_win64\gmsh.dir\release\linsearch.obj
c:\daten\projekte\simulationplatform\third_party_libraries\gmsh\gmsh-4.8.0-source\build_win64\gmsh.dir\release\meshclass.obj
c:\daten\projekte\simulationplatform\third_party_libraries\gmsh\gmsh-4.8.0-source\build_win64\gmsh.dir\release\ruler3.obj
c:\daten\projekte\simulationplatform\third_party_libraries\gmsh\gmsh-4.8.0-source\build_win64\gmsh.dir\release\clusters.obj
c:\daten\projekte\simulationplatform\third_party_libraries\gmsh\gmsh-4.8.0-source\build_win64\gmsh.dir\release\pyramidrls.obj
c:\daten\projekte\simulationplatform\third_party_libraries\gmsh\gmsh-4.8.0-source\build_win64\gmsh.dir\release\pyramid2rls.obj
c:\daten\projekte\simulationplatform\third_party_libraries\gmsh\gmsh-4.8.0-source\build_win64\gmsh.dir\release\prism2rls.obj
c:\daten\projekte\simulationplatform\third_party_libraries\gmsh\gmsh-4.8.0-source\build_win64\gmsh.dir\release\curvedelems.obj
c:\daten\projekte\simulationplatform\third_party_libraries\gmsh\gmsh-4.8.0-source\build_win64\gmsh.dir\release\meshread.obj
c:\daten\projekte\simulationplatform\third_party_libraries\gmsh\gmsh-4.8.0-source\build_win64\gmsh.dir\release\brute.obj
c:\daten\projekte\simulationplatform\third_party_libraries\gmsh\gmsh-4.8.0-source\build_win64\gmsh.dir\release\kd_util.obj
c:\daten\projekte\simulationplatform\third_party_libraries\gmsh\gmsh-4.8.0-source\build_win64\gmsh.dir\release\integration3d.obj
c:\daten\projekte\simulationplatform\third_party_libraries\gmsh\gmsh-4.8.0-source\build_win64\gmsh.dir\release\patch.obj
c:\daten\projekte\simulationplatform\third_party_libraries\gmsh\gmsh-4.8.0-source\build_win64\gmsh.dir\release\directions3d.obj
c:\daten\projekte\simulationplatform\third_party_libraries\gmsh\gmsh-4.8.0-source\build_win64\gmsh.dir\release\gmp_normal_form.obj
c:\daten\projekte\simulationplatform\third_party_libraries\gmsh\gmsh-4.8.0-source\build_win64\gmsh.dir\release\gmp_matrix.obj
c:\daten\projekte\simulationplatform\third_party_libraries\gmsh\gmsh-4.8.0-source\build_win64\gmsh.dir\release\mpz.obj
c:\daten\projekte\simulationplatform\third_party_libraries\gmsh\gmsh-4.8.0-source\build_win64\gmsh.dir\release\nglib_gmsh.obj
c:\daten\projekte\simulationplatform\third_party_libraries\gmsh\gmsh-4.8.0-source\build_win64\gmsh.dir\release\profiler.obj
c:\daten\projekte\simulationplatform\third_party_libraries\gmsh\gmsh-4.8.0-source\build_win64\gmsh.dir\release\geomtest3d.obj
c:\daten\projekte\simulationplatform\third_party_libraries\gmsh\gmsh-4.8.0-source\build_win64\gmsh.dir\release\meshtool.obj
c:\daten\projekte\simulationplatform\third_party_libraries\gmsh\gmsh-4.8.0-source\build_win64\gmsh.dir\release\smoothing2.5.obj
c:\daten\projekte\simulationplatform\third_party_libraries\gmsh\gmsh-4.8.0-source\build_win64\gmsh.dir\release\meshing2.obj
c:\daten\projekte\simulationplatform\third_party_libraries\gmsh\gmsh-4.8.0-source\build_win64\gmsh.dir\release\msghandler.obj
c:\daten\projekte\simulationplatform\third_party_libraries\gmsh\gmsh-4.8.0-source\build_win64\gmsh.dir\release\bamg-gmsh.obj
c:\daten\projekte\simulationplatform\third_party_libraries\gmsh\gmsh-4.8.0-source\build_win64\gmsh.dir\release\meshdraw.obj
c:\daten\projekte\simulationplatform\third_party_libraries\gmsh\gmsh-4.8.0-source\build_win64\gmsh.dir\release\meshquad.obj
c:\daten\projekte\simulationplatform\third_party_libraries\gmsh\gmsh-4.8.0-source\build_win64\gmsh.dir\release\bd_pr_search.obj
c:\daten\projekte\simulationplatform\third_party_libraries\gmsh\gmsh-4.8.0-source\build_win64\gmsh.dir\release\kd_search.obj
c:\daten\projekte\simulationplatform\third_party_libraries\gmsh\gmsh-4.8.0-source\build_win64\gmsh.dir\release\optimization.obj
c:\daten\projekte\simulationplatform\third_party_libraries\gmsh\gmsh-4.8.0-source\build_win64\gmsh.dir\release\metael.obj
c:\daten\projekte\simulationplatform\third_party_libraries\gmsh\gmsh-4.8.0-source\build_win64\gmsh.dir\release\meshopt.obj
c:\daten\projekte\simulationplatform\third_party_libraries\gmsh\gmsh-4.8.0-source\build_win64\gmsh.dir\release\objectivefunction.obj
c:\daten\projekte\simulationplatform\third_party_libraries\gmsh\gmsh-4.8.0-source\build_win64\gmsh.dir\release\caddistances.obj
c:\daten\projekte\simulationplatform\third_party_libraries\gmsh\gmsh-4.8.0-source\build_win64\gmsh.dir\release\surfacefiller.obj
c:\daten\projekte\simulationplatform\third_party_libraries\gmsh\gmsh-4.8.0-source\build_win64\gmsh.dir\release\quadtriutils.obj
c:\daten\projekte\simulationplatform\third_party_libraries\gmsh\gmsh-4.8.0-source\build_win64\gmsh.dir\release\hashtabl.obj
c:\daten\projekte\simulationplatform\third_party_libraries\gmsh\gmsh-4.8.0-source\build_win64\gmsh.dir\release\optmem.obj
c:\daten\projekte\simulationplatform\third_party_libraries\gmsh\gmsh-4.8.0-source\build_win64\gmsh.dir\release\polynomial.obj
c:\daten\projekte\simulationplatform\third_party_libraries\gmsh\gmsh-4.8.0-source\build_win64\gmsh.dir\release\adtree.obj
c:\daten\projekte\simulationplatform\third_party_libraries\gmsh\gmsh-4.8.0-source\build_win64\gmsh.dir\release\netrule2.obj
c:\daten\projekte\simulationplatform\third_party_libraries\gmsh\gmsh-4.8.0-source\build_win64\gmsh.dir\release\improve2.obj
c:\daten\projekte\simulationplatform\third_party_libraries\gmsh\gmsh-4.8.0-source\build_win64\gmsh.dir\release\delaunay.obj
c:\daten\projekte\simulationplatform\third_party_libraries\gmsh\gmsh-4.8.0-source\build_win64\gmsh.dir\release\validate.obj
c:\daten\projekte\simulationplatform\third_party_libraries\gmsh\gmsh-4.8.0-source\build_win64\gmsh.dir\release\meshwrite.obj
c:\daten\projekte\simulationplatform\third_party_libraries\gmsh\gmsh-4.8.0-source\build_win64\gmsh.dir\release\blas.obj
c:\daten\projekte\simulationplatform\third_party_libraries\gmsh\gmsh-4.8.0-source\build_win64\gmsh.dir\release\memory.obj
c:\daten\projekte\simulationplatform\third_party_libraries\gmsh\gmsh-4.8.0-source\build_win64\gmsh.dir\release\tokenizer.obj
c:\daten\projekte\simulationplatform\third_party_libraries\gmsh\gmsh-4.8.0-source\build_win64\gmsh.dir\release\contig.obj
c:\daten\projekte\simulationplatform\third_party_libraries\gmsh\gmsh-4.8.0-source\build_win64\gmsh.dir\release\kwayfm.obj
c:\daten\projekte\simulationplatform\third_party_libraries\gmsh\gmsh-4.8.0-source\build_win64\gmsh.dir\release\wspace.obj
c:\daten\projekte\simulationplatform\third_party_libraries\gmsh\gmsh-4.8.0-source\build_win64\gmsh.dir\release\edgegen.obj
c:\daten\projekte\simulationplatform\third_party_libraries\gmsh\gmsh-4.8.0-source\build_win64\gmsh.dir\release\lpsolve.obj
c:\daten\projekte\simulationplatform\third_party_libraries\gmsh\gmsh-4.8.0-source\build_win64\gmsh.dir\release\cutpool.obj
c:\daten\projekte\simulationplatform\third_party_libraries\gmsh\gmsh-4.8.0-source\build_win64\gmsh.dir\release\teething.obj
c:\daten\projekte\simulationplatform\third_party_libraries\gmsh\gmsh-4.8.0-source\build_win64\gmsh.dir\release\fastread.obj
c:\daten\projekte\simulationplatform\third_party_libraries\gmsh\gmsh-4.8.0-source\build_win64\gmsh.dir\release\urandom.obj
c:\daten\projekte\simulationplatform\third_party_libraries\gmsh\gmsh-4.8.0-source\build_win64\gmsh.dir\release\xcclean.obj
c:\daten\projekte\simulationplatform\third_party_libraries\gmsh\gmsh-4.8.0-source\build_win64\gmsh.dir\release\xgraph.obj
c:\daten\projekte\simulationplatform\third_party_libraries\gmsh\gmsh-4.8.0-source\build_win64\gmsh.dir\release\matprice.obj
c:\daten\projekte\simulationplatform\third_party_libraries\gmsh\gmsh-4.8.0-source\build_win64\gmsh.dir\release\hxt_linear_system.obj
c:\daten\projekte\simulationplatform\third_party_libraries\gmsh\gmsh-4.8.0-source\build_win64\gmsh.dir\release\hxtspr.obj
c:\daten\projekte\simulationplatform\third_party_libraries\gmsh\gmsh-4.8.0-source\build_win64\gmsh.dir\release\csr.obj
c:\daten\projekte\simulationplatform\third_party_libraries\gmsh\gmsh-4.8.0-source\build_win64\gmsh.dir\release\pdb.obj
c:\daten\projekte\simulationplatform\third_party_libraries\gmsh\gmsh-4.8.0-source\build_win64\gmsh.dir\release\timers.obj
c:\daten\projekte\simulationplatform\third_party_libraries\gmsh\gmsh-4.8.0-source\build_win64\gmsh.dir\release\compress.obj
c:\daten\projekte\simulationplatform\third_party_libraries\gmsh\gmsh-4.8.0-source\build_win64\gmsh.dir\release\gklib.obj
c:\daten\projekte\simulationplatform\third_party_libraries\gmsh\gmsh-4.8.0-source\build_win64\gmsh.dir\release\mmd.obj
c:\daten\projekte\simulationplatform\third_party_libraries\gmsh\gmsh-4.8.0-source\build_win64\gmsh.dir\release\timing.obj
c:\daten\projekte\simulationplatform\third_party_libraries\gmsh\gmsh-4.8.0-source\build_win64\gmsh.dir\release\mincut.obj
c:\daten\projekte\simulationplatform\third_party_libraries\gmsh\gmsh-4.8.0-source\build_win64\gmsh.dir\release\kdspan.obj
c:\daten\projekte\simulationplatform\third_party_libraries\gmsh\gmsh-4.8.0-source\build_win64\gmsh.dir\release\linkern.obj
c:\daten\projekte\simulationplatform\third_party_libraries\gmsh\gmsh-4.8.0-source\build_win64\gmsh.dir\release\edgemap.obj
c:\daten\projekte\simulationplatform\third_party_libraries\gmsh\gmsh-4.8.0-source\build_win64\gmsh.dir\release\xtour.obj
c:\daten\projekte\simulationplatform\third_party_libraries\gmsh\gmsh-4.8.0-source\build_win64\gmsh.dir\release\priority.obj
c:\daten\projekte\simulationplatform\third_party_libraries\gmsh\gmsh-4.8.0-source\build_win64\gmsh.dir\release\zeit.obj
c:\daten\projekte\simulationplatform\third_party_libraries\gmsh\gmsh-4.8.0-source\build_win64\gmsh.dir\release\xcuthash.obj
c:\daten\projekte\simulationplatform\third_party_libraries\gmsh\gmsh-4.8.0-source\build_win64\gmsh.dir\release\xnewkids.obj
c:\daten\projekte\simulationplatform\third_party_libraries\gmsh\gmsh-4.8.0-source\build_win64\gmsh.dir\release\hxt_mesh.obj
c:\daten\projekte\simulationplatform\third_party_libraries\gmsh\gmsh-4.8.0-source\build_win64\gmsh.dir\release\hxt_edgeremoval.obj
c:\daten\projekte\simulationplatform\third_party_libraries\gmsh\gmsh-4.8.0-source\build_win64\gmsh.dir\release\hxt_tetrefine.obj
c:\daten\projekte\simulationplatform\third_party_libraries\gmsh\gmsh-4.8.0-source\build_win64\gmsh.dir\release\evaluate.obj
c:\daten\projekte\simulationplatform\third_party_libraries\gmsh\gmsh-4.8.0-source\build_win64\gmsh.dir\release\io.obj
c:\daten\projekte\simulationplatform\third_party_libraries\gmsh\gmsh-4.8.0-source\build_win64\gmsh.dir\release\random.obj
c:\daten\projekte\simulationplatform\third_party_libraries\gmsh\gmsh-4.8.0-source\build_win64\gmsh.dir\release\bucketsort.obj
c:\daten\projekte\simulationplatform\third_party_libraries\gmsh\gmsh-4.8.0-source\build_win64\gmsh.dir\release\fm.obj
c:\daten\projekte\simulationplatform\third_party_libraries\gmsh\gmsh-4.8.0-source\build_win64\gmsh.dir\release\meshpart.obj
c:\daten\projekte\simulationplatform\third_party_libraries\gmsh\gmsh-4.8.0-source\build_win64\gmsh.dir\release\separator.obj
c:\daten\projekte\simulationplatform\third_party_libraries\gmsh\gmsh-4.8.0-source\build_win64\gmsh.dir\release\bigguy.obj
c:\daten\projekte\simulationplatform\third_party_libraries\gmsh\gmsh-4.8.0-source\build_win64\gmsh.dir\release\kdbuild.obj
c:\daten\projekte\simulationplatform\third_party_libraries\gmsh\gmsh-4.8.0-source\build_win64\gmsh.dir\release\bcontrol.obj
c:\daten\projekte\simulationplatform\third_party_libraries\gmsh\gmsh-4.8.0-source\build_win64\gmsh.dir\release\generate.obj
c:\daten\projekte\simulationplatform\third_party_libraries\gmsh\gmsh-4.8.0-source\build_win64\gmsh.dir\release\allocrus.obj
c:\daten\projekte\simulationplatform\third_party_libraries\gmsh\gmsh-4.8.0-source\build_win64\gmsh.dir\release\getdata.obj
c:\daten\projekte\simulationplatform\third_party_libraries\gmsh\gmsh-4.8.0-source\build_win64\gmsh.dir\release\xblossom.obj
c:\daten\projekte\simulationplatform\third_party_libraries\gmsh\gmsh-4.8.0-source\build_win64\gmsh.dir\release\xgomhu.obj
c:\daten\projekte\simulationplatform\third_party_libraries\gmsh\gmsh-4.8.0-source\build_win64\gmsh.dir\release\xpqnew.obj
c:\daten\projekte\simulationplatform\third_party_libraries\gmsh\gmsh-4.8.0-source\build_win64\gmsh.dir\release\hxt_message.obj
c:\daten\projekte\simulationplatform\third_party_libraries\gmsh\gmsh-4.8.0-source\build_win64\gmsh.dir\release\hxt_mean_values.obj
c:\daten\projekte\simulationplatform\third_party_libraries\gmsh\gmsh-4.8.0-source\build_win64\gmsh.dir\release\hxt_tetnodalsize.obj
c:\daten\projekte\simulationplatform\third_party_libraries\gmsh\gmsh-4.8.0-source\build_win64\gmsh.dir\release\hxt_tetutils.obj
c:\daten\projekte\simulationplatform\third_party_libraries\gmsh\gmsh-4.8.0-source\build_win64\gmsh.dir\release\fs.obj
c:\daten\projekte\simulationplatform\third_party_libraries\gmsh\gmsh-4.8.0-source\build_win64\gmsh.dir\release\omp.obj
c:\daten\projekte\simulationplatform\third_party_libraries\gmsh\gmsh-4.8.0-source\build_win64\gmsh.dir\release\string.obj
c:\daten\projekte\simulationplatform\third_party_libraries\gmsh\gmsh-4.8.0-source\build_win64\gmsh.dir\release\checkgraph.obj
c:\daten\projekte\simulationplatform\third_party_libraries\gmsh\gmsh-4.8.0-source\build_win64\gmsh.dir\release\fortran.obj
c:\daten\projekte\simulationplatform\third_party_libraries\gmsh\gmsh-4.8.0-source\build_win64\gmsh.dir\release\kwayrefine.obj
c:\daten\projekte\simulationplatform\third_party_libraries\gmsh\gmsh-4.8.0-source\build_win64\gmsh.dir\release\srefine.obj
c:\daten\projekte\simulationplatform\third_party_libraries\gmsh\gmsh-4.8.0-source\build_win64\gmsh.dir\release\shrink.obj
c:\daten\projekte\simulationplatform\third_party_libraries\gmsh\gmsh-4.8.0-source\build_win64\gmsh.dir\release\kdtwoopt.obj
c:\daten\projekte\simulationplatform\third_party_libraries\gmsh\gmsh-4.8.0-source\build_win64\gmsh.dir\release\cliqhash.obj
c:\daten\projekte\simulationplatform\third_party_libraries\gmsh\gmsh-4.8.0-source\build_win64\gmsh.dir\release\qsparse.obj
c:\daten\projekte\simulationplatform\third_party_libraries\gmsh\gmsh-4.8.0-source\build_win64\gmsh.dir\release\edg2cyc.obj
c:\daten\projekte\simulationplatform\third_party_libraries\gmsh\gmsh-4.8.0-source\build_win64\gmsh.dir\release\safe_io.obj
c:\daten\projekte\simulationplatform\third_party_libraries\gmsh\gmsh-4.8.0-source\build_win64\gmsh.dir\release\xblock.obj
c:\daten\projekte\simulationplatform\third_party_libraries\gmsh\gmsh-4.8.0-source\build_win64\gmsh.dir\release\xflow.obj
c:\daten\projekte\simulationplatform\third_party_libraries\gmsh\gmsh-4.8.0-source\build_win64\gmsh.dir\release\xstuff.obj
c:\daten\projekte\simulationplatform\third_party_libraries\gmsh\gmsh-4.8.0-source\build_win64\gmsh.dir\release\hxt_curvature.obj
c:\daten\projekte\simulationplatform\third_party_libraries\gmsh\gmsh-4.8.0-source\build_win64\gmsh.dir\release\hxt_tetmesh.obj
c:\daten\projekte\simulationplatform\third_party_libraries\gmsh\gmsh-4.8.0-source\build_win64\gmsh.dir\release\hxt_tetrepair.obj
c:\daten\projekte\simulationplatform\third_party_libraries\gmsh\gmsh-4.8.0-source\build_win64\gmsh.dir\release\getopt.obj
c:\daten\projekte\simulationplatform\third_party_libraries\gmsh\gmsh-4.8.0-source\build_win64\gmsh.dir\release\mcore.obj
c:\daten\projekte\simulationplatform\third_party_libraries\gmsh\gmsh-4.8.0-source\build_win64\gmsh.dir\release\seq.obj
c:\daten\projekte\simulationplatform\third_party_libraries\gmsh\gmsh-4.8.0-source\build_win64\gmsh.dir\release\auxapi.obj
c:\daten\projekte\simulationplatform\third_party_libraries\gmsh\gmsh-4.8.0-source\build_win64\gmsh.dir\release\debug.obj
c:\daten\projekte\simulationplatform\third_party_libraries\gmsh\gmsh-4.8.0-source\build_win64\gmsh.dir\release\mcutil.obj
c:\daten\projekte\simulationplatform\third_party_libraries\gmsh\gmsh-4.8.0-source\build_win64\gmsh.dir\release\ometis.obj
c:\daten\projekte\simulationplatform\third_party_libraries\gmsh\gmsh-4.8.0-source\build_win64\gmsh.dir\release\connect.obj
c:\daten\projekte\simulationplatform\third_party_libraries\gmsh\gmsh-4.8.0-source\build_win64\gmsh.dir\release\fmatch.obj
c:\daten\projekte\simulationplatform\third_party_libraries\gmsh\gmsh-4.8.0-source\build_win64\gmsh.dir\release\cutcall.obj
c:\daten\projekte\simulationplatform\third_party_libraries\gmsh\gmsh-4.8.0-source\build_win64\gmsh.dir\release\dheaps_i.obj
c:\daten\projekte\simulationplatform\third_party_libraries\gmsh\gmsh-4.8.0-source\build_win64\gmsh.dir\release\sortrus.obj
c:\daten\projekte\simulationplatform\third_party_libraries\gmsh\gmsh-4.8.0-source\build_win64\gmsh.dir\release\xcuts.obj
c:\daten\projekte\simulationplatform\third_party_libraries\gmsh\gmsh-4.8.0-source\build_win64\gmsh.dir\release\xnecklac.obj
c:\daten\projekte\simulationplatform\third_party_libraries\gmsh\gmsh-4.8.0-source\build_win64\gmsh.dir\release\hxt_edge.obj
c:\daten\projekte\simulationplatform\third_party_libraries\gmsh\gmsh-4.8.0-source\build_win64\gmsh.dir\release\hxt_tetcolor.obj
c:\daten\projekte\simulationplatform\third_party_libraries\gmsh\gmsh-4.8.0-source\build_win64\gmsh.dir\release\hxt_tetopti.obj
c:\daten\projekte\simulationplatform\third_party_libraries\gmsh\gmsh-4.8.0-source\build_win64\gmsh.dir\release\fkvkselect.obj
c:\daten\projekte\simulationplatform\third_party_libraries\gmsh\gmsh-4.8.0-source\build_win64\gmsh.dir\release\itemsets.obj
c:\daten\projekte\simulationplatform\third_party_libraries\gmsh\gmsh-4.8.0-source\build_win64\gmsh.dir\release\rw.obj
c:\daten\projekte\simulationplatform\third_party_libraries\gmsh\gmsh-4.8.0-source\build_win64\gmsh.dir\release\coarsen.obj
c:\daten\projekte\simulationplatform\third_party_libraries\gmsh\gmsh-4.8.0-source\build_win64\gmsh.dir\release\kmetis.obj
c:\daten\projekte\simulationplatform\third_party_libraries\gmsh\gmsh-4.8.0-source\build_win64\gmsh.dir\release\minconn.obj
c:\daten\projekte\simulationplatform\third_party_libraries\gmsh\gmsh-4.8.0-source\build_win64\gmsh.dir\release\stat.obj
c:\daten\projekte\simulationplatform\third_party_libraries\gmsh\gmsh-4.8.0-source\build_win64\gmsh.dir\release\xnear.obj
c:\daten\projekte\simulationplatform\third_party_libraries\gmsh\gmsh-4.8.0-source\build_win64\gmsh.dir\release\branch.obj
c:\daten\projekte\simulationplatform\third_party_libraries\gmsh\gmsh-4.8.0-source\build_win64\gmsh.dir\release\prob_io.obj
c:\daten\projekte\simulationplatform\third_party_libraries\gmsh\gmsh-4.8.0-source\build_win64\gmsh.dir\release\bgetopt.obj
c:\daten\projekte\simulationplatform\third_party_libraries\gmsh\gmsh-4.8.0-source\build_win64\gmsh.dir\release\genhash.obj
c:\daten\projekte\simulationplatform\third_party_libraries\gmsh\gmsh-4.8.0-source\build_win64\gmsh.dir\release\xblobs.obj
c:\daten\projekte\simulationplatform\third_party_libraries\gmsh\gmsh-4.8.0-source\build_win64\gmsh.dir\release\xcututil.obj
c:\daten\projekte\simulationplatform\third_party_libraries\gmsh\gmsh-4.8.0-source\build_win64\gmsh.dir\release\match.obj
c:\daten\projekte\simulationplatform\third_party_libraries\gmsh\gmsh-4.8.0-source\build_win64\gmsh.dir\release\hxt_linear_system_petsc.obj
c:\daten\projekte\simulationplatform\third_party_libraries\gmsh\gmsh-4.8.0-source\build_win64\gmsh.dir\release\hxt_smoothing.obj
c:\daten\projekte\simulationplatform\third_party_libraries\gmsh\gmsh-4.8.0-source\build_win64\gmsh.dir\release\hxt_tetquality.obj
c:\daten\projekte\simulationplatform\third_party_libraries\gmsh\gmsh-4.8.0-source\build_win64\gmsh.dir\release\hxt_tetsync.obj
c:\daten\projekte\simulationplatform\third_party_libraries\gmsh\gmsh-4.8.0-source\build_win64\gmsh.dir\release\error.obj
c:\daten\projekte\simulationplatform\third_party_libraries\gmsh\gmsh-4.8.0-source\build_win64\gmsh.dir\release\htable.obj
c:\daten\projekte\simulationplatform\third_party_libraries\gmsh\gmsh-4.8.0-source\build_win64\gmsh.dir\release\pqueue.obj
c:\daten\projekte\simulationplatform\third_party_libraries\gmsh\gmsh-4.8.0-source\build_win64\gmsh.dir\release\balance.obj
c:\daten\projekte\simulationplatform\third_party_libraries\gmsh\gmsh-4.8.0-source\build_win64\gmsh.dir\release\initpart.obj
c:\daten\projekte\simulationplatform\third_party_libraries\gmsh\gmsh-4.8.0-source\build_win64\gmsh.dir\release\mincover.obj
c:\daten\projekte\simulationplatform\third_party_libraries\gmsh\gmsh-4.8.0-source\build_win64\gmsh.dir\release\sfm.obj
c:\daten\projekte\simulationplatform\third_party_libraries\gmsh\gmsh-4.8.0-source\build_win64\gmsh.dir\release\segments.obj
c:\daten\projekte\simulationplatform\third_party_libraries\gmsh\gmsh-4.8.0-source\build_win64\gmsh.dir\release\flip_ll8.obj
c:\daten\projekte\simulationplatform\third_party_libraries\gmsh\gmsh-4.8.0-source\build_win64\gmsh.dir\release\cliqwork.obj
c:\daten\projekte\simulationplatform\third_party_libraries\gmsh\gmsh-4.8.0-source\build_win64\gmsh.dir\release\ex_price.obj
c:\daten\projekte\simulationplatform\third_party_libraries\gmsh\gmsh-4.8.0-source\build_win64\gmsh.dir\release\tsp_lp.obj
c:\daten\projekte\simulationplatform\third_party_libraries\gmsh\gmsh-4.8.0-source\build_win64\gmsh.dir\release\xclique.obj
c:\daten\projekte\simulationplatform\third_party_libraries\gmsh\gmsh-4.8.0-source\build_win64\gmsh.dir\release\xshrink.obj
c:\daten\projekte\simulationplatform\third_party_libraries\gmsh\gmsh-4.8.0-source\build_win64\gmsh.dir\release\hxt_sort.obj
c:\daten\projekte\simulationplatform\third_party_libraries\gmsh\gmsh-4.8.0-source\build_win64\gmsh.dir\release\hxt_non_linear_solver.obj
c:\daten\projekte\simulationplatform\third_party_libraries\gmsh\gmsh-4.8.0-source\build_win64\gmsh.dir\release\hxt_tetflag.obj
c:\daten\projekte\simulationplatform\third_party_libraries\gmsh\gmsh-4.8.0-source\build_win64\gmsh.dir\release\hxt_vertices.obj
c:\daten\projekte\simulationplatform\third_party_libraries\gmsh\gmsh-4.8.0-source\build_win64\gmsh.dir\release\b64.obj
c:\daten\projekte\simulationplatform\third_party_libraries\gmsh\gmsh-4.8.0-source\build_win64\gmsh.dir\release\gkregex.obj
c:\daten\projekte\simulationplatform\third_party_libraries\gmsh\gmsh-4.8.0-source\build_win64\gmsh.dir\release\frename.obj
c:\daten\projekte\simulationplatform\third_party_libraries\gmsh\gmsh-4.8.0-source\build_win64\gmsh.dir\release\mesh.obj
c:\daten\projekte\simulationplatform\third_party_libraries\gmsh\gmsh-4.8.0-source\build_win64\gmsh.dir\release\pmetis.obj
c:\daten\projekte\simulationplatform\third_party_libraries\gmsh\gmsh-4.8.0-source\build_win64\gmsh.dir\release\cut_st.obj
c:\daten\projekte\simulationplatform\third_party_libraries\gmsh\gmsh-4.8.0-source\build_win64\gmsh.dir\release\kdnear.obj
c:\daten\projekte\simulationplatform\third_party_libraries\gmsh\gmsh-4.8.0-source\build_win64\gmsh.dir\release\control.obj
c:\daten\projekte\simulationplatform\third_party_libraries\gmsh\gmsh-4.8.0-source\build_win64\gmsh.dir\release\tighten.obj
c:\daten\projekte\simulationplatform\third_party_libraries\gmsh\gmsh-4.8.0-source\build_win64\gmsh.dir\release\edgelen.obj
c:\daten\projekte\simulationplatform\third_party_libraries\gmsh\gmsh-4.8.0-source\build_win64\gmsh.dir\release\xallcuts.obj
c:\daten\projekte\simulationplatform\third_party_libraries\gmsh\gmsh-4.8.0-source\build_win64\gmsh.dir\release\xcutload.obj
c:\daten\projekte\simulationplatform\third_party_libraries\gmsh\gmsh-4.8.0-source\build_win64\gmsh.dir\release\xourallo.obj
c:\daten\projekte\simulationplatform\third_party_libraries\gmsh\gmsh-4.8.0-source\build_win64\gmsh.dir\release\hxt_bbox.obj
c:\daten\projekte\simulationplatform\third_party_libraries\gmsh\gmsh-4.8.0-source\build_win64\gmsh.dir\release\hxt_linear_system_lu.obj
c:\daten\projekte\simulationplatform\third_party_libraries\gmsh\gmsh-4.8.0-source\build_win64\gmsh.dir\release\hxt_tetdelaunay.obj
c:\daten\projekte\simulationplatform\third_party_libraries\gmsh\gmsh-4.8.0-source\build_win64\gmsh.dir\release\contrib\metis\gklib\graph.c.obj
c:\daten\projekte\simulationplatform\third_party_libraries\gmsh\gmsh-4.8.0-source\build_win64\gmsh.dir\release\contrib\metis\gklib\sort.c.obj
c:\daten\projekte\simulationplatform\third_party_libraries\gmsh\gmsh-4.8.0-source\build_win64\gmsh.dir\release\contrib\metis\gklib\util.c.obj
c:\daten\projekte\simulationplatform\third_party_libraries\gmsh\gmsh-4.8.0-source\build_win64\gmsh.dir\release\contrib\metis\libmetis\graph.c.obj
c:\daten\projekte\simulationplatform\third_party_libraries\gmsh\gmsh-4.8.0-source\build_win64\gmsh.dir\release\contrib\metis\libmetis\options.c.obj
c:\daten\projekte\simulationplatform\third_party_libraries\gmsh\gmsh-4.8.0-source\build_win64\gmsh.dir\release\contrib\metis\libmetis\refine.c.obj
c:\daten\projekte\simulationplatform\third_party_libraries\gmsh\gmsh-4.8.0-source\build_win64\gmsh.dir\release\contrib\metis\libmetis\util.c.obj
c:\daten\projekte\simulationplatform\third_party_libraries\gmsh\gmsh-4.8.0-source\build_win64\gmsh.dir\release\contrib\blossom\concorde97\util\util.c.obj
c:\daten\projekte\simulationplatform\third_party_libraries\gmsh\gmsh-4.8.0-source\build_win64\gmsh.dir\release\contrib\netgen\libsrc\general\sort.cpp.obj
c:\daten\projekte\simulationplatform\third_party_libraries\gmsh\gmsh-4.8.0-source\build_win64\gmsh.dir\release\contrib\netgen\libsrc\meshing\refine.cpp.obj
c:\daten\projekte\simulationplatform\third_party_libraries\gmsh\gmsh-4.8.0-source\build_win64\gmsh.dir\release\predicates.obj
c:\daten\projekte\simulationplatform\third_party_libraries\gmsh\gmsh-4.8.0-source\build_win64\cmakefiles\generate.stamp
c:\daten\projekte\simulationplatform\third_party_libraries\gmsh\gmsh-4.8.0-source\build_win64\release\gmsh.lib
c:\daten\projekte\simulationplatform\third_party_libraries\gmsh\gmsh-4.8.0-source\build_win64\release\gmsh.exp
c:\daten\projekte\simulationplatform\third_party_libraries\gmsh\gmsh-4.8.0-source\build_win64\release\gmsh.exe
c:\daten\projekte\simulationplatform\third_party_libraries\gmsh\gmsh-4.8.0-source\build_win64\gmsh.dir\release\gmsh.tlog\cl.command.1.tlog
c:\daten\projekte\simulationplatform\third_party_libraries\gmsh\gmsh-4.8.0-source\build_win64\gmsh.dir\release\gmsh.tlog\cl.read.1.tlog
c:\daten\projekte\simulationplatform\third_party_libraries\gmsh\gmsh-4.8.0-source\build_win64\gmsh.dir\release\gmsh.tlog\cl.write.1.tlog
c:\daten\projekte\simulationplatform\third_party_libraries\gmsh\gmsh-4.8.0-source\build_win64\gmsh.dir\release\gmsh.tlog\custombuild.command.1.tlog
c:\daten\projekte\simulationplatform\third_party_libraries\gmsh\gmsh-4.8.0-source\build_win64\gmsh.dir\release\gmsh.tlog\custombuild.read.1.tlog
c:\daten\projekte\simulationplatform\third_party_libraries\gmsh\gmsh-4.8.0-source\build_win64\gmsh.dir\release\gmsh.tlog\custombuild.write.1.tlog
c:\daten\projekte\simulationplatform\third_party_libraries\gmsh\gmsh-4.8.0-source\build_win64\gmsh.dir\release\gmsh.tlog\gmsh.write.1u.tlog
c:\daten\projekte\simulationplatform\third_party_libraries\gmsh\gmsh-4.8.0-source\build_win64\gmsh.dir\release\gmsh.tlog\link.command.1.tlog
c:\daten\projekte\simulationplatform\third_party_libraries\gmsh\gmsh-4.8.0-source\build_win64\gmsh.dir\release\gmsh.tlog\link.read.1.tlog
c:\daten\projekte\simulationplatform\third_party_libraries\gmsh\gmsh-4.8.0-source\build_win64\gmsh.dir\release\gmsh.tlog\link.write.1.tlog
