  Building Custom Rule C:/Daten/Projekte/SimulationPlatform/Third_Party_Libraries/vtk/VTK-9.0.3/Utilities/KWSys/vtksys/CMakeLists.txt
  CMake does not need to re-run because C:/Daten/Projekte/SimulationPlatform/Third_Party_Libraries/vtk/VTK-9.0.3/build_Win64/Utilities/KWSys/vtksys/CMakeFiles/generate.stamp is up-to-date.
  ProcessWin32.c
  Base64.c
  MD5.c
  Generating Code...
  EncodingC.c
  System.c
  Directory.cxx
C:\Daten\Projekte\SimulationPlatform\Third_Party_Libraries\vtk\VTK-9.0.3\Utilities\KWSys\vtksys\Directory.cxx(97): warning C4100: 'errorMessage': unreferenced formal parameter
C:\Daten\Projekte\SimulationPlatform\Third_Party_Libraries\vtk\VTK-9.0.3\Utilities\KWSys\vtksys\Directory.cxx(136): warning C4100: 'errorMessage': unreferenced formal parameter
  Glob.cxx
  RegularExpression.cxx
  CommandLineArguments.cxx
  FStream.cxx
  Generating Code...
  DynamicLoader.cxx
  EncodingCXX.cxx
  SystemTools.cxx
  SystemInformation.cxx
     Creating library C:/Daten/Projekte/SimulationPlatform/Third_Party_Libraries/vtk/VTK-9.0.3/build_Win64/lib/Release/vtksys-9.0.lib and object C:/Daten/Projekte/SimulationPlatform/Third_Party_Libraries/vtk/VTK-9.0.3/build_Win64/lib/Release/vtksys-9.0.exp
  vtksys.vcxproj -> C:\Daten\Projekte\SimulationPlatform\Third_Party_Libraries\vtk\VTK-9.0.3\build_Win64\bin\Release\vtksys-9.0.dll
