  Building Custom Rule C:/Daten/Projekte/SimulationPlatform/Third_Party_Libraries/vtk/VTK-9.0.3/Charts/Core/CMakeLists.txt
  CMake does not need to re-run because C:/Daten/Projekte/SimulationPlatform/Third_Party_Libraries/vtk/VTK-9.0.3/build_Win64/Charts/Core/CMakeFiles/generate.stamp is up-to-date.
  vtkAxis.cxx
  vtkAxisExtended.cxx
  vtkCategoryLegend.cxx
  vtkChartBox.cxx
c:\daten\projekte\simulationplatform\third_party_libraries\vtk\vtk-9.0.3\charts\core\vtkPlot.h(133): warning C4996: 'vtkPlot::GetNearestPoint': was declared deprecated
  c:\daten\projekte\simulationplatform\third_party_libraries\vtk\vtk-9.0.3\charts\core\vtkPlot.h(133): note: see declaration of 'vtkPlot::GetNearestPoint'
  vtkChart.cxx
  vtkChartHistogram2D.cxx
c:\daten\projekte\simulationplatform\third_party_libraries\vtk\vtk-9.0.3\charts\core\vtkPlot.h(133): warning C4996: 'vtkPlot::GetNearestPoint': was declared deprecated
  c:\daten\projekte\simulationplatform\third_party_libraries\vtk\vtk-9.0.3\charts\core\vtkPlot.h(133): note: see declaration of 'vtkPlot::GetNearestPoint'
  vtkChartLegend.cxx
  vtkChartMatrix.cxx
  vtkChartParallelCoordinates.cxx
  vtkChartPie.cxx
c:\daten\projekte\simulationplatform\third_party_libraries\vtk\vtk-9.0.3\charts\core\vtkPlot.h(133): warning C4996: 'vtkPlot::GetNearestPoint': was declared deprecated
  c:\daten\projekte\simulationplatform\third_party_libraries\vtk\vtk-9.0.3\charts\core\vtkPlot.h(133): note: see declaration of 'vtkPlot::GetNearestPoint'
C:\Daten\Projekte\SimulationPlatform\Third_Party_Libraries\vtk\VTK-9.0.3\Charts\Core\vtkChartPie.cxx(260): warning C4996: 'vtkPlot::GetNearestPoint': was declared deprecated
  c:\daten\projekte\simulationplatform\third_party_libraries\vtk\vtk-9.0.3\charts\core\vtkPlot.h(133): note: see declaration of 'vtkPlot::GetNearestPoint'
  vtkChartXY.cxx
c:\daten\projekte\simulationplatform\third_party_libraries\vtk\vtk-9.0.3\charts\core\vtkPlot.h(133): warning C4996: 'vtkPlot::GetNearestPoint': was declared deprecated
  c:\daten\projekte\simulationplatform\third_party_libraries\vtk\vtk-9.0.3\charts\core\vtkPlot.h(133): note: see declaration of 'vtkPlot::GetNearestPoint'
  vtkChartXYZ.cxx
  vtkColorLegend.cxx
  vtkColorTransferControlPointsItem.cxx
  vtkColorTransferFunctionItem.cxx
c:\daten\projekte\simulationplatform\third_party_libraries\vtk\vtk-9.0.3\charts\core\vtkPlot.h(133): warning C4996: 'vtkPlot::GetNearestPoint': was declared deprecated
  c:\daten\projekte\simulationplatform\third_party_libraries\vtk\vtk-9.0.3\charts\core\vtkPlot.h(133): note: see declaration of 'vtkPlot::GetNearestPoint'
  vtkCompositeControlPointsItem.cxx
  vtkCompositeTransferFunctionItem.cxx
c:\daten\projekte\simulationplatform\third_party_libraries\vtk\vtk-9.0.3\charts\core\vtkPlot.h(133): warning C4996: 'vtkPlot::GetNearestPoint': was declared deprecated
  c:\daten\projekte\simulationplatform\third_party_libraries\vtk\vtk-9.0.3\charts\core\vtkPlot.h(133): note: see declaration of 'vtkPlot::GetNearestPoint'
  vtkContextArea.cxx
  vtkContextPolygon.cxx
  vtkControlPointsItem.cxx
  Generating Code...
  Compiling...
  vtkInteractiveArea.cxx
  vtkLookupTableItem.cxx
c:\daten\projekte\simulationplatform\third_party_libraries\vtk\vtk-9.0.3\charts\core\vtkPlot.h(133): warning C4996: 'vtkPlot::GetNearestPoint': was declared deprecated
  c:\daten\projekte\simulationplatform\third_party_libraries\vtk\vtk-9.0.3\charts\core\vtkPlot.h(133): note: see declaration of 'vtkPlot::GetNearestPoint'
  vtkPiecewiseControlPointsItem.cxx
  vtkPiecewiseFunctionItem.cxx
c:\daten\projekte\simulationplatform\third_party_libraries\vtk\vtk-9.0.3\charts\core\vtkPlot.h(133): warning C4996: 'vtkPlot::GetNearestPoint': was declared deprecated
  c:\daten\projekte\simulationplatform\third_party_libraries\vtk\vtk-9.0.3\charts\core\vtkPlot.h(133): note: see declaration of 'vtkPlot::GetNearestPoint'
  vtkPiecewisePointHandleItem.cxx
  vtkPlot3D.cxx
  vtkPlotArea.cxx
c:\daten\projekte\simulationplatform\third_party_libraries\vtk\vtk-9.0.3\charts\core\vtkPlot.h(133): warning C4996: 'vtkPlot::GetNearestPoint': was declared deprecated
  c:\daten\projekte\simulationplatform\third_party_libraries\vtk\vtk-9.0.3\charts\core\vtkPlot.h(133): note: see declaration of 'vtkPlot::GetNearestPoint'
C:\Daten\Projekte\SimulationPlatform\Third_Party_Libraries\vtk\VTK-9.0.3\Charts\Core\vtkPlotArea.cxx(604): warning C4996: 'vtkPlot::GetNearestPoint': was declared deprecated
  c:\daten\projekte\simulationplatform\third_party_libraries\vtk\vtk-9.0.3\charts\core\vtkPlot.h(133): note: see declaration of 'vtkPlot::GetNearestPoint'
  vtkPlotBag.cxx
c:\daten\projekte\simulationplatform\third_party_libraries\vtk\vtk-9.0.3\charts\core\vtkPlot.h(133): warning C4996: 'vtkPlot::GetNearestPoint': was declared deprecated
  c:\daten\projekte\simulationplatform\third_party_libraries\vtk\vtk-9.0.3\charts\core\vtkPlot.h(133): note: see declaration of 'vtkPlot::GetNearestPoint'
  vtkPlotBar.cxx
c:\daten\projekte\simulationplatform\third_party_libraries\vtk\vtk-9.0.3\charts\core\vtkPlot.h(133): warning C4996: 'vtkPlot::GetNearestPoint': was declared deprecated
  c:\daten\projekte\simulationplatform\third_party_libraries\vtk\vtk-9.0.3\charts\core\vtkPlot.h(133): note: see declaration of 'vtkPlot::GetNearestPoint'
C:\Daten\Projekte\SimulationPlatform\Third_Party_Libraries\vtk\VTK-9.0.3\Charts\Core\vtkPlotBar.cxx(772): warning C4996: 'vtkPlot::GetNearestPoint': was declared deprecated
  c:\daten\projekte\simulationplatform\third_party_libraries\vtk\vtk-9.0.3\charts\core\vtkPlot.h(133): note: see declaration of 'vtkPlot::GetNearestPoint'
  vtkPlotBox.cxx
c:\daten\projekte\simulationplatform\third_party_libraries\vtk\vtk-9.0.3\charts\core\vtkPlot.h(133): warning C4996: 'vtkPlot::GetNearestPoint': was declared deprecated
  c:\daten\projekte\simulationplatform\third_party_libraries\vtk\vtk-9.0.3\charts\core\vtkPlot.h(133): note: see declaration of 'vtkPlot::GetNearestPoint'
C:\Daten\Projekte\SimulationPlatform\Third_Party_Libraries\vtk\VTK-9.0.3\Charts\Core\vtkPlotBox.cxx(282): warning C4996: 'vtkPlot::GetNearestPoint': was declared deprecated
  c:\daten\projekte\simulationplatform\third_party_libraries\vtk\vtk-9.0.3\charts\core\vtkPlot.h(133): note: see declaration of 'vtkPlot::GetNearestPoint'
  vtkPlot.cxx
C:\Daten\Projekte\SimulationPlatform\Third_Party_Libraries\vtk\VTK-9.0.3\Charts\Core\vtkPlot.cxx(119): warning C4996: 'vtkPlot::GetNearestPoint': was declared deprecated
  C:\Daten\Projekte\SimulationPlatform\Third_Party_Libraries\vtk\VTK-9.0.3\Charts\Core\vtkPlot.cxx(83): note: see declaration of 'vtkPlot::GetNearestPoint'
  vtkPlotFunctionalBag.cxx
c:\daten\projekte\simulationplatform\third_party_libraries\vtk\vtk-9.0.3\charts\core\vtkPlot.h(133): warning C4996: 'vtkPlot::GetNearestPoint': was declared deprecated
  c:\daten\projekte\simulationplatform\third_party_libraries\vtk\vtk-9.0.3\charts\core\vtkPlot.h(133): note: see declaration of 'vtkPlot::GetNearestPoint'
C:\Daten\Projekte\SimulationPlatform\Third_Party_Libraries\vtk\VTK-9.0.3\Charts\Core\vtkPlotFunctionalBag.cxx(266): warning C4996: 'vtkPlot::GetNearestPoint': was declared deprecated
  c:\daten\projekte\simulationplatform\third_party_libraries\vtk\vtk-9.0.3\charts\core\vtkPlot.h(133): note: see declaration of 'vtkPlot::GetNearestPoint'
  vtkPlotGrid.cxx
  vtkPlotHistogram2D.cxx
c:\daten\projekte\simulationplatform\third_party_libraries\vtk\vtk-9.0.3\charts\core\vtkPlot.h(133): warning C4996: 'vtkPlot::GetNearestPoint': was declared deprecated
  c:\daten\projekte\simulationplatform\third_party_libraries\vtk\vtk-9.0.3\charts\core\vtkPlot.h(133): note: see declaration of 'vtkPlot::GetNearestPoint'
C:\Daten\Projekte\SimulationPlatform\Third_Party_Libraries\vtk\VTK-9.0.3\Charts\Core\vtkPlotHistogram2D.cxx(126): warning C4996: 'vtkPlot::GetNearestPoint': was declared deprecated
  c:\daten\projekte\simulationplatform\third_party_libraries\vtk\vtk-9.0.3\charts\core\vtkPlot.h(133): note: see declaration of 'vtkPlot::GetNearestPoint'
  vtkPlotLine3D.cxx
  vtkPlotLine.cxx
c:\daten\projekte\simulationplatform\third_party_libraries\vtk\vtk-9.0.3\charts\core\vtkPlot.h(133): warning C4996: 'vtkPlot::GetNearestPoint': was declared deprecated
  c:\daten\projekte\simulationplatform\third_party_libraries\vtk\vtk-9.0.3\charts\core\vtkPlot.h(133): note: see declaration of 'vtkPlot::GetNearestPoint'
  vtkPlotParallelCoordinates.cxx
  vtkPlotPie.cxx
c:\daten\projekte\simulationplatform\third_party_libraries\vtk\vtk-9.0.3\charts\core\vtkPlot.h(133): warning C4996: 'vtkPlot::GetNearestPoint': was declared deprecated
  c:\daten\projekte\simulationplatform\third_party_libraries\vtk\vtk-9.0.3\charts\core\vtkPlot.h(133): note: see declaration of 'vtkPlot::GetNearestPoint'
C:\Daten\Projekte\SimulationPlatform\Third_Party_Libraries\vtk\VTK-9.0.3\Charts\Core\vtkPlotPie.cxx(207): warning C4996: 'vtkPlot::GetNearestPoint': was declared deprecated
  c:\daten\projekte\simulationplatform\third_party_libraries\vtk\vtk-9.0.3\charts\core\vtkPlot.h(133): note: see declaration of 'vtkPlot::GetNearestPoint'
  vtkPlotPoints3D.cxx
  vtkPlotPoints.cxx
c:\daten\projekte\simulationplatform\third_party_libraries\vtk\vtk-9.0.3\charts\core\vtkPlot.h(133): warning C4996: 'vtkPlot::GetNearestPoint': was declared deprecated
  c:\daten\projekte\simulationplatform\third_party_libraries\vtk\vtk-9.0.3\charts\core\vtkPlot.h(133): note: see declaration of 'vtkPlot::GetNearestPoint'
C:\Daten\Projekte\SimulationPlatform\Third_Party_Libraries\vtk\VTK-9.0.3\Charts\Core\vtkPlotPoints.cxx(357): warning C4996: 'vtkPlot::GetNearestPoint': was declared deprecated
  c:\daten\projekte\simulationplatform\third_party_libraries\vtk\vtk-9.0.3\charts\core\vtkPlot.h(133): note: see declaration of 'vtkPlot::GetNearestPoint'
  Generating Code...
  Compiling...
  vtkPlotStacked.cxx
c:\daten\projekte\simulationplatform\third_party_libraries\vtk\vtk-9.0.3\charts\core\vtkPlot.h(133): warning C4996: 'vtkPlot::GetNearestPoint': was declared deprecated
  c:\daten\projekte\simulationplatform\third_party_libraries\vtk\vtk-9.0.3\charts\core\vtkPlot.h(133): note: see declaration of 'vtkPlot::GetNearestPoint'
C:\Daten\Projekte\SimulationPlatform\Third_Party_Libraries\vtk\VTK-9.0.3\Charts\Core\vtkPlotStacked.cxx(695): warning C4996: 'vtkPlot::GetNearestPoint': was declared deprecated
  c:\daten\projekte\simulationplatform\third_party_libraries\vtk\vtk-9.0.3\charts\core\vtkPlot.h(133): note: see declaration of 'vtkPlot::GetNearestPoint'
  vtkPlotSurface.cxx
  vtkRangeHandlesItem.cxx
  vtkScalarsToColorsItem.cxx
c:\daten\projekte\simulationplatform\third_party_libraries\vtk\vtk-9.0.3\charts\core\vtkPlot.h(133): warning C4996: 'vtkPlot::GetNearestPoint': was declared deprecated
  c:\daten\projekte\simulationplatform\third_party_libraries\vtk\vtk-9.0.3\charts\core\vtkPlot.h(133): note: see declaration of 'vtkPlot::GetNearestPoint'
  vtkScatterPlotMatrix.cxx
c:\daten\projekte\simulationplatform\third_party_libraries\vtk\vtk-9.0.3\charts\core\vtkPlot.h(133): warning C4996: 'vtkPlot::GetNearestPoint': was declared deprecated
  c:\daten\projekte\simulationplatform\third_party_libraries\vtk\vtk-9.0.3\charts\core\vtkPlot.h(133): note: see declaration of 'vtkPlot::GetNearestPoint'
  Generating Code...
     Creating library C:/Daten/Projekte/SimulationPlatform/Third_Party_Libraries/vtk/VTK-9.0.3/build_Win64/lib/Release/vtkChartsCore-9.0.lib and object C:/Daten/Projekte/SimulationPlatform/Third_Party_Libraries/vtk/VTK-9.0.3/build_Win64/lib/Release/vtkChartsCore-9.0.exp
  ChartsCore.vcxproj -> C:\Daten\Projekte\SimulationPlatform\Third_Party_Libraries\vtk\VTK-9.0.3\build_Win64\bin\Release\vtkChartsCore-9.0.dll
