  Building Custom Rule C:/Daten/Projekte/SimulationPlatform/Third_Party_Libraries/vtk/VTK-9.0.3/Common/DataModel/CMakeLists.txt
  CMake does not need to re-run because C:/Daten/Projekte/SimulationPlatform/Third_Party_Libraries/vtk/VTK-9.0.3/build_Win64/Common/DataModel/CMakeFiles/generate.stamp is up-to-date.
  vtkAMRBox.cxx
  vtkAMRUtilities.cxx
  vtkAbstractCellLinks.cxx
  vtkAbstractCellLocator.cxx
  vtkAbstractElectronicData.cxx
  vtkAbstractPointLocator.cxx
  vtkAdjacentVertexIterator.cxx
  vtkAnimationScene.cxx
  vtkAnnotation.cxx
  vtkAnnotationLayers.cxx
  vtkArrayData.cxx
  vtkAtom.cxx
  vtkAttributesErrorMetric.cxx
  vtkBSPCuts.cxx
  vtkBSPIntersections.cxx
  vtkBezierCurve.cxx
  vtkBezierHexahedron.cxx
c:\daten\projekte\simulationplatform\third_party_libraries\vtk\vtk-9.0.3\common\datamodel\vtkHexahedron.h(54): warning C4996: 'vtkCell3D::GetEdgePoints': was declared deprecated
  c:\daten\projekte\simulationplatform\third_party_libraries\vtk\vtk-9.0.3\common\datamodel\vtkCell3D.h(53): note: see declaration of 'vtkCell3D::GetEdgePoints'
c:\daten\projekte\simulationplatform\third_party_libraries\vtk\vtk-9.0.3\common\datamodel\vtkHexahedron.h(57): warning C4996: 'vtkCell3D::GetFacePoints': was declared deprecated
  c:\daten\projekte\simulationplatform\third_party_libraries\vtk\vtk-9.0.3\common\datamodel\vtkCell3D.h(66): note: see declaration of 'vtkCell3D::GetFacePoints'
  vtkBezierInterpolation.cxx
  vtkBezierQuadrilateral.cxx
  vtkBezierTetra.cxx
c:\daten\projekte\simulationplatform\third_party_libraries\vtk\vtk-9.0.3\common\datamodel\vtkTetra.h(54): warning C4996: 'vtkCell3D::GetEdgePoints': was declared deprecated
  c:\daten\projekte\simulationplatform\third_party_libraries\vtk\vtk-9.0.3\common\datamodel\vtkCell3D.h(53): note: see declaration of 'vtkCell3D::GetEdgePoints'
c:\daten\projekte\simulationplatform\third_party_libraries\vtk\vtk-9.0.3\common\datamodel\vtkTetra.h(57): warning C4996: 'vtkCell3D::GetFacePoints': was declared deprecated
  c:\daten\projekte\simulationplatform\third_party_libraries\vtk\vtk-9.0.3\common\datamodel\vtkCell3D.h(66): note: see declaration of 'vtkCell3D::GetFacePoints'
  Generating Code...
  Compiling...
  vtkBezierTriangle.cxx
  vtkBezierWedge.cxx
c:\daten\projekte\simulationplatform\third_party_libraries\vtk\vtk-9.0.3\common\datamodel\vtkWedge.h(56): warning C4996: 'vtkCell3D::GetEdgePoints': was declared deprecated
  c:\daten\projekte\simulationplatform\third_party_libraries\vtk\vtk-9.0.3\common\datamodel\vtkCell3D.h(53): note: see declaration of 'vtkCell3D::GetEdgePoints'
c:\daten\projekte\simulationplatform\third_party_libraries\vtk\vtk-9.0.3\common\datamodel\vtkWedge.h(59): warning C4996: 'vtkCell3D::GetFacePoints': was declared deprecated
  c:\daten\projekte\simulationplatform\third_party_libraries\vtk\vtk-9.0.3\common\datamodel\vtkCell3D.h(66): note: see declaration of 'vtkCell3D::GetFacePoints'
  vtkBiQuadraticQuad.cxx
  vtkBiQuadraticQuadraticHexahedron.cxx
c:\daten\projekte\simulationplatform\third_party_libraries\vtk\vtk-9.0.3\common\datamodel\vtkHexahedron.h(54): warning C4996: 'vtkCell3D::GetEdgePoints': was declared deprecated
  c:\daten\projekte\simulationplatform\third_party_libraries\vtk\vtk-9.0.3\common\datamodel\vtkCell3D.h(53): note: see declaration of 'vtkCell3D::GetEdgePoints'
c:\daten\projekte\simulationplatform\third_party_libraries\vtk\vtk-9.0.3\common\datamodel\vtkHexahedron.h(57): warning C4996: 'vtkCell3D::GetFacePoints': was declared deprecated
  c:\daten\projekte\simulationplatform\third_party_libraries\vtk\vtk-9.0.3\common\datamodel\vtkCell3D.h(66): note: see declaration of 'vtkCell3D::GetFacePoints'
  vtkBiQuadraticQuadraticWedge.cxx
c:\daten\projekte\simulationplatform\third_party_libraries\vtk\vtk-9.0.3\common\datamodel\vtkWedge.h(56): warning C4996: 'vtkCell3D::GetEdgePoints': was declared deprecated
  c:\daten\projekte\simulationplatform\third_party_libraries\vtk\vtk-9.0.3\common\datamodel\vtkCell3D.h(53): note: see declaration of 'vtkCell3D::GetEdgePoints'
c:\daten\projekte\simulationplatform\third_party_libraries\vtk\vtk-9.0.3\common\datamodel\vtkWedge.h(59): warning C4996: 'vtkCell3D::GetFacePoints': was declared deprecated
  c:\daten\projekte\simulationplatform\third_party_libraries\vtk\vtk-9.0.3\common\datamodel\vtkCell3D.h(66): note: see declaration of 'vtkCell3D::GetFacePoints'
  vtkBiQuadraticTriangle.cxx
  vtkBond.cxx
  vtkBoundingBox.cxx
  vtkBox.cxx
  vtkCell.cxx
  vtkCell3D.cxx
c:\daten\projekte\simulationplatform\third_party_libraries\vtk\vtk-9.0.3\common\datamodel\vtkTetra.h(54): warning C4996: 'vtkCell3D::GetEdgePoints': was declared deprecated
  c:\daten\projekte\simulationplatform\third_party_libraries\vtk\vtk-9.0.3\common\datamodel\vtkCell3D.h(53): note: see declaration of 'vtkCell3D::GetEdgePoints'
c:\daten\projekte\simulationplatform\third_party_libraries\vtk\vtk-9.0.3\common\datamodel\vtkTetra.h(57): warning C4996: 'vtkCell3D::GetFacePoints': was declared deprecated
  c:\daten\projekte\simulationplatform\third_party_libraries\vtk\vtk-9.0.3\common\datamodel\vtkCell3D.h(66): note: see declaration of 'vtkCell3D::GetFacePoints'
  vtkCellArray.cxx
  vtkCellArrayIterator.cxx
  vtkCellData.cxx
  vtkCellIterator.cxx
  vtkCellLinks.cxx
  vtkCellLocator.cxx
  vtkCellLocatorStrategy.cxx
  vtkCellTypes.cxx
  vtkClosestNPointsStrategy.cxx
  Generating Code...
  Compiling...
  vtkClosestPointStrategy.cxx
  vtkCompositeDataIterator.cxx
  vtkCompositeDataSet.cxx
  vtkCone.cxx
  vtkConvexPointSet.cxx
c:\daten\projekte\simulationplatform\third_party_libraries\vtk\vtk-9.0.3\common\datamodel\vtkConvexPointSet.h(64): warning C4996: 'vtkCell3D::GetEdgePoints': was declared deprecated
  c:\daten\projekte\simulationplatform\third_party_libraries\vtk\vtk-9.0.3\common\datamodel\vtkCell3D.h(53): note: see declaration of 'vtkCell3D::GetEdgePoints'
c:\daten\projekte\simulationplatform\third_party_libraries\vtk\vtk-9.0.3\common\datamodel\vtkConvexPointSet.h(75): warning C4996: 'vtkCell3D::GetFacePoints': was declared deprecated
  c:\daten\projekte\simulationplatform\third_party_libraries\vtk\vtk-9.0.3\common\datamodel\vtkCell3D.h(66): note: see declaration of 'vtkCell3D::GetFacePoints'
c:\daten\projekte\simulationplatform\third_party_libraries\vtk\vtk-9.0.3\common\datamodel\vtkTetra.h(54): warning C4996: 'vtkCell3D::GetEdgePoints': was declared deprecated
  c:\daten\projekte\simulationplatform\third_party_libraries\vtk\vtk-9.0.3\common\datamodel\vtkCell3D.h(53): note: see declaration of 'vtkCell3D::GetEdgePoints'
c:\daten\projekte\simulationplatform\third_party_libraries\vtk\vtk-9.0.3\common\datamodel\vtkTetra.h(57): warning C4996: 'vtkCell3D::GetFacePoints': was declared deprecated
  c:\daten\projekte\simulationplatform\third_party_libraries\vtk\vtk-9.0.3\common\datamodel\vtkCell3D.h(66): note: see declaration of 'vtkCell3D::GetFacePoints'
  vtkCubicLine.cxx
  vtkCylinder.cxx
  vtkDataObject.cxx
  vtkDataObjectCollection.cxx
  vtkDataObjectTree.cxx
  vtkDataObjectTreeIterator.cxx
  vtkDataObjectTypes.cxx
  vtkDataSet.cxx
  vtkDataSetAttributes.cxx
  vtkDataSetAttributesFieldList.cxx
  vtkDataSetCellIterator.cxx
  vtkDataSetCollection.cxx
  vtkDirectedAcyclicGraph.cxx
  vtkDirectedGraph.cxx
  vtkDistributedGraphHelper.cxx
  Generating Code...
  Compiling...
  vtkEdgeListIterator.cxx
  vtkEdgeTable.cxx
  vtkEmptyCell.cxx
  vtkExplicitStructuredGrid.cxx
c:\daten\projekte\simulationplatform\third_party_libraries\vtk\vtk-9.0.3\common\datamodel\vtkHexahedron.h(54): warning C4996: 'vtkCell3D::GetEdgePoints': was declared deprecated
  c:\daten\projekte\simulationplatform\third_party_libraries\vtk\vtk-9.0.3\common\datamodel\vtkCell3D.h(53): note: see declaration of 'vtkCell3D::GetEdgePoints'
c:\daten\projekte\simulationplatform\third_party_libraries\vtk\vtk-9.0.3\common\datamodel\vtkHexahedron.h(57): warning C4996: 'vtkCell3D::GetFacePoints': was declared deprecated
  c:\daten\projekte\simulationplatform\third_party_libraries\vtk\vtk-9.0.3\common\datamodel\vtkCell3D.h(66): note: see declaration of 'vtkCell3D::GetFacePoints'
  vtkExtractStructuredGridHelper.cxx
  vtkFieldData.cxx
  vtkFindCellStrategy.cxx
  vtkGenericAdaptorCell.cxx
c:\daten\projekte\simulationplatform\third_party_libraries\vtk\vtk-9.0.3\common\datamodel\vtkHexahedron.h(54): warning C4996: 'vtkCell3D::GetEdgePoints': was declared deprecated
  c:\daten\projekte\simulationplatform\third_party_libraries\vtk\vtk-9.0.3\common\datamodel\vtkCell3D.h(53): note: see declaration of 'vtkCell3D::GetEdgePoints'
c:\daten\projekte\simulationplatform\third_party_libraries\vtk\vtk-9.0.3\common\datamodel\vtkHexahedron.h(57): warning C4996: 'vtkCell3D::GetFacePoints': was declared deprecated
  c:\daten\projekte\simulationplatform\third_party_libraries\vtk\vtk-9.0.3\common\datamodel\vtkCell3D.h(66): note: see declaration of 'vtkCell3D::GetFacePoints'
c:\daten\projekte\simulationplatform\third_party_libraries\vtk\vtk-9.0.3\common\datamodel\vtkPyramid.h(56): warning C4996: 'vtkCell3D::GetEdgePoints': was declared deprecated
  c:\daten\projekte\simulationplatform\third_party_libraries\vtk\vtk-9.0.3\common\datamodel\vtkCell3D.h(53): note: see declaration of 'vtkCell3D::GetEdgePoints'
c:\daten\projekte\simulationplatform\third_party_libraries\vtk\vtk-9.0.3\common\datamodel\vtkPyramid.h(59): warning C4996: 'vtkCell3D::GetFacePoints': was declared deprecated
  c:\daten\projekte\simulationplatform\third_party_libraries\vtk\vtk-9.0.3\common\datamodel\vtkCell3D.h(66): note: see declaration of 'vtkCell3D::GetFacePoints'
c:\daten\projekte\simulationplatform\third_party_libraries\vtk\vtk-9.0.3\common\datamodel\vtkTetra.h(54): warning C4996: 'vtkCell3D::GetEdgePoints': was declared deprecated
  c:\daten\projekte\simulationplatform\third_party_libraries\vtk\vtk-9.0.3\common\datamodel\vtkCell3D.h(53): note: see declaration of 'vtkCell3D::GetEdgePoints'
c:\daten\projekte\simulationplatform\third_party_libraries\vtk\vtk-9.0.3\common\datamodel\vtkTetra.h(57): warning C4996: 'vtkCell3D::GetFacePoints': was declared deprecated
  c:\daten\projekte\simulationplatform\third_party_libraries\vtk\vtk-9.0.3\common\datamodel\vtkCell3D.h(66): note: see declaration of 'vtkCell3D::GetFacePoints'
c:\daten\projekte\simulationplatform\third_party_libraries\vtk\vtk-9.0.3\common\datamodel\vtkWedge.h(56): warning C4996: 'vtkCell3D::GetEdgePoints': was declared deprecated
  c:\daten\projekte\simulationplatform\third_party_libraries\vtk\vtk-9.0.3\common\datamodel\vtkCell3D.h(53): note: see declaration of 'vtkCell3D::GetEdgePoints'
c:\daten\projekte\simulationplatform\third_party_libraries\vtk\vtk-9.0.3\common\datamodel\vtkWedge.h(59): warning C4996: 'vtkCell3D::GetFacePoints': was declared deprecated
  c:\daten\projekte\simulationplatform\third_party_libraries\vtk\vtk-9.0.3\common\datamodel\vtkCell3D.h(66): note: see declaration of 'vtkCell3D::GetFacePoints'
  vtkGenericAttribute.cxx
  vtkGenericAttributeCollection.cxx
  vtkGenericCell.cxx
c:\daten\projekte\simulationplatform\third_party_libraries\vtk\vtk-9.0.3\common\datamodel\vtkConvexPointSet.h(64): warning C4996: 'vtkCell3D::GetEdgePoints': was declared deprecated
  c:\daten\projekte\simulationplatform\third_party_libraries\vtk\vtk-9.0.3\common\datamodel\vtkCell3D.h(53): note: see declaration of 'vtkCell3D::GetEdgePoints'
c:\daten\projekte\simulationplatform\third_party_libraries\vtk\vtk-9.0.3\common\datamodel\vtkConvexPointSet.h(75): warning C4996: 'vtkCell3D::GetFacePoints': was declared deprecated
  c:\daten\projekte\simulationplatform\third_party_libraries\vtk\vtk-9.0.3\common\datamodel\vtkCell3D.h(66): note: see declaration of 'vtkCell3D::GetFacePoints'
c:\daten\projekte\simulationplatform\third_party_libraries\vtk\vtk-9.0.3\common\datamodel\vtkHexagonalPrism.h(58): warning C4996: 'vtkCell3D::GetEdgePoints': was declared deprecated
  c:\daten\projekte\simulationplatform\third_party_libraries\vtk\vtk-9.0.3\common\datamodel\vtkCell3D.h(53): note: see declaration of 'vtkCell3D::GetEdgePoints'
c:\daten\projekte\simulationplatform\third_party_libraries\vtk\vtk-9.0.3\common\datamodel\vtkHexagonalPrism.h(61): warning C4996: 'vtkCell3D::GetFacePoints': was declared deprecated
  c:\daten\projekte\simulationplatform\third_party_libraries\vtk\vtk-9.0.3\common\datamodel\vtkCell3D.h(66): note: see declaration of 'vtkCell3D::GetFacePoints'
c:\daten\projekte\simulationplatform\third_party_libraries\vtk\vtk-9.0.3\common\datamodel\vtkHexahedron.h(54): warning C4996: 'vtkCell3D::GetEdgePoints': was declared deprecated
  c:\daten\projekte\simulationplatform\third_party_libraries\vtk\vtk-9.0.3\common\datamodel\vtkCell3D.h(53): note: see declaration of 'vtkCell3D::GetEdgePoints'
c:\daten\projekte\simulationplatform\third_party_libraries\vtk\vtk-9.0.3\common\datamodel\vtkHexahedron.h(57): warning C4996: 'vtkCell3D::GetFacePoints': was declared deprecated
  c:\daten\projekte\simulationplatform\third_party_libraries\vtk\vtk-9.0.3\common\datamodel\vtkCell3D.h(66): note: see declaration of 'vtkCell3D::GetFacePoints'
c:\daten\projekte\simulationplatform\third_party_libraries\vtk\vtk-9.0.3\common\datamodel\vtkPentagonalPrism.h(66): warning C4996: 'vtkCell3D::GetEdgePoints': was declared deprecated
  c:\daten\projekte\simulationplatform\third_party_libraries\vtk\vtk-9.0.3\common\datamodel\vtkCell3D.h(53): note: see declaration of 'vtkCell3D::GetEdgePoints'
c:\daten\projekte\simulationplatform\third_party_libraries\vtk\vtk-9.0.3\common\datamodel\vtkPentagonalPrism.h(69): warning C4996: 'vtkCell3D::GetFacePoints': was declared deprecated
  c:\daten\projekte\simulationplatform\third_party_libraries\vtk\vtk-9.0.3\common\datamodel\vtkCell3D.h(66): note: see declaration of 'vtkCell3D::GetFacePoints'
c:\daten\projekte\simulationplatform\third_party_libraries\vtk\vtk-9.0.3\common\datamodel\vtkPolyhedron.h(79): warning C4996: 'vtkCell3D::GetEdgePoints': was declared deprecated
  c:\daten\projekte\simulationplatform\third_party_libraries\vtk\vtk-9.0.3\common\datamodel\vtkCell3D.h(53): note: see declaration of 'vtkCell3D::GetEdgePoints'
c:\daten\projekte\simulationplatform\third_party_libraries\vtk\vtk-9.0.3\common\datamodel\vtkPolyhedron.h(90): warning C4996: 'vtkCell3D::GetFacePoints': was declared deprecated
  c:\daten\projekte\simulationplatform\third_party_libraries\vtk\vtk-9.0.3\common\datamodel\vtkCell3D.h(66): note: see declaration of 'vtkCell3D::GetFacePoints'
c:\daten\projekte\simulationplatform\third_party_libraries\vtk\vtk-9.0.3\common\datamodel\vtkPyramid.h(56): warning C4996: 'vtkCell3D::GetEdgePoints': was declared deprecated
  c:\daten\projekte\simulationplatform\third_party_libraries\vtk\vtk-9.0.3\common\datamodel\vtkCell3D.h(53): note: see declaration of 'vtkCell3D::GetEdgePoints'
c:\daten\projekte\simulationplatform\third_party_libraries\vtk\vtk-9.0.3\common\datamodel\vtkPyramid.h(59): warning C4996: 'vtkCell3D::GetFacePoints': was declared deprecated
  c:\daten\projekte\simulationplatform\third_party_libraries\vtk\vtk-9.0.3\common\datamodel\vtkCell3D.h(66): note: see declaration of 'vtkCell3D::GetFacePoints'
c:\daten\projekte\simulationplatform\third_party_libraries\vtk\vtk-9.0.3\common\datamodel\vtkTetra.h(54): warning C4996: 'vtkCell3D::GetEdgePoints': was declared deprecated
  c:\daten\projekte\simulationplatform\third_party_libraries\vtk\vtk-9.0.3\common\datamodel\vtkCell3D.h(53): note: see declaration of 'vtkCell3D::GetEdgePoints'
c:\daten\projekte\simulationplatform\third_party_libraries\vtk\vtk-9.0.3\common\datamodel\vtkTetra.h(57): warning C4996: 'vtkCell3D::GetFacePoints': was declared deprecated
  c:\daten\projekte\simulationplatform\third_party_libraries\vtk\vtk-9.0.3\common\datamodel\vtkCell3D.h(66): note: see declaration of 'vtkCell3D::GetFacePoints'
c:\daten\projekte\simulationplatform\third_party_libraries\vtk\vtk-9.0.3\common\datamodel\vtkVoxel.h(53): warning C4996: 'vtkCell3D::GetEdgePoints': was declared deprecated
  c:\daten\projekte\simulationplatform\third_party_libraries\vtk\vtk-9.0.3\common\datamodel\vtkCell3D.h(53): note: see declaration of 'vtkCell3D::GetEdgePoints'
c:\daten\projekte\simulationplatform\third_party_libraries\vtk\vtk-9.0.3\common\datamodel\vtkVoxel.h(56): warning C4996: 'vtkCell3D::GetFacePoints': was declared deprecated
  c:\daten\projekte\simulationplatform\third_party_libraries\vtk\vtk-9.0.3\common\datamodel\vtkCell3D.h(66): note: see declaration of 'vtkCell3D::GetFacePoints'
c:\daten\projekte\simulationplatform\third_party_libraries\vtk\vtk-9.0.3\common\datamodel\vtkWedge.h(56): warning C4996: 'vtkCell3D::GetEdgePoints': was declared deprecated
  c:\daten\projekte\simulationplatform\third_party_libraries\vtk\vtk-9.0.3\common\datamodel\vtkCell3D.h(53): note: see declaration of 'vtkCell3D::GetEdgePoints'
c:\daten\projekte\simulationplatform\third_party_libraries\vtk\vtk-9.0.3\common\datamodel\vtkWedge.h(59): warning C4996: 'vtkCell3D::GetFacePoints': was declared deprecated
  c:\daten\projekte\simulationplatform\third_party_libraries\vtk\vtk-9.0.3\common\datamodel\vtkCell3D.h(66): note: see declaration of 'vtkCell3D::GetFacePoints'
  vtkGenericCellIterator.cxx
  vtkGenericCellTessellator.cxx
  vtkGenericDataSet.cxx
  vtkGenericEdgeTable.cxx
  vtkGenericInterpolatedVelocityField.cxx
  vtkGenericPointIterator.cxx
  vtkGenericSubdivisionErrorMetric.cxx
  vtkGeometricErrorMetric.cxx
  vtkGraph.cxx
  Generating Code...
  Compiling...
  vtkGraphEdge.cxx
  vtkGraphInternals.cxx
  vtkHexagonalPrism.cxx
c:\daten\projekte\simulationplatform\third_party_libraries\vtk\vtk-9.0.3\common\datamodel\vtkHexagonalPrism.h(58): warning C4996: 'vtkCell3D::GetEdgePoints': was declared deprecated
  c:\daten\projekte\simulationplatform\third_party_libraries\vtk\vtk-9.0.3\common\datamodel\vtkCell3D.h(53): note: see declaration of 'vtkCell3D::GetEdgePoints'
c:\daten\projekte\simulationplatform\third_party_libraries\vtk\vtk-9.0.3\common\datamodel\vtkHexagonalPrism.h(61): warning C4996: 'vtkCell3D::GetFacePoints': was declared deprecated
  c:\daten\projekte\simulationplatform\third_party_libraries\vtk\vtk-9.0.3\common\datamodel\vtkCell3D.h(66): note: see declaration of 'vtkCell3D::GetFacePoints'
  vtkHexahedron.cxx
c:\daten\projekte\simulationplatform\third_party_libraries\vtk\vtk-9.0.3\common\datamodel\vtkHexahedron.h(54): warning C4996: 'vtkCell3D::GetEdgePoints': was declared deprecated
  c:\daten\projekte\simulationplatform\third_party_libraries\vtk\vtk-9.0.3\common\datamodel\vtkCell3D.h(53): note: see declaration of 'vtkCell3D::GetEdgePoints'
c:\daten\projekte\simulationplatform\third_party_libraries\vtk\vtk-9.0.3\common\datamodel\vtkHexahedron.h(57): warning C4996: 'vtkCell3D::GetFacePoints': was declared deprecated
  c:\daten\projekte\simulationplatform\third_party_libraries\vtk\vtk-9.0.3\common\datamodel\vtkCell3D.h(66): note: see declaration of 'vtkCell3D::GetFacePoints'
  vtkHierarchicalBoxDataIterator.cxx
  vtkHierarchicalBoxDataSet.cxx
  vtkHigherOrderCurve.cxx
  vtkHigherOrderHexahedron.cxx
c:\daten\projekte\simulationplatform\third_party_libraries\vtk\vtk-9.0.3\common\datamodel\vtkHexahedron.h(54): warning C4996: 'vtkCell3D::GetEdgePoints': was declared deprecated
  c:\daten\projekte\simulationplatform\third_party_libraries\vtk\vtk-9.0.3\common\datamodel\vtkCell3D.h(53): note: see declaration of 'vtkCell3D::GetEdgePoints'
c:\daten\projekte\simulationplatform\third_party_libraries\vtk\vtk-9.0.3\common\datamodel\vtkHexahedron.h(57): warning C4996: 'vtkCell3D::GetFacePoints': was declared deprecated
  c:\daten\projekte\simulationplatform\third_party_libraries\vtk\vtk-9.0.3\common\datamodel\vtkCell3D.h(66): note: see declaration of 'vtkCell3D::GetFacePoints'
  vtkHigherOrderInterpolation.cxx
  vtkHigherOrderQuadrilateral.cxx
  vtkHigherOrderTetra.cxx
c:\daten\projekte\simulationplatform\third_party_libraries\vtk\vtk-9.0.3\common\datamodel\vtkTetra.h(54): warning C4996: 'vtkCell3D::GetEdgePoints': was declared deprecated
  c:\daten\projekte\simulationplatform\third_party_libraries\vtk\vtk-9.0.3\common\datamodel\vtkCell3D.h(53): note: see declaration of 'vtkCell3D::GetEdgePoints'
c:\daten\projekte\simulationplatform\third_party_libraries\vtk\vtk-9.0.3\common\datamodel\vtkTetra.h(57): warning C4996: 'vtkCell3D::GetFacePoints': was declared deprecated
  c:\daten\projekte\simulationplatform\third_party_libraries\vtk\vtk-9.0.3\common\datamodel\vtkCell3D.h(66): note: see declaration of 'vtkCell3D::GetFacePoints'
  vtkHigherOrderTriangle.cxx
  vtkHigherOrderWedge.cxx
c:\daten\projekte\simulationplatform\third_party_libraries\vtk\vtk-9.0.3\common\datamodel\vtkWedge.h(56): warning C4996: 'vtkCell3D::GetEdgePoints': was declared deprecated
  c:\daten\projekte\simulationplatform\third_party_libraries\vtk\vtk-9.0.3\common\datamodel\vtkCell3D.h(53): note: see declaration of 'vtkCell3D::GetEdgePoints'
c:\daten\projekte\simulationplatform\third_party_libraries\vtk\vtk-9.0.3\common\datamodel\vtkWedge.h(59): warning C4996: 'vtkCell3D::GetFacePoints': was declared deprecated
  c:\daten\projekte\simulationplatform\third_party_libraries\vtk\vtk-9.0.3\common\datamodel\vtkCell3D.h(66): note: see declaration of 'vtkCell3D::GetFacePoints'
  vtkHyperTree.cxx
C:\Daten\Projekte\SimulationPlatform\Third_Party_Libraries\vtk\VTK-9.0.3\Common\DataModel\vtkHyperTree.cxx(189): warning C4267: 'argument': conversion from 'size_t' to 'unsigned long', possible loss of data
  vtkHyperTreeCursor.cxx
  vtkHyperTreeGrid.cxx
  vtkHyperTreeGridEntry.cxx
  vtkHyperTreeGridGeometryEntry.cxx
  vtkHyperTreeGridGeometryLevelEntry.cxx
  vtkHyperTreeGridLevelEntry.cxx
  Generating Code...
  Compiling...
  vtkHyperTreeGridNonOrientedCursor.cxx
  vtkHyperTreeGridNonOrientedGeometryCursor.cxx
  vtkHyperTreeGridNonOrientedMooreSuperCursor.cxx
  vtkHyperTreeGridNonOrientedMooreSuperCursorLight.cxx
  vtkHyperTreeGridNonOrientedSuperCursor.cxx
  vtkHyperTreeGridNonOrientedSuperCursorLight.cxx
  vtkHyperTreeGridNonOrientedVonNeumannSuperCursor.cxx
  vtkHyperTreeGridNonOrientedVonNeumannSuperCursorLight.cxx
  vtkHyperTreeGridOrientedCursor.cxx
  vtkHyperTreeGridOrientedGeometryCursor.cxx
  vtkImageData.cxx
c:\daten\projekte\simulationplatform\third_party_libraries\vtk\vtk-9.0.3\common\datamodel\vtkVoxel.h(53): warning C4996: 'vtkCell3D::GetEdgePoints': was declared deprecated
  c:\daten\projekte\simulationplatform\third_party_libraries\vtk\vtk-9.0.3\common\datamodel\vtkCell3D.h(53): note: see declaration of 'vtkCell3D::GetEdgePoints'
c:\daten\projekte\simulationplatform\third_party_libraries\vtk\vtk-9.0.3\common\datamodel\vtkVoxel.h(56): warning C4996: 'vtkCell3D::GetFacePoints': was declared deprecated
  c:\daten\projekte\simulationplatform\third_party_libraries\vtk\vtk-9.0.3\common\datamodel\vtkCell3D.h(66): note: see declaration of 'vtkCell3D::GetFacePoints'
  vtkImageIterator.cxx
  vtkImageTransform.cxx
  vtkImplicitBoolean.cxx
  vtkImplicitDataSet.cxx
  vtkImplicitFunction.cxx
  vtkImplicitFunctionCollection.cxx
  vtkImplicitHalo.cxx
  vtkImplicitSelectionLoop.cxx
  vtkImplicitSum.cxx
  Generating Code...
  Compiling...
  vtkImplicitVolume.cxx
c:\daten\projekte\simulationplatform\third_party_libraries\vtk\vtk-9.0.3\common\datamodel\vtkVoxel.h(53): warning C4996: 'vtkCell3D::GetEdgePoints': was declared deprecated
  c:\daten\projekte\simulationplatform\third_party_libraries\vtk\vtk-9.0.3\common\datamodel\vtkCell3D.h(53): note: see declaration of 'vtkCell3D::GetEdgePoints'
c:\daten\projekte\simulationplatform\third_party_libraries\vtk\vtk-9.0.3\common\datamodel\vtkVoxel.h(56): warning C4996: 'vtkCell3D::GetFacePoints': was declared deprecated
  c:\daten\projekte\simulationplatform\third_party_libraries\vtk\vtk-9.0.3\common\datamodel\vtkCell3D.h(66): note: see declaration of 'vtkCell3D::GetFacePoints'
  vtkImplicitWindowFunction.cxx
  vtkInEdgeIterator.cxx
  vtkIncrementalOctreeNode.cxx
  vtkIncrementalOctreePointLocator.cxx
  vtkIncrementalPointLocator.cxx
  vtkInformationQuadratureSchemeDefinitionVectorKey.cxx
  vtkIterativeClosestPointTransform.cxx
  vtkKdNode.cxx
  vtkKdTree.cxx
  vtkKdTreePointLocator.cxx
  vtkLagrangeCurve.cxx
  vtkLagrangeHexahedron.cxx
c:\daten\projekte\simulationplatform\third_party_libraries\vtk\vtk-9.0.3\common\datamodel\vtkHexahedron.h(54): warning C4996: 'vtkCell3D::GetEdgePoints': was declared deprecated
  c:\daten\projekte\simulationplatform\third_party_libraries\vtk\vtk-9.0.3\common\datamodel\vtkCell3D.h(53): note: see declaration of 'vtkCell3D::GetEdgePoints'
c:\daten\projekte\simulationplatform\third_party_libraries\vtk\vtk-9.0.3\common\datamodel\vtkHexahedron.h(57): warning C4996: 'vtkCell3D::GetFacePoints': was declared deprecated
  c:\daten\projekte\simulationplatform\third_party_libraries\vtk\vtk-9.0.3\common\datamodel\vtkCell3D.h(66): note: see declaration of 'vtkCell3D::GetFacePoints'
  vtkLagrangeInterpolation.cxx
  vtkLagrangeQuadrilateral.cxx
  vtkLagrangeTetra.cxx
c:\daten\projekte\simulationplatform\third_party_libraries\vtk\vtk-9.0.3\common\datamodel\vtkTetra.h(54): warning C4996: 'vtkCell3D::GetEdgePoints': was declared deprecated
  c:\daten\projekte\simulationplatform\third_party_libraries\vtk\vtk-9.0.3\common\datamodel\vtkCell3D.h(53): note: see declaration of 'vtkCell3D::GetEdgePoints'
c:\daten\projekte\simulationplatform\third_party_libraries\vtk\vtk-9.0.3\common\datamodel\vtkTetra.h(57): warning C4996: 'vtkCell3D::GetFacePoints': was declared deprecated
  c:\daten\projekte\simulationplatform\third_party_libraries\vtk\vtk-9.0.3\common\datamodel\vtkCell3D.h(66): note: see declaration of 'vtkCell3D::GetFacePoints'
  vtkLagrangeTriangle.cxx
  vtkLagrangeWedge.cxx
c:\daten\projekte\simulationplatform\third_party_libraries\vtk\vtk-9.0.3\common\datamodel\vtkWedge.h(56): warning C4996: 'vtkCell3D::GetEdgePoints': was declared deprecated
  c:\daten\projekte\simulationplatform\third_party_libraries\vtk\vtk-9.0.3\common\datamodel\vtkCell3D.h(53): note: see declaration of 'vtkCell3D::GetEdgePoints'
c:\daten\projekte\simulationplatform\third_party_libraries\vtk\vtk-9.0.3\common\datamodel\vtkWedge.h(59): warning C4996: 'vtkCell3D::GetFacePoints': was declared deprecated
  c:\daten\projekte\simulationplatform\third_party_libraries\vtk\vtk-9.0.3\common\datamodel\vtkCell3D.h(66): note: see declaration of 'vtkCell3D::GetFacePoints'
  vtkLine.cxx
  vtkLocator.cxx
  Generating Code...
  Compiling...
  vtkMarchingCubesTriangleCases.cxx
  vtkMarchingSquaresLineCases.cxx
  vtkMeanValueCoordinatesInterpolator.cxx
  vtkMergePoints.cxx
  vtkMolecule.cxx
  vtkMultiBlockDataSet.cxx
  vtkMultiPieceDataSet.cxx
  vtkMutableDirectedGraph.cxx
  vtkMutableUndirectedGraph.cxx
  vtkNonLinearCell.cxx
  vtkNonMergingPointLocator.cxx
  vtkOctreePointLocator.cxx
  vtkOctreePointLocatorNode.cxx
  vtkOrderedTriangulator.cxx
c:\daten\projekte\simulationplatform\third_party_libraries\vtk\vtk-9.0.3\common\datamodel\vtkTetra.h(54): warning C4996: 'vtkCell3D::GetEdgePoints': was declared deprecated
  c:\daten\projekte\simulationplatform\third_party_libraries\vtk\vtk-9.0.3\common\datamodel\vtkCell3D.h(53): note: see declaration of 'vtkCell3D::GetEdgePoints'
c:\daten\projekte\simulationplatform\third_party_libraries\vtk\vtk-9.0.3\common\datamodel\vtkTetra.h(57): warning C4996: 'vtkCell3D::GetFacePoints': was declared deprecated
  c:\daten\projekte\simulationplatform\third_party_libraries\vtk\vtk-9.0.3\common\datamodel\vtkCell3D.h(66): note: see declaration of 'vtkCell3D::GetFacePoints'
  vtkOutEdgeIterator.cxx
  vtkPartitionedDataSet.cxx
  vtkPartitionedDataSetCollection.cxx
  vtkPath.cxx
  vtkPentagonalPrism.cxx
c:\daten\projekte\simulationplatform\third_party_libraries\vtk\vtk-9.0.3\common\datamodel\vtkPentagonalPrism.h(66): warning C4996: 'vtkCell3D::GetEdgePoints': was declared deprecated
  c:\daten\projekte\simulationplatform\third_party_libraries\vtk\vtk-9.0.3\common\datamodel\vtkCell3D.h(53): note: see declaration of 'vtkCell3D::GetEdgePoints'
c:\daten\projekte\simulationplatform\third_party_libraries\vtk\vtk-9.0.3\common\datamodel\vtkPentagonalPrism.h(69): warning C4996: 'vtkCell3D::GetFacePoints': was declared deprecated
  c:\daten\projekte\simulationplatform\third_party_libraries\vtk\vtk-9.0.3\common\datamodel\vtkCell3D.h(66): note: see declaration of 'vtkCell3D::GetFacePoints'
  vtkPerlinNoise.cxx
  Generating Code...
  Compiling...
  vtkPiecewiseFunction.cxx
  vtkPixel.cxx
  vtkPixelExtent.cxx
  vtkPixelTransfer.cxx
  vtkPlane.cxx
  vtkPlaneCollection.cxx
  vtkPlanes.cxx
  vtkPlanesIntersection.cxx
  vtkPointData.cxx
  vtkPointLocator.cxx
  vtkPointSet.cxx
  vtkPointSetCellIterator.cxx
  vtkPointsProjectedHull.cxx
  vtkPolyData.cxx
  vtkPolyDataCollection.cxx
  vtkPolyLine.cxx
  vtkPolyPlane.cxx
  vtkPolyVertex.cxx
  vtkPolygon.cxx
  vtkPolyhedron.cxx
c:\daten\projekte\simulationplatform\third_party_libraries\vtk\vtk-9.0.3\common\datamodel\vtkPolyhedron.h(79): warning C4996: 'vtkCell3D::GetEdgePoints': was declared deprecated
  c:\daten\projekte\simulationplatform\third_party_libraries\vtk\vtk-9.0.3\common\datamodel\vtkCell3D.h(53): note: see declaration of 'vtkCell3D::GetEdgePoints'
c:\daten\projekte\simulationplatform\third_party_libraries\vtk\vtk-9.0.3\common\datamodel\vtkPolyhedron.h(90): warning C4996: 'vtkCell3D::GetFacePoints': was declared deprecated
  c:\daten\projekte\simulationplatform\third_party_libraries\vtk\vtk-9.0.3\common\datamodel\vtkCell3D.h(66): note: see declaration of 'vtkCell3D::GetFacePoints'
c:\daten\projekte\simulationplatform\third_party_libraries\vtk\vtk-9.0.3\common\datamodel\vtkTetra.h(54): warning C4996: 'vtkCell3D::GetEdgePoints': was declared deprecated
  c:\daten\projekte\simulationplatform\third_party_libraries\vtk\vtk-9.0.3\common\datamodel\vtkCell3D.h(53): note: see declaration of 'vtkCell3D::GetEdgePoints'
c:\daten\projekte\simulationplatform\third_party_libraries\vtk\vtk-9.0.3\common\datamodel\vtkTetra.h(57): warning C4996: 'vtkCell3D::GetFacePoints': was declared deprecated
  c:\daten\projekte\simulationplatform\third_party_libraries\vtk\vtk-9.0.3\common\datamodel\vtkCell3D.h(66): note: see declaration of 'vtkCell3D::GetFacePoints'
  Generating Code...
  Compiling...
  vtkPyramid.cxx
c:\daten\projekte\simulationplatform\third_party_libraries\vtk\vtk-9.0.3\common\datamodel\vtkPyramid.h(56): warning C4996: 'vtkCell3D::GetEdgePoints': was declared deprecated
  c:\daten\projekte\simulationplatform\third_party_libraries\vtk\vtk-9.0.3\common\datamodel\vtkCell3D.h(53): note: see declaration of 'vtkCell3D::GetEdgePoints'
c:\daten\projekte\simulationplatform\third_party_libraries\vtk\vtk-9.0.3\common\datamodel\vtkPyramid.h(59): warning C4996: 'vtkCell3D::GetFacePoints': was declared deprecated
  c:\daten\projekte\simulationplatform\third_party_libraries\vtk\vtk-9.0.3\common\datamodel\vtkCell3D.h(66): note: see declaration of 'vtkCell3D::GetFacePoints'
  vtkQuad.cxx
  vtkQuadraticEdge.cxx
  vtkQuadraticHexahedron.cxx
c:\daten\projekte\simulationplatform\third_party_libraries\vtk\vtk-9.0.3\common\datamodel\vtkHexahedron.h(54): warning C4996: 'vtkCell3D::GetEdgePoints': was declared deprecated
  c:\daten\projekte\simulationplatform\third_party_libraries\vtk\vtk-9.0.3\common\datamodel\vtkCell3D.h(53): note: see declaration of 'vtkCell3D::GetEdgePoints'
c:\daten\projekte\simulationplatform\third_party_libraries\vtk\vtk-9.0.3\common\datamodel\vtkHexahedron.h(57): warning C4996: 'vtkCell3D::GetFacePoints': was declared deprecated
  c:\daten\projekte\simulationplatform\third_party_libraries\vtk\vtk-9.0.3\common\datamodel\vtkCell3D.h(66): note: see declaration of 'vtkCell3D::GetFacePoints'
  vtkQuadraticLinearQuad.cxx
  vtkQuadraticLinearWedge.cxx
c:\daten\projekte\simulationplatform\third_party_libraries\vtk\vtk-9.0.3\common\datamodel\vtkWedge.h(56): warning C4996: 'vtkCell3D::GetEdgePoints': was declared deprecated
  c:\daten\projekte\simulationplatform\third_party_libraries\vtk\vtk-9.0.3\common\datamodel\vtkCell3D.h(53): note: see declaration of 'vtkCell3D::GetEdgePoints'
c:\daten\projekte\simulationplatform\third_party_libraries\vtk\vtk-9.0.3\common\datamodel\vtkWedge.h(59): warning C4996: 'vtkCell3D::GetFacePoints': was declared deprecated
  c:\daten\projekte\simulationplatform\third_party_libraries\vtk\vtk-9.0.3\common\datamodel\vtkCell3D.h(66): note: see declaration of 'vtkCell3D::GetFacePoints'
  vtkQuadraticPolygon.cxx
  vtkQuadraticPyramid.cxx
c:\daten\projekte\simulationplatform\third_party_libraries\vtk\vtk-9.0.3\common\datamodel\vtkPyramid.h(56): warning C4996: 'vtkCell3D::GetEdgePoints': was declared deprecated
  c:\daten\projekte\simulationplatform\third_party_libraries\vtk\vtk-9.0.3\common\datamodel\vtkCell3D.h(53): note: see declaration of 'vtkCell3D::GetEdgePoints'
c:\daten\projekte\simulationplatform\third_party_libraries\vtk\vtk-9.0.3\common\datamodel\vtkPyramid.h(59): warning C4996: 'vtkCell3D::GetFacePoints': was declared deprecated
  c:\daten\projekte\simulationplatform\third_party_libraries\vtk\vtk-9.0.3\common\datamodel\vtkCell3D.h(66): note: see declaration of 'vtkCell3D::GetFacePoints'
c:\daten\projekte\simulationplatform\third_party_libraries\vtk\vtk-9.0.3\common\datamodel\vtkTetra.h(54): warning C4996: 'vtkCell3D::GetEdgePoints': was declared deprecated
  c:\daten\projekte\simulationplatform\third_party_libraries\vtk\vtk-9.0.3\common\datamodel\vtkCell3D.h(53): note: see declaration of 'vtkCell3D::GetEdgePoints'
c:\daten\projekte\simulationplatform\third_party_libraries\vtk\vtk-9.0.3\common\datamodel\vtkTetra.h(57): warning C4996: 'vtkCell3D::GetFacePoints': was declared deprecated
  c:\daten\projekte\simulationplatform\third_party_libraries\vtk\vtk-9.0.3\common\datamodel\vtkCell3D.h(66): note: see declaration of 'vtkCell3D::GetFacePoints'
  vtkQuadraticQuad.cxx
  vtkQuadraticTetra.cxx
c:\daten\projekte\simulationplatform\third_party_libraries\vtk\vtk-9.0.3\common\datamodel\vtkTetra.h(54): warning C4996: 'vtkCell3D::GetEdgePoints': was declared deprecated
  c:\daten\projekte\simulationplatform\third_party_libraries\vtk\vtk-9.0.3\common\datamodel\vtkCell3D.h(53): note: see declaration of 'vtkCell3D::GetEdgePoints'
c:\daten\projekte\simulationplatform\third_party_libraries\vtk\vtk-9.0.3\common\datamodel\vtkTetra.h(57): warning C4996: 'vtkCell3D::GetFacePoints': was declared deprecated
  c:\daten\projekte\simulationplatform\third_party_libraries\vtk\vtk-9.0.3\common\datamodel\vtkCell3D.h(66): note: see declaration of 'vtkCell3D::GetFacePoints'
  vtkQuadraticTriangle.cxx
  vtkQuadraticWedge.cxx
c:\daten\projekte\simulationplatform\third_party_libraries\vtk\vtk-9.0.3\common\datamodel\vtkWedge.h(56): warning C4996: 'vtkCell3D::GetEdgePoints': was declared deprecated
  c:\daten\projekte\simulationplatform\third_party_libraries\vtk\vtk-9.0.3\common\datamodel\vtkCell3D.h(53): note: see declaration of 'vtkCell3D::GetEdgePoints'
c:\daten\projekte\simulationplatform\third_party_libraries\vtk\vtk-9.0.3\common\datamodel\vtkWedge.h(59): warning C4996: 'vtkCell3D::GetFacePoints': was declared deprecated
  c:\daten\projekte\simulationplatform\third_party_libraries\vtk\vtk-9.0.3\common\datamodel\vtkCell3D.h(66): note: see declaration of 'vtkCell3D::GetFacePoints'
  vtkQuadratureSchemeDefinition.cxx
  vtkQuadric.cxx
  vtkRectilinearGrid.cxx
c:\daten\projekte\simulationplatform\third_party_libraries\vtk\vtk-9.0.3\common\datamodel\vtkVoxel.h(53): warning C4996: 'vtkCell3D::GetEdgePoints': was declared deprecated
  c:\daten\projekte\simulationplatform\third_party_libraries\vtk\vtk-9.0.3\common\datamodel\vtkCell3D.h(53): note: see declaration of 'vtkCell3D::GetEdgePoints'
c:\daten\projekte\simulationplatform\third_party_libraries\vtk\vtk-9.0.3\common\datamodel\vtkVoxel.h(56): warning C4996: 'vtkCell3D::GetFacePoints': was declared deprecated
  c:\daten\projekte\simulationplatform\third_party_libraries\vtk\vtk-9.0.3\common\datamodel\vtkCell3D.h(66): note: see declaration of 'vtkCell3D::GetFacePoints'
  vtkReebGraph.cxx
  vtkReebGraphSimplificationMetric.cxx
  vtkSelection.cxx
  vtkSelectionNode.cxx
  vtkSimpleCellTessellator.cxx
c:\daten\projekte\simulationplatform\third_party_libraries\vtk\vtk-9.0.3\common\datamodel\vtkTetra.h(54): warning C4996: 'vtkCell3D::GetEdgePoints': was declared deprecated
  c:\daten\projekte\simulationplatform\third_party_libraries\vtk\vtk-9.0.3\common\datamodel\vtkCell3D.h(53): note: see declaration of 'vtkCell3D::GetEdgePoints'
c:\daten\projekte\simulationplatform\third_party_libraries\vtk\vtk-9.0.3\common\datamodel\vtkTetra.h(57): warning C4996: 'vtkCell3D::GetFacePoints': was declared deprecated
  c:\daten\projekte\simulationplatform\third_party_libraries\vtk\vtk-9.0.3\common\datamodel\vtkCell3D.h(66): note: see declaration of 'vtkCell3D::GetFacePoints'
  Generating Code...
  Compiling...
  vtkSmoothErrorMetric.cxx
  vtkSortFieldData.cxx
  vtkSphere.cxx
  vtkSpheres.cxx
  vtkSpline.cxx
  vtkStaticCellLinks.cxx
  vtkStaticCellLocator.cxx
  vtkStaticPointLocator.cxx
  vtkStaticPointLocator2D.cxx
  vtkStructuredData.cxx
  vtkStructuredExtent.cxx
  vtkStructuredGrid.cxx
c:\daten\projekte\simulationplatform\third_party_libraries\vtk\vtk-9.0.3\common\datamodel\vtkHexahedron.h(54): warning C4996: 'vtkCell3D::GetEdgePoints': was declared deprecated
  c:\daten\projekte\simulationplatform\third_party_libraries\vtk\vtk-9.0.3\common\datamodel\vtkCell3D.h(53): note: see declaration of 'vtkCell3D::GetEdgePoints'
c:\daten\projekte\simulationplatform\third_party_libraries\vtk\vtk-9.0.3\common\datamodel\vtkHexahedron.h(57): warning C4996: 'vtkCell3D::GetFacePoints': was declared deprecated
  c:\daten\projekte\simulationplatform\third_party_libraries\vtk\vtk-9.0.3\common\datamodel\vtkCell3D.h(66): note: see declaration of 'vtkCell3D::GetFacePoints'
  vtkStructuredPoints.cxx
  vtkStructuredPointsCollection.cxx
  vtkSuperquadric.cxx
  vtkTable.cxx
  vtkTetra.cxx
c:\daten\projekte\simulationplatform\third_party_libraries\vtk\vtk-9.0.3\common\datamodel\vtkTetra.h(54): warning C4996: 'vtkCell3D::GetEdgePoints': was declared deprecated
  c:\daten\projekte\simulationplatform\third_party_libraries\vtk\vtk-9.0.3\common\datamodel\vtkCell3D.h(53): note: see declaration of 'vtkCell3D::GetEdgePoints'
c:\daten\projekte\simulationplatform\third_party_libraries\vtk\vtk-9.0.3\common\datamodel\vtkTetra.h(57): warning C4996: 'vtkCell3D::GetFacePoints': was declared deprecated
  c:\daten\projekte\simulationplatform\third_party_libraries\vtk\vtk-9.0.3\common\datamodel\vtkCell3D.h(66): note: see declaration of 'vtkCell3D::GetFacePoints'
  vtkTree.cxx
  vtkTreeBFSIterator.cxx
  vtkTreeDFSIterator.cxx
  Generating Code...
  Compiling...
  vtkTreeIterator.cxx
  vtkTriQuadraticHexahedron.cxx
c:\daten\projekte\simulationplatform\third_party_libraries\vtk\vtk-9.0.3\common\datamodel\vtkHexahedron.h(54): warning C4996: 'vtkCell3D::GetEdgePoints': was declared deprecated
  c:\daten\projekte\simulationplatform\third_party_libraries\vtk\vtk-9.0.3\common\datamodel\vtkCell3D.h(53): note: see declaration of 'vtkCell3D::GetEdgePoints'
c:\daten\projekte\simulationplatform\third_party_libraries\vtk\vtk-9.0.3\common\datamodel\vtkHexahedron.h(57): warning C4996: 'vtkCell3D::GetFacePoints': was declared deprecated
  c:\daten\projekte\simulationplatform\third_party_libraries\vtk\vtk-9.0.3\common\datamodel\vtkCell3D.h(66): note: see declaration of 'vtkCell3D::GetFacePoints'
  vtkTriangle.cxx
  vtkTriangleStrip.cxx
  vtkUndirectedGraph.cxx
  vtkUniformGrid.cxx
c:\daten\projekte\simulationplatform\third_party_libraries\vtk\vtk-9.0.3\common\datamodel\vtkVoxel.h(53): warning C4996: 'vtkCell3D::GetEdgePoints': was declared deprecated
  c:\daten\projekte\simulationplatform\third_party_libraries\vtk\vtk-9.0.3\common\datamodel\vtkCell3D.h(53): note: see declaration of 'vtkCell3D::GetEdgePoints'
c:\daten\projekte\simulationplatform\third_party_libraries\vtk\vtk-9.0.3\common\datamodel\vtkVoxel.h(56): warning C4996: 'vtkCell3D::GetFacePoints': was declared deprecated
  c:\daten\projekte\simulationplatform\third_party_libraries\vtk\vtk-9.0.3\common\datamodel\vtkCell3D.h(66): note: see declaration of 'vtkCell3D::GetFacePoints'
  vtkUniformHyperTreeGrid.cxx
  vtkUnstructuredGrid.cxx
c:\daten\projekte\simulationplatform\third_party_libraries\vtk\vtk-9.0.3\common\datamodel\vtkConvexPointSet.h(64): warning C4996: 'vtkCell3D::GetEdgePoints': was declared deprecated
  c:\daten\projekte\simulationplatform\third_party_libraries\vtk\vtk-9.0.3\common\datamodel\vtkCell3D.h(53): note: see declaration of 'vtkCell3D::GetEdgePoints'
c:\daten\projekte\simulationplatform\third_party_libraries\vtk\vtk-9.0.3\common\datamodel\vtkConvexPointSet.h(75): warning C4996: 'vtkCell3D::GetFacePoints': was declared deprecated
  c:\daten\projekte\simulationplatform\third_party_libraries\vtk\vtk-9.0.3\common\datamodel\vtkCell3D.h(66): note: see declaration of 'vtkCell3D::GetFacePoints'
c:\daten\projekte\simulationplatform\third_party_libraries\vtk\vtk-9.0.3\common\datamodel\vtkHexagonalPrism.h(58): warning C4996: 'vtkCell3D::GetEdgePoints': was declared deprecated
  c:\daten\projekte\simulationplatform\third_party_libraries\vtk\vtk-9.0.3\common\datamodel\vtkCell3D.h(53): note: see declaration of 'vtkCell3D::GetEdgePoints'
c:\daten\projekte\simulationplatform\third_party_libraries\vtk\vtk-9.0.3\common\datamodel\vtkHexagonalPrism.h(61): warning C4996: 'vtkCell3D::GetFacePoints': was declared deprecated
  c:\daten\projekte\simulationplatform\third_party_libraries\vtk\vtk-9.0.3\common\datamodel\vtkCell3D.h(66): note: see declaration of 'vtkCell3D::GetFacePoints'
c:\daten\projekte\simulationplatform\third_party_libraries\vtk\vtk-9.0.3\common\datamodel\vtkHexahedron.h(54): warning C4996: 'vtkCell3D::GetEdgePoints': was declared deprecated
  c:\daten\projekte\simulationplatform\third_party_libraries\vtk\vtk-9.0.3\common\datamodel\vtkCell3D.h(53): note: see declaration of 'vtkCell3D::GetEdgePoints'
c:\daten\projekte\simulationplatform\third_party_libraries\vtk\vtk-9.0.3\common\datamodel\vtkHexahedron.h(57): warning C4996: 'vtkCell3D::GetFacePoints': was declared deprecated
  c:\daten\projekte\simulationplatform\third_party_libraries\vtk\vtk-9.0.3\common\datamodel\vtkCell3D.h(66): note: see declaration of 'vtkCell3D::GetFacePoints'
c:\daten\projekte\simulationplatform\third_party_libraries\vtk\vtk-9.0.3\common\datamodel\vtkPentagonalPrism.h(66): warning C4996: 'vtkCell3D::GetEdgePoints': was declared deprecated
  c:\daten\projekte\simulationplatform\third_party_libraries\vtk\vtk-9.0.3\common\datamodel\vtkCell3D.h(53): note: see declaration of 'vtkCell3D::GetEdgePoints'
c:\daten\projekte\simulationplatform\third_party_libraries\vtk\vtk-9.0.3\common\datamodel\vtkPentagonalPrism.h(69): warning C4996: 'vtkCell3D::GetFacePoints': was declared deprecated
  c:\daten\projekte\simulationplatform\third_party_libraries\vtk\vtk-9.0.3\common\datamodel\vtkCell3D.h(66): note: see declaration of 'vtkCell3D::GetFacePoints'
c:\daten\projekte\simulationplatform\third_party_libraries\vtk\vtk-9.0.3\common\datamodel\vtkPolyhedron.h(79): warning C4996: 'vtkCell3D::GetEdgePoints': was declared deprecated
  c:\daten\projekte\simulationplatform\third_party_libraries\vtk\vtk-9.0.3\common\datamodel\vtkCell3D.h(53): note: see declaration of 'vtkCell3D::GetEdgePoints'
c:\daten\projekte\simulationplatform\third_party_libraries\vtk\vtk-9.0.3\common\datamodel\vtkPolyhedron.h(90): warning C4996: 'vtkCell3D::GetFacePoints': was declared deprecated
  c:\daten\projekte\simulationplatform\third_party_libraries\vtk\vtk-9.0.3\common\datamodel\vtkCell3D.h(66): note: see declaration of 'vtkCell3D::GetFacePoints'
c:\daten\projekte\simulationplatform\third_party_libraries\vtk\vtk-9.0.3\common\datamodel\vtkPyramid.h(56): warning C4996: 'vtkCell3D::GetEdgePoints': was declared deprecated
  c:\daten\projekte\simulationplatform\third_party_libraries\vtk\vtk-9.0.3\common\datamodel\vtkCell3D.h(53): note: see declaration of 'vtkCell3D::GetEdgePoints'
c:\daten\projekte\simulationplatform\third_party_libraries\vtk\vtk-9.0.3\common\datamodel\vtkPyramid.h(59): warning C4996: 'vtkCell3D::GetFacePoints': was declared deprecated
  c:\daten\projekte\simulationplatform\third_party_libraries\vtk\vtk-9.0.3\common\datamodel\vtkCell3D.h(66): note: see declaration of 'vtkCell3D::GetFacePoints'
c:\daten\projekte\simulationplatform\third_party_libraries\vtk\vtk-9.0.3\common\datamodel\vtkTetra.h(54): warning C4996: 'vtkCell3D::GetEdgePoints': was declared deprecated
  c:\daten\projekte\simulationplatform\third_party_libraries\vtk\vtk-9.0.3\common\datamodel\vtkCell3D.h(53): note: see declaration of 'vtkCell3D::GetEdgePoints'
c:\daten\projekte\simulationplatform\third_party_libraries\vtk\vtk-9.0.3\common\datamodel\vtkTetra.h(57): warning C4996: 'vtkCell3D::GetFacePoints': was declared deprecated
  c:\daten\projekte\simulationplatform\third_party_libraries\vtk\vtk-9.0.3\common\datamodel\vtkCell3D.h(66): note: see declaration of 'vtkCell3D::GetFacePoints'
c:\daten\projekte\simulationplatform\third_party_libraries\vtk\vtk-9.0.3\common\datamodel\vtkVoxel.h(53): warning C4996: 'vtkCell3D::GetEdgePoints': was declared deprecated
  c:\daten\projekte\simulationplatform\third_party_libraries\vtk\vtk-9.0.3\common\datamodel\vtkCell3D.h(53): note: see declaration of 'vtkCell3D::GetEdgePoints'
c:\daten\projekte\simulationplatform\third_party_libraries\vtk\vtk-9.0.3\common\datamodel\vtkVoxel.h(56): warning C4996: 'vtkCell3D::GetFacePoints': was declared deprecated
  c:\daten\projekte\simulationplatform\third_party_libraries\vtk\vtk-9.0.3\common\datamodel\vtkCell3D.h(66): note: see declaration of 'vtkCell3D::GetFacePoints'
c:\daten\projekte\simulationplatform\third_party_libraries\vtk\vtk-9.0.3\common\datamodel\vtkWedge.h(56): warning C4996: 'vtkCell3D::GetEdgePoints': was declared deprecated
  c:\daten\projekte\simulationplatform\third_party_libraries\vtk\vtk-9.0.3\common\datamodel\vtkCell3D.h(53): note: see declaration of 'vtkCell3D::GetEdgePoints'
c:\daten\projekte\simulationplatform\third_party_libraries\vtk\vtk-9.0.3\common\datamodel\vtkWedge.h(59): warning C4996: 'vtkCell3D::GetFacePoints': was declared deprecated
  c:\daten\projekte\simulationplatform\third_party_libraries\vtk\vtk-9.0.3\common\datamodel\vtkCell3D.h(66): note: see declaration of 'vtkCell3D::GetFacePoints'
  vtkUnstructuredGridBase.cxx
  vtkUnstructuredGridCellIterator.cxx
  vtkVertex.cxx
  vtkVertexListIterator.cxx
  vtkVoxel.cxx
c:\daten\projekte\simulationplatform\third_party_libraries\vtk\vtk-9.0.3\common\datamodel\vtkVoxel.h(53): warning C4996: 'vtkCell3D::GetEdgePoints': was declared deprecated
  c:\daten\projekte\simulationplatform\third_party_libraries\vtk\vtk-9.0.3\common\datamodel\vtkCell3D.h(53): note: see declaration of 'vtkCell3D::GetEdgePoints'
c:\daten\projekte\simulationplatform\third_party_libraries\vtk\vtk-9.0.3\common\datamodel\vtkVoxel.h(56): warning C4996: 'vtkCell3D::GetFacePoints': was declared deprecated
  c:\daten\projekte\simulationplatform\third_party_libraries\vtk\vtk-9.0.3\common\datamodel\vtkCell3D.h(66): note: see declaration of 'vtkCell3D::GetFacePoints'
  vtkWedge.cxx
c:\daten\projekte\simulationplatform\third_party_libraries\vtk\vtk-9.0.3\common\datamodel\vtkWedge.h(56): warning C4996: 'vtkCell3D::GetEdgePoints': was declared deprecated
  c:\daten\projekte\simulationplatform\third_party_libraries\vtk\vtk-9.0.3\common\datamodel\vtkCell3D.h(53): note: see declaration of 'vtkCell3D::GetEdgePoints'
c:\daten\projekte\simulationplatform\third_party_libraries\vtk\vtk-9.0.3\common\datamodel\vtkWedge.h(59): warning C4996: 'vtkCell3D::GetFacePoints': was declared deprecated
  c:\daten\projekte\simulationplatform\third_party_libraries\vtk\vtk-9.0.3\common\datamodel\vtkCell3D.h(66): note: see declaration of 'vtkCell3D::GetFacePoints'
  vtkXMLDataElement.cxx
  vtkAMRDataInternals.cxx
  vtkAMRInformation.cxx
  vtkNonOverlappingAMR.cxx
  vtkOverlappingAMR.cxx
  vtkUniformGridAMR.cxx
  Generating Code...
  Compiling...
  vtkUniformGridAMRDataIterator.cxx
  Generating Code...
     Creating library C:/Daten/Projekte/SimulationPlatform/Third_Party_Libraries/vtk/VTK-9.0.3/build_Win64/lib/Debug/vtkCommonDataModel-9.0d.lib and object C:/Daten/Projekte/SimulationPlatform/Third_Party_Libraries/vtk/VTK-9.0.3/build_Win64/lib/Debug/vtkCommonDataModel-9.0d.exp
  CommonDataModel.vcxproj -> C:\Daten\Projekte\SimulationPlatform\Third_Party_Libraries\vtk\VTK-9.0.3\build_Win64\bin\Debug\vtkCommonDataModel-9.0d.dll
