  Building Custom Rule C:/Daten/Projekte/SimulationPlatform/Third_Party_Libraries/vtk/VTK-9.0.3/Infovis/Core/CMakeLists.txt
  CMake does not need to re-run because C:/Daten/Projekte/SimulationPlatform/Third_Party_Libraries/vtk/VTK-9.0.3/build_Win64/Infovis/Core/CMakeFiles/generate.stamp is up-to-date.
  vtkAddMembershipArray.cxx
  vtkAdjacencyMatrixToEdgeTable.cxx
  vtkArrayNorm.cxx
  vtkArrayToTable.cxx
  vtkCollapseGraph.cxx
  vtkCollapseVerticesByArray.cxx
  vtkContinuousScatterplot.cxx
  vtkDataObjectToTable.cxx
  vtkDotProductSimilarity.cxx
  vtkEdgeCenters.cxx
  vtkExpandSelectedGraph.cxx
  vtkExtractSelectedGraph.cxx
  vtkExtractSelectedTree.cxx
  vtkGenerateIndexArray.cxx
  vtkGraphHierarchicalBundleEdges.cxx
  vtkGroupLeafVertices.cxx
  vtkKCoreDecomposition.cxx
  vtkMergeColumns.cxx
  vtkMergeGraphs.cxx
  vtkMergeTables.cxx
  Generating Code...
  Compiling...
  vtkMutableGraphHelper.cxx
  vtkNetworkHierarchy.cxx
  vtkPipelineGraphSource.cxx
  vtkPruneTreeFilter.cxx
  vtkRandomGraphSource.cxx
  vtkReduceTable.cxx
  vtkRemoveHiddenData.cxx
  vtkRemoveIsolatedVertices.cxx
  vtkSparseArrayToTable.cxx
  vtkStreamGraph.cxx
  vtkStringToCategory.cxx
  vtkStringToNumeric.cxx
  vtkTableToArray.cxx
  vtkTableToGraph.cxx
  vtkTableToSparseArray.cxx
  vtkTableToTreeFilter.cxx
  vtkThresholdGraph.cxx
  vtkThresholdTable.cxx
  vtkTransferAttributes.cxx
  vtkTransposeMatrix.cxx
  Generating Code...
  Compiling...
  vtkTreeDifferenceFilter.cxx
  vtkTreeFieldAggregator.cxx
  vtkTreeLevelsFilter.cxx
  vtkVertexDegree.cxx
  vtkWordCloud.cxx
  Generating Code...
     Creating library C:/Daten/Projekte/SimulationPlatform/Third_Party_Libraries/vtk/VTK-9.0.3/build_Win64/lib/Debug/vtkInfovisCore-9.0d.lib and object C:/Daten/Projekte/SimulationPlatform/Third_Party_Libraries/vtk/VTK-9.0.3/build_Win64/lib/Debug/vtkInfovisCore-9.0d.exp
  InfovisCore.vcxproj -> C:\Daten\Projekte\SimulationPlatform\Third_Party_Libraries\vtk\VTK-9.0.3\build_Win64\bin\Debug\vtkInfovisCore-9.0d.dll
