  Building Custom Rule C:/Daten/Projekte/SimulationPlatform/Third_Party_Libraries/vtk/VTK-9.0.3/IO/XML/CMakeLists.txt
  CMake does not need to re-run because C:/Daten/Projekte/SimulationPlatform/Third_Party_Libraries/vtk/VTK-9.0.3/build_Win64/IO/XML/CMakeFiles/generate.stamp is up-to-date.
  vtkRTXMLPolyDataReader.cxx
  vtkXMLCompositeDataReader.cxx
  vtkXMLCompositeDataWriter.cxx
  vtkXMLDataObjectWriter.cxx
  vtkXMLDataReader.cxx
  vtkXMLDataSetWriter.cxx
  vtkXMLFileReadTester.cxx
  vtkXMLGenericDataObjectReader.cxx
  vtkXMLHierarchicalBoxDataFileConverter.cxx
  vtkXMLHierarchicalBoxDataReader.cxx
  vtkXMLHierarchicalBoxDataWriter.cxx
  vtkXMLHierarchicalDataReader.cxx
  vtkXMLHyperTreeGridReader.cxx
  vtkXMLHyperTreeGridWriter.cxx
  vtkXMLImageDataReader.cxx
  vtkXMLImageDataWriter.cxx
  vtkXMLMultiBlockDataReader.cxx
  vtkXMLMultiBlockDataWriter.cxx
  vtkXMLMultiGroupDataReader.cxx
  vtkXMLPDataObjectReader.cxx
  Generating Code...
  Compiling...
  vtkXMLPDataReader.cxx
  vtkXMLPHyperTreeGridReader.cxx
  vtkXMLPImageDataReader.cxx
  vtkXMLPPolyDataReader.cxx
  vtkXMLPRectilinearGridReader.cxx
  vtkXMLPStructuredDataReader.cxx
  vtkXMLPStructuredGridReader.cxx
  vtkXMLPTableReader.cxx
  vtkXMLPUnstructuredDataReader.cxx
  vtkXMLPUnstructuredGridReader.cxx
  vtkXMLPartitionedDataSetCollectionReader.cxx
  vtkXMLPartitionedDataSetCollectionWriter.cxx
  vtkXMLPartitionedDataSetReader.cxx
  vtkXMLPartitionedDataSetWriter.cxx
  vtkXMLPolyDataReader.cxx
  vtkXMLPolyDataWriter.cxx
  vtkXMLReader.cxx
  vtkXMLRectilinearGridReader.cxx
  vtkXMLRectilinearGridWriter.cxx
  vtkXMLStructuredDataReader.cxx
  Generating Code...
  Compiling...
  vtkXMLStructuredDataWriter.cxx
  vtkXMLStructuredGridReader.cxx
  vtkXMLStructuredGridWriter.cxx
  vtkXMLTableReader.cxx
  vtkXMLTableWriter.cxx
  vtkXMLUniformGridAMRReader.cxx
  vtkXMLUniformGridAMRWriter.cxx
  vtkXMLUnstructuredDataReader.cxx
  vtkXMLUnstructuredDataWriter.cxx
C:\Daten\Projekte\SimulationPlatform\Third_Party_Libraries\vtk\VTK-9.0.3\Common\DataModel\vtkPolyhedron.h(79): warning C4996: 'vtkCell3D::GetEdgePoints': was declared deprecated
  c:\daten\projekte\simulationplatform\third_party_libraries\vtk\vtk-9.0.3\common\datamodel\vtkCell3D.h(53): note: see declaration of 'vtkCell3D::GetEdgePoints'
C:\Daten\Projekte\SimulationPlatform\Third_Party_Libraries\vtk\VTK-9.0.3\Common\DataModel\vtkPolyhedron.h(90): warning C4996: 'vtkCell3D::GetFacePoints': was declared deprecated
  c:\daten\projekte\simulationplatform\third_party_libraries\vtk\vtk-9.0.3\common\datamodel\vtkCell3D.h(66): note: see declaration of 'vtkCell3D::GetFacePoints'
  vtkXMLUnstructuredGridReader.cxx
  vtkXMLUnstructuredGridWriter.cxx
  vtkXMLWriter.cxx
  vtkXMLWriterC.cxx
  Generating Code...
     Creating library C:/Daten/Projekte/SimulationPlatform/Third_Party_Libraries/vtk/VTK-9.0.3/build_Win64/lib/Release/vtkIOXML-9.0.lib and object C:/Daten/Projekte/SimulationPlatform/Third_Party_Libraries/vtk/VTK-9.0.3/build_Win64/lib/Release/vtkIOXML-9.0.exp
  IOXML.vcxproj -> C:\Daten\Projekte\SimulationPlatform\Third_Party_Libraries\vtk\VTK-9.0.3\build_Win64\bin\Release\vtkIOXML-9.0.dll
