  Building Custom Rule C:/Daten/Projekte/SimulationPlatform/Third_Party_Libraries/vtk/VTK-9.0.3/Common/ComputationalGeometry/CMakeLists.txt
  CMake does not need to re-run because C:/Daten/Projekte/SimulationPlatform/Third_Party_Libraries/vtk/VTK-9.0.3/build_Win64/Common/ComputationalGeometry/CMakeFiles/generate.stamp is up-to-date.
  vtkBilinearQuadIntersection.cxx
  vtkCardinalSpline.cxx
  vtkKochanekSpline.cxx
  vtkParametricBohemianDome.cxx
  vtkParametricBour.cxx
  vtkParametricBoy.cxx
  vtkParametricCatalanMinimal.cxx
  vtkParametricConicSpiral.cxx
  vtkParametricCrossCap.cxx
  vtkParametricDini.cxx
  vtkParametricEllipsoid.cxx
  vtkParametricEnneper.cxx
  vtkParametricFigure8Klein.cxx
  vtkParametricFunction.cxx
  vtkParametricHenneberg.cxx
  vtkParametricKlein.cxx
  vtkParametricKuen.cxx
  vtkParametricMobius.cxx
  vtkParametricPluckerConoid.cxx
  vtkParametricPseudosphere.cxx
  Generating Code...
  Compiling...
  vtkParametricRandomHills.cxx
  vtkParametricRoman.cxx
  vtkParametricSpline.cxx
  vtkParametricSuperEllipsoid.cxx
  vtkParametricSuperToroid.cxx
  vtkParametricTorus.cxx
  Generating Code...
     Creating library C:/Daten/Projekte/SimulationPlatform/Third_Party_Libraries/vtk/VTK-9.0.3/build_Win64/lib/Debug/vtkCommonComputationalGeometry-9.0d.lib and object C:/Daten/Projekte/SimulationPlatform/Third_Party_Libraries/vtk/VTK-9.0.3/build_Win64/lib/Debug/vtkCommonComputationalGeometry-9.0d.exp
  CommonComputationalGeometry.vcxproj -> C:\Daten\Projekte\SimulationPlatform\Third_Party_Libraries\vtk\VTK-9.0.3\build_Win64\bin\Debug\vtkCommonComputationalGeometry-9.0d.dll
