  Building Custom Rule C:/Daten/Projekte/SimulationPlatform/Third_Party_Libraries/vtk/VTK-9.0.3/Domains/Chemistry/CMakeLists.txt
  CMake does not need to re-run because C:/Daten/Projekte/SimulationPlatform/Third_Party_Libraries/vtk/VTK-9.0.3/build_Win64/Domains/Chemistry/CMakeFiles/generate.stamp is up-to-date.
  vtkBlueObeliskData.cxx
  vtkBlueObeliskDataParser.cxx
  vtkCMLMoleculeReader.cxx
  vtkGaussianCubeReader2.cxx
  vtkMoleculeMapper.cxx
  vtkMoleculeToAtomBallFilter.cxx
  vtkMoleculeToBondStickFilter.cxx
  vtkMoleculeToLinesFilter.cxx
  vtkMoleculeToPolyDataFilter.cxx
  vtkPeriodicTable.cxx
  vtkPointSetToMoleculeFilter.cxx
  vtkProgrammableElectronicData.cxx
  vtkProteinRibbonFilter.cxx
  vtkSimpleBondPerceiver.cxx
  vtkVASPAnimationReader.cxx
  vtkVASPTessellationReader.cxx
  vtkXYZMolReader2.cxx
  Generating Code...
     Creating library C:/Daten/Projekte/SimulationPlatform/Third_Party_Libraries/vtk/VTK-9.0.3/build_Win64/lib/Debug/vtkDomainsChemistry-9.0d.lib and object C:/Daten/Projekte/SimulationPlatform/Third_Party_Libraries/vtk/VTK-9.0.3/build_Win64/lib/Debug/vtkDomainsChemistry-9.0d.exp
  DomainsChemistry.vcxproj -> C:\Daten\Projekte\SimulationPlatform\Third_Party_Libraries\vtk\VTK-9.0.3\build_Win64\bin\Debug\vtkDomainsChemistry-9.0d.dll
