  Building Custom Rule C:/Daten/Projekte/SimulationPlatform/Third_Party_Libraries/vtk/VTK-9.0.3/IO/Export/CMakeLists.txt
  CMake does not need to re-run because C:/Daten/Projekte/SimulationPlatform/Third_Party_Libraries/vtk/VTK-9.0.3/build_Win64/IO/Export/CMakeFiles/generate.stamp is up-to-date.
  vtkExporter.cxx
  vtkGLTFExporter.cxx
C:\Daten\Projekte\SimulationPlatform\Third_Party_Libraries\vtk\VTK-9.0.3\ThirdParty\jsoncpp\vtkjsoncpp/json/json.h(635): warning C4275: non dll-interface class 'std::exception' used as base for dll-interface class 'vtkJson::Exception'
  C:\Program Files (x86)\Microsoft Visual Studio\2017\Community\VC\Tools\MSVC\14.16.27023\include\vcruntime_exception.h(44): note: see declaration of 'std::exception'
  C:\Daten\Projekte\SimulationPlatform\Third_Party_Libraries\vtk\VTK-9.0.3\ThirdParty\jsoncpp\vtkjsoncpp/json/json.h(635): note: see declaration of 'vtkJson::Exception'
  vtkIVExporter.cxx
  vtkJSONDataSetWriter.cxx
  vtkJSONRenderWindowExporter.cxx
C:\Daten\Projekte\SimulationPlatform\Third_Party_Libraries\vtk\VTK-9.0.3\ThirdParty\jsoncpp\vtkjsoncpp/json/json.h(635): warning C4275: non dll-interface class 'std::exception' used as base for dll-interface class 'vtkJson::Exception'
  C:\Program Files (x86)\Microsoft Visual Studio\2017\Community\VC\Tools\MSVC\14.16.27023\include\vcruntime_exception.h(44): note: see declaration of 'std::exception'
  C:\Daten\Projekte\SimulationPlatform\Third_Party_Libraries\vtk\VTK-9.0.3\ThirdParty\jsoncpp\vtkjsoncpp/json/json.h(635): note: see declaration of 'vtkJson::Exception'
  vtkJSONSceneExporter.cxx
  vtkOBJExporter.cxx
  vtkOOGLExporter.cxx
  vtkPOVExporter.cxx
  vtkRIBExporter.cxx
  vtkRIBLight.cxx
  vtkRIBProperty.cxx
  vtkSVGContextDevice2D.cxx
  vtkSVGExporter.cxx
  vtkSingleVTPExporter.cxx
  vtkVRMLExporter.cxx
  vtkX3D.cxx
  vtkX3DExporter.cxx
  vtkX3DExporterFIWriter.cxx
  vtkX3DExporterWriter.cxx
  Generating Code...
  Compiling...
  vtkX3DExporterXMLWriter.cxx
  Generating Code...
     Creating library C:/Daten/Projekte/SimulationPlatform/Third_Party_Libraries/vtk/VTK-9.0.3/build_Win64/lib/Debug/vtkIOExport-9.0d.lib and object C:/Daten/Projekte/SimulationPlatform/Third_Party_Libraries/vtk/VTK-9.0.3/build_Win64/lib/Debug/vtkIOExport-9.0d.exp
  IOExport.vcxproj -> C:\Daten\Projekte\SimulationPlatform\Third_Party_Libraries\vtk\VTK-9.0.3\build_Win64\bin\Debug\vtkIOExport-9.0d.dll
