  Building Custom Rule C:/Daten/Projekte/SimulationPlatform/Third_Party_Libraries/vtk/VTK-9.0.3/IO/Core/CMakeLists.txt
  CMake does not need to re-run because C:/Daten/Projekte/SimulationPlatform/Third_Party_Libraries/vtk/VTK-9.0.3/build_Win64/IO/Core/CMakeFiles/generate.stamp is up-to-date.
  vtkAbstractParticleWriter.cxx
  vtkAbstractPolyDataReader.cxx
  vtkArrayDataReader.cxx
  vtkArrayDataWriter.cxx
  vtkArrayReader.cxx
  vtkArrayWriter.cxx
  vtkASCIITextCodec.cxx
  vtkBase64InputStream.cxx
  vtkBase64OutputStream.cxx
  vtkBase64Utilities.cxx
  vtkDataCompressor.cxx
  vtkDelimitedTextWriter.cxx
  vtkGlobFileNames.cxx
  vtkInputStream.cxx
  vtkJavaScriptDataWriter.cxx
  vtkLZ4DataCompressor.cxx
  vtkLZMADataCompressor.cxx
  vtkNumberToString.cxx
  vtkOutputStream.cxx
  vtkSortFileNames.cxx
  Generating Code...
  Compiling...
  vtkTextCodec.cxx
  vtkTextCodecFactory.cxx
  vtkUTF16TextCodec.cxx
  vtkUTF8TextCodec.cxx
  vtkWriter.cxx
  vtkZLibDataCompressor.cxx
  Generating Code...
     Creating library C:/Daten/Projekte/SimulationPlatform/Third_Party_Libraries/vtk/VTK-9.0.3/build_Win64/lib/Release/vtkIOCore-9.0.lib and object C:/Daten/Projekte/SimulationPlatform/Third_Party_Libraries/vtk/VTK-9.0.3/build_Win64/lib/Release/vtkIOCore-9.0.exp
  IOCore.vcxproj -> C:\Daten\Projekte\SimulationPlatform\Third_Party_Libraries\vtk\VTK-9.0.3\build_Win64\bin\Release\vtkIOCore-9.0.dll
