  Building Custom Rule C:/Daten/Projekte/SimulationPlatform/Third_Party_Libraries/vtk/VTK-9.0.3/Rendering/Volume/CMakeLists.txt
  CMake does not need to re-run because C:/Daten/Projekte/SimulationPlatform/Third_Party_Libraries/vtk/VTK-9.0.3/build_Win64/Rendering/Volume/CMakeFiles/generate.stamp is up-to-date.
  vtkDirectionEncoder.cxx
  vtkEncodedGradientEstimator.cxx
  vtkEncodedGradientShader.cxx
  vtkFiniteDifferenceGradientEstimator.cxx
  vtkFixedPointRayCastImage.cxx
  vtkFixedPointVolumeRayCastCompositeGOHelper.cxx
  vtkFixedPointVolumeRayCastCompositeGOShadeHelper.cxx
  vtkFixedPointVolumeRayCastCompositeHelper.cxx
  vtkFixedPointVolumeRayCastCompositeShadeHelper.cxx
  vtkFixedPointVolumeRayCastHelper.cxx
  vtkFixedPointVolumeRayCastMapper.cxx
  vtkFixedPointVolumeRayCastMIPHelper.cxx
  vtkGPUVolumeRayCastMapper.cxx
  vtkMultiVolume.cxx
  vtkOSPRayVolumeInterface.cxx
  vtkProjectedTetrahedraMapper.cxx
  vtkRayCastImageDisplayHelper.cxx
  vtkRecursiveSphereDirectionEncoder.cxx
  vtkSphericalDirectionEncoder.cxx
  vtkUnstructuredGridBunykRayCastFunction.cxx
  Generating Code...
  Compiling...
  vtkUnstructuredGridHomogeneousRayIntegrator.cxx
  vtkUnstructuredGridLinearRayIntegrator.cxx
  vtkUnstructuredGridPartialPreIntegration.cxx
  vtkUnstructuredGridPreIntegration.cxx
  vtkUnstructuredGridVolumeMapper.cxx
  vtkUnstructuredGridVolumeRayCastFunction.cxx
  vtkUnstructuredGridVolumeRayCastIterator.cxx
  vtkUnstructuredGridVolumeRayCastMapper.cxx
  vtkUnstructuredGridVolumeRayIntegrator.cxx
  vtkUnstructuredGridVolumeZSweepMapper.cxx
  vtkVolumeMapper.cxx
  vtkVolumeOutlineSource.cxx
  vtkVolumePicker.cxx
  vtkVolumeRayCastSpaceLeapingImageFilter.cxx
  Generating Code...
     Creating library C:/Daten/Projekte/SimulationPlatform/Third_Party_Libraries/vtk/VTK-9.0.3/build_Win64/lib/Release/vtkRenderingVolume-9.0.lib and object C:/Daten/Projekte/SimulationPlatform/Third_Party_Libraries/vtk/VTK-9.0.3/build_Win64/lib/Release/vtkRenderingVolume-9.0.exp
  RenderingVolume.vcxproj -> C:\Daten\Projekte\SimulationPlatform\Third_Party_Libraries\vtk\VTK-9.0.3\build_Win64\bin\Release\vtkRenderingVolume-9.0.dll
