  Building Custom Rule C:/OT/ThirdParty/gmsh/gmsh-4.13.1/CMakeLists.txt
  GmshGlobal.cpp
  GmshMessage.cpp
  gmshPopplerWrapper.cpp
  Context.cpp
  CommandLine.cpp
  OS.cpp
  OpenFile.cpp
  CreateFile.cpp
  VertexArray.cpp
  SmoothData.cpp
  Octree.cpp
  OctreeInternals.cpp
  StringUtils.cpp
  ListUtils.cpp
  TreeUtils.cpp
  avl.cpp
  MallocUtils.cpp
  onelabUtils.cpp
  GamePad.cpp
  GmshRemote.cpp
  gmshLocalNetworkClient.cpp
  gmsh.cpp
  Numeric.cpp
C:\OT\ThirdParty\gmsh\gmsh-4.13.1\src\common\SmoothData.cpp(195,38): warning C4267: 'argument': conversion from 'size_t' to 'int', possible loss of data
C:\OT\ThirdParty\gmsh\gmsh-4.13.1\src\common\SmoothData.cpp(244,26): warning C4267: 'argument': conversion from 'size_t' to 'int', possible loss of data
  fullMatrix.cpp
  BasisFactory.cpp
  FuncSpaceData.cpp
  discreteFrechetDistance.cpp
  miniBasis.cpp
  nodalBasis.cpp
  polynomialBasis.cpp
C:\OT\ThirdParty\gmsh\gmsh-4.13.1\src\common\GmshSocket.h(297,22): warning C4996: 'strdup': The POSIX name for this item is deprecated. Instead, use the ISO C and C++ conformant name: _strdup. See online help for details.
  incompleteBasis.cpp
  pyramidalBasis.cpp
  BergotBasis.cpp
  orthogonalBasis.cpp
C:\OT\ThirdParty\gmsh\gmsh-4.13.1\src\common\GmshSocket.h(297,22): warning C4996: 'strdup': The POSIX name for this item is deprecated. Instead, use the ISO C and C++ conformant name: _strdup. See online help for details.
  bezierBasis.cpp
C:\OT\ThirdParty\gmsh\gmsh-4.13.1\src\common\GmshSocket.h(297,22): warning C4996: 'strdup': The POSIX name for this item is deprecated. Instead, use the ISO C and C++ conformant name: _strdup. See online help for details.
  JacobianBasis.cpp
C:\OT\ThirdParty\gmsh\gmsh-4.13.1\src\common\GmshSocket.h(297,22): warning C4996: 'strdup': The POSIX name for this item is deprecated. Instead, use the ISO C and C++ conformant name: _strdup. See online help for details.
  CondNumBasis.cpp
  pointsGenerators.cpp
  InnerVertexPlacement.cpp
C:\OT\ThirdParty\gmsh\gmsh-4.13.1\src\common\GmshSocket.h(297,22): warning C4996: 'strdup': The POSIX name for this item is deprecated. Instead, use the ISO C and C++ conformant name: _strdup. See online help for details.
C:\OT\ThirdParty\gmsh\gmsh-4.13.1\src\common\GmshMessage.cpp(403,12): warning C4996: 'fileno': The POSIX name for this item is deprecated. Instead, use the ISO C and C++ conformant name: _fileno. See online help for details.
  ElementType.cpp
  GaussIntegration.cpp
  GaussQuadratureLin.cpp
  GaussQuadratureTri.cpp
  GaussQuadratureQuad.cpp
C:\OT\ThirdParty\gmsh\gmsh-4.13.1\src\numeric\GaussQuadratureLin.cpp(18,11): warning C4244: 'initializing': conversion from 'double' to 'int', possible loss of data
C:\OT\ThirdParty\gmsh\gmsh-4.13.1\src\numeric\GaussQuadratureLin.cpp(35,34): warning C4244: 'return': conversion from 'double' to 'int', possible loss of data
  GaussQuadratureTet.cpp
  GaussQuadratureHex.cpp
  GaussQuadraturePri.cpp
  GaussQuadraturePyr.cpp
C:\OT\ThirdParty\gmsh\gmsh-4.13.1\src\numeric\GaussQuadratureHex.cpp(95,11): warning C4244: 'initializing': conversion from 'double' to 'int', possible loss of data
C:\OT\ThirdParty\gmsh\gmsh-4.13.1\src\numeric\GaussQuadratureHex.cpp(118,9): warning C4244: 'initializing': conversion from 'double' to 'int', possible loss of data
  GaussLegendreSimplex.cpp
  GaussJacobi1D.cpp
C:\OT\ThirdParty\gmsh\gmsh-4.13.1\src\common\GmshSocket.h(297,22): warning C4996: 'strdup': The POSIX name for this item is deprecated. Instead, use the ISO C and C++ conformant name: _strdup. See online help for details.
  HilbertCurve.cpp
  decasteljau.cpp
  mathEvaluator.cpp
  Iso.cpp
  approximationError.cpp
  ConjugateGradients.cpp
C:\OT\ThirdParty\gmsh\gmsh-4.13.1\src\numeric\HilbertCurve.cpp(274,21): warning C4267: 'argument': conversion from 'size_t' to 'int', possible loss of data
C:\OT\ThirdParty\gmsh\gmsh-4.13.1\src\common\gmsh.cpp(7576,17): warning C4996: 'strdup': The POSIX name for this item is deprecated. Instead, use the ISO C and C++ conformant name: _strdup. See online help for details.
C:\OT\ThirdParty\gmsh\gmsh-4.13.1\src\common\gmsh.cpp(7578,17): warning C4996: 'strdup': The POSIX name for this item is deprecated. Instead, use the ISO C and C++ conformant name: _strdup. See online help for details.
C:\OT\ThirdParty\gmsh\gmsh-4.13.1\src\common\gmsh.cpp(7580,17): warning C4996: 'strdup': The POSIX name for this item is deprecated. Instead, use the ISO C and C++ conformant name: _strdup. See online help for details.
C:\OT\ThirdParty\gmsh\gmsh-4.13.1\src\common\gmsh.cpp(7582,17): warning C4996: 'strdup': The POSIX name for this item is deprecated. Instead, use the ISO C and C++ conformant name: _strdup. See online help for details.
C:\OT\ThirdParty\gmsh\gmsh-4.13.1\src\common\gmsh.cpp(7584,17): warning C4996: 'strdup': The POSIX name for this item is deprecated. Instead, use the ISO C and C++ conformant name: _strdup. See online help for details.
C:\OT\ThirdParty\gmsh\gmsh-4.13.1\src\common\gmsh.cpp(7586,17): warning C4996: 'strdup': The POSIX name for this item is deprecated. Instead, use the ISO C and C++ conformant name: _strdup. See online help for details.
  OrthogonalPoly.cpp
  HierarchicalBasisH1.cpp
  HierarchicalBasisH1Quad.cpp
  HierarchicalBasisH1Tria.cpp
  HierarchicalBasisH1Line.cpp
  HierarchicalBasisH1Brick.cpp
  HierarchicalBasisH1Tetra.cpp
  HierarchicalBasisH1Pri.cpp
  HierarchicalBasisH1Point.cpp
  HierarchicalBasis.cpp
  HierarchicalBasisHcurl.cpp
  HierarchicalBasisHcurlQuad.cpp
  HierarchicalBasisHcurlBrick.cpp
  HierarchicalBasisHcurlTria.cpp
  HierarchicalBasisHcurlTetra.cpp
  HierarchicalBasisHcurlPri.cpp
  HierarchicalBasisHcurlLine.cpp
  curvature.cpp
  boundaryLayersData.cpp
  affineTransformation.cpp
  closestPoint.cpp
  closestVertex.cpp
C:\OT\ThirdParty\gmsh\gmsh-4.13.1\src\numeric\HierarchicalBasisHcurlTetra.cpp(404,74): warning C4244: 'argument': conversion from 'double' to 'const unsigned __int64', possible loss of data
  intersectCurveSurface.cpp
  GEntity.cpp
  STensor3.cpp
  GVertex.cpp
  GEdge.cpp
  GFace.cpp
  GRegion.cpp
  GEdgeLoop.cpp
  gmshVertex.cpp
  gmshEdge.cpp
  gmshFace.cpp
  gmshRegion.cpp
C:\OT\ThirdParty\gmsh\gmsh-4.13.1\src\geo\GFace.cpp(544,19): warning C4477: 'fprintf' : format string '%lu' requires an argument of type 'unsigned long', but variadic argument 2 has type 'size_t'
C:\OT\ThirdParty\gmsh\gmsh-4.13.1\src\geo\GFace.cpp(558,19): warning C4477: 'fprintf' : format string '%lu' requires an argument of type 'unsigned long', but variadic argument 2 has type 'size_t'
  gmshSurface.cpp
  OCCVertex.cpp
  OCCEdge.cpp
  OCCFace.cpp
  OCCRegion.cpp
  discreteVertex.cpp
  discreteEdge.cpp
  discreteFace.cpp
  discreteRegion.cpp
  GModel.cpp
C:\OT\ThirdParty\gmsh\gmsh-4.13.1\src\geo\OCCEdge.cpp(445,37): warning C4996: 'opencascade::handle<Geom_Circle>::DownCast': down-casting from object of the same or unrelated type is meaningless
  GModelCreateTopologyFromMesh.cpp
  GModelVertexArrays.cpp
C:\OT\ThirdParty\gmsh\gmsh-4.13.1\src\geo\discreteEdge.cpp(242,17): warning C4477: 'fprintf' : format string '%lu' requires an argument of type 'unsigned long', but variadic argument 1 has type 'size_t'
C:\OT\ThirdParty\gmsh\gmsh-4.13.1\src\geo\discreteEdge.cpp(258,19): warning C4477: 'fscanf' : format string '%lu' requires an argument of type 'unsigned long *', but variadic argument 1 has type 'size_t *'
C:\OT\ThirdParty\gmsh\gmsh-4.13.1\src\geo\discreteFace.cpp(832,17): warning C4477: 'fprintf' : format string '%lu' requires an argument of type 'unsigned long', but variadic argument 1 has type 'size_t'
C:\OT\ThirdParty\gmsh\gmsh-4.13.1\src\geo\discreteFace.cpp(832,17): warning C4477: 'fprintf' : format string '%lu' requires an argument of type 'unsigned long', but variadic argument 2 has type 'size_t'
C:\OT\ThirdParty\gmsh\gmsh-4.13.1\src\geo\discreteFace.cpp(861,19): warning C4477: 'fscanf' : format string '%lu' requires an argument of type 'unsigned long *', but variadic argument 1 has type 'size_t *'
C:\OT\ThirdParty\gmsh\gmsh-4.13.1\src\geo\discreteFace.cpp(861,19): warning C4477: 'fscanf' : format string '%lu' requires an argument of type 'unsigned long *', but variadic argument 2 has type 'size_t *'
  GModelParametrize.cpp
  GModelAutoExtrude.cpp
  GModelIO_GEO.cpp
  GModelIO_OCC.cpp
  GModelIO_MSH.cpp
  GModelIO_MSH2.cpp
  GModelIO_MSH3.cpp
  GModelIO_MSH4.cpp
  GModelIO_VTK.cpp
  GModelIO_CGNS.cpp
  GModelIO_MED.cpp
C:\OT\ThirdParty\gmsh\gmsh-4.13.1\src\geo\GModel.cpp(2758,23): warning C4477: 'fprintf' : format string '%lu' requires an argument of type 'unsigned long', but variadic argument 4 has type 'size_t'
  GModelIO_MESH.cpp
  GModelIO_STL.cpp
  GModelIO_TOCHNOG.cpp
  GModelIO_PLY.cpp
C:\OT\ThirdParty\gmsh\gmsh-4.13.1\src\geo\GModelIO_MSH3.cpp(598,15): warning C4477: 'fprintf' : format string '%lu' requires an argument of type 'unsigned long', but variadic argument 1 has type 'size_t'
C:\OT\ThirdParty\gmsh\gmsh-4.13.1\src\geo\GModelIO_MSH3.cpp(598,15): warning C4477: 'fprintf' : format string '%lu' requires an argument of type 'unsigned long', but variadic argument 2 has type 'size_t'
C:\OT\ThirdParty\gmsh\gmsh-4.13.1\src\geo\GModelIO_MSH3.cpp(598,15): warning C4477: 'fprintf' : format string '%lu' requires an argument of type 'unsigned long', but variadic argument 3 has type 'size_t'
C:\OT\ThirdParty\gmsh\gmsh-4.13.1\src\geo\GModelIO_MSH3.cpp(598,15): warning C4477: 'fprintf' : format string '%lu' requires an argument of type 'unsigned long', but variadic argument 4 has type 'size_t'
C:\OT\ThirdParty\gmsh\gmsh-4.13.1\src\geo\GModelIO_MSH3.cpp(739,23): warning C4477: 'fprintf' : format string '%lu' requires an argument of type 'unsigned long', but variadic argument 1 has type 'size_t'
C:\OT\ThirdParty\gmsh\gmsh-4.13.1\src\geo\GModelIO_MSH3.cpp(739,23): warning C4477: 'fprintf' : format string '%lu' requires an argument of type 'unsigned long', but variadic argument 2 has type 'size_t'
  GModelIO_VRML.cpp
C:\OT\ThirdParty\gmsh\gmsh-4.13.1\src\geo\GModelIO_MSH4.cpp(66,19): warning C4477: 'fscanf' : format string '%lu' requires an argument of type 'unsigned long *', but variadic argument 1 has type 'size_t *'
C:\OT\ThirdParty\gmsh\gmsh-4.13.1\src\geo\GModelIO_MSH4.cpp(108,19): warning C4477: 'fscanf' : format string '%lu' requires an argument of type 'unsigned long *', but variadic argument 1 has type 'size_t *'
C:\OT\ThirdParty\gmsh\gmsh-4.13.1\src\geo\GModelIO_MSH4.cpp(196,21): warning C4477: 'fscanf' : format string '%lu' requires an argument of type 'unsigned long *', but variadic argument 4 has type 'size_t *'
C:\OT\ThirdParty\gmsh\gmsh-4.13.1\src\geo\GModelIO_MSH4.cpp(283,21): warning C4477: 'fscanf' : format string '%lu' requires an argument of type 'unsigned long *', but variadic argument 1 has type 'size_t *'
C:\OT\ThirdParty\gmsh\gmsh-4.13.1\src\geo\GModelIO_MSH4.cpp(284,21): warning C4477: 'fscanf' : format string '%lu' requires an argument of type 'unsigned long *', but variadic argument 1 has type 'size_t *'
C:\OT\ThirdParty\gmsh\gmsh-4.13.1\src\geo\GModelIO_MSH4.cpp(325,19): warning C4477: 'fscanf' : format string '%lu' requires an argument of type 'unsigned long *', but variadic argument 1 has type 'size_t *'
C:\OT\ThirdParty\gmsh\gmsh-4.13.1\src\geo\GModelIO_MSH4.cpp(325,19): warning C4477: 'fscanf' : format string '%lu' requires an argument of type 'unsigned long *', but variadic argument 2 has type 'size_t *'
C:\OT\ThirdParty\gmsh\gmsh-4.13.1\src\geo\GModelIO_MSH4.cpp(325,19): warning C4477: 'fscanf' : format string '%lu' requires an argument of type 'unsigned long *', but variadic argument 3 has type 'size_t *'
C:\OT\ThirdParty\gmsh\gmsh-4.13.1\src\geo\GModelIO_MSH4.cpp(325,19): warning C4477: 'fscanf' : format string '%lu' requires an argument of type 'unsigned long *', but variadic argument 4 has type 'size_t *'
C:\OT\ThirdParty\gmsh\gmsh-4.13.1\src\geo\GModelIO_MSH4.cpp(456,21): warning C4477: 'fscanf' : format string '%lu' requires an argument of type 'unsigned long *', but variadic argument 1 has type 'size_t *'
C:\OT\ThirdParty\gmsh\gmsh-4.13.1\src\geo\GModelIO_MSH4.cpp(456,21): warning C4477: 'fscanf' : format string '%lu' requires an argument of type 'unsigned long *', but variadic argument 2 has type 'size_t *'
C:\OT\ThirdParty\gmsh\gmsh-4.13.1\src\geo\GModelIO_MSH4.cpp(456,21): warning C4477: 'fscanf' : format string '%lu' requires an argument of type 'unsigned long *', but variadic argument 3 has type 'size_t *'
C:\OT\ThirdParty\gmsh\gmsh-4.13.1\src\geo\GModelIO_MSH4.cpp(456,21): warning C4477: 'fscanf' : format string '%lu' requires an argument of type 'unsigned long *', but variadic argument 4 has type 'size_t *'
C:\OT\ThirdParty\gmsh\gmsh-4.13.1\src\geo\GModelIO_MSH4.cpp(462,21): warning C4477: 'fscanf' : format string '%lu' requires an argument of type 'unsigned long *', but variadic argument 1 has type 'size_t *'
C:\OT\ThirdParty\gmsh\gmsh-4.13.1\src\geo\GModelIO_MSH4.cpp(462,21): warning C4477: 'fscanf' : format string '%lu' requires an argument of type 'unsigned long *', but variadic argument 2 has type 'size_t *'
C:\OT\ThirdParty\gmsh\gmsh-4.13.1\src\geo\GModelIO_MSH4.cpp(501,23): warning C4477: 'fscanf' : format string '%lu' requires an argument of type 'unsigned long *', but variadic argument 4 has type 'size_t *'
C:\OT\ThirdParty\gmsh\gmsh-4.13.1\src\geo\GModelIO_MSH4.cpp(508,23): warning C4477: 'fscanf' : format string '%lu' requires an argument of type 'unsigned long *', but variadic argument 4 has type 'size_t *'
C:\OT\ThirdParty\gmsh\gmsh-4.13.1\src\geo\GModelIO_MSH4.cpp(601,25): warning C4477: 'fscanf' : format string '%lu' requires an argument of type 'unsigned long *', but variadic argument 1 has type '_Ty *'
C:\OT\ThirdParty\gmsh\gmsh-4.13.1\src\geo\GModelIO_MSH4.cpp(601,25): warning C4477:         with
C:\OT\ThirdParty\gmsh\gmsh-4.13.1\src\geo\GModelIO_MSH4.cpp(601,25): warning C4477:         [
C:\OT\ThirdParty\gmsh\gmsh-4.13.1\src\geo\GModelIO_MSH4.cpp(601,25): warning C4477:             _Ty=size_t
C:\OT\ThirdParty\gmsh\gmsh-4.13.1\src\geo\GModelIO_MSH4.cpp(601,25): warning C4477:         ]
C:\OT\ThirdParty\gmsh\gmsh-4.13.1\src\geo\GModelIO_MSH4.cpp(611,25): warning C4477: 'fscanf' : format string '%lu' requires an argument of type 'unsigned long *', but variadic argument 1 has type 'size_t *'
C:\OT\ThirdParty\gmsh\gmsh-4.13.1\src\geo\GModelIO_MSH4.cpp(708,21): warning C4477: 'fscanf' : format string '%lu' requires an argument of type 'unsigned long *', but variadic argument 1 has type 'size_t *'
C:\OT\ThirdParty\gmsh\gmsh-4.13.1\src\geo\GModelIO_MSH4.cpp(708,21): warning C4477: 'fscanf' : format string '%lu' requires an argument of type 'unsigned long *', but variadic argument 2 has type 'size_t *'
C:\OT\ThirdParty\gmsh\gmsh-4.13.1\src\geo\GModelIO_MSH4.cpp(708,21): warning C4477: 'fscanf' : format string '%lu' requires an argument of type 'unsigned long *', but variadic argument 3 has type 'size_t *'
C:\OT\ThirdParty\gmsh\gmsh-4.13.1\src\geo\GModelIO_MSH4.cpp(708,21): warning C4477: 'fscanf' : format string '%lu' requires an argument of type 'unsigned long *', but variadic argument 4 has type 'size_t *'
C:\OT\ThirdParty\gmsh\gmsh-4.13.1\src\geo\GModelIO_MSH4.cpp(714,21): warning C4477: 'fscanf' : format string '%lu' requires an argument of type 'unsigned long *', but variadic argument 1 has type 'size_t *'
C:\OT\ThirdParty\gmsh\gmsh-4.13.1\src\geo\GModelIO_MSH4.cpp(714,21): warning C4477: 'fscanf' : format string '%lu' requires an argument of type 'unsigned long *', but variadic argument 2 has type 'size_t *'
C:\OT\ThirdParty\gmsh\gmsh-4.13.1\src\geo\GModelIO_MSH4.cpp(751,23): warning C4477: 'fscanf' : format string '%lu' requires an argument of type 'unsigned long *', but variadic argument 4 has type 'size_t *'
C:\OT\ThirdParty\gmsh\gmsh-4.13.1\src\geo\GModelIO_MSH4.cpp(758,23): warning C4477: 'fscanf' : format string '%lu' requires an argument of type 'unsigned long *', but variadic argument 4 has type 'size_t *'
C:\OT\ThirdParty\gmsh\gmsh-4.13.1\src\geo\GModelIO_MSH4.cpp(835,23): warning C4477: 'fscanf' : format string '%lu' requires an argument of type 'unsigned long *', but variadic argument 1 has type 'size_t *'
C:\OT\ThirdParty\gmsh\gmsh-4.13.1\src\geo\GModelIO_MSH4.cpp(855,28): warning C4477: 'sscanf' : format string '%lu' requires an argument of type 'unsigned long *', but variadic argument 1 has type 'size_t *'
C:\OT\ThirdParty\gmsh\gmsh-4.13.1\src\geo\GModelIO_MSH4.cpp(861,28): warning C4477: 'sscanf' : format string '%lu' requires an argument of type 'unsigned long *', but variadic argument 1 has type 'size_t *'
C:\OT\ThirdParty\gmsh\gmsh-4.13.1\src\geo\GModelIO_MSH4.cpp(932,19): warning C4477: 'fscanf' : format string '%lu' requires an argument of type 'unsigned long *', but variadic argument 1 has type 'size_t *'
C:\OT\ThirdParty\gmsh\gmsh-4.13.1\src\geo\GModelIO_MSH4.cpp(1004,23): warning C4477: 'fscanf' : format string '%lu' requires an argument of type 'unsigned long *', but variadic argument 1 has type 'size_t *'
C:\OT\ThirdParty\gmsh\gmsh-4.13.1\src\geo\GModelIO_MSH4.cpp(1015,23): warning C4477: 'fscanf' : format string '%lu' requires an argument of type 'unsigned long *', but variadic argument 1 has type 'size_t *'
C:\OT\ThirdParty\gmsh\gmsh-4.13.1\src\geo\GModelIO_MSH4.cpp(1032,25): warning C4477: 'fscanf' : format string '%lu' requires an argument of type 'unsigned long *', but variadic argument 1 has type 'size_t *'
C:\OT\ThirdParty\gmsh\gmsh-4.13.1\src\geo\GModelIO_MSH4.cpp(1036,29): warning C4477: 'sscanf' : format string '%lu' requires an argument of type 'unsigned long *', but variadic argument 1 has type 'size_t *'
C:\OT\ThirdParty\gmsh\gmsh-4.13.1\src\geo\GModelIO_MSH4.cpp(1053,23): warning C4477: 'fscanf' : format string '%lu' requires an argument of type 'unsigned long *', but variadic argument 1 has type 'size_t *'
C:\OT\ThirdParty\gmsh\gmsh-4.13.1\src\geo\GModelIO_MSH4.cpp(1053,23): warning C4477: 'fscanf' : format string '%lu' requires an argument of type 'unsigned long *', but variadic argument 2 has type 'size_t *'
C:\OT\ThirdParty\gmsh\gmsh-4.13.1\src\geo\GModelIO_MSH4.cpp(1079,19): warning C4477: 'fscanf' : format string '%lu' requires an argument of type 'unsigned long *', but variadic argument 1 has type 'size_t *'
C:\OT\ThirdParty\gmsh\gmsh-4.13.1\src\geo\GModelIO_MSH4.cpp(1099,21): warning C4477: 'fscanf' : format string '%lu' requires an argument of type 'unsigned long *', but variadic argument 1 has type 'size_t *'
C:\OT\ThirdParty\gmsh\gmsh-4.13.1\src\geo\GModelIO_MSH4.cpp(1099,21): warning C4477: 'fscanf' : format string '%lu' requires an argument of type 'unsigned long *', but variadic argument 3 has type 'size_t *'
C:\OT\ThirdParty\gmsh\gmsh-4.13.1\src\geo\GModelIO_MSH4.cpp(1176,19): warning C4477: 'fscanf' : format string '%lu' requires an argument of type 'unsigned long *', but variadic argument 1 has type 'size_t *'
C:\OT\ThirdParty\gmsh\gmsh-4.13.1\src\geo\GModelIO_MSH4.cpp(1176,19): warning C4477: 'fscanf' : format string '%lu' requires an argument of type 'unsigned long *', but variadic argument 2 has type 'size_t *'
C:\OT\ThirdParty\gmsh\gmsh-4.13.1\src\geo\GModelIO_MSH4.cpp(1254,22): warning C4477: 'sscanf' : format string '%lu' requires an argument of type 'unsigned long *', but variadic argument 3 has type 'size_t *'
C:\OT\ThirdParty\gmsh\gmsh-4.13.1\src\geo\GModelIO_MSH4.cpp(1523,17): warning C4477: 'fprintf' : format string '%lu' requires an argument of type 'unsigned long', but variadic argument 1 has type 'unsigned __int64'
C:\OT\ThirdParty\gmsh\gmsh-4.13.1\src\geo\GModelIO_MSH4.cpp(1804,19): warning C4477: 'fprintf' : format string '%lu' requires an argument of type 'unsigned long', but variadic argument 1 has type 'size_t'
C:\OT\ThirdParty\gmsh\gmsh-4.13.1\src\geo\GModelIO_MSH4.cpp(1828,19): warning C4477: 'fprintf' : format string '%lu' requires an argument of type 'unsigned long', but variadic argument 1 has type 'size_t'
C:\OT\ThirdParty\gmsh\gmsh-4.13.1\src\geo\GModelIO_MSH4.cpp(1835,17): warning C4477: 'fprintf' : format string '%lu' requires an argument of type 'unsigned long', but variadic argument 1 has type 'unsigned __int64'
C:\OT\ThirdParty\gmsh\gmsh-4.13.1\src\geo\GModelIO_MSH4.cpp(1835,17): warning C4477: 'fprintf' : format string '%lu' requires an argument of type 'unsigned long', but variadic argument 2 has type 'unsigned __int64'
C:\OT\ThirdParty\gmsh\gmsh-4.13.1\src\geo\GModelIO_MSH4.cpp(1835,17): warning C4477: 'fprintf' : format string '%lu' requires an argument of type 'unsigned long', but variadic argument 3 has type 'unsigned __int64'
C:\OT\ThirdParty\gmsh\gmsh-4.13.1\src\geo\GModelIO_MSH4.cpp(1835,17): warning C4477: 'fprintf' : format string '%lu' requires an argument of type 'unsigned long', but variadic argument 4 has type 'unsigned __int64'
C:\OT\ThirdParty\gmsh\gmsh-4.13.1\src\geo\GModelIO_MSH4.cpp(1850,21): warning C4477: 'fprintf' : format string '%lu' requires an argument of type 'unsigned long', but variadic argument 1 has type 'unsigned __int64'
C:\OT\ThirdParty\gmsh\gmsh-4.13.1\src\geo\GModelIO_MSH4.cpp(1883,21): warning C4477: 'fprintf' : format string '%lu' requires an argument of type 'unsigned long', but variadic argument 1 has type 'unsigned __int64'
C:\OT\ThirdParty\gmsh\gmsh-4.13.1\src\geo\GModelIO_MSH4.cpp(1890,19): warning C4477: 'fprintf' : format string '%lu' requires an argument of type 'unsigned long', but variadic argument 1 has type 'unsigned __int64'
C:\OT\ThirdParty\gmsh\gmsh-4.13.1\src\geo\GModelIO_MSH4.cpp(1913,21): warning C4477: 'fprintf' : format string '%lu' requires an argument of type 'unsigned long', but variadic argument 1 has type 'unsigned __int64'
C:\OT\ThirdParty\gmsh\gmsh-4.13.1\src\geo\GModelIO_MSH4.cpp(1920,19): warning C4477: 'fprintf' : format string '%lu' requires an argument of type 'unsigned long', but variadic argument 1 has type 'unsigned __int64'
C:\OT\ThirdParty\gmsh\gmsh-4.13.1\src\geo\GModelIO_MSH4.cpp(1947,21): warning C4477: 'fprintf' : format string '%lu' requires an argument of type 'unsigned long', but variadic argument 1 has type 'unsigned __int64'
C:\OT\ThirdParty\gmsh\gmsh-4.13.1\src\geo\GModelIO_MSH4.cpp(1956,19): warning C4477: 'fprintf' : format string '%lu' requires an argument of type 'unsigned long', but variadic argument 1 has type 'unsigned __int64'
C:\OT\ThirdParty\gmsh\gmsh-4.13.1\src\geo\GModelIO_MSH4.cpp(1999,17): warning C4477: 'fprintf' : format string '%lu' requires an argument of type 'unsigned long', but variadic argument 4 has type 'size_t'
C:\OT\ThirdParty\gmsh\gmsh-4.13.1\src\geo\GModelIO_MSH4.cpp(2031,21): warning C4477: 'fprintf' : format string '%lu' requires an argument of type 'unsigned long', but variadic argument 1 has type 'size_t'
  GModelIO_UNV.cpp
C:\OT\ThirdParty\gmsh\gmsh-4.13.1\src\geo\GModelIO_MSH4.cpp(2038,37): warning C4477: 'fprintf' : format string '%lu' requires an argument of type 'unsigned long', but variadic argument 1 has type 'size_t'
C:\OT\ThirdParty\gmsh\gmsh-4.13.1\src\geo\GModelIO_MSH4.cpp(2348,19): warning C4477: 'fprintf' : format string '%lu' requires an argument of type 'unsigned long', but variadic argument 1 has type 'unsigned __int64'
C:\OT\ThirdParty\gmsh\gmsh-4.13.1\src\geo\GModelIO_MSH4.cpp(2348,19): warning C4477: 'fprintf' : format string '%lu' requires an argument of type 'unsigned long', but variadic argument 2 has type 'size_t'
C:\OT\ThirdParty\gmsh\gmsh-4.13.1\src\geo\GModelIO_MSH4.cpp(2348,19): warning C4477: 'fprintf' : format string '%lu' requires an argument of type 'unsigned long', but variadic argument 3 has type 'size_t'
C:\OT\ThirdParty\gmsh\gmsh-4.13.1\src\geo\GModelIO_MSH4.cpp(2348,19): warning C4477: 'fprintf' : format string '%lu' requires an argument of type 'unsigned long', but variadic argument 4 has type 'size_t'
C:\OT\ThirdParty\gmsh\gmsh-4.13.1\src\geo\GModelIO_MSH4.cpp(2353,19): warning C4477: 'fprintf' : format string '%lu' requires an argument of type 'unsigned long', but variadic argument 1 has type 'unsigned __int64'
C:\OT\ThirdParty\gmsh\gmsh-4.13.1\src\geo\GModelIO_MSH4.cpp(2353,19): warning C4477: 'fprintf' : format string '%lu' requires an argument of type 'unsigned long', but variadic argument 2 has type 'size_t'
C:\OT\ThirdParty\gmsh\gmsh-4.13.1\src\geo\GModelIO_MSH4.cpp(2494,19): warning C4477: 'fprintf' : format string '%lu' requires an argument of type 'unsigned long', but variadic argument 1 has type 'size_t'
C:\OT\ThirdParty\gmsh\gmsh-4.13.1\src\geo\GModelIO_MSH4.cpp(2494,19): warning C4477: 'fprintf' : format string '%lu' requires an argument of type 'unsigned long', but variadic argument 2 has type 'size_t'
C:\OT\ThirdParty\gmsh\gmsh-4.13.1\src\geo\GModelIO_MSH4.cpp(2494,19): warning C4477: 'fprintf' : format string '%lu' requires an argument of type 'unsigned long', but variadic argument 3 has type 'size_t'
C:\OT\ThirdParty\gmsh\gmsh-4.13.1\src\geo\GModelIO_MSH4.cpp(2494,19): warning C4477: 'fprintf' : format string '%lu' requires an argument of type 'unsigned long', but variadic argument 4 has type 'size_t'
C:\OT\ThirdParty\gmsh\gmsh-4.13.1\src\geo\GModelIO_MSH4.cpp(2496,19): warning C4477: 'fprintf' : format string '%lu' requires an argument of type 'unsigned long', but variadic argument 1 has type 'size_t'
C:\OT\ThirdParty\gmsh\gmsh-4.13.1\src\geo\GModelIO_MSH4.cpp(2496,19): warning C4477: 'fprintf' : format string '%lu' requires an argument of type 'unsigned long', but variadic argument 2 has type 'size_t'
C:\OT\ThirdParty\gmsh\gmsh-4.13.1\src\geo\GModelIO_MSH4.cpp(2512,21): warning C4477: 'fprintf' : format string '%lu' requires an argument of type 'unsigned long', but variadic argument 4 has type 'size_t'
C:\OT\ThirdParty\gmsh\gmsh-4.13.1\src\geo\GModelIO_MSH4.cpp(2535,23): warning C4477: 'fprintf' : format string '%lu' requires an argument of type 'unsigned long', but variadic argument 1 has type 'size_t'
C:\OT\ThirdParty\gmsh\gmsh-4.13.1\src\geo\GModelIO_MSH4.cpp(2537,25): warning C4477: 'fprintf' : format string '%lu' requires an argument of type 'unsigned long', but variadic argument 1 has type 'size_t'
C:\OT\ThirdParty\gmsh\gmsh-4.13.1\src\geo\GModelIO_MSH4.cpp(2573,17): warning C4477: 'fprintf' : format string '%lu' requires an argument of type 'unsigned long', but variadic argument 1 has type 'size_t'
C:\OT\ThirdParty\gmsh\gmsh-4.13.1\src\geo\GModelIO_MSH4.cpp(2643,21): warning C4477: 'fprintf' : format string '%lu' requires an argument of type 'unsigned long', but variadic argument 1 has type 'unsigned __int64'
C:\OT\ThirdParty\gmsh\gmsh-4.13.1\src\geo\GModelIO_MSH4.cpp(2646,23): warning C4477: 'fprintf' : format string '%lu' requires an argument of type 'unsigned long', but variadic argument 1 has type 'size_t'
C:\OT\ThirdParty\gmsh\gmsh-4.13.1\src\geo\GModelIO_MSH4.cpp(2646,23): warning C4477: 'fprintf' : format string '%lu' requires an argument of type 'unsigned long', but variadic argument 2 has type 'size_t'
C:\OT\ThirdParty\gmsh\gmsh-4.13.1\src\geo\GModelIO_MSH4.cpp(2709,19): warning C4477: 'fprintf' : format string '%ld' requires an argument of type 'long', but variadic argument 1 has type 'unsigned __int64'
C:\OT\ThirdParty\gmsh\gmsh-4.13.1\src\geo\GModelIO_MSH4.cpp(2712,21): warning C4477: 'fprintf' : format string '%lu' requires an argument of type 'unsigned long', but variadic argument 1 has type 'size_t'
C:\OT\ThirdParty\gmsh\gmsh-4.13.1\src\geo\GModelIO_MSH4.cpp(2712,21): warning C4477: 'fprintf' : format string '%ld' requires an argument of type 'long', but variadic argument 3 has type 'unsigned __int64'
C:\OT\ThirdParty\gmsh\gmsh-4.13.1\src\geo\GModelIO_MSH4.cpp(2747,17): warning C4477: 'fprintf' : format string '%lu' requires an argument of type 'unsigned long', but variadic argument 1 has type 'size_t'
C:\OT\ThirdParty\gmsh\gmsh-4.13.1\src\geo\GModelIO_MSH4.cpp(2747,17): warning C4477: 'fprintf' : format string '%lu' requires an argument of type 'unsigned long', but variadic argument 2 has type 'size_t'
C:\OT\ThirdParty\gmsh\gmsh-4.13.1\src\geo\GModelIO_MSH4.cpp(2804,15): warning C4477: 'fprintf' : format string '%lu' requires an argument of type 'unsigned long', but variadic argument 3 has type 'size_t'
C:\OT\ThirdParty\gmsh\gmsh-4.13.1\src\geo\GModelIO_MSH4.cpp(3005,17): warning C4477: 'fprintf' : format string '%lu' requires an argument of type 'unsigned long', but variadic argument 1 has type 'size_t'
C:\OT\ThirdParty\gmsh\gmsh-4.13.1\src\geo\GModelIO_MSH4.cpp(3009,19): warning C4477: 'fprintf' : format string '%lu' requires an argument of type 'unsigned long', but variadic argument 1 has type 'size_t'
C:\OT\ThirdParty\gmsh\gmsh-4.13.1\src\geo\GModelIO_MSH4.cpp(3099,17): warning C4477: 'fprintf' : format string '%lu' requires an argument of type 'unsigned long', but variadic argument 1 has type 'size_t'
C:\OT\ThirdParty\gmsh\gmsh-4.13.1\src\geo\GModelIO_MSH4.cpp(3113,19): warning C4477: 'fprintf' : format string '%lu' requires an argument of type 'unsigned long', but variadic argument 1 has type 'size_t'
  GModelIO_BDF.cpp
  GModelIO_IR3.cpp
C:\OT\ThirdParty\gmsh\gmsh-4.13.1\src\geo\GModelIO_TOCHNOG.cpp(163,23): warning C4477: 'fprintf' : format string '%lu' requires an argument of type 'unsigned long', but variadic argument 1 has type 'size_t'
  GModelIO_DIFF.cpp
  GModelIO_GEOM.cpp
  GModelIO_INP.cpp
  GModelIO_KEY.cpp
C:\OT\ThirdParty\gmsh\gmsh-4.13.1\src\geo\GModelIO_UNV.cpp(510,27): warning C4477: 'fprintf' : format string '%10lu' requires an argument of type 'unsigned long', but variadic argument 2 has type 'size_t'
  GModelIO_MAIL.cpp
  GModelIO_P3D.cpp
  GModelIO_CELUM.cpp
  GModelIO_NEU.cpp
  GModelIO_ACTRAN.cpp
C:\OT\ThirdParty\gmsh\gmsh-4.13.1\src\geo\GModelIO_DIFF.cpp(493,15): warning C4477: 'fprintf' : format string '%lu' requires an argument of type 'unsigned long', but variadic argument 1 has type 'size_t'
C:\OT\ThirdParty\gmsh\gmsh-4.13.1\src\geo\GModelIO_DIFF.cpp(497,15): warning C4477: 'fprintf' : format string '%lu' requires an argument of type 'unsigned long', but variadic argument 1 has type 'size_t'
  GModelIO_SU2.cpp
C:\OT\ThirdParty\gmsh\gmsh-4.13.1\src\geo\GModelIO_INP.cpp(132,27): warning C4477: 'fprintf' : format string '%lu' requires an argument of type 'unsigned long', but variadic argument 1 has type 'size_t'
  GModelIO_SAMCEF.cpp
  GModelIO_MATLAB.cpp
  GModelIO_POS.cpp
C:\OT\ThirdParty\gmsh\gmsh-4.13.1\src\geo\GModelIO_KEY.cpp(124,27): warning C4477: 'fprintf' : format string '%lu' requires an argument of type 'unsigned long', but variadic argument 1 has type 'size_t'
C:\OT\ThirdParty\gmsh\gmsh-4.13.1\src\geo\GModelIO_KEY.cpp(126,27): warning C4477: 'fprintf' : format string '%lu' requires an argument of type 'unsigned long', but variadic argument 1 has type 'size_t'
  GModelIO_X3D.cpp
  GModelIO_OFF.cpp
  GModelIO_RAD.cpp
  GModelIO_NIfTI.cpp
  ExtrudeParams.cpp
  Geo.cpp
C:\OT\ThirdParty\gmsh\gmsh-4.13.1\src\geo\GModelIO_NEU.cpp(286,15): warning C4477: 'fprintf' : format string '%9ld' requires an argument of type 'long', but variadic argument 1 has type 'size_t'
C:\OT\ThirdParty\gmsh\gmsh-4.13.1\src\geo\GModelIO_NEU.cpp(286,15): warning C4477: 'fprintf' : format string '%9lu' requires an argument of type 'unsigned long', but variadic argument 3 has type 'unsigned __int64'
C:\OT\ThirdParty\gmsh\gmsh-4.13.1\src\geo\GModelIO_NEU.cpp(286,15): warning C4477: 'fprintf' : format string '%9lu' requires an argument of type 'unsigned long', but variadic argument 4 has type 'unsigned __int64'
C:\OT\ThirdParty\gmsh\gmsh-4.13.1\src\geo\GModelIO_NEU.cpp(331,13): warning C4477: 'fprintf' : format string '%10lu' requires an argument of type 'unsigned long', but variadic argument 2 has type 'unsigned __int64'
C:\OT\ThirdParty\gmsh\gmsh-4.13.1\src\geo\GModelIO_NEU.cpp(363,21): warning C4477: 'fprintf' : format string '%8lu' requires an argument of type 'unsigned long', but variadic argument 3 has type 'unsigned __int64'
  GeoInterpolation.cpp
  scriptStringInterface.cpp
  gmshLevelset.cpp
  findLinks.cpp
  SOrientedBoundingBox.cpp
  GeomMeshMatcher.cpp
C:\OT\ThirdParty\gmsh\gmsh-4.13.1\src\geo\GModelIO_RAD.cpp(140,31): warning C4477: 'fprintf' : format string '%10ld' requires an argument of type 'long', but variadic argument 1 has type 'size_t'
C:\OT\ThirdParty\gmsh\gmsh-4.13.1\src\geo\GModelIO_RAD.cpp(142,31): warning C4477: 'fprintf' : format string '%10ld' requires an argument of type 'long', but variadic argument 1 has type 'size_t'
  MVertex.cpp
C:\OT\ThirdParty\gmsh\gmsh-4.13.1\src\geo\GModelIO_RAD.cpp(168,31): warning C4477: 'fprintf' : format string '%10ld' requires an argument of type 'long', but variadic argument 1 has type 'size_t'
C:\OT\ThirdParty\gmsh\gmsh-4.13.1\src\geo\GModelIO_RAD.cpp(170,31): warning C4477: 'fprintf' : format string '%10ld' requires an argument of type 'long', but variadic argument 1 has type 'size_t'
  MEdge.cpp
C:\OT\ThirdParty\gmsh\gmsh-4.13.1\src\geo\GModelIO_RAD.cpp(197,31): warning C4477: 'fprintf' : format string '%10ld' requires an argument of type 'long', but variadic argument 1 has type 'size_t'
  MFace.cpp
C:\OT\ThirdParty\gmsh\gmsh-4.13.1\src\geo\GModelIO_X3D.cpp(296,19): warning C4477: 'fprintf' : format string '%ld' requires an argument of type 'long', but variadic argument 1 has type 'unsigned __int64'
C:\OT\ThirdParty\gmsh\gmsh-4.13.1\src\geo\GModelIO_RAD.cpp(199,31): warning C4477: 'fprintf' : format string '%10ld' requires an argument of type 'long', but variadic argument 1 has type 'size_t'
  MElement.cpp
  MElementOctree.cpp
  MLine.cpp
  MTriangle.cpp
  MQuadrangle.cpp
  MTetrahedron.cpp
  MHexahedron.cpp
  MPrism.cpp
  MPyramid.cpp
  MTrihedron.cpp
  MElementCut.cpp
  MSubElement.cpp
  Cell.cpp
C:\OT\ThirdParty\gmsh\gmsh-4.13.1\src\common\GmshSocket.h(297,22): warning C4996: 'strdup': The POSIX name for this item is deprecated. Instead, use the ISO C and C++ conformant name: _strdup. See online help for details.
  CellComplex.cpp
  ChainComplex.cpp
  Homology.cpp
  Chain.cpp
  MVertexBoundaryLayerData.cpp
  CGNSCommon.cpp
C:\OT\ThirdParty\gmsh\gmsh-4.13.1\src\geo\Cell.cpp(511,12): warning C4477: 'printf' : format string '%lu' requires an argument of type 'unsigned long', but variadic argument 1 has type 'size_t'
  CGNSConventions.cpp
C:\OT\ThirdParty\gmsh\gmsh-4.13.1\src\geo\MElement.cpp(1547,19): warning C4477: 'fprintf' : format string '%lu' requires an argument of type 'unsigned long', but variadic argument 1 has type 'size_t'
  CGNSZone.cpp
C:\OT\ThirdParty\gmsh\gmsh-4.13.1\src\geo\MElement.cpp(1790,15): warning C4477: 'fprintf' : format string '%8lu' requires an argument of type 'unsigned long', but variadic argument 1 has type 'size_t'
  CGNSZoneStruct.cpp
C:\OT\ThirdParty\gmsh\gmsh-4.13.1\src\geo\MElement.cpp(1790,15): warning C4477: 'fprintf' : format string '%2lu' requires an argument of type 'unsigned long', but variadic argument 3 has type 'size_t'
  CGNSZoneUnstruct.cpp
C:\OT\ThirdParty\gmsh\gmsh-4.13.1\src\geo\MElement.cpp(1835,17): warning C4477: 'fprintf' : format string '%lu' requires an argument of type 'unsigned long', but variadic argument 2 has type 'size_t'
C:\OT\ThirdParty\gmsh\gmsh-4.13.1\src\geo\MElement.cpp(1839,21): warning C4477: 'fprintf' : format string '%lu' requires an argument of type 'unsigned long', but variadic argument 2 has type 'size_t'
  CGNSRead.cpp
C:\OT\ThirdParty\gmsh\gmsh-4.13.1\src\geo\MElement.cpp(1839,21): warning C4477: 'fprintf' : format string '%lu' requires an argument of type 'unsigned long', but variadic argument 4 has type 'size_t'
C:\OT\ThirdParty\gmsh\gmsh-4.13.1\src\geo\MElement.cpp(1848,17): warning C4477: 'fprintf' : format string '%-8lu' requires an argument of type 'unsigned long', but variadic argument 2 has type 'size_t'
C:\OT\ThirdParty\gmsh\gmsh-4.13.1\src\geo\MElement.cpp(1852,21): warning C4477: 'fprintf' : format string '%-6lu' requires an argument of type 'unsigned long', but variadic argument 2 has type 'size_t'
C:\OT\ThirdParty\gmsh\gmsh-4.13.1\src\geo\MElement.cpp(1852,21): warning C4477: 'fprintf' : format string '%-6lu' requires an argument of type 'unsigned long', but variadic argument 4 has type 'size_t'
C:\OT\ThirdParty\gmsh\gmsh-4.13.1\src\geo\MElement.cpp(1861,17): warning C4477: 'fprintf' : format string '%-8lu' requires an argument of type 'unsigned long', but variadic argument 2 has type 'size_t'
  CGNSWrite.cpp
  CGNSWriteStruct.cpp
  alphaShapes.cpp
  Generator.cpp
  meshGEdge.cpp
  meshGEdgeExtruded.cpp
  meshGFace.cpp
  meshGFacePack.cpp
  meshGFaceTransfinite.cpp
  meshGFaceExtruded.cpp
  meshGFaceBamg.cpp
  meshGFaceBDS.cpp
  meshGFaceDelaunayInsertion.cpp
C:\OT\ThirdParty\gmsh\gmsh-4.13.1\src\mesh\meshPolyMesh.h(112,12): warning C4267: 'return': conversion from 'size_t' to 'int', possible loss of data
C:\OT\ThirdParty\gmsh\gmsh-4.13.1\src\mesh\meshPolyMesh.h(123,12): warning C4267: 'return': conversion from 'size_t' to 'int', possible loss of data
C:\OT\ThirdParty\gmsh\gmsh-4.13.1\src\mesh\meshPolyMesh.h(535,10): warning C4267: 'return': conversion from 'size_t' to 'int', possible loss of data
C:\OT\ThirdParty\gmsh\gmsh-4.13.1\src\mesh\meshGFacePack.cpp(852,22): warning C4477: 'fprintf' : format string '%lu' requires an argument of type 'unsigned long', but variadic argument 3 has type 'unsigned __int64'
C:\OT\ThirdParty\gmsh\gmsh-4.13.1\src\mesh\meshGFacePack.cpp(862,16): warning C4477: 'printf' : format string '%lu' requires an argument of type 'unsigned long', but variadic argument 1 has type 'unsigned __int64'
C:\OT\ThirdParty\gmsh\gmsh-4.13.1\src\mesh\meshGFacePack.cpp(862,16): warning C4477: 'printf' : format string '%lu' requires an argument of type 'unsigned long', but variadic argument 2 has type 'unsigned __int64'
  meshGFaceOptimize.cpp
  meshGFaceBipartiteLabelling.cpp
  meshGRegion.cpp
  meshGRegionBoundaryRecovery.cpp
  meshGRegionHxt.cpp
  meshGRegionNetgen.cpp
  meshGRegionDelaunayInsertion.cpp
  meshGRegionTransfinite.cpp
  meshGRegionExtruded.cpp
  meshGRegionCarveHole.cpp
C:\OT\ThirdParty\gmsh\gmsh-4.13.1\src\mesh\meshPolyMesh.h(112,12): warning C4267: 'return': conversion from 'size_t' to 'int', possible loss of data
C:\OT\ThirdParty\gmsh\gmsh-4.13.1\src\mesh\meshPolyMesh.h(123,12): warning C4267: 'return': conversion from 'size_t' to 'int', possible loss of data
C:\OT\ThirdParty\gmsh\gmsh-4.13.1\src\mesh\meshPolyMesh.h(535,10): warning C4267: 'return': conversion from 'size_t' to 'int', possible loss of data
  meshGRegionLocalMeshMod.cpp
  meshGRegionMMG.cpp
  meshGRegionBoundaryLayer.cpp
  meshRelocateVertex.cpp
C:\OT\ThirdParty\gmsh\gmsh-4.13.1\src\mesh\Generator.cpp(748,26): warning C4067: unexpected tokens following preprocessor directive - expected a newline
  meshRenumber.cpp
  meshTriangulation.cpp
  meshMetric.cpp
  meshUntangle.cpp
  meshMesquite.cpp
  BackgroundMesh.cpp
  BackgroundMeshTools.cpp
  qualityMeasures.cpp
  qualityMeasuresJacobian.cpp
  BoundaryLayers.cpp
  BDS.cpp
  HighOrder.cpp
C:\OT\ThirdParty\gmsh\gmsh-4.13.1\contrib\metis\include\metis.h(80,9): warning C4005: 'INT32_MIN': macro redefinition
C:\OT\ThirdParty\gmsh\gmsh-4.13.1\contrib\metis\include\metis.h(81,9): warning C4005: 'INT32_MAX': macro redefinition
C:\OT\ThirdParty\gmsh\gmsh-4.13.1\contrib\metis\include\metis.h(82,9): warning C4005: 'INT64_MIN': macro redefinition
C:\OT\ThirdParty\gmsh\gmsh-4.13.1\contrib\metis\include\metis.h(83,9): warning C4005: 'INT64_MAX': macro redefinition
  meshPartition.cpp
  meshRefine.cpp
  delaunay3d.cpp
  DivideAndConquer.cpp
  Field.cpp
  filterElements.cpp
C:\OT\ThirdParty\gmsh\gmsh-4.13.1\src\mesh\BDS.cpp(1265,16): warning C4477: 'printf' : format string '%lu' requires an argument of type 'unsigned long', but variadic argument 1 has type 'size_t'
C:\OT\ThirdParty\gmsh\gmsh-4.13.1\src\mesh\BDS.cpp(1267,16): warning C4477: 'printf' : format string '%lu' requires an argument of type 'unsigned long', but variadic argument 1 has type 'size_t'
  gmshCrossFields.cpp
C:\OT\ThirdParty\gmsh\gmsh-4.13.1\contrib\metis\include\metis.h(80,9): warning C4005: 'INT32_MIN': macro redefinition
C:\OT\ThirdParty\gmsh\gmsh-4.13.1\contrib\metis\include\metis.h(81,9): warning C4005: 'INT32_MAX': macro redefinition
C:\OT\ThirdParty\gmsh\gmsh-4.13.1\contrib\metis\include\metis.h(82,9): warning C4005: 'INT64_MIN': macro redefinition
C:\OT\ThirdParty\gmsh\gmsh-4.13.1\contrib\metis\include\metis.h(83,9): warning C4005: 'INT64_MAX': macro redefinition
  automaticMeshSizeField.cpp
  meshQuadQuasiStructured.cpp
  meshOctreeLibOL.cpp
  meshCombine3D.cpp
  linearSystem.cpp
C:\OT\ThirdParty\gmsh\gmsh-4.13.1\contrib\gmm\gmm_inoutput.h(94,23): warning C4477: 'sscanf_s' : format string '%c' requires an argument of type 'unsigned int', but variadic argument 3 has type 'size_t'
C:\OT\ThirdParty\gmsh\gmsh-4.13.1\contrib\gmm\gmm_inoutput.h(103,29): warning C4477: 'sscanf_s' : format string '%c' requires an argument of type 'unsigned int', but variadic argument 2 has type 'size_t'
C:\OT\ThirdParty\gmsh\gmsh-4.13.1\contrib\gmm\gmm_inoutput.h(829,24): warning C4477: 'sscanf_s' : format string '%s' requires an argument of type 'unsigned int', but variadic argument 2 has type 'size_t'
C:\OT\ThirdParty\gmsh\gmsh-4.13.1\contrib\gmm\gmm_inoutput.h(829,24): warning C4477: 'sscanf_s' : format string '%s' requires an argument of type 'unsigned int', but variadic argument 4 has type 'size_t'
C:\OT\ThirdParty\gmsh\gmsh-4.13.1\contrib\gmm\gmm_inoutput.h(829,24): warning C4477: 'sscanf_s' : format string '%s' requires an argument of type 'unsigned int', but variadic argument 6 has type 'size_t'
C:\OT\ThirdParty\gmsh\gmsh-4.13.1\contrib\gmm\gmm_inoutput.h(829,24): warning C4477: 'sscanf_s' : format string '%s' requires an argument of type 'unsigned int', but variadic argument 8 has type 'size_t'
C:\OT\ThirdParty\gmsh\gmsh-4.13.1\contrib\gmm\gmm_inoutput.h(829,24): warning C4477: 'sscanf_s' : format string '%s' requires an argument of type 'unsigned int', but variadic argument 10 has type 'size_t'
  linearSystemCSR.cpp
  linearSystemPETSc.cpp
C:\OT\ThirdParty\gmsh\gmsh-4.13.1\src\mesh\gmshCrossFields.cpp(1185,34): warning C4477: 'printf' : format string '%lu' requires an argument of type 'unsigned long', but variadic argument 1 has type 'size_t'
C:\OT\ThirdParty\gmsh\gmsh-4.13.1\src\mesh\gmshCrossFields.cpp(1225,12): warning C4477: 'printf' : format string '%lu' requires an argument of type 'unsigned long', but variadic argument 1 has type 'size_t'
C:\OT\ThirdParty\gmsh\gmsh-4.13.1\src\mesh\gmshCrossFields.cpp(1248,14): warning C4477: 'printf' : format string '%lu' requires an argument of type 'unsigned long', but variadic argument 1 has type 'size_t'
C:\OT\ThirdParty\gmsh\gmsh-4.13.1\src\mesh\gmshCrossFields.cpp(1248,14): warning C4477: 'printf' : format string '%lu' requires an argument of type 'unsigned long', but variadic argument 2 has type 'size_t'
C:\OT\ThirdParty\gmsh\gmsh-4.13.1\src\mesh\gmshCrossFields.cpp(1266,12): warning C4477: 'printf' : format string '%lu' requires an argument of type 'unsigned long', but variadic argument 1 has type 'size_t'
C:\OT\ThirdParty\gmsh\gmsh-4.13.1\src\mesh\gmshCrossFields.cpp(1266,12): warning C4477: 'printf' : format string '%lu' requires an argument of type 'unsigned long', but variadic argument 2 has type 'unsigned __int64'
C:\OT\ThirdParty\gmsh\gmsh-4.13.1\src\mesh\gmshCrossFields.cpp(1562,26): warning C4477: 'fprintf' : format string '%lu' requires an argument of type 'unsigned long', but variadic argument 7 has type 'unsigned __int64'
C:\OT\ThirdParty\gmsh\gmsh-4.13.1\src\mesh\gmshCrossFields.cpp(1562,26): warning C4477: 'fprintf' : format string '%lu' requires an argument of type 'unsigned long', but variadic argument 8 has type 'unsigned __int64'
C:\OT\ThirdParty\gmsh\gmsh-4.13.1\src\mesh\gmshCrossFields.cpp(1608,28): warning C4477: 'fprintf' : format string '%lu' requires an argument of type 'unsigned long', but variadic argument 7 has type 'unsigned __int64'
C:\OT\ThirdParty\gmsh\gmsh-4.13.1\src\mesh\gmshCrossFields.cpp(1608,28): warning C4477: 'fprintf' : format string '%lu' requires an argument of type 'unsigned long', but variadic argument 8 has type 'unsigned __int64'
  linearSystemMUMPS.cpp
  linearSystemEigen.cpp
C:\OT\ThirdParty\gmsh\gmsh-4.13.1\src\mesh\gmshCrossFields.cpp(2145,14): warning C4477: 'printf' : format string '%lu' requires an argument of type 'unsigned long', but variadic argument 1 has type 'size_t'
C:\OT\ThirdParty\gmsh\gmsh-4.13.1\src\mesh\gmshCrossFields.cpp(2294,14): warning C4477: 'printf' : format string '%lu' requires an argument of type 'unsigned long', but variadic argument 1 has type 'unsigned __int64'
C:\OT\ThirdParty\gmsh\gmsh-4.13.1\src\mesh\gmshCrossFields.cpp(2294,14): warning C4477: 'printf' : format string '%lu' requires an argument of type 'unsigned long', but variadic argument 4 has type 'unsigned __int64'
C:\OT\ThirdParty\gmsh\gmsh-4.13.1\src\mesh\gmshCrossFields.cpp(3479,22): warning C4477: 'printf' : format string '%lu' requires an argument of type 'unsigned long', but variadic argument 1 has type 'size_t'
C:\OT\ThirdParty\gmsh\gmsh-4.13.1\src\mesh\gmshCrossFields.cpp(3479,22): warning C4477: 'printf' : format string '%lu' requires an argument of type 'unsigned long', but variadic argument 2 has type 'size_t'
C:\OT\ThirdParty\gmsh\gmsh-4.13.1\src\mesh\gmshCrossFields.cpp(3479,22): warning C4477: 'printf' : format string '%lu' requires an argument of type 'unsigned long', but variadic argument 3 has type 'size_t'
  dofManager.cpp
  groupOfElements.cpp
C:\OT\ThirdParty\gmsh\gmsh-4.13.1\contrib\gmm\gmm_inoutput.h(94,23): warning C4477: 'sscanf_s' : format string '%c' requires an argument of type 'unsigned int', but variadic argument 3 has type 'size_t'
C:\OT\ThirdParty\gmsh\gmsh-4.13.1\contrib\gmm\gmm_inoutput.h(103,29): warning C4477: 'sscanf_s' : format string '%c' requires an argument of type 'unsigned int', but variadic argument 2 has type 'size_t'
C:\OT\ThirdParty\gmsh\gmsh-4.13.1\contrib\gmm\gmm_inoutput.h(829,24): warning C4477: 'sscanf_s' : format string '%s' requires an argument of type 'unsigned int', but variadic argument 2 has type 'size_t'
C:\OT\ThirdParty\gmsh\gmsh-4.13.1\contrib\gmm\gmm_inoutput.h(829,24): warning C4477: 'sscanf_s' : format string '%s' requires an argument of type 'unsigned int', but variadic argument 4 has type 'size_t'
C:\OT\ThirdParty\gmsh\gmsh-4.13.1\contrib\gmm\gmm_inoutput.h(829,24): warning C4477: 'sscanf_s' : format string '%s' requires an argument of type 'unsigned int', but variadic argument 6 has type 'size_t'
C:\OT\ThirdParty\gmsh\gmsh-4.13.1\contrib\gmm\gmm_inoutput.h(829,24): warning C4477: 'sscanf_s' : format string '%s' requires an argument of type 'unsigned int', but variadic argument 8 has type 'size_t'
C:\OT\ThirdParty\gmsh\gmsh-4.13.1\contrib\gmm\gmm_inoutput.h(829,24): warning C4477: 'sscanf_s' : format string '%s' requires an argument of type 'unsigned int', but variadic argument 10 has type 'size_t'
  elasticityTerm.cpp
  elasticitySolver.cpp
  thermicSolver.cpp
C:\OT\ThirdParty\gmsh\gmsh-4.13.1\contrib\gmm\gmm_inoutput.h(94,23): warning C4477: 'sscanf_s' : format string '%c' requires an argument of type 'unsigned int', but variadic argument 3 has type 'size_t'
C:\OT\ThirdParty\gmsh\gmsh-4.13.1\contrib\gmm\gmm_inoutput.h(103,29): warning C4477: 'sscanf_s' : format string '%c' requires an argument of type 'unsigned int', but variadic argument 2 has type 'size_t'
C:\OT\ThirdParty\gmsh\gmsh-4.13.1\contrib\gmm\gmm_inoutput.h(829,24): warning C4477: 'sscanf_s' : format string '%s' requires an argument of type 'unsigned int', but variadic argument 2 has type 'size_t'
C:\OT\ThirdParty\gmsh\gmsh-4.13.1\contrib\gmm\gmm_inoutput.h(829,24): warning C4477: 'sscanf_s' : format string '%s' requires an argument of type 'unsigned int', but variadic argument 4 has type 'size_t'
C:\OT\ThirdParty\gmsh\gmsh-4.13.1\contrib\gmm\gmm_inoutput.h(829,24): warning C4477: 'sscanf_s' : format string '%s' requires an argument of type 'unsigned int', but variadic argument 6 has type 'size_t'
C:\OT\ThirdParty\gmsh\gmsh-4.13.1\contrib\gmm\gmm_inoutput.h(829,24): warning C4477: 'sscanf_s' : format string '%s' requires an argument of type 'unsigned int', but variadic argument 8 has type 'size_t'
C:\OT\ThirdParty\gmsh\gmsh-4.13.1\contrib\gmm\gmm_inoutput.h(829,24): warning C4477: 'sscanf_s' : format string '%s' requires an argument of type 'unsigned int', but variadic argument 10 has type 'size_t'
  SElement.cpp
  eigenSolver.cpp
  functionSpace.cpp
  filters.cpp
  frameSolver.cpp
  sparsityPattern.cpp
  STensor43.cpp
  STensor33.cpp
  STensor53.cpp
  STensor63.cpp
  terms.cpp
  PView.cpp
  PViewIO.cpp
  PViewIO_CGNS.cpp
  PViewVertexArrays.cpp
  PViewData.cpp
  PViewDataIO.cpp
  PViewX3D.cpp
  PViewDataList.cpp
  PViewDataListIO.cpp
  PViewDataGModel.cpp
  PViewDataGModelIO.cpp
  PViewDataGModelIO_MSH.cpp
C:\OT\ThirdParty\gmsh\gmsh-4.13.1\src\common\GmshSocket.h(297,22): warning C4996: 'strdup': The POSIX name for this item is deprecated. Instead, use the ISO C and C++ conformant name: _strdup. See online help for details.
  PViewDataGModelIO_MED.cpp
  PViewDataGModelIO_CGNS.cpp
  PViewOptions.cpp
  PViewFactory.cpp
  PViewAsSimpleFunction.cpp
  adaptiveData.cpp
  shapeFunctions.cpp
  OctreePost.cpp
  ColorTable.cpp
  Plugin.cpp
  PluginManager.cpp
  Levelset.cpp
  CutPlane.cpp
  CutSphere.cpp
C:\OT\ThirdParty\gmsh\gmsh-4.13.1\src\post\PViewDataGModelIO_MSH.cpp(203,21): warning C4477: 'fprintf' : format string '%lu' requires an argument of type 'unsigned long', but variadic argument 1 has type 'size_t'
C:\OT\ThirdParty\gmsh\gmsh-4.13.1\src\post\PViewDataGModelIO_MSH.cpp(208,21): warning C4477: 'fprintf' : format string '%lu' requires an argument of type 'unsigned long', but variadic argument 1 has type 'size_t'
C:\OT\ThirdParty\gmsh\gmsh-4.13.1\src\post\PViewDataGModelIO_MSH.cpp(211,21): warning C4477: 'fprintf' : format string '%lu' requires an argument of type 'unsigned long', but variadic argument 1 has type 'size_t'
C:\OT\ThirdParty\gmsh\gmsh-4.13.1\src\post\PViewDataGModelIO_MSH.cpp(249,21): warning C4477: 'fprintf' : format string '%lu' requires an argument of type 'unsigned long', but variadic argument 1 has type 'size_t'
C:\OT\ThirdParty\gmsh\gmsh-4.13.1\src\post\PViewDataGModelIO_MSH.cpp(254,21): warning C4477: 'fprintf' : format string '%lu' requires an argument of type 'unsigned long', but variadic argument 1 has type 'size_t'
C:\OT\ThirdParty\gmsh\gmsh-4.13.1\src\post\PViewDataGModelIO_MSH.cpp(257,21): warning C4477: 'fprintf' : format string '%lu' requires an argument of type 'unsigned long', but variadic argument 1 has type 'size_t'
  Isosurface.cpp
  Smooth.cpp
  CutParametric.cpp
  Lambda2.cpp
  Eigenvectors.cpp
  Eigenvalues.cpp
  StreamLines.cpp
  Particles.cpp
  CutGrid.cpp
  CutBox.cpp
  Transform.cpp
  LongitudeLatitude.cpp
  Triangulate.cpp
  Tetrahedralize.cpp
  Warp.cpp
  SphericalRaise.cpp
  Skin.cpp
  MathEval.cpp
  ModifyComponents.cpp
  ExtractElements.cpp
  MakeSimplex.cpp
  Integrate.cpp
  Gradient.cpp
  Curl.cpp
  Divergence.cpp
  Annotate.cpp
  Remove.cpp
  Probe.cpp
  MinMax.cpp
  HarmonicToTime.cpp
  ModulusPhase.cpp
  HomologyComputation.cpp
  HomologyPostProcessing.cpp
  Distance.cpp
  ExtractEdges.cpp
  NearestNeighbor.cpp
  AnalyseMeshQuality.cpp
  CurvedBndDist.cpp
  FieldFromAmplitudePhase.cpp
  Bubbles.cpp
  NearToFarField.cpp
  DiscretizationError.cpp
  Scal2Tens.cpp
  Scal2Vec.cpp
  CutMesh.cpp
  SpanningTree.cpp
  NewView.cpp
  SimplePartition.cpp
  Crack.cpp
  MeshSubEntities.cpp
  MeshVolume.cpp
  CVTRemesh.cpp
  ShowNeighborElements.cpp
  GaussPoints.cpp
  VoroMetal.cpp
  Summation.cpp
  BoundaryAngles.cpp
  MeshSizeFieldView.cpp
  Invisible.cpp
  FunctionManager.cpp
  gmshc.cpp
C:\OT\ThirdParty\gmsh\gmsh-4.13.1\api\gmshc.cpp(216,14): warning C4996: 'strdup': The POSIX name for this item is deprecated. Instead, use the ISO C and C++ conformant name: _strdup. See online help for details.
C:\OT\ThirdParty\gmsh\gmsh-4.13.1\api\gmshc.cpp(297,13): warning C4996: 'strdup': The POSIX name for this item is deprecated. Instead, use the ISO C and C++ conformant name: _strdup. See online help for details.
C:\OT\ThirdParty\gmsh\gmsh-4.13.1\api\gmshc.cpp(321,17): warning C4996: 'strdup': The POSIX name for this item is deprecated. Instead, use the ISO C and C++ conformant name: _strdup. See online help for details.
C:\OT\ThirdParty\gmsh\gmsh-4.13.1\api\gmshc.cpp(369,13): warning C4996: 'strdup': The POSIX name for this item is deprecated. Instead, use the ISO C and C++ conformant name: _strdup. See online help for details.
C:\OT\ThirdParty\gmsh\gmsh-4.13.1\api\gmshc.cpp(486,13): warning C4996: 'strdup': The POSIX name for this item is deprecated. Instead, use the ISO C and C++ conformant name: _strdup. See online help for details.
C:\OT\ThirdParty\gmsh\gmsh-4.13.1\api\gmshc.cpp(621,19): warning C4996: 'strdup': The POSIX name for this item is deprecated. Instead, use the ISO C and C++ conformant name: _strdup. See online help for details.
C:\OT\ThirdParty\gmsh\gmsh-4.13.1\api\gmshc.cpp(1382,20): warning C4996: 'strdup': The POSIX name for this item is deprecated. Instead, use the ISO C and C++ conformant name: _strdup. See online help for details.
C:\OT\ThirdParty\gmsh\gmsh-4.13.1\api\gmshc.cpp(2493,17): warning C4996: 'strdup': The POSIX name for this item is deprecated. Instead, use the ISO C and C++ conformant name: _strdup. See online help for details.
C:\OT\ThirdParty\gmsh\gmsh-4.13.1\api\gmshc.cpp(2539,14): warning C4996: 'strdup': The POSIX name for this item is deprecated. Instead, use the ISO C and C++ conformant name: _strdup. See online help for details.
C:\OT\ThirdParty\gmsh\gmsh-4.13.1\api\gmshc.cpp(4351,17): warning C4996: 'strdup': The POSIX name for this item is deprecated. Instead, use the ISO C and C++ conformant name: _strdup. See online help for details.
C:\OT\ThirdParty\gmsh\gmsh-4.13.1\api\gmshc.cpp(4536,14): warning C4996: 'strdup': The POSIX name for this item is deprecated. Instead, use the ISO C and C++ conformant name: _strdup. See online help for details.
C:\OT\ThirdParty\gmsh\gmsh-4.13.1\api\gmshc.cpp(4936,13): warning C4996: 'strdup': The POSIX name for this item is deprecated. Instead, use the ISO C and C++ conformant name: _strdup. See online help for details.
C:\OT\ThirdParty\gmsh\gmsh-4.13.1\api\gmshc.cpp(5156,14): warning C4996: 'strdup': The POSIX name for this item is deprecated. Instead, use the ISO C and C++ conformant name: _strdup. See online help for details.
  Options.cpp
C:\OT\ThirdParty\gmsh\gmsh-4.13.1\src\common\Options.cpp(749,20): warning C4477: 'sprintf' : format string '%lu' requires an argument of type 'unsigned long', but variadic argument 1 has type 'size_t'
  libol1.c
C:\OT\ThirdParty\gmsh\gmsh-4.13.1\src\common\libol1.c(425,18): warning C4244: '=': conversion from 'double' to 'int32_t', possible loss of data
C:\OT\ThirdParty\gmsh\gmsh-4.13.1\src\common\libol1.c(701,11): warning C4101: 'hex': unreferenced local variable
C:\OT\ThirdParty\gmsh\gmsh-4.13.1\src\common\libol1.c(811,45): warning C4244: '=': conversion from 'double' to 'int32_t', possible loss of data
C:\OT\ThirdParty\gmsh\gmsh-4.13.1\src\common\libol1.c(791,38): warning C4101: 'vec': unreferenced local variable
C:\OT\ThirdParty\gmsh\gmsh-4.13.1\src\common\libol1.c(880,45): warning C4244: '=': conversion from 'double' to 'int32_t', possible loss of data
C:\OT\ThirdParty\gmsh\gmsh-4.13.1\src\common\libol1.c(865,38): warning C4101: 'vec': unreferenced local variable
C:\OT\ThirdParty\gmsh\gmsh-4.13.1\src\common\libol1.c(1151,20): warning C4101: 'IdxTab': unreferenced local variable
C:\OT\ThirdParty\gmsh\gmsh-4.13.1\src\common\libol1.c(1237,20): warning C4101: 'IdxTab': unreferenced local variable
C:\OT\ThirdParty\gmsh\gmsh-4.13.1\src\common\libol1.c(1342,28): warning C4244: '=': conversion from 'double' to 'float', possible loss of data
C:\OT\ThirdParty\gmsh\gmsh-4.13.1\src\common\libol1.c(1369,31): warning C4244: '=': conversion from 'double' to 'float', possible loss of data
C:\OT\ThirdParty\gmsh\gmsh-4.13.1\src\common\libol1.c(1562,71): warning C4244: 'function': conversion from 'float' to 'char', possible loss of data
C:\OT\ThirdParty\gmsh\gmsh-4.13.1\src\common\libol1.c(1630,71): warning C4244: 'function': conversion from 'float' to 'char', possible loss of data
C:\OT\ThirdParty\gmsh\gmsh-4.13.1\src\common\libol1.c(1648,15): warning C4101: 'IdxTab': unreferenced local variable
C:\OT\ThirdParty\gmsh\gmsh-4.13.1\src\common\libol1.c(1648,11): warning C4101: 'j': unreferenced local variable
C:\OT\ThirdParty\gmsh\gmsh-4.13.1\src\common\libol1.c(2143,14): warning C4101: 'pos': unreferenced local variable
C:\OT\ThirdParty\gmsh\gmsh-4.13.1\src\common\libol1.c(2143,19): warning C4101: 'neg': unreferenced local variable
C:\OT\ThirdParty\gmsh\gmsh-4.13.1\src\common\libol1.c(2144,8): warning C4101: 'CurDis': unreferenced local variable
  robustPredicates.cpp
cl : command line  warning D9025: overriding '/W3' with '/w'
cl : command line  warning D9025: overriding '/W3' with '/w'
  Gmsh.tab.cpp
cl : command line  warning D9025: overriding '/W3' with '/w'
  Gmsh.yy.cpp
cl : command line  warning D9025: overriding '/W3' with '/w'
  OnelabClients.cpp
cl : command line  warning D9025: overriding '/W3' with '/w'
cl : command line  warning D9025: overriding '/W3' with '/w'
  OnelabMessage.cpp
  OnelabParser.cpp
cl : command line  warning D9025: overriding '/W3' with '/w'
cl : command line  warning D9025: overriding '/W3' with '/w'
cl : command line  warning D9025: overriding '/W3' with '/w'
cl : command line  warning D9025: overriding '/W3' with '/w'
cl : command line  warning D9025: overriding '/W3' with '/w'
cl : command line  warning D9025: overriding '/W3' with '/w'
  metamodel.cpp
cl : command line  warning D9025: overriding '/W3' with '/w'
  ANN.cpp
  bd_fix_rad_search.cpp
  bd_pr_search.cpp
  bd_search.cpp
  bd_tree.cpp
cl : command line  warning D9025: overriding '/W3' with '/w'
  brute.cpp
cl : command line  warning D9025: overriding '/W3' with '/w'
cl : command line  warning D9025: overriding '/W3' with '/w'
cl : command line  warning D9025: overriding '/W3' with '/w'
cl : command line  warning D9025: overriding '/W3' with '/w'
cl : command line  warning D9025: overriding '/W3' with '/w'
cl : command line  warning D9025: overriding '/W3' with '/w'
cl : command line  warning D9025: overriding '/W3' with '/w'
  kd_dump.cpp
  kd_fix_rad_search.cpp
  kd_pr_search.cpp
  kd_search.cpp
  kd_split.cpp
  kd_tree.cpp
  kd_util.cpp
  perf.cpp
C:\Program Files\Microsoft Visual Studio\2022\Community\VC\Tools\MSVC\14.40.33807\include\stdint.h(49,9): warning C4005: 'INT8_MIN': macro redefinition
C:\Program Files\Microsoft Visual Studio\2022\Community\VC\Tools\MSVC\14.40.33807\include\stdint.h(50,9): warning C4005: 'INT16_MIN': macro redefinition
C:\Program Files\Microsoft Visual Studio\2022\Community\VC\Tools\MSVC\14.40.33807\include\stdint.h(51,9): warning C4005: 'INT32_MIN': macro redefinition
C:\Program Files\Microsoft Visual Studio\2022\Community\VC\Tools\MSVC\14.40.33807\include\stdint.h(53,9): warning C4005: 'INT8_MAX': macro redefinition
C:\Program Files\Microsoft Visual Studio\2022\Community\VC\Tools\MSVC\14.40.33807\include\stdint.h(54,9): warning C4005: 'INT16_MAX': macro redefinition
C:\Program Files\Microsoft Visual Studio\2022\Community\VC\Tools\MSVC\14.40.33807\include\stdint.h(55,9): warning C4005: 'INT32_MAX': macro redefinition
C:\Program Files\Microsoft Visual Studio\2022\Community\VC\Tools\MSVC\14.40.33807\include\stdint.h(57,9): warning C4005: 'UINT8_MAX': macro redefinition
C:\Program Files\Microsoft Visual Studio\2022\Community\VC\Tools\MSVC\14.40.33807\include\stdint.h(58,9): warning C4005: 'UINT16_MAX': macro redefinition
C:\Program Files\Microsoft Visual Studio\2022\Community\VC\Tools\MSVC\14.40.33807\include\stdint.h(59,9): warning C4005: 'UINT32_MAX': macro redefinition
  ap.cpp
  alglibinternal.cpp
  alglibmisc.cpp
  linalg.cpp
  optimization.cpp
  solvers.cpp
  Integration3D.cpp
  recurCut.cpp
  gmp_normal_form.cpp
  gmp_matrix_io.cpp
  gmp_matrix.cpp
  gmp_blas.cpp
  mpz.cpp
  mathex.cpp
  tinyxml2.cpp
  voro++.cc
  HighOrderMeshOptimizer.cpp
  HighOrderMeshElasticAnalogy.cpp
  HighOrderMeshFastCurving.cpp
  HighOrderMeshPeriodicity.cpp
  MetaEl.cpp
  BoundaryLayerCurver2D.cpp
  BoundaryLayerCurver3D.cpp
  MeshOptimizer.cpp
  MeshOpt.cpp
  MeshOptCommon.cpp
  Patch.cpp
  ObjectiveFunction.cpp
  ObjContrib.cpp
  ObjContribFunc.cpp
  VertexCoord.cpp
  CADDistances.cpp
  IntegralBoundaryDist.cpp
  MeshQualityOptimizer.cpp
  directions3D.cpp
  simple3D.cpp
  pointInsertion.cpp
  pointInsertionRTreeTools.cpp
  yamakawa.cpp
  ThinLayer.cpp
  surfaceFiller.cpp
  BGMBase.cpp
  BackgroundMesh2D.cpp
  BackgroundMesh3D.cpp
  BackgroundMeshManager.cpp
  QuadTriExtruded2D.cpp
  QuadTriExtruded3D.cpp
  QuadTriTransfinite3D.cpp
  QuadTriUtils.cpp
  untangle3d.cpp
  pointset.cpp
  polyline.cpp
  vec.cpp
  volume.cpp
  surface.cpp
  HLBFGS_wrapper.cpp
  LineSearch.cpp
  HLBFGS.cpp
  HLBFGS_BLAS.cpp
  Lite_Sparse_Matrix.cpp
  ICFS.cpp
  nglib_gmsh.cpp
  array.cpp
  bitarray.cpp
  hashtabl.cpp
  symbolta.cpp
  table.cpp
  flags.cpp
  spbita2d.cpp
  seti.cpp
  optmem.cpp
  mystring.cpp
  parthreads.cpp
  dynamicmem.cpp
  ngexception.cpp
  profiler.cpp
  densemat.cpp
  polynomial.cpp
  bfgs.cpp
  linopt.cpp
  linsearch.cpp
  geom2d.cpp
  geom3d.cpp
  geomtest3d.cpp
  adtree.cpp
  transform3d.cpp
  geomfuncs.cpp
  meshclass.cpp
  adfront2.cpp
  adfront3.cpp
  geomsearch.cpp
  global.cpp
  meshtool.cpp
  netrule2.cpp
  netrule3.cpp
  parser2.cpp
  parser3.cpp
  ruler2.cpp
  ruler3.cpp
  meshtype.cpp
  improve2.cpp
  smoothing2.5.cpp
  smoothing2.cpp
  improve3.cpp
  smoothing3.cpp
  improve2gen.cpp
  meshing2.cpp
  meshing3.cpp
  localh.cpp
  delaunay.cpp
  topology.cpp
  clusters.cpp
  tetrarls.cpp
  triarls.cpp
  quadrls.cpp
  meshfunc.cpp
  bisect.cpp
  boundarylayer.cpp
  specials.cpp
  msghandler.cpp
  pyramidrls.cpp
  pyramid2rls.cpp
  prism2rls.cpp
  curvedelems.cpp
  validate.cpp
  basegeom.cpp
  Mesh2d.cpp
  bamg-gmsh.cpp
  Mesh2.cpp
  MeshGeom.cpp
  MeshRead.cpp
  Metric.cpp
  R2.cpp
  MeshDraw.cpp
  MeshQuad.cpp
  MeshWrite.cpp
  Meshio.cpp
  QuadTree.cpp
  SetOfE4.cpp
  algorithms.cpp
  candidate_cell.cpp
  compute_candidate_cells.cpp
  hxt_combine_c_api.cpp
  hxt_combine_cpp_api.cpp
  tet_mesh.cpp
  hxt_quality.cpp
  cell_types.cpp
  hxt_boundary_recovery.cxx
  qmtMeshGeometryOptimization.cpp
  qmtDiskQuadrangulationRemeshing.cpp
  qmtQuadCavityRemeshing.cpp
  qmtCrossField.cpp
  qmtCurveQuantization.cpp
  qmtSizeMap.cpp
  qmtMeshUtils.cpp
  arrayGeometry.cpp
  cppUtils.cpp
  geolog.cpp
  row_echelon_integer.cpp
  winslowUntangler.cpp
  meshSurfaceUntangling.cpp
  meshVolumeUntangling.cpp
cl : command line  warning D9025: overriding '/W3' with '/w'
cl : command line  warning D9025: overriding '/W3' with '/w'
  b64.c
cl : command line  warning D9025: overriding '/W3' with '/w'
cl : command line  warning D9025: overriding '/W3' with '/w'
  blas.c
  csr.c
cl : command line  warning D9025: overriding '/W3' with '/w'
cl : command line  warning D9025: overriding '/W3' with '/w'
cl : command line  warning D9025: overriding '/W3' with '/w'
  error.c
  evaluate.c
  fkvkselect.c
cl : command line  warning D9025: overriding '/W3' with '/w'
cl : command line  warning D9025: overriding '/W3' with '/w'
cl : command line  warning D9025: overriding '/W3' with '/w'
  fs.c
cl : command line  warning D9025: overriding '/W3' with '/w'
  getopt.c
  gkregex.c
cl : command line  warning D9025: overriding '/W3' with '/w'
cl : command line  warning D9025: overriding '/W3' with '/w'
cl : command line  warning D9025: overriding '/W3' with '/w'
cl : command line  warning D9025: overriding '/W3' with '/w'
  htable.c
cl : command line  warning D9025: overriding '/W3' with '/w'
cl : command line  warning D9025: overriding '/W3' with '/w'
cl : command line  warning D9025: overriding '/W3' with '/w'
cl : command line  warning D9025: overriding '/W3' with '/w'
cl : command line  warning D9025: overriding '/W3' with '/w'
cl : command line  warning D9025: overriding '/W3' with '/w'
  io.c
  itemsets.c
  mcore.c
  memory.c
  omp.c
  pdb.c
  pqueue.c
  random.c
  rw.c
  seq.c
C:\Program Files (x86)\Windows Kits\10\Include\10.0.22621.0\ucrt\corecrt_math.h(88,9): warning C4005: 'INFINITY': macro redefinition
C:\Program Files (x86)\Windows Kits\10\Include\10.0.22621.0\ucrt\corecrt_math.h(88,9): warning C4005: 'INFINITY': macro redefinition
C:\Program Files (x86)\Windows Kits\10\Include\10.0.22621.0\ucrt\corecrt_math.h(88,9): warning C4005: 'INFINITY': macro redefinition
C:\Program Files (x86)\Windows Kits\10\Include\10.0.22621.0\ucrt\corecrt_math.h(88,9): warning C4005: 'INFINITY': macro redefinition
C:\Program Files (x86)\Windows Kits\10\Include\10.0.22621.0\ucrt\corecrt_math.h(88,9): warning C4005: 'INFINITY': macro redefinition
  string.c
C:\Program Files (x86)\Windows Kits\10\Include\10.0.22621.0\ucrt\corecrt_math.h(88,9): warning C4005: 'INFINITY': macro redefinition
C:\Program Files (x86)\Windows Kits\10\Include\10.0.22621.0\ucrt\corecrt_math.h(88,9): warning C4005: 'INFINITY': macro redefinition
C:\Program Files (x86)\Windows Kits\10\Include\10.0.22621.0\ucrt\corecrt_math.h(88,9): warning C4005: 'INFINITY': macro redefinition
C:\Program Files (x86)\Windows Kits\10\Include\10.0.22621.0\ucrt\corecrt_math.h(88,9): warning C4005: 'INFINITY': macro redefinition
C:\Program Files (x86)\Windows Kits\10\Include\10.0.22621.0\ucrt\corecrt_math.h(88,9): warning C4005: 'INFINITY': macro redefinition
C:\Program Files (x86)\Windows Kits\10\Include\10.0.22621.0\ucrt\corecrt_math.h(88,9): warning C4005: 'INFINITY': macro redefinition
C:\Program Files (x86)\Windows Kits\10\Include\10.0.22621.0\ucrt\corecrt_math.h(88,9): warning C4005: 'INFINITY': macro redefinition
C:\Program Files (x86)\Windows Kits\10\Include\10.0.22621.0\ucrt\corecrt_math.h(88,9): warning C4005: 'INFINITY': macro redefinition
C:\Program Files (x86)\Windows Kits\10\Include\10.0.22621.0\ucrt\corecrt_math.h(88,9): warning C4005: 'INFINITY': macro redefinition
  timers.c
C:\Program Files (x86)\Windows Kits\10\Include\10.0.22621.0\ucrt\corecrt_math.h(88,9): warning C4005: 'INFINITY': macro redefinition
C:\Program Files (x86)\Windows Kits\10\Include\10.0.22621.0\ucrt\corecrt_math.h(88,9): warning C4005: 'INFINITY': macro redefinition
C:\Program Files (x86)\Windows Kits\10\Include\10.0.22621.0\ucrt\corecrt_math.h(88,9): warning C4005: 'INFINITY': macro redefinition
C:\Program Files (x86)\Windows Kits\10\Include\10.0.22621.0\ucrt\corecrt_math.h(88,9): warning C4005: 'INFINITY': macro redefinition
  tokenizer.c
C:\Program Files (x86)\Windows Kits\10\Include\10.0.22621.0\ucrt\corecrt_math.h(88,9): warning C4005: 'INFINITY': macro redefinition
C:\Program Files (x86)\Windows Kits\10\Include\10.0.22621.0\ucrt\corecrt_math.h(88,9): warning C4005: 'INFINITY': macro redefinition
  auxapi.c
  balance.c
C:\Program Files (x86)\Windows Kits\10\Include\10.0.22621.0\ucrt\corecrt_math.h(88,9): warning C4005: 'INFINITY': macro redefinition
C:\Program Files (x86)\Windows Kits\10\Include\10.0.22621.0\ucrt\corecrt_math.h(88,9): warning C4005: 'INFINITY': macro redefinition
  bucketsort.c
  checkgraph.c
  coarsen.c
  compress.c
C:\Program Files (x86)\Windows Kits\10\Include\10.0.22621.0\ucrt\corecrt_math.h(88,9): warning C4005: 'INFINITY': macro redefinition
C:\Program Files (x86)\Windows Kits\10\Include\10.0.22621.0\ucrt\corecrt_math.h(88,9): warning C4005: 'INFINITY': macro redefinition
C:\Program Files (x86)\Windows Kits\10\Include\10.0.22621.0\ucrt\corecrt_math.h(88,9): warning C4005: 'INFINITY': macro redefinition
  contig.c
  debug.c
C:\Program Files (x86)\Windows Kits\10\Include\10.0.22621.0\ucrt\corecrt_math.h(88,9): warning C4005: 'INFINITY': macro redefinition
C:\Program Files (x86)\Windows Kits\10\Include\10.0.22621.0\ucrt\corecrt_math.h(88,9): warning C4005: 'INFINITY': macro redefinition
C:\Program Files (x86)\Windows Kits\10\Include\10.0.22621.0\ucrt\corecrt_math.h(88,9): warning C4005: 'INFINITY': macro redefinition
C:\Program Files (x86)\Windows Kits\10\Include\10.0.22621.0\ucrt\corecrt_math.h(88,9): warning C4005: 'INFINITY': macro redefinition
  fm.c
  fortran.c
  frename.c
  gklib.c
  initpart.c
  kmetis.c
  kwayfm.c
  kwayrefine.c
  mcutil.c
  mesh.c
  meshpart.c
  minconn.c
C:\Program Files (x86)\Windows Kits\10\Include\10.0.22621.0\ucrt\corecrt_math.h(88,9): warning C4005: 'INFINITY': macro redefinition
  mincover.c
C:\Program Files (x86)\Windows Kits\10\Include\10.0.22621.0\ucrt\corecrt_math.h(88,9): warning C4005: 'INFINITY': macro redefinition
C:\Program Files (x86)\Windows Kits\10\Include\10.0.22621.0\ucrt\corecrt_math.h(88,9): warning C4005: 'INFINITY': macro redefinition
  mmd.c
C:\Program Files (x86)\Windows Kits\10\Include\10.0.22621.0\ucrt\corecrt_math.h(88,9): warning C4005: 'INFINITY': macro redefinition
C:\Program Files (x86)\Windows Kits\10\Include\10.0.22621.0\ucrt\corecrt_math.h(88,9): warning C4005: 'INFINITY': macro redefinition
C:\Program Files (x86)\Windows Kits\10\Include\10.0.22621.0\ucrt\corecrt_math.h(88,9): warning C4005: 'INFINITY': macro redefinition
C:\Program Files (x86)\Windows Kits\10\Include\10.0.22621.0\ucrt\corecrt_math.h(88,9): warning C4005: 'INFINITY': macro redefinition
  ometis.c
C:\Program Files (x86)\Windows Kits\10\Include\10.0.22621.0\ucrt\corecrt_math.h(88,9): warning C4005: 'INFINITY': macro redefinition
  pmetis.c
C:\Program Files (x86)\Windows Kits\10\Include\10.0.22621.0\ucrt\corecrt_math.h(88,9): warning C4005: 'INFINITY': macro redefinition
C:\Program Files (x86)\Windows Kits\10\Include\10.0.22621.0\ucrt\corecrt_math.h(88,9): warning C4005: 'INFINITY': macro redefinition
C:\Program Files (x86)\Windows Kits\10\Include\10.0.22621.0\ucrt\corecrt_math.h(88,9): warning C4005: 'INFINITY': macro redefinition
C:\Program Files (x86)\Windows Kits\10\Include\10.0.22621.0\ucrt\corecrt_math.h(88,9): warning C4005: 'INFINITY': macro redefinition
C:\Program Files (x86)\Windows Kits\10\Include\10.0.22621.0\ucrt\corecrt_math.h(88,9): warning C4005: 'INFINITY': macro redefinition
C:\Program Files (x86)\Windows Kits\10\Include\10.0.22621.0\ucrt\corecrt_math.h(88,9): warning C4005: 'INFINITY': macro redefinition
C:\Program Files (x86)\Windows Kits\10\Include\10.0.22621.0\ucrt\corecrt_math.h(88,9): warning C4005: 'INFINITY': macro redefinition
  separator.c
C:\Program Files (x86)\Windows Kits\10\Include\10.0.22621.0\ucrt\corecrt_math.h(88,9): warning C4005: 'INFINITY': macro redefinition
C:\Program Files (x86)\Windows Kits\10\Include\10.0.22621.0\ucrt\corecrt_math.h(88,9): warning C4005: 'INFINITY': macro redefinition
C:\Program Files (x86)\Windows Kits\10\Include\10.0.22621.0\ucrt\corecrt_math.h(88,9): warning C4005: 'INFINITY': macro redefinition
  sfm.c
  srefine.c
  stat.c
  timing.c
  wspace.c
  bigguy.c
  connect.c
  cut_st.c
C:\Program Files (x86)\Windows Kits\10\Include\10.0.22621.0\ucrt\corecrt_math.h(88,9): warning C4005: 'INFINITY': macro redefinition
  mincut.c
  segments.c
  shrink.c
  edgegen.c
  xnear.c
  fmatch.c
  kdbuild.c
C:\Program Files (x86)\Windows Kits\10\Include\10.0.22621.0\ucrt\corecrt_math.h(88,9): warning C4005: 'INFINITY': macro redefinition
  kdnear.c
  kdspan.c
C:\Program Files (x86)\Windows Kits\10\Include\10.0.22621.0\ucrt\corecrt_math.h(88,9): warning C4005: 'INFINITY': macro redefinition
  kdtwoopt.c
C:\Program Files (x86)\Windows Kits\10\Include\10.0.22621.0\ucrt\corecrt_math.h(88,9): warning C4005: 'INFINITY': macro redefinition
C:\Program Files (x86)\Windows Kits\10\Include\10.0.22621.0\ucrt\corecrt_math.h(88,9): warning C4005: 'INFINITY': macro redefinition
C:\Program Files (x86)\Windows Kits\10\Include\10.0.22621.0\ucrt\corecrt_math.h(88,9): warning C4005: 'INFINITY': macro redefinition
  flip_ll8.c
  linkern.c
  lpsolve.c
  bcontrol.c
  branch.c
  cliqhash.c
  cliqwork.c
  control.c
  cutcall.c
  cutpool.c
  edgemap.c
  ex_price.c
  generate.c
  prob_io.c
  qsparse.c
  teething.c
  tighten.c
  tsp_lp.c
  xtour.c
  allocrus.c
  bgetopt.c
  dheaps_i.c
  edg2cyc.c
  edgelen.c
  fastread.c
  genhash.c
  getdata.c
  priority.c
  safe_io.c
  sortrus.c
  urandom.c
  zeit.c
  Xallcuts.c
  Xblobs.c
  Xblock.c
  Xblossom.c
  Xcclean.c
  Xclique.c
  Xcuthash.c
  Xcutload.c
  Xcuts.c
  Xcututil.c
  Xflow.c
  Xgomhu.c
  Xgraph.c
  Xnecklac.c
  Xnewkids.c
  Xourallo.c
  Xpqnew.c
  Xshrink.c
  Xstuff.c
  match.c
  matprice.c
  MarchingCubes.c
  nii2mesh.c
  isolevel.c
  meshify.c
  quadric.c
  base64.c
  bwlabel.c
  radixsort.c
  hxt_bbox.c
  hxt_mesh.c
  hxt_message.c
  hxt_sort.c
  hxt_curvature.c
  hxt_edge.c
  hxt_linear_system.c
  hxt_linear_system_lu.c
  hxt_linear_system_petsc.c
  hxt_mean_values.c
  hxt_non_linear_solver.c
  hxt_edgeRemoval.c
  hxt_smoothing.c
  HXTSPR.c
  hxt_tetColor.c
  hxt_tetDelaunay.c
  hxt_tetDelaunayReshape.c
  hxt_tetFlag.c
  hxt_tetMesh.c
  hxt_tetNodalSize.c
  hxt_tetOpti.c
  hxt_tetQuality.c
  hxt_tetRefine.c
  hxt_tetRepair.c
  hxt_tetSync.c
  hxt_tetUtils.c
  hxt_vertices.c
cl : command line  warning D9025: overriding '/W3' with '/w'
  graph.c
C:\Program Files (x86)\Windows Kits\10\Include\10.0.22621.0\ucrt\corecrt_math.h(88,9): warning C4005: 'INFINITY': macro redefinition
cl : command line  warning D9025: overriding '/W3' with '/w'
  sort.c
C:\Program Files (x86)\Windows Kits\10\Include\10.0.22621.0\ucrt\corecrt_math.h(88,9): warning C4005: 'INFINITY': macro redefinition
cl : command line  warning D9025: overriding '/W3' with '/w'
  util.c
C:\Program Files (x86)\Windows Kits\10\Include\10.0.22621.0\ucrt\corecrt_math.h(88,9): warning C4005: 'INFINITY': macro redefinition
cl : command line  warning D9025: overriding '/W3' with '/w'
  graph.c
C:\Program Files (x86)\Windows Kits\10\Include\10.0.22621.0\ucrt\corecrt_math.h(88,9): warning C4005: 'INFINITY': macro redefinition
cl : command line  warning D9025: overriding '/W3' with '/w'
  options.c
C:\Program Files (x86)\Windows Kits\10\Include\10.0.22621.0\ucrt\corecrt_math.h(88,9): warning C4005: 'INFINITY': macro redefinition
cl : command line  warning D9025: overriding '/W3' with '/w'
  refine.c
C:\Program Files (x86)\Windows Kits\10\Include\10.0.22621.0\ucrt\corecrt_math.h(88,9): warning C4005: 'INFINITY': macro redefinition
cl : command line  warning D9025: overriding '/W3' with '/w'
  util.c
C:\Program Files (x86)\Windows Kits\10\Include\10.0.22621.0\ucrt\corecrt_math.h(88,9): warning C4005: 'INFINITY': macro redefinition
cl : command line  warning D9025: overriding '/W3' with '/w'
  util.c
cl : command line  warning D9025: overriding '/W3' with '/w'
  sort.cpp
cl : command line  warning D9025: overriding '/W3' with '/w'
  refine.cpp
cl : command line  warning D9025: overriding '/W3' with '/w'
  predicates.c
     Creating library C:/OT/ThirdParty/gmsh/gmsh-4.13.1/build_Win64/Release/gmsh.lib and object C:/OT/ThirdParty/gmsh/gmsh-4.13.1/build_Win64/Release/gmsh.exp
  shared.vcxproj -> C:\OT\ThirdParty\gmsh\gmsh-4.13.1\build_Win64\Release\gmsh.dll
