  Building Custom Rule C:/Daten/Projekte/SimulationPlatform/Third_Party_Libraries/vtk/VTK-9.0.3/Common/Transforms/CMakeLists.txt
  CMake does not need to re-run because C:/Daten/Projekte/SimulationPlatform/Third_Party_Libraries/vtk/VTK-9.0.3/build_Win64/Common/Transforms/CMakeFiles/generate.stamp is up-to-date.
  vtkAbstractTransform.cxx
  vtkCylindricalTransform.cxx
  vtkGeneralTransform.cxx
  vtkHomogeneousTransform.cxx
  vtkIdentityTransform.cxx
  vtkLandmarkTransform.cxx
  vtkLinearTransform.cxx
  vtkMatrixToHomogeneousTransform.cxx
  vtkMatrixToLinearTransform.cxx
  vtkPerspectiveTransform.cxx
  vtkSphericalTransform.cxx
  vtkThinPlateSplineTransform.cxx
  vtkTransform.cxx
  vtkTransform2D.cxx
  vtkTransformCollection.cxx
  vtkWarpTransform.cxx
  Generating Code...
     Creating library C:/Daten/Projekte/SimulationPlatform/Third_Party_Libraries/vtk/VTK-9.0.3/build_Win64/lib/Release/vtkCommonTransforms-9.0.lib and object C:/Daten/Projekte/SimulationPlatform/Third_Party_Libraries/vtk/VTK-9.0.3/build_Win64/lib/Release/vtkCommonTransforms-9.0.exp
  CommonTransforms.vcxproj -> C:\Daten\Projekte\SimulationPlatform\Third_Party_Libraries\vtk\VTK-9.0.3\build_Win64\bin\Release\vtkCommonTransforms-9.0.dll
