  Building Custom Rule C:/Daten/Projekte/SimulationPlatform/Third_Party_Libraries/vtk/VTK-9.0.3/Parallel/DIY/CMakeLists.txt
  CMake does not need to re-run because C:/Daten/Projekte/SimulationPlatform/Third_Party_Libraries/vtk/VTK-9.0.3/build_Win64/Parallel/DIY/CMakeFiles/generate.stamp is up-to-date.
  vtkDIYUtilities.cxx
c:\daten\projekte\simulationplatform\third_party_libraries\vtk\vtk-9.0.3\thirdparty\diy2\vtkdiy2\include\vtkdiy2\mpi/communicator.hpp(166): warning C4100: 'key': unreferenced formal parameter
c:\daten\projekte\simulationplatform\third_party_libraries\vtk\vtk-9.0.3\thirdparty\diy2\vtkdiy2\include\vtkdiy2\mpi/communicator.hpp(166): warning C4100: 'color': unreferenced formal parameter
c:\daten\projekte\simulationplatform\third_party_libraries\vtk\vtk-9.0.3\thirdparty\diy2\vtkdiy2\include\vtkdiy2\mpi/communicator.hpp(196): warning C4100: 'other': unreferenced formal parameter
c:\daten\projekte\simulationplatform\third_party_libraries\vtk\vtk-9.0.3\thirdparty\diy2\vtkdiy2\include\vtkdiy2\dynamic-point.hpp(39): warning C4267: 'return': conversion from 'size_t' to 'unsigned int', possible loss of data
  c:\daten\projekte\simulationplatform\third_party_libraries\vtk\vtk-9.0.3\thirdparty\diy2\vtkdiy2\include\vtkdiy2\dynamic-point.hpp(39): note: while compiling class template member function 'unsigned int vtkdiy2::DynamicPoint<int,4>::dimension(void) const'
  C:\Daten\Projekte\SimulationPlatform\Third_Party_Libraries\vtk\VTK-9.0.3\ThirdParty\diy2\vtkdiy2/include/vtkdiy2/types.hpp(78): note: see reference to function template instantiation 'unsigned int vtkdiy2::DynamicPoint<int,4>::dimension(void) const' being compiled
  C:\Daten\Projekte\SimulationPlatform\Third_Party_Libraries\vtk\VTK-9.0.3\ThirdParty\diy2\vtkdiy2/include/vtkdiy2/types.hpp(24): note: see reference to class template instantiation 'vtkdiy2::DynamicPoint<int,4>' being compiled
  C:\Daten\Projekte\SimulationPlatform\Third_Party_Libraries\vtk\VTK-9.0.3\ThirdParty\diy2\vtkdiy2/include/vtkdiy2/types.hpp(38): note: see reference to class template instantiation 'vtkdiy2::Bounds<int>' being compiled
  vtkDIYExplicitAssigner.cxx
c:\daten\projekte\simulationplatform\third_party_libraries\vtk\vtk-9.0.3\thirdparty\diy2\vtkdiy2\include\vtkdiy2\mpi/communicator.hpp(166): warning C4100: 'key': unreferenced formal parameter
c:\daten\projekte\simulationplatform\third_party_libraries\vtk\vtk-9.0.3\thirdparty\diy2\vtkdiy2\include\vtkdiy2\mpi/communicator.hpp(166): warning C4100: 'color': unreferenced formal parameter
c:\daten\projekte\simulationplatform\third_party_libraries\vtk\vtk-9.0.3\thirdparty\diy2\vtkdiy2\include\vtkdiy2\mpi/communicator.hpp(196): warning C4100: 'other': unreferenced formal parameter
c:\daten\projekte\simulationplatform\third_party_libraries\vtk\vtk-9.0.3\thirdparty\diy2\vtkdiy2\include\vtkdiy2\mpi/window.hpp(84): warning C4100: 'rank': unreferenced formal parameter
  c:\daten\projekte\simulationplatform\third_party_libraries\vtk\vtk-9.0.3\thirdparty\diy2\vtkdiy2\include\vtkdiy2\mpi/window.hpp(85): note: while compiling class template member function 'void vtkdiy2::mpi::window<int>::put(const T &,int,unsigned int)'
          with
          [
              T=int
          ]
  C:\Daten\Projekte\SimulationPlatform\Third_Party_Libraries\vtk\VTK-9.0.3\ThirdParty\diy2\vtkdiy2/include/vtkdiy2/assigner.hpp(251): note: see reference to function template instantiation 'void vtkdiy2::mpi::window<int>::put(const T &,int,unsigned int)' being compiled
          with
          [
              T=int
          ]
  C:\Daten\Projekte\SimulationPlatform\Third_Party_Libraries\vtk\VTK-9.0.3\ThirdParty\diy2\vtkdiy2/include/vtkdiy2/assigner.hpp(135): note: see reference to class template instantiation 'vtkdiy2::mpi::window<int>' being compiled
c:\daten\projekte\simulationplatform\third_party_libraries\vtk\vtk-9.0.3\thirdparty\diy2\vtkdiy2\include\vtkdiy2\mpi/window.hpp(117): warning C4100: 'rank': unreferenced formal parameter
  c:\daten\projekte\simulationplatform\third_party_libraries\vtk\vtk-9.0.3\thirdparty\diy2\vtkdiy2\include\vtkdiy2\mpi/window.hpp(118): note: while compiling class template member function 'void vtkdiy2::mpi::window<int>::get(T &,int,unsigned int)'
          with
          [
              T=int
          ]
  C:\Daten\Projekte\SimulationPlatform\Third_Party_Libraries\vtk\VTK-9.0.3\ThirdParty\diy2\vtkdiy2/include/vtkdiy2/assigner.hpp(204): note: see reference to function template instantiation 'void vtkdiy2::mpi::window<int>::get(T &,int,unsigned int)' being compiled
          with
          [
              T=int
          ]
c:\daten\projekte\simulationplatform\third_party_libraries\vtk\vtk-9.0.3\thirdparty\diy2\vtkdiy2\include\vtkdiy2\mpi/window.hpp(180): warning C4100: 'assert': unreferenced formal parameter
  c:\daten\projekte\simulationplatform\third_party_libraries\vtk\vtk-9.0.3\thirdparty\diy2\vtkdiy2\include\vtkdiy2\mpi/window.hpp(181): note: while compiling class template member function 'void vtkdiy2::mpi::window<int>::lock_all(int)'
  C:\Daten\Projekte\SimulationPlatform\Third_Party_Libraries\vtk\VTK-9.0.3\ThirdParty\diy2\vtkdiy2/include/vtkdiy2/assigner.hpp(112): note: see reference to function template instantiation 'void vtkdiy2::mpi::window<int>::lock_all(int)' being compiled
c:\daten\projekte\simulationplatform\third_party_libraries\vtk\vtk-9.0.3\thirdparty\diy2\vtkdiy2\include\vtkdiy2\mpi/window.hpp(247): warning C4100: 'rank': unreferenced formal parameter
  c:\daten\projekte\simulationplatform\third_party_libraries\vtk\vtk-9.0.3\thirdparty\diy2\vtkdiy2\include\vtkdiy2\mpi/window.hpp(248): note: while compiling class template member function 'void vtkdiy2::mpi::window<int>::flush(int)'
  C:\Daten\Projekte\SimulationPlatform\Third_Party_Libraries\vtk\VTK-9.0.3\ThirdParty\diy2\vtkdiy2/include/vtkdiy2/assigner.hpp(254): note: see reference to function template instantiation 'void vtkdiy2::mpi::window<int>::flush(int)' being compiled
c:\daten\projekte\simulationplatform\third_party_libraries\vtk\vtk-9.0.3\thirdparty\diy2\vtkdiy2\include\vtkdiy2\mpi/window.hpp(267): warning C4100: 'rank': unreferenced formal parameter
  c:\daten\projekte\simulationplatform\third_party_libraries\vtk\vtk-9.0.3\thirdparty\diy2\vtkdiy2\include\vtkdiy2\mpi/window.hpp(268): note: while compiling class template member function 'void vtkdiy2::mpi::window<int>::flush_local(int)'
  C:\Daten\Projekte\SimulationPlatform\Third_Party_Libraries\vtk\VTK-9.0.3\ThirdParty\diy2\vtkdiy2/include/vtkdiy2/assigner.hpp(217): note: see reference to function template instantiation 'void vtkdiy2::mpi::window<int>::flush_local(int)' being compiled
  Generating Code...
     Creating library C:/Daten/Projekte/SimulationPlatform/Third_Party_Libraries/vtk/VTK-9.0.3/build_Win64/lib/Release/vtkParallelDIY-9.0.lib and object C:/Daten/Projekte/SimulationPlatform/Third_Party_Libraries/vtk/VTK-9.0.3/build_Win64/lib/Release/vtkParallelDIY-9.0.exp
  ParallelDIY.vcxproj -> C:\Daten\Projekte\SimulationPlatform\Third_Party_Libraries\vtk\VTK-9.0.3\build_Win64\bin\Release\vtkParallelDIY-9.0.dll
