  Generating vtkDepthOfFieldPassFS.h, vtkDepthOfFieldPassFS.cxx
  Generating vtkDepthPeelingPassFinalFS.h, vtkDepthPeelingPassFinalFS.cxx
  Generating vtkDepthPeelingPassIntermediateFS.h, vtkDepthPeelingPassIntermediateFS.cxx
  Generating vtkEDLBilateralFilterFS.h, vtkEDLBilateralFilterFS.cxx
  Generating vtkEDLComposeFS.h, vtkEDLComposeFS.cxx
  Generating vtkEDLShadeFS.h, vtkEDLShadeFS.cxx
  Generating vtkFXAAFilterFS.h, vtkFXAAFilterFS.cxx
  Generating vtkFluidMapperDepthFilterBiGaussFS.h, vtkFluidMapperDepthFilterBiGaussFS.cxx
  Generating vtkFluidMapperDepthFilterNarrowRangeFS.h, vtkFluidMapperDepthFilterNarrowRangeFS.cxx
  Generating vtkFluidMapperSurfaceNormalFS.h, vtkFluidMapperSurfaceNormalFS.cxx
  Generating vtkFluidMapperThicknessAndVolumeColorFilterFS.h, vtkFluidMapperThicknessAndVolumeColorFilterFS.cxx
  Generating vtkFluidMapperFS.h, vtkFluidMapperFS.cxx
  Generating vtkFluidMapperFinalFS.h, vtkFluidMapperFinalFS.cxx
  Generating vtkFluidMapperGS.h, vtkFluidMapperGS.cxx
  Generating vtkFluidMapperVS.h, vtkFluidMapperVS.cxx
  Generating vtkGaussianBlurPassFS.h, vtkGaussianBlurPassFS.cxx
  Generating vtkGaussianBlurPassVS.h, vtkGaussianBlurPassVS.cxx
  Generating vtkGlyph3DVS.h, vtkGlyph3DVS.cxx
  Generating vtkOrderIndependentTranslucentPassFinalFS.h, vtkOrderIndependentTranslucentPassFinalFS.cxx
  Generating vtkPointFillPassFS.h, vtkPointFillPassFS.cxx
  Generating vtkPointGaussianVS.h, vtkPointGaussianVS.cxx
  Generating vtkPointGaussianGS.h, vtkPointGaussianGS.cxx
  Generating vtkPolyData2DFS.h, vtkPolyData2DFS.cxx
  Generating vtkPolyData2DVS.h, vtkPolyData2DVS.cxx
  Generating vtkPolyDataFS.h, vtkPolyDataFS.cxx
  Generating vtkPolyDataVS.h, vtkPolyDataVS.cxx
  Generating vtkPolyDataWideLineGS.h, vtkPolyDataWideLineGS.cxx
  Generating vtkSSAAPassFS.h, vtkSSAAPassFS.cxx
  Generating vtkSimpleMotionBlurPassFS.h, vtkSimpleMotionBlurPassFS.cxx
  Generating vtkSobelGradientMagnitudePass1FS.h, vtkSobelGradientMagnitudePass1FS.cxx
  Generating vtkSobelGradientMagnitudePass2FS.h, vtkSobelGradientMagnitudePass2FS.cxx
  Generating vtkSphereMapperGS.h, vtkSphereMapperGS.cxx
  Generating vtkStickMapperGS.h, vtkStickMapperGS.cxx
  Generating vtkTextureObjectFS.h, vtkTextureObjectFS.cxx
  Generating vtkTextureObjectVS.h, vtkTextureObjectVS.cxx
  Building Custom Rule C:/Daten/Projekte/SimulationPlatform/Third_Party_Libraries/vtk/VTK-9.0.3/Rendering/OpenGL2/CMakeLists.txt
  CMake does not need to re-run because C:/Daten/Projekte/SimulationPlatform/Third_Party_Libraries/vtk/VTK-9.0.3/build_Win64/Rendering/OpenGL2/CMakeFiles/generate.stamp is up-to-date.
  vtkDepthOfFieldPassFS.cxx
  vtkDepthPeelingPassFinalFS.cxx
  vtkDepthPeelingPassIntermediateFS.cxx
  vtkEDLBilateralFilterFS.cxx
  vtkEDLComposeFS.cxx
  vtkEDLShadeFS.cxx
  vtkFXAAFilterFS.cxx
  vtkFluidMapperDepthFilterBiGaussFS.cxx
  vtkFluidMapperDepthFilterNarrowRangeFS.cxx
  vtkFluidMapperSurfaceNormalFS.cxx
  vtkFluidMapperThicknessAndVolumeColorFilterFS.cxx
  vtkFluidMapperFS.cxx
  vtkFluidMapperFinalFS.cxx
  vtkFluidMapperGS.cxx
  vtkFluidMapperVS.cxx
  vtkGaussianBlurPassFS.cxx
  vtkGaussianBlurPassVS.cxx
  vtkGlyph3DVS.cxx
  vtkOrderIndependentTranslucentPassFinalFS.cxx
  vtkPointFillPassFS.cxx
  Generating Code...
  Compiling...
  vtkPointGaussianVS.cxx
  vtkPointGaussianGS.cxx
  vtkPolyData2DFS.cxx
  vtkPolyData2DVS.cxx
  vtkPolyDataFS.cxx
  vtkPolyDataVS.cxx
  vtkPolyDataWideLineGS.cxx
  vtkSSAAPassFS.cxx
  vtkSimpleMotionBlurPassFS.cxx
  vtkSobelGradientMagnitudePass1FS.cxx
  vtkSobelGradientMagnitudePass2FS.cxx
  vtkSphereMapperGS.cxx
  vtkStickMapperGS.cxx
  vtkTextureObjectFS.cxx
  vtkTextureObjectVS.cxx
  vtkRenderingOpenGL2ObjectFactory.cxx
  vtkCameraPass.cxx
  vtkClearRGBPass.cxx
  vtkClearZPass.cxx
  vtkCompositePolyDataMapper2.cxx
  Generating Code...
  Compiling...
  vtkDefaultPass.cxx
  vtkDepthImageProcessingPass.cxx
  vtkDepthOfFieldPass.cxx
  vtkDepthPeelingPass.cxx
  vtkDualDepthPeelingPass.cxx
  vtkEDLShading.cxx
  vtkEquirectangularToCubeMapTexture.cxx
  vtkFramebufferPass.cxx
  vtkGaussianBlurPass.cxx
  vtkGenericOpenGLRenderWindow.cxx
c:\daten\projekte\simulationplatform\third_party_libraries\vtk\vtk-9.0.3\rendering\opengl2\vtkGenericOpenGLRenderWindow.h(171): warning C4996: 'vtkRenderWindow::IsDrawable': was declared deprecated
  C:\Daten\Projekte\SimulationPlatform\Third_Party_Libraries\vtk\VTK-9.0.3\Rendering\Core\vtkRenderWindow.h(656): note: see declaration of 'vtkRenderWindow::IsDrawable'
  vtkHiddenLineRemovalPass.cxx
  vtkImageProcessingPass.cxx
  vtkLightingMapPass.cxx
  vtkLightsPass.cxx
  vtkOpaquePass.cxx
  vtkOpenGLActor.cxx
  vtkOpenGLBillboardTextActor3D.cxx
  vtkOpenGLBufferObject.cxx
  vtkOpenGLCamera.cxx
  vtkOpenGLCellToVTKCellMap.cxx
  Generating Code...
  Compiling...
  vtkOpenGLFXAAFilter.cxx
  vtkOpenGLFXAAPass.cxx
  vtkOpenGLFluidMapper.cxx
  vtkOpenGLFramebufferObject.cxx
  vtkOpenGLGL2PSHelper.cxx
  vtkOpenGLGlyph3DHelper.cxx
  vtkOpenGLGlyph3DMapper.cxx
  vtkOpenGLHardwareSelector.cxx
  vtkOpenGLHelper.cxx
  vtkOpenGLImageAlgorithmHelper.cxx
  vtkOpenGLImageMapper.cxx
  vtkOpenGLImageSliceMapper.cxx
  vtkOpenGLIndexBufferObject.cxx
  vtkOpenGLInstanceCulling.cxx
  vtkOpenGLLabeledContourMapper.cxx
  vtkOpenGLLight.cxx
  vtkOpenGLPointGaussianMapper.cxx
  vtkOpenGLPolyDataMapper.cxx
C:\Daten\Projekte\SimulationPlatform\Third_Party_Libraries\vtk\VTK-9.0.3\Rendering\OpenGL2\vtkOpenGLPolyDataMapper.cxx(3481): warning C4996: 'vtkOpenGLPolyDataMapper::SetVertexShaderCode': was declared deprecated
  C:\Daten\Projekte\SimulationPlatform\Third_Party_Libraries\vtk\VTK-9.0.3\Rendering\OpenGL2\vtkOpenGLPolyDataMapper.cxx(260): note: see declaration of 'vtkOpenGLPolyDataMapper::SetVertexShaderCode'
C:\Daten\Projekte\SimulationPlatform\Third_Party_Libraries\vtk\VTK-9.0.3\Rendering\OpenGL2\vtkOpenGLPolyDataMapper.cxx(3482): warning C4996: 'vtkOpenGLPolyDataMapper::SetGeometryShaderCode': was declared deprecated
  C:\Daten\Projekte\SimulationPlatform\Third_Party_Libraries\vtk\VTK-9.0.3\Rendering\OpenGL2\vtkOpenGLPolyDataMapper.cxx(290): note: see declaration of 'vtkOpenGLPolyDataMapper::SetGeometryShaderCode'
C:\Daten\Projekte\SimulationPlatform\Third_Party_Libraries\vtk\VTK-9.0.3\Rendering\OpenGL2\vtkOpenGLPolyDataMapper.cxx(3483): warning C4996: 'vtkOpenGLPolyDataMapper::SetFragmentShaderCode': was declared deprecated
  C:\Daten\Projekte\SimulationPlatform\Third_Party_Libraries\vtk\VTK-9.0.3\Rendering\OpenGL2\vtkOpenGLPolyDataMapper.cxx(275): note: see declaration of 'vtkOpenGLPolyDataMapper::SetFragmentShaderCode'
  vtkOpenGLPolyDataMapper2D.cxx
  vtkOpenGLProperty.cxx
  Generating Code...
  Compiling...
  vtkOpenGLQuadHelper.cxx
  vtkOpenGLRenderPass.cxx
  vtkOpenGLRenderTimer.cxx
  vtkOpenGLRenderTimerLog.cxx
  vtkOpenGLRenderUtilities.cxx
  vtkOpenGLRenderWindow.cxx
  vtkOpenGLRenderer.cxx
  vtkOpenGLShaderCache.cxx
  vtkOpenGLShaderProperty.cxx
  vtkOpenGLSkybox.cxx
  vtkOpenGLSphereMapper.cxx
  vtkOpenGLState.cxx
  vtkOpenGLStickMapper.cxx
  vtkOpenGLTextActor.cxx
  vtkOpenGLTextActor3D.cxx
  vtkOpenGLTextMapper.cxx
  vtkOpenGLTexture.cxx
  vtkOpenGLUniforms.cxx
  vtkOpenGLVertexArrayObject.cxx
  vtkOpenGLVertexBufferObject.cxx
  Generating Code...
  Compiling...
  vtkOpenGLVertexBufferObjectCache.cxx
  vtkOpenGLVertexBufferObjectGroup.cxx
  vtkOrderIndependentTranslucentPass.cxx
  vtkOverlayPass.cxx
  vtkPanoramicProjectionPass.cxx
  vtkPixelBufferObject.cxx
  vtkPointFillPass.cxx
  vtkPBRIrradianceTexture.cxx
  vtkPBRLUTTexture.cxx
  vtkPBRPrefilterTexture.cxx
  vtkRenderPassCollection.cxx
  vtkRenderStepsPass.cxx
  vtkRenderbuffer.cxx
  vtkSSAAPass.cxx
  vtkSSAOPass.cxx
  vtkSequencePass.cxx
  vtkShader.cxx
  vtkShaderProgram.cxx
  vtkShadowMapBakerPass.cxx
  vtkShadowMapPass.cxx
  Generating Code...
  Compiling...
  vtkSimpleMotionBlurPass.cxx
  vtkSobelGradientMagnitudePass.cxx
  vtkTextureObject.cxx
  vtkTextureUnitManager.cxx
  vtkToneMappingPass.cxx
  vtkTransformFeedback.cxx
  vtkTranslucentPass.cxx
  vtkValuePass.cxx
  vtkVolumetricPass.cxx
  vtkDataTransferHelper.cxx
  vtkDummyGPUInfoList.cxx
  vtkWin32OpenGLRenderWindow.cxx
  Generating Code...
     Creating library C:/Daten/Projekte/SimulationPlatform/Third_Party_Libraries/vtk/VTK-9.0.3/build_Win64/lib/Release/vtkRenderingOpenGL2-9.0.lib and object C:/Daten/Projekte/SimulationPlatform/Third_Party_Libraries/vtk/VTK-9.0.3/build_Win64/lib/Release/vtkRenderingOpenGL2-9.0.exp
  RenderingOpenGL2.vcxproj -> C:\Daten\Projekte\SimulationPlatform\Third_Party_Libraries\vtk\VTK-9.0.3\build_Win64\bin\Release\vtkRenderingOpenGL2-9.0.dll
