  Generating vtkUnicodeCaseFoldData.h
  Building Custom Rule C:/Daten/Projekte/SimulationPlatform/Third_Party_Libraries/vtk/VTK-9.0.3/Common/Core/CMakeLists.txt
  CMake does not need to re-run because C:/Daten/Projekte/SimulationPlatform/Third_Party_Libraries/vtk/VTK-9.0.3/build_Win64/Common/Core/CMakeFiles/generate.stamp is up-to-date.
  vtkArrayIteratorTemplateInstantiate.cxx
  vtkGenericDataArray.cxx
  vtkSOADataArrayTemplateInstantiate.cxx
  vtkSMPTools.cxx
  vtkAtomic.cxx
  vtkTypeInt8Array.cxx
  vtkTypeInt16Array.cxx
  vtkTypeInt32Array.cxx
  vtkTypeInt64Array.cxx
  vtkTypeUInt8Array.cxx
  vtkTypeUInt16Array.cxx
  vtkTypeUInt32Array.cxx
  vtkTypeUInt64Array.cxx
  vtkTypeFloat32Array.cxx
  vtkTypeFloat64Array.cxx
  vtkAbstractArray.cxx
  vtkAnimationCue.cxx
  vtkArchiver.cxx
  vtkArray.cxx
  vtkArrayCoordinates.cxx
  Generating Code...
  Compiling...
  vtkArrayExtents.cxx
  vtkArrayExtentsList.cxx
  vtkArrayIterator.cxx
  vtkArrayRange.cxx
  vtkArraySort.cxx
  vtkArrayWeights.cxx
  vtkBitArray.cxx
  vtkBitArrayIterator.cxx
  vtkBoxMuellerRandomSequence.cxx
  vtkBreakPoint.cxx
  vtkByteSwap.cxx
  vtkCallbackCommand.cxx
  vtkCharArray.cxx
  vtkCollection.cxx
  vtkCollectionIterator.cxx
  vtkCommand.cxx
  vtkCommonInformationKeyManager.cxx
  vtkConditionVariable.cxx
  vtkCriticalSection.cxx
  vtkDataArrayCollection.cxx
  Generating Code...
  Compiling...
  vtkDataArrayCollectionIterator.cxx
  vtkDataArraySelection.cxx
  vtkDebugLeaks.cxx
  vtkDebugLeaksManager.cxx
  vtkDoubleArray.cxx
  vtkDynamicLoader.cxx
  vtkEventForwarderCommand.cxx
  vtkFileOutputWindow.cxx
  vtkFloatArray.cxx
  vtkFloatingPointExceptions.cxx
  vtkGarbageCollector.cxx
  vtkGarbageCollectorManager.cxx
  vtkGaussianRandomSequence.cxx
  vtkIdList.cxx
  vtkIdListCollection.cxx
  vtkIdTypeArray.cxx
  vtkIndent.cxx
  vtkInformation.cxx
  vtkInformationDoubleKey.cxx
  vtkInformationDoubleVectorKey.cxx
  Generating Code...
  Compiling...
  vtkInformationIdTypeKey.cxx
  vtkInformationInformationKey.cxx
  vtkInformationInformationVectorKey.cxx
  vtkInformationIntegerKey.cxx
  vtkInformationIntegerPointerKey.cxx
  vtkInformationIntegerVectorKey.cxx
  vtkInformationIterator.cxx
  vtkInformationKey.cxx
  vtkInformationKeyLookup.cxx
  vtkInformationKeyVectorKey.cxx
  vtkInformationObjectBaseKey.cxx
  vtkInformationObjectBaseVectorKey.cxx
  vtkInformationRequestKey.cxx
  vtkInformationStringKey.cxx
  vtkInformationStringVectorKey.cxx
  vtkInformationUnsignedLongKey.cxx
  vtkInformationVariantKey.cxx
  vtkInformationVariantVectorKey.cxx
  vtkInformationVector.cxx
  vtkIntArray.cxx
  Generating Code...
  Compiling...
  vtkLargeInteger.cxx
  vtkLogger.cxx
  vtkLongArray.cxx
  vtkLongLongArray.cxx
  vtkLookupTable.cxx
  vtkMath.cxx
  vtkMersenneTwister.cxx
  vtkMinimalStandardRandomSequence.cxx
  vtkMultiThreader.cxx
  vtkMutexLock.cxx
  vtkOStrStreamWrapper.cxx
  vtkOStreamWrapper.cxx
  vtkObject.cxx
  vtkObjectBase.cxx
  vtkObjectFactory.cxx
  vtkObjectFactoryCollection.cxx
  vtkOldStyleCallbackCommand.cxx
  vtkOutputWindow.cxx
  vtkOverrideInformation.cxx
  vtkOverrideInformationCollection.cxx
  Generating Code...
  Compiling...
  vtkPoints.cxx
  vtkPoints2D.cxx
  vtkPriorityQueue.cxx
  vtkRandomPool.cxx
  vtkRandomSequence.cxx
  vtkReferenceCount.cxx
  vtkScalarsToColors.cxx
  vtkShortArray.cxx
  vtkSignedCharArray.cxx
  vtkSimpleCriticalSection.cxx
  vtkSmartPointerBase.cxx
  vtkSortDataArray.cxx
  vtkStdString.cxx
  vtkStringArray.cxx
  vtkStringOutputWindow.cxx
  vtkTimePointUtility.cxx
  vtkTimeStamp.cxx
  vtkUnicodeString.cxx
  vtkUnicodeStringArray.cxx
  vtkUnsignedCharArray.cxx
  Generating Code...
  Compiling...
  vtkUnsignedIntArray.cxx
  vtkUnsignedLongArray.cxx
  vtkUnsignedLongLongArray.cxx
  vtkUnsignedShortArray.cxx
  vtkVariant.cxx
  vtkVariantArray.cxx
  vtkVersion.cxx
  vtkVoidArray.cxx
  vtkWeakPointerBase.cxx
  vtkWeakReference.cxx
  vtkWindow.cxx
  vtkXMLFileOutputWindow.cxx
  vtkWin32OutputWindow.cxx
  vtkWin32ProcessOutputWindow.cxx
  Generating Code...
  vtkWin32OutputWindowProcessEncoded.c
  vtkDataArray.cxx
  vtkInformationDataObjectKey.cxx
     Creating library C:/Daten/Projekte/SimulationPlatform/Third_Party_Libraries/vtk/VTK-9.0.3/build_Win64/lib/Release/vtkCommonCore-9.0.lib and object C:/Daten/Projekte/SimulationPlatform/Third_Party_Libraries/vtk/VTK-9.0.3/build_Win64/lib/Release/vtkCommonCore-9.0.exp
  CommonCore.vcxproj -> C:\Daten\Projekte\SimulationPlatform\Third_Party_Libraries\vtk\VTK-9.0.3\build_Win64\bin\Release\vtkCommonCore-9.0.dll
