  Building Custom Rule C:/Daten/Projekte/SimulationPlatform/Third_Party_Libraries/vtk/VTK-9.0.3/IO/Infovis/CMakeLists.txt
  CMake does not need to re-run because C:/Daten/Projekte/SimulationPlatform/Third_Party_Libraries/vtk/VTK-9.0.3/build_Win64/IO/Infovis/CMakeFiles/generate.stamp is up-to-date.
  vtkBiomTableReader.cxx
  vtkChacoGraphReader.cxx
  vtkDelimitedTextReader.cxx
  vtkDIMACSGraphReader.cxx
  vtkDIMACSGraphWriter.cxx
  vtkFixedWidthTextReader.cxx
  vtkISIReader.cxx
  vtkMultiNewickTreeReader.cxx
  vtkNewickTreeReader.cxx
  vtkNewickTreeWriter.cxx
  vtkPhyloXMLTreeReader.cxx
  vtkPhyloXMLTreeWriter.cxx
  vtkRISReader.cxx
  vtkTemporalDelimitedTextReader.cxx
  vtkTulipReader.cxx
  vtkXGMLReader.cxx
  vtkXMLTreeReader.cxx
  Generating Code...
     Creating library C:/Daten/Projekte/SimulationPlatform/Third_Party_Libraries/vtk/VTK-9.0.3/build_Win64/lib/Debug/vtkIOInfovis-9.0d.lib and object C:/Daten/Projekte/SimulationPlatform/Third_Party_Libraries/vtk/VTK-9.0.3/build_Win64/lib/Debug/vtkIOInfovis-9.0d.exp
  IOInfovis.vcxproj -> C:\Daten\Projekte\SimulationPlatform\Third_Party_Libraries\vtk\VTK-9.0.3\build_Win64\bin\Debug\vtkIOInfovis-9.0d.dll
