  Building Custom Rule C:/Daten/Projekte/SimulationPlatform/Third_Party_Libraries/vtk/VTK-9.0.3/Rendering/Core/CMakeLists.txt
  CMake does not need to re-run because C:/Daten/Projekte/SimulationPlatform/Third_Party_Libraries/vtk/VTK-9.0.3/build_Win64/Rendering/Core/CMakeFiles/generate.stamp is up-to-date.
  vtkAbstractMapper.cxx
  vtkAbstractMapper3D.cxx
  vtkAbstractPicker.cxx
  vtkAbstractVolumeMapper.cxx
  vtkActor.cxx
  vtkActor2D.cxx
  vtkActor2DCollection.cxx
  vtkActorCollection.cxx
  vtkAssembly.cxx
  vtkAvatar.cxx
  vtkBackgroundColorMonitor.cxx
  vtkBillboardTextActor3D.cxx
  vtkCIEDE2000.cxx
  vtkCamera.cxx
  vtkCameraActor.cxx
  vtkCameraInterpolator.cxx
  vtkCellCenterDepthSort.cxx
  vtkColorTransferFunction.cxx
  vtkCompositeDataDisplayAttributes.cxx
  vtkCompositeDataDisplayAttributesLegacy.cxx
  Generating Code...
  Compiling...
  vtkCompositePolyDataMapper.cxx
  vtkCoordinate.cxx
  vtkCuller.cxx
  vtkCullerCollection.cxx
  vtkDataSetMapper.cxx
  vtkDiscretizableColorTransferFunction.cxx
  vtkDistanceToCamera.cxx
  vtkFXAAOptions.cxx
  vtkFlagpoleLabel.cxx
  vtkFollower.cxx
  vtkFrameBufferObjectBase.cxx
  vtkFrustumCoverageCuller.cxx
  vtkGPUInfo.cxx
  vtkGPUInfoList.cxx
  vtkGenericVertexAttributeMapping.cxx
  vtkGlyph3DMapper.cxx
  vtkGraphMapper.cxx
  vtkGraphToGlyphs.cxx
  vtkGraphicsFactory.cxx
  vtkHardwareWindow.cxx
  Generating Code...
  Compiling...
  vtkHierarchicalPolyDataMapper.cxx
  vtkImageActor.cxx
  vtkImageMapper.cxx
  vtkImageMapper3D.cxx
  vtkImageProperty.cxx
  vtkImageSlice.cxx
  vtkImageSliceMapper.cxx
  vtkInteractorEventRecorder.cxx
  vtkInteractorObserver.cxx
  vtkLabeledContourMapper.cxx
  vtkLight.cxx
  vtkLightActor.cxx
  vtkLightCollection.cxx
  vtkLightKit.cxx
  vtkLogLookupTable.cxx
  vtkLookupTableWithEnabling.cxx
  vtkMapArrayValues.cxx
  vtkMapper.cxx
  vtkMapper2D.cxx
  vtkMapperCollection.cxx
  Generating Code...
  Compiling...
  vtkObserverMediator.cxx
  vtkPointGaussianMapper.cxx
  vtkPolyDataMapper.cxx
  vtkPolyDataMapper2D.cxx
  vtkProp.cxx
  vtkProp3D.cxx
  vtkProp3DCollection.cxx
  vtkProp3DFollower.cxx
  vtkPropAssembly.cxx
  vtkPropCollection.cxx
  vtkProperty.cxx
  vtkProperty2D.cxx
  vtkRenderPass.cxx
  vtkRenderState.cxx
  vtkRenderTimerLog.cxx
  vtkRenderWindowCollection.cxx
  vtkRenderWindowInteractor.cxx
  vtkRenderWindowInteractor3D.cxx
  vtkRenderer.cxx
  vtkRendererCollection.cxx
  Generating Code...
  Compiling...
  vtkRendererDelegate.cxx
  vtkRendererSource.cxx
  vtkSelectVisiblePoints.cxx
  vtkShaderProperty.cxx
  vtkSkybox.cxx
  vtkStereoCompositor.cxx
  vtkTextActor.cxx
  vtkTextActor3D.cxx
  vtkTexture.cxx
  vtkTexturedActor2D.cxx
  vtkTransformCoordinateSystems.cxx
  vtkTransformInterpolator.cxx
  vtkTupleInterpolator.cxx
  vtkUniforms.cxx
  vtkViewDependentErrorMetric.cxx
  vtkViewport.cxx
  vtkVisibilitySort.cxx
  vtkVolume.cxx
  vtkVolumeCollection.cxx
  vtkVolumeProperty.cxx
  Generating Code...
  Compiling...
  vtkWindowLevelLookupTable.cxx
  vtkWindowToImageFilter.cxx
  vtkAssemblyNode.cxx
  vtkAssemblyPath.cxx
  vtkAssemblyPaths.cxx
  vtkAreaPicker.cxx
  vtkPicker.cxx
  vtkAbstractPropPicker.cxx
  vtkLODProp3D.cxx
  vtkPropPicker.cxx
  vtkPickingManager.cxx
  vtkWorldPointPicker.cxx
  vtkCellPicker.cxx
C:\Daten\Projekte\SimulationPlatform\Third_Party_Libraries\vtk\VTK-9.0.3\Common\DataModel\vtkVoxel.h(53): warning C4996: 'vtkCell3D::GetEdgePoints': was declared deprecated
  c:\daten\projekte\simulationplatform\third_party_libraries\vtk\vtk-9.0.3\common\datamodel\vtkCell3D.h(53): note: see declaration of 'vtkCell3D::GetEdgePoints'
C:\Daten\Projekte\SimulationPlatform\Third_Party_Libraries\vtk\VTK-9.0.3\Common\DataModel\vtkVoxel.h(56): warning C4996: 'vtkCell3D::GetFacePoints': was declared deprecated
  c:\daten\projekte\simulationplatform\third_party_libraries\vtk\vtk-9.0.3\common\datamodel\vtkCell3D.h(66): note: see declaration of 'vtkCell3D::GetFacePoints'
  vtkPointPicker.cxx
  vtkRenderedAreaPicker.cxx
  vtkScenePicker.cxx
  vtkInteractorStyle.cxx
  vtkInteractorStyle3D.cxx
  vtkInteractorStyleSwitchBase.cxx
  vtkTDxInteractorStyle.cxx
  Generating Code...
  Compiling...
  vtkTDxInteractorStyleCamera.cxx
  vtkTDxInteractorStyleSettings.cxx
  vtkStringToImage.cxx
  vtkTextMapper.cxx
  vtkTextProperty.cxx
  vtkTextPropertyCollection.cxx
  vtkTextRenderer.cxx
  vtkAbstractInteractionDevice.cxx
  vtkAbstractRenderDevice.cxx
  vtkRenderWidget.cxx
  Generating Code...
  vtkHardwareSelector.cxx
  vtkRenderWindow.cxx
  Generating Code...
     Creating library C:/Daten/Projekte/SimulationPlatform/Third_Party_Libraries/vtk/VTK-9.0.3/build_Win64/lib/Release/vtkRenderingCore-9.0.lib and object C:/Daten/Projekte/SimulationPlatform/Third_Party_Libraries/vtk/VTK-9.0.3/build_Win64/lib/Release/vtkRenderingCore-9.0.exp
  RenderingCore.vcxproj -> C:\Daten\Projekte\SimulationPlatform\Third_Party_Libraries\vtk\VTK-9.0.3\build_Win64\bin\Release\vtkRenderingCore-9.0.dll
