  force recompilation of conf.c with current date
  invoke win_bison.exe for ..\src\frontend\parse-bison.y
  ..\\src\\frontend\\parse-bison.y:34.1-17: warning: deprecated directive: '%name-prefix "PP"', use '%define api.prefix {PP}' [-Wdeprecated]
     34 | %name-prefix "PP"
        | ^~~~~~~~~~~~~~~~~
        | %define api.prefix {PP}
  ..\\src\\frontend\\parse-bison.y:40.1-12: warning: deprecated directive: '%pure-parser', use '%define api.pure' [-Wdeprecated]
     40 | %pure-parser
        | ^~~~~~~~~~~~
        | %define api.pure
..\src\frontend\parse-bison.y : warning : fix-its can be applied.  Rerun with option '--update'. [-Wother]
  invoke win_bison.exe for ..\src\spicelib\parser\inpptree-parser.y
  ..\\src\\spicelib\\parser\\inpptree-parser.y:31.1-17: warning: deprecated directive: '%name-prefix "PT"', use '%define api.prefix {PT}' [-Wdeprecated]
     31 | %name-prefix "PT"
        | ^~~~~~~~~~~~~~~~~
        | %define api.prefix {PT}
  ..\\src\\spicelib\\parser\\inpptree-parser.y:35.1-12: warning: deprecated directive: '%pure-parser', use '%define api.pure' [-Wdeprecated]
     35 | %pure-parser
        | ^~~~~~~~~~~~
        | %define api.pure
..\src\spicelib\parser\inpptree-parser.y : warning : fix-its can be applied.  Rerun with option '--update'. [-Wother]
  bdryset.c
  boundary.c
  cards.c
  contact.c
  contset.c
  domain.c
  domnset.c
  doping.c
  dopset.c
  elctset.c
  electrod.c
  material.c
  matlset.c
  mesh.c
  meshset.c
  method.c
  mobility.c
  mobset.c
  models.c
  modlset.c
  optionsc.c
  outpset.c
  output.c
  oneadmit.c
  oneaval.c
  onecond.c
  onecont.c
  onedest.c
  onedopng.c
  onefreez.c
  onemesh.c
  onepoiss.c
  oneprint.c
  oneproj.c
  oneread.c
  onesetup.c
  onesolve.c
  database.c
  devprint.c
  geominfo.c
  globals.c
  integset.c
  integuse.c
  logfile.c
  mater.c
  misc.c
  mobil.c
  recomb.c
  suprem.c
  suprmitf.c
  twoadmit.c
  twoaval.c
  twocond.c
  twocont.c
  twocurr.c
  twodest.c
  twodopng.c
  twoelect.c
  twofield.c
  twomesh.c
  twomobdv.c
  twomobfn.c
  twomobil.c
  twoncont.c
  twopcont.c
  twopoiss.c
  twoprint.c
  twoproj.c
  tworead.c
  twosetbc.c
  twosetup.c
  twosolve.c
  conf.c
  arg.c
  aspice.c
  breakp.c
  breakp2.c
  circuits.c
  commands.c
  com_ahelp.c
  com_alias.c
  com_asciiplot.c
  com_cdump.c
  com_chdir.c
  com_compose.c
  com_display.c
  com_dl.c
  com_dump.c
  com_echo.c
  com_fft.c
  com_ghelp.c
  com_gnuplot.c
  com_hardcopy.c
  com_help.c
  com_history.c
  com_let.c
  com_measure2.c
  com_option.c
  com_plot.c
  com_rehash.c
  com_set.c
  com_setscale.c
  com_shell.c
  com_shift.c
  com_state.c
  com_strcmp.c
  com_sysinfo.c
  com_unset.c
  com_wr_ic.c
  control.c
  cpitf.c
  define.c
  device.c
  diff.c
  dimens.c
  display.c
  dotcards.c
  dvec.c
  error.c
  evaluate.c
  fourier.c
  ftesopt.c
  gens.c
  get_avail_mem_size.c
  get_phys_mem_size.c
  get_resident_set_size.c
  hcomp.c
  help.c
  provide.c
  readhelp.c
  textdisp.c
  x11disp.c
  xdisplay.c
  hpgl.c
  init.c
  inp.c
  inpcom.c
  inpcompat.c
  inpc_probe.c
  interp.c
  inventory.c
  linear.c
  logicexp.c
  measure.c
  misccoms.c
  miscvars.c
  mw_coms.c
  newcoms.c
  mystring.c
  spicenum.c
  xpressn.c
  nutinp.c
  nutmegif.c
  options.c
  outitf.c
  parse.c
  backq.c
  complete.c
  cshpar.c
  glob.c
  input.c
  lexical.c
  numparse.c
  std.c
  unixcom.c
  agraf.c
  clip.c
  gnuplot.c
  graf.c
  graphdb.c
  grid.c
  plot5.c
  plotcurv.c
  plotit.c
  plotting.c
  pvec.c
  x11.c
  points.c
  postcoms.c
  postsc.c
  quote.c
  rawfile.c
  resource.c
  runcoms.c
  runcoms2.c
  shyu.c
  signal_handler.c
  spec.c
  spiceif.c
  streams.c
  subckt.c
  svg.c
  terminal.c
  1-f-code.c
  FastNorm3.c
  wallace.c
  typesdef.c
  udevices.c
  variable.c
  vectors.c
  where.c
  cmath1.c
  cmath2.c
  cmath3.c
  cmath4.c
  dense.c
  atander.c
  cosderiv.c
  cubeder.c
  divderiv.c
  equalder.c
  expderiv.c
  invderiv.c
  multder.c
  plusder.c
  powderiv.c
  sqrtder.c
  tanderiv.c
  timesder.c
  fftext.c
  fftlib.c
  matlib.c
  accuracy.c
  bernoull.c
  equality.c
  logb.c
  norm.c
  randnumb.c
  scalb.c
  niaciter.c
  nicomcof.c
  niconv.c
  nidest.c
  niditer.c
  niinit.c
  niinteg.c
  niiter.c
  niniter.c
  nipred.c
  nipzmeth.c
  nireinit.c
  nisenre.c
  interpolate.c
  polyderiv.c
  polyeval.c
  polyfit.c
  spalloc.c
  spbuild.c
  spextra.c
  spfactor.c
  spoutput.c
  spsmp.c
  spsolve.c
  sputils.c
  alloc.c
  dstring.c
  dup2.c
  getopt_long_bsd.c
  hash.c
  ivars.c
  misc_time.c
  mktemp.c
  printnum.c
  string.c
  tilde.c
  util.c
  wlist.c
  ngspice.c
  osdiacld.c
  osdicallbacks.c
  osdiinit.c
  osdiload.c
  osdiparam.c
  osdipzld.c
  osdiregistry.c
  osdisetup.c
  osditrunc.c
  sharedspice.c
  acan.c
  acaskq.c
  acsetp.c
  analysis.c
  cktacct.c
C:\Arbeit_Programmierung\repos\ThirdParty\mySpice\ngspice-41\src\osdi\osdiload.c(251): warning C4701: potentially uninitialized local variable 'gen_inst' used
C:\Arbeit_Programmierung\repos\ThirdParty\mySpice\ngspice-41\src\osdi\osdiload.c(251): warning C4703: potentially uninitialized local pointer variable 'gen_inst' used
  cktacdum.c
  cktaskaq.c
  cktasknq.c
  cktbkdum.c
  cktclrbk.c
  cktdelt.c
  cktdest.c
  cktdisto.c
  cktdlti.c
  cktdltm.c
  cktdltn.c
  cktdojob.c
  cktdump.c
  cktfbran.c
  cktfnda.c
  cktfndm.c
  cktfnode.c
  cktftask.c
  cktgrnd.c
  ckti2nod.c
  cktic.c
  cktlnkeq.c
  cktload.c
  cktmapn.c
  cktmask.c
  cktmcrt.c
  cktmkcur.c
  cktmknod.c
  cktmkvol.c
  cktmpar.c
  cktnames.c
  cktncdump.c
  cktnewan.c
  cktneweq.c
  cktnewn.c
  cktnodn.c
  cktnoise.c
  cktntask.c
  cktnum2n.c
  cktop.c
  cktparam.c
  cktpmnam.c
  cktpname.c
  cktpzld.c
  cktpzset.c
  cktpzstr.c
  cktsens.c
  cktsetap.c
  cktsetbk.c
  cktsetnp.c
  cktsetup.c
  cktsgen.c
  cktsopt.c
  cktspdum.c
  cktspnoise.c
  ckttemp.c
  cktterr.c
  ckttroub.c
  ckttrunc.c
  ckttyplk.c
  cluster.c
  daskq.c
  dcoaskq.c
  dcop.c
  dcosetp.c
  dcpss.c
  dctaskq.c
  dctran.c
  dctrcurv.c
  dctsetp.c
  distoan.c
  dkerproc.c
  dloadfns.c
  dsetparm.c
  naskq.c
  nevalsrc.c
  ninteg.c
  noisean.c
  noisesp.c
  nsetparm.c
  optran.c
  pssaskq.c
  pssinit.c
  psssetp.c
  pzan.c
  pzaskq.c
  pzsetp.c
  sensaskq.c
  senssetp.c
  span.c
  spaskq.c
  spsetp.c
  tfanal.c
  tfaskq.c
  tfsetp.c
  tranaskq.c
  traninit.c
  transetp.c
  asrc.c
  asrcacld.c
  asrcask.c
  asrcconv.c
  asrcdel.c
  asrcdest.c
  asrcfbr.c
  asrcinit.c
  asrcload.c
  asrcpar.c
  asrcpzld.c
  asrcset.c
  asrctemp.c
  bjt.c
  bjtacld.c
  bjtask.c
  bjtconv.c
  bjtdel.c
  bjtdisto.c
  bjtdset.c
  bjtgetic.c
  bjtinit.c
  bjtload.c
  bjtmask.c
  bjtmpar.c
  bjtnoise.c
  bjtparam.c
  bjtpzld.c
  bjtsacl.c
  bjtsetup.c
  bjtsload.c
  bjtsoachk.c
  bjtsprt.c
  bjtsset.c
  bjtsupd.c
  bjttemp.c
  bjttrunc.c
  b1.c
  b1acld.c
  b1ask.c
  b1cvtest.c
  b1disto.c
  b1dset.c
  b1eval.c
  b1getic.c
  b1ld.c
  b1mask.c
  b1moscap.c
  b1mpar.c
  b1noi.c
  b1par.c
  b1pzld.c
  b1set.c
  b1temp.c
  b1trunc.c
  bsim1init.c
  b2.c
  b2acld.c
  b2ask.c
  b2cvtest.c
  b2eval.c
  b2getic.c
  b2ld.c
  b2mask.c
  b2moscap.c
  b2mpar.c
  b2noi.c
  b2par.c
  b2pzld.c
  b2set.c
  b2temp.c
  b2trunc.c
  bsim2init.c
  b3soidd.c
  b3soiddacld.c
  b3soiddask.c
  b3soiddcheck.c
  b3soiddcvtest.c
  b3soiddgetic.c
  b3soiddinit.c
  b3soiddld.c
  b3soiddmask.c
  b3soiddmpar.c
  b3soiddnoi.c
  b3soiddpar.c
  b3soiddpzld.c
  b3soiddset.c
  b3soiddtemp.c
  b3soiddtrunc.c
  b3soifd.c
  b3soifdacld.c
  b3soifdask.c
  b3soifdcheck.c
  b3soifdcvtest.c
  b3soifdgetic.c
  b3soifdinit.c
  b3soifdld.c
  b3soifdmask.c
  b3soifdmpar.c
  b3soifdnoi.c
  b3soifdpar.c
  b3soifdpzld.c
  b3soifdset.c
  b3soifdtemp.c
  b3soifdtrunc.c
  b3soipd.c
  b3soipdacld.c
  b3soipdask.c
  b3soipdcheck.c
  b3soipdcvtest.c
  b3soipdgetic.c
  b3soipdinit.c
  b3soipdld.c
  b3soipdmask.c
  b3soipdmpar.c
  b3soipdnoi.c
  b3soipdpar.c
  b3soipdpzld.c
  b3soipdset.c
  b3soipdtemp.c
  b3soipdtrunc.c
  b3v0.c
  b3v0acld.c
  b3v0ask.c
  b3v0cvtest.c
  b3v0getic.c
  b3v0ld.c
  b3v0mask.c
  b3v0mpar.c
  b3v0noi.c
  b3v0par.c
  b3v0pzld.c
  b3v0set.c
  b3v0temp.c
  b3v0trunc.c
  bsim3v0init.c
  b3v1.c
  b3v1acld.c
  b3v1ask.c
  b3v1check.c
  b3v1cvtest.c
  b3v1getic.c
  b3v1ld.c
  b3v1mask.c
  b3v1mpar.c
  b3v1noi.c
  b3v1par.c
  b3v1pzld.c
  b3v1set.c
  b3v1temp.c
  b3v1trunc.c
  bsim3v1init.c
  b3v32.c
  b3v32acld.c
  b3v32ask.c
  b3v32check.c
  b3v32cvtest.c
  b3v32getic.c
  b3v32ld.c
  b3v32mask.c
  b3v32mdel.c
  b3v32mpar.c
  b3v32noi.c
  b3v32par.c
  b3v32pzld.c
  b3v32set.c
  b3v32soachk.c
  b3v32temp.c
  b3v32trunc.c
  bsim3v32init.c
  b3.c
  b3acld.c
  b3ask.c
  b3check.c
  b3cvtest.c
  b3getic.c
  b3ld.c
  b3mask.c
  b3mdel.c
  b3mpar.c
  b3noi.c
  b3par.c
  b3pzld.c
  b3set.c
  b3soachk.c
  b3temp.c
  b3trunc.c
  bsim3init.c
  b4v5.c
  b4v5acld.c
  b4v5ask.c
  b4v5check.c
  b4v5cvtest.c
  b4v5geo.c
  b4v5getic.c
  b4v5ld.c
  b4v5mask.c
  b4v5mdel.c
  b4v5mpar.c
  b4v5noi.c
  b4v5par.c
  b4v5pzld.c
  b4v5set.c
  b4v5soachk.c
  b4v5temp.c
  b4v5trunc.c
  bsim4v5init.c
  b4v6.c
  b4v6acld.c
  b4v6ask.c
  b4v6check.c
  b4v6cvtest.c
  b4v6geo.c
  b4v6getic.c
  b4v6ld.c
  b4v6mask.c
  b4v6mdel.c
  b4v6mpar.c
  b4v6noi.c
  b4v6par.c
  b4v6pzld.c
  b4v6set.c
  b4v6soachk.c
  b4v6temp.c
  b4v6trunc.c
  bsim4v6init.c
  b4v7.c
  b4v7acld.c
  b4v7ask.c
  b4v7check.c
  b4v7cvtest.c
  b4v7geo.c
  b4v7getic.c
  b4v7ld.c
  b4v7mask.c
  b4v7mdel.c
  b4v7mpar.c
  b4v7noi.c
  b4v7par.c
  b4v7pzld.c
  b4v7set.c
  b4v7soachk.c
  b4v7temp.c
  b4v7trunc.c
  bsim4v7init.c
  b4.c
  b4acld.c
  b4ask.c
  b4check.c
  b4cvtest.c
  b4geo.c
  b4getic.c
  b4ld.c
  b4mask.c
  b4mdel.c
  b4mpar.c
  b4noi.c
  b4par.c
  b4pzld.c
  b4set.c
  b4soachk.c
  b4temp.c
  b4trunc.c
  bsim4init.c
  b4soi.c
  b4soiacld.c
  b4soiask.c
  b4soicheck.c
  b4soicvtest.c
  b4soigetic.c
  b4soiinit.c
  b4soild.c
  b4soimask.c
  b4soimdel.c
  b4soimpar.c
  b4soinoi.c
  b4soipar.c
  b4soipzld.c
  b4soiset.c
  b4soisoachk.c
  b4soitemp.c
  b4soitrunc.c
  cap.c
  capacld.c
  capask.c
  capgetic.c
  capinit.c
  capload.c
  capmask.c
  capmpar.c
  capparam.c
  cappzld.c
  capsacl.c
  capsetup.c
  capsload.c
  capsoachk.c
  capsprt.c
  capsset.c
  capsupd.c
  captemp.c
  captrunc.c
  cccs.c
  cccsask.c
  cccsinit.c
  cccsload.c
  cccspar.c
  cccspzld.c
  cccssacl.c
  cccsset.c
  cccssld.c
  cccssprt.c
  cccssset.c
  ccvs.c
  ccvsask.c
  ccvsfbr.c
  ccvsinit.c
  ccvsload.c
  ccvspar.c
  ccvspzld.c
  ccvssacl.c
  ccvsset.c
  ccvssld.c
  ccvssprt.c
  ccvssset.c
  cktaccept.c
  cktask.c
  cktbindnode.c
  cktcrte.c
  cktfinddev.c
  cktinit.c
  cktsoachk.c
  cpl.c
  cplask.c
  cpldelete.c
  cplhash.c
  cplinit.c
  cplload.c
  cplmask.c
  cplmdel.c
  cplmpar.c
  cplparam.c
  cplsetup.c
  csw.c
  cswacld.c
  cswask.c
  cswinit.c
  cswload.c
  cswmask.c
  cswmpar.c
  cswnoise.c
  cswparam.c
  cswpzld.c
  cswsetup.c
  cswtrunc.c
  dev.c
  devsup.c
  dio.c
  dioacld.c
  dioask.c
  dioconv.c
  diodisto.c
  diodset.c
  diogetic.c
  dioinit.c
  dioload.c
  diomask.c
  diompar.c
  dionoise.c
  dioparam.c
  diopzld.c
  diosacl.c
  diosetup.c
  diosload.c
  diosoachk.c
  diosprt.c
  diosset.c
  diosupd.c
  diotemp.c
  diotrunc.c
  hfet.c
  hfetacl.c
  hfetask.c
  hfetgetic.c
  hfetinit.c
  hfetload.c
  hfetmask.c
  hfetmpar.c
  hfetparam.c
  hfetpzl.c
  hfetsetup.c
  hfettemp.c
  hfettrunc.c
  hfet2.c
  hfet2acl.c
  hfet2ask.c
  hfet2getic.c
  hfet2init.c
  hfet2load.c
  hfet2mask.c
  hfet2mpar.c
  hfet2param.c
  hfet2pzl.c
  hfet2setup.c
  hfet2temp.c
  hfet2trunc.c
  hicum2.c
  hicum2acld.c
  hicum2ask.c
  hicum2conv.c
  hicum2getic.c
  hicum2init.c
  hicum2mask.c
  hicum2mpar.c
  hicum2noise.c
  hicum2param.c
  hicum2pzld.c
  hicum2setup.c
  hicum2soachk.c
  hicum2trunc.c
  hsm2.c
  hsm2acld.c
  hsm2ask.c
  hsm2cvtest.c
  hsm2eval.c
  hsm2getic.c
  hsm2init.c
  hsm2ld.c
  hsm2mask.c
  hsm2mdel.c
  hsm2mpar.c
  hsm2noi.c
  hsm2par.c
  hsm2pzld.c
  hsm2set.c
  hsm2soachk.c
  hsm2temp.c
  hsm2trunc.c
  hsmhv.c
  hsmhvacld.c
  hsmhvask.c
  hsmhvcvtest.c
  hsmhveval.c
  hsmhvgetic.c
  hsmhvinit.c
  hsmhvld.c
  hsmhvmask.c
  hsmhvmpar.c
  hsmhvnoi.c
  hsmhvpar.c
  hsmhvpzld.c
  hsmhvset.c
  hsmhvsoachk.c
  hsmhvtemp.c
  hsmhvtrunc.c
  hsmhv2.c
  hsmhv2acld.c
  hsmhv2ask.c
  hsmhv2cvtest.c
  hsmhv2eval.c
  hsmhv2eval_dio.c
  hsmhv2eval_rdrift.c
  hsmhv2getic.c
  hsmhv2init.c
  hsmhv2ld.c
  hsmhv2mask.c
  hsmhv2mpar.c
  hsmhv2noi.c
  hsmhv2par.c
  hsmhv2pzld.c
  hsmhv2set.c
  hsmhv2soachk.c
  hsmhv2temp.c
  hsmhv2trunc.c
  ind.c
  indacld.c
  indask.c
  indinit.c
  indload.c
  indmask.c
  indmpar.c
  indparam.c
  indpzld.c
  indsacl.c
  indsetup.c
  indsload.c
  indsprt.c
  indsset.c
  indsupd.c
  indtemp.c
  indtrunc.c
  mutacld.c
  mutask.c
  mutparam.c
  mutpzld.c
  mutsetup.c
  mutsprt.c
  mutsset.c
  muttemp.c
  isrc.c
  isrcacct.c
  isrcacld.c
  isrcask.c
  isrcdel.c
  isrcinit.c
  isrcload.c
  isrcpar.c
  isrctemp.c
  jfet2.c
  jfet2acld.c
  jfet2ask.c
  jfet2ic.c
  jfet2init.c
  jfet2load.c
  jfet2mask.c
  jfet2mpar.c
  jfet2noi.c
  jfet2par.c
  jfet2set.c
  jfet2temp.c
  jfet2trun.c
  psmodel.c
  jfet.c
  jfetacld.c
  jfetask.c
  jfetdist.c
  jfetdset.c
  jfetic.c
  jfetinit.c
  jfetload.c
  jfetmask.c
  jfetmpar.c
  jfetnoi.c
  jfetpar.c
  jfetpzld.c
  jfetset.c
  jfettemp.c
  jfettrun.c
  limit.c
  ltra.c
  ltraacct.c
  ltraacld.c
  ltraask.c
  ltrainit.c
  ltraload.c
  ltramask.c
  ltramisc.c
  ltrampar.c
  ltrapar.c
  ltraset.c
  ltratemp.c
  ltratrun.c
  mesa.c
  mesaacl.c
  mesaask.c
  mesagetic.c
  mesainit.c
  mesaload.c
  mesamask.c
  mesamparam.c
  mesaparam.c
  mesapzl.c
  mesasetup.c
  mesatemp.c
  mesatrunc.c
  mes.c
  mesacl.c
  mesask.c
  mesdisto.c
  mesdset.c
  mesgetic.c
  mesinit.c
  mesload.c
  mesmask.c
  mesmpar.c
  mesnoise.c
  mesparam.c
  mespzld.c
  messetup.c
  mestemp.c
  mestrunc.c
  mos1.c
  mos1acld.c
  mos1ask.c
  mos1conv.c
  mos1del.c
  mos1dist.c
  mos1dset.c
  mos1ic.c
  mos1init.c
  mos1load.c
  mos1mask.c
  mos1mpar.c
  mos1noi.c
  mos1par.c
  mos1pzld.c
  mos1sacl.c
  mos1set.c
  mos1sld.c
  mos1sprt.c
  mos1sset.c
  mos1supd.c
  mos1temp.c
  mos1trun.c
  mos2.c
  mos2acld.c
  mos2ask.c
  mos2conv.c
  mos2del.c
  mos2dist.c
  mos2dset.c
  mos2ic.c
  mos2init.c
  mos2load.c
  mos2mask.c
  mos2mpar.c
  mos2noi.c
  mos2par.c
  mos2pzld.c
  mos2sacl.c
  mos2set.c
  mos2sld.c
  mos2sprt.c
  mos2sset.c
  mos2supd.c
  mos2temp.c
  mos2trun.c
  mos3.c
  mos3acld.c
  mos3ask.c
  mos3conv.c
  mos3del.c
  mos3dist.c
  mos3dset.c
  mos3ic.c
  mos3init.c
  mos3load.c
  mos3mask.c
  mos3mpar.c
  mos3noi.c
  mos3par.c
  mos3pzld.c
  mos3sacl.c
  mos3set.c
  mos3sld.c
  mos3sprt.c
  mos3sset.c
  mos3supd.c
  mos3temp.c
  mos3trun.c
  mos6.c
  mos6ask.c
  mos6conv.c
  mos6del.c
  mos6ic.c
  mos6init.c
  mos6load.c
  mos6mask.c
  mos6mpar.c
  mos6par.c
  mos6set.c
  mos6temp.c
  mos6trun.c
  mos9.c
  mos9acld.c
  mos9ask.c
  mos9conv.c
  mos9del.c
  mos9dist.c
  mos9dset.c
  mos9ic.c
  mos9init.c
  mos9load.c
  mos9mask.c
  mos9mpar.c
  mos9noi.c
  mos9par.c
  mos9pzld.c
  mos9sacl.c
  mos9set.c
  mos9sld.c
  mos9sprt.c
  mos9sset.c
  mos9supd.c
  mos9temp.c
  mos9trun.c
  nbt2.c
  nbt2acld.c
  nbt2ask.c
  nbt2del.c
  nbt2dump.c
  nbt2init.c
  nbt2load.c
  nbt2mpar.c
  nbt2parm.c
  nbt2pzld.c
  nbt2set.c
  nbt2temp.c
  nbt2trun.c
  nbjt.c
  nbjtacld.c
  nbjtask.c
  nbjtdel.c
  nbjtdump.c
  nbjtinit.c
  nbjtload.c
  nbjtmpar.c
  nbjtparm.c
  nbjtpzld.c
  nbjtset.c
  nbjttemp.c
  nbjttrun.c
  nud2.c
  nud2acld.c
  nud2ask.c
  nud2del.c
  nud2dump.c
  nud2load.c
  nud2mpar.c
  nud2parm.c
  nud2pzld.c
  nud2set.c
  nud2temp.c
  nud2trun.c
  numd2init.c
  numd.c
  numdacld.c
  numdask.c
  numddel.c
  numddump.c
  numdinit.c
  numdload.c
  numdmpar.c
  numdparm.c
  numdpzld.c
  numdset.c
  numdtemp.c
  numdtrun.c
  numm.c
  nummacld.c
  nummask.c
  nummdel.c
  nummdump.c
  nummload.c
  nummmpar.c
  nummparm.c
  nummpzld.c
  nummset.c
  nummtemp.c
  nummtrun.c
  numosinit.c
  res.c
  resask.c
  resinit.c
  resload.c
  resmask.c
  resmpar.c
  resnoise.c
  resparam.c
  respzld.c
  ressacl.c
  ressetup.c
  ressload.c
  ressoachk.c
  ressprt.c
  ressset.c
  restemp.c
  soi3.c
  soi3acld.c
  soi3ask.c
  soi3cap.c
  soi3conv.c
  soi3ic.c
  soi3init.c
  soi3load.c
  soi3mask.c
  soi3mpar.c
  soi3nois.c
  soi3par.c
  soi3set.c
  soi3temp.c
  soi3trun.c
  sw.c
  swacload.c
  swask.c
  swinit.c
  swload.c
  swmask.c
  swmparam.c
  swnoise.c
  swparam.c
  swpzload.c
  swsetup.c
  swtrunc.c
  tra.c
  traacct.c
  traacld.c
  traask.c
  trainit.c
  traload.c
  traparam.c
  trasetup.c
  tratemp.c
  tratrunc.c
  txl.c
  txlacct.c
  txlask.c
  txlfbr.c
  txlinit.c
  txlload.c
  txlmask.c
  txlmpar.c
  txlparam.c
  txlsetup.c
  urc.c
  urcask.c
  urcinit.c
  urcmask.c
  urcmpar.c
  urcparam.c
  urcsetup.c
  vbic.c
  vbicacld.c
  vbicask.c
  vbicconv.c
  vbicgetic.c
  vbicinit.c
  vbicload.c
  vbicmask.c
  vbicmpar.c
  vbicnoise.c
  vbicparam.c
  vbicpzld.c
  vbicsetup.c
  vbicsoachk.c
  vbictemp.c
  vbictrunc.c
  vccs.c
  vccsask.c
  vccsinit.c
  vccsload.c
  vccspar.c
  vccspzld.c
  vccssacl.c
  vccsset.c
  vccssld.c
  vccssprt.c
  vccssset.c
  vcvs.c
  vcvsask.c
  vcvsfbr.c
  vcvsinit.c
  vcvsload.c
  vcvspar.c
  vcvspzld.c
  vcvssacl.c
  vcvsset.c
  vcvssld.c
  vcvssprt.c
  vcvssset.c
  vdmos.c
  vdmosacld.c
  vdmosask.c
  vdmosconv.c
  vdmosdist.c
  vdmosdset.c
  vdmosic.c
  vdmosinit.c
  vdmosload.c
  vdmosmask.c
  vdmosmpar.c
  vdmosnoi.c
  vdmospar.c
  vdmospzld.c
  vdmosset.c
  vdmossoachk.c
  vdmostemp.c
  vdmostrun.c
  vsrc.c
  vsrcacct.c
  vsrcacld.c
  vsrcask.c
  vsrcdel.c
  vsrcfbr.c
  vsrcinit.c
  vsrcload.c
  vsrcpar.c
  vsrcpzld.c
  vsrcpzs.c
  vsrcset.c
  vsrctemp.c
  ifeval.c
  ifnewuid.c
  inp2b.c
  inp2c.c
  inp2d.c
  inp2dot.c
  inp2e.c
  inp2f.c
  inp2g.c
  inp2h.c
  inp2i.c
  inp2j.c
  inp2k.c
  inp2l.c
  inp2m.c
  inp2n.c
  inp2o.c
  inp2p.c
  inp2q.c
  inp2r.c
  inp2s.c
  inp2t.c
  inp2u.c
  inp2v.c
  inp2w.c
  inp2y.c
  inp2z.c
  inpaname.c
  inpapnam.c
  inpcfix.c
  inpdomod.c
  inpdoopt.c
  inpdpar.c
  inperrc.c
  inperror.c
  inpeval.c
  inpfindl.c
  inpfindv.c
  inpgmod.c
  inpgstr.c
  inpgtitl.c
  inpgtok.c
  inpgval.c
  inpkmods.c
  inplist.c
  inplkmod.c
  inpmkmod.c
  inpmktmp.c
  inppas1.c
  inppas2.c
  inppas3.c
  inppas4.c
  inppname.c
  inpptree.c
  inpsymt.c
  inptyplk.c
  ptfuncs.c
  sperror.c
  cm.c
  cmevt.c
  cmexport.c
  cmmeters.c
  cmutil.c
  enh.c
  enhtrans.c
  evtaccept.c
  evtbackup.c
  evtcall_hybrids.c
  evtcheck_nodes.c
  evtdeque.c
  evtdest.c
  evtdump.c
  evtinit.c
  evtiter.c
  evtload.c
  evtnext_time.c
  evtnode_copy.c
  evtop.c
  evtplot.c
  evtprint.c
  evtqueue.c
  evtsetup.c
  evtshared.c
  evttermi.c
  idndig.c
  ipc.c
  ipcaegis.c
  ipcsockets.c
  ipcstdio.c
  ipctiein.c
  mif.c
  mifask.c
  mifconvt.c
  mifdelete.c
  mifdestr.c
  mifgetmod.c
  mifgetvalue.c
  mifload.c
  mifmask.c
  mifmdelete.c
  mifmpara.c
  mifsetup.c
  miftrunc.c
  mifutil.c
  mif_inp2.c
  inpptree-parser.c
  msvc-compat.c
  parse-bison.c
.\tmp-bison\inpptree-parser.c(1100,41): warning C4244: 'initializing': conversion from '__int64' to 'long', possible loss of data
C:\Arbeit_Programmierung\repos\ThirdParty\mySpice\ngspice-41\visualc\tmp-bison\parse-bison.c(1567): warning C4702: unreachable code
C:\Arbeit_Programmierung\repos\ThirdParty\mySpice\ngspice-41\visualc\tmp-bison\parse-bison.c(1569): warning C4702: unreachable code
C:\Arbeit_Programmierung\repos\ThirdParty\mySpice\ngspice-41\visualc\tmp-bison\parse-bison.c(1570): warning C4702: unreachable code
  hicumL2.cpp
  hicumL2temp.cpp
     Creating library sharedspice\Debug.x64\ngspice.lib and object sharedspice\Debug.x64\ngspice.exp
  sharedspice.vcxproj -> C:\Arbeit_Programmierung\repos\ThirdParty\mySpice\ngspice-41\visualc\sharedspice\Debug.x64\ngspice.dll
