  Building Custom Rule C:/Daten/Projekte/SimulationPlatform/Third_Party_Libraries/vtk/VTK-9.0.3/Infovis/Layout/CMakeLists.txt
  CMake does not need to re-run because C:/Daten/Projekte/SimulationPlatform/Third_Party_Libraries/vtk/VTK-9.0.3/build_Win64/Infovis/Layout/CMakeFiles/generate.stamp is up-to-date.
  vtkArcParallelEdgeStrategy.cxx
  vtkAreaLayout.cxx
  vtkAreaLayoutStrategy.cxx
  vtkAssignCoordinates.cxx
  vtkAssignCoordinatesLayoutStrategy.cxx
  vtkAttributeClustering2DLayoutStrategy.cxx
  vtkBoxLayoutStrategy.cxx
  vtkCirclePackFrontChainLayoutStrategy.cxx
  vtkCirclePackLayout.cxx
  vtkCirclePackLayoutStrategy.cxx
  vtkCirclePackToPolyData.cxx
  vtkCircularLayoutStrategy.cxx
  vtkClustering2DLayoutStrategy.cxx
  vtkCommunity2DLayoutStrategy.cxx
  vtkConeLayoutStrategy.cxx
  vtkConstrained2DLayoutStrategy.cxx
  vtkCosmicTreeLayoutStrategy.cxx
  vtkEdgeLayout.cxx
  vtkEdgeLayoutStrategy.cxx
  vtkFast2DLayoutStrategy.cxx
  Generating Code...
  Compiling...
  vtkForceDirectedLayoutStrategy.cxx
  vtkGeoEdgeStrategy.cxx
  vtkGeoMath.cxx
  vtkGraphLayout.cxx
  vtkGraphLayoutStrategy.cxx
  vtkIncrementalForceLayout.cxx
  vtkKCoreLayout.cxx
  vtkPassThroughEdgeStrategy.cxx
  vtkPassThroughLayoutStrategy.cxx
  vtkPerturbCoincidentVertices.cxx
  vtkRandomLayoutStrategy.cxx
  vtkSimple2DLayoutStrategy.cxx
  vtkSimple3DCirclesStrategy.cxx
  vtkSliceAndDiceLayoutStrategy.cxx
  vtkSpanTreeLayoutStrategy.cxx
  vtkSplineGraphEdges.cxx
  vtkSquarifyLayoutStrategy.cxx
  vtkStackedTreeLayoutStrategy.cxx
  vtkTreeLayoutStrategy.cxx
  vtkTreeMapLayout.cxx
  Generating Code...
  Compiling...
  vtkTreeMapLayoutStrategy.cxx
  vtkTreeMapToPolyData.cxx
  vtkTreeOrbitLayoutStrategy.cxx
  vtkTreeRingToPolyData.cxx
  Generating Code...
     Creating library C:/Daten/Projekte/SimulationPlatform/Third_Party_Libraries/vtk/VTK-9.0.3/build_Win64/lib/Release/vtkInfovisLayout-9.0.lib and object C:/Daten/Projekte/SimulationPlatform/Third_Party_Libraries/vtk/VTK-9.0.3/build_Win64/lib/Release/vtkInfovisLayout-9.0.exp
  InfovisLayout.vcxproj -> C:\Daten\Projekte\SimulationPlatform\Third_Party_Libraries\vtk\VTK-9.0.3\build_Win64\bin\Release\vtkInfovisLayout-9.0.dll
