  Building Custom Rule C:/Daten/Projekte/SimulationPlatform/Third_Party_Libraries/vtk/VTK-9.0.3/IO/Geometry/CMakeLists.txt
  CMake does not need to re-run because C:/Daten/Projekte/SimulationPlatform/Third_Party_Libraries/vtk/VTK-9.0.3/build_Win64/IO/Geometry/CMakeFiles/generate.stamp is up-to-date.
  vtkAVSucdReader.cxx
  vtkBYUReader.cxx
  vtkBYUWriter.cxx
  vtkChacoReader.cxx
  vtkFacetWriter.cxx
  vtkFLUENTReader.cxx
C:\Daten\Projekte\SimulationPlatform\Third_Party_Libraries\vtk\VTK-9.0.3\Common\DataModel\vtkConvexPointSet.h(64): warning C4996: 'vtkCell3D::GetEdgePoints': was declared deprecated
  c:\daten\projekte\simulationplatform\third_party_libraries\vtk\vtk-9.0.3\common\datamodel\vtkCell3D.h(53): note: see declaration of 'vtkCell3D::GetEdgePoints'
C:\Daten\Projekte\SimulationPlatform\Third_Party_Libraries\vtk\VTK-9.0.3\Common\DataModel\vtkConvexPointSet.h(75): warning C4996: 'vtkCell3D::GetFacePoints': was declared deprecated
  c:\daten\projekte\simulationplatform\third_party_libraries\vtk\vtk-9.0.3\common\datamodel\vtkCell3D.h(66): note: see declaration of 'vtkCell3D::GetFacePoints'
C:\Daten\Projekte\SimulationPlatform\Third_Party_Libraries\vtk\VTK-9.0.3\Common\DataModel\vtkHexahedron.h(54): warning C4996: 'vtkCell3D::GetEdgePoints': was declared deprecated
  c:\daten\projekte\simulationplatform\third_party_libraries\vtk\vtk-9.0.3\common\datamodel\vtkCell3D.h(53): note: see declaration of 'vtkCell3D::GetEdgePoints'
C:\Daten\Projekte\SimulationPlatform\Third_Party_Libraries\vtk\VTK-9.0.3\Common\DataModel\vtkHexahedron.h(57): warning C4996: 'vtkCell3D::GetFacePoints': was declared deprecated
  c:\daten\projekte\simulationplatform\third_party_libraries\vtk\vtk-9.0.3\common\datamodel\vtkCell3D.h(66): note: see declaration of 'vtkCell3D::GetFacePoints'
C:\Daten\Projekte\SimulationPlatform\Third_Party_Libraries\vtk\VTK-9.0.3\Common\DataModel\vtkPyramid.h(56): warning C4996: 'vtkCell3D::GetEdgePoints': was declared deprecated
  c:\daten\projekte\simulationplatform\third_party_libraries\vtk\vtk-9.0.3\common\datamodel\vtkCell3D.h(53): note: see declaration of 'vtkCell3D::GetEdgePoints'
C:\Daten\Projekte\SimulationPlatform\Third_Party_Libraries\vtk\VTK-9.0.3\Common\DataModel\vtkPyramid.h(59): warning C4996: 'vtkCell3D::GetFacePoints': was declared deprecated
  c:\daten\projekte\simulationplatform\third_party_libraries\vtk\vtk-9.0.3\common\datamodel\vtkCell3D.h(66): note: see declaration of 'vtkCell3D::GetFacePoints'
C:\Daten\Projekte\SimulationPlatform\Third_Party_Libraries\vtk\VTK-9.0.3\Common\DataModel\vtkTetra.h(54): warning C4996: 'vtkCell3D::GetEdgePoints': was declared deprecated
  c:\daten\projekte\simulationplatform\third_party_libraries\vtk\vtk-9.0.3\common\datamodel\vtkCell3D.h(53): note: see declaration of 'vtkCell3D::GetEdgePoints'
C:\Daten\Projekte\SimulationPlatform\Third_Party_Libraries\vtk\VTK-9.0.3\Common\DataModel\vtkTetra.h(57): warning C4996: 'vtkCell3D::GetFacePoints': was declared deprecated
  c:\daten\projekte\simulationplatform\third_party_libraries\vtk\vtk-9.0.3\common\datamodel\vtkCell3D.h(66): note: see declaration of 'vtkCell3D::GetFacePoints'
C:\Daten\Projekte\SimulationPlatform\Third_Party_Libraries\vtk\VTK-9.0.3\Common\DataModel\vtkWedge.h(56): warning C4996: 'vtkCell3D::GetEdgePoints': was declared deprecated
  c:\daten\projekte\simulationplatform\third_party_libraries\vtk\vtk-9.0.3\common\datamodel\vtkCell3D.h(53): note: see declaration of 'vtkCell3D::GetEdgePoints'
C:\Daten\Projekte\SimulationPlatform\Third_Party_Libraries\vtk\VTK-9.0.3\Common\DataModel\vtkWedge.h(59): warning C4996: 'vtkCell3D::GetFacePoints': was declared deprecated
  c:\daten\projekte\simulationplatform\third_party_libraries\vtk\vtk-9.0.3\common\datamodel\vtkCell3D.h(66): note: see declaration of 'vtkCell3D::GetFacePoints'
  vtkGAMBITReader.cxx
  vtkGaussianCubeReader.cxx
  vtkGLTFDocumentLoader.cxx
  vtkGLTFReader.cxx
  vtkHoudiniPolyDataWriter.cxx
  vtkIVWriter.cxx
  vtkMCubesReader.cxx
  vtkMCubesWriter.cxx
  vtkMFIXReader.cxx
C:\Daten\Projekte\SimulationPlatform\Third_Party_Libraries\vtk\VTK-9.0.3\Common\DataModel\vtkHexahedron.h(54): warning C4996: 'vtkCell3D::GetEdgePoints': was declared deprecated
  c:\daten\projekte\simulationplatform\third_party_libraries\vtk\vtk-9.0.3\common\datamodel\vtkCell3D.h(53): note: see declaration of 'vtkCell3D::GetEdgePoints'
C:\Daten\Projekte\SimulationPlatform\Third_Party_Libraries\vtk\VTK-9.0.3\Common\DataModel\vtkHexahedron.h(57): warning C4996: 'vtkCell3D::GetFacePoints': was declared deprecated
  c:\daten\projekte\simulationplatform\third_party_libraries\vtk\vtk-9.0.3\common\datamodel\vtkCell3D.h(66): note: see declaration of 'vtkCell3D::GetFacePoints'
C:\Daten\Projekte\SimulationPlatform\Third_Party_Libraries\vtk\VTK-9.0.3\Common\DataModel\vtkWedge.h(56): warning C4996: 'vtkCell3D::GetEdgePoints': was declared deprecated
  c:\daten\projekte\simulationplatform\third_party_libraries\vtk\vtk-9.0.3\common\datamodel\vtkCell3D.h(53): note: see declaration of 'vtkCell3D::GetEdgePoints'
C:\Daten\Projekte\SimulationPlatform\Third_Party_Libraries\vtk\VTK-9.0.3\Common\DataModel\vtkWedge.h(59): warning C4996: 'vtkCell3D::GetFacePoints': was declared deprecated
  c:\daten\projekte\simulationplatform\third_party_libraries\vtk\vtk-9.0.3\common\datamodel\vtkCell3D.h(66): note: see declaration of 'vtkCell3D::GetFacePoints'
  vtkMoleculeReaderBase.cxx
  vtkOBJReader.cxx
  vtkOBJWriter.cxx
  vtkOpenFOAMReader.cxx
C:\Daten\Projekte\SimulationPlatform\Third_Party_Libraries\vtk\VTK-9.0.3\Common\DataModel\vtkConvexPointSet.h(64): warning C4996: 'vtkCell3D::GetEdgePoints': was declared deprecated
  c:\daten\projekte\simulationplatform\third_party_libraries\vtk\vtk-9.0.3\common\datamodel\vtkCell3D.h(53): note: see declaration of 'vtkCell3D::GetEdgePoints'
C:\Daten\Projekte\SimulationPlatform\Third_Party_Libraries\vtk\VTK-9.0.3\Common\DataModel\vtkConvexPointSet.h(75): warning C4996: 'vtkCell3D::GetFacePoints': was declared deprecated
  c:\daten\projekte\simulationplatform\third_party_libraries\vtk\vtk-9.0.3\common\datamodel\vtkCell3D.h(66): note: see declaration of 'vtkCell3D::GetFacePoints'
C:\Daten\Projekte\SimulationPlatform\Third_Party_Libraries\vtk\VTK-9.0.3\Common\DataModel\vtkHexahedron.h(54): warning C4996: 'vtkCell3D::GetEdgePoints': was declared deprecated
  c:\daten\projekte\simulationplatform\third_party_libraries\vtk\vtk-9.0.3\common\datamodel\vtkCell3D.h(53): note: see declaration of 'vtkCell3D::GetEdgePoints'
C:\Daten\Projekte\SimulationPlatform\Third_Party_Libraries\vtk\VTK-9.0.3\Common\DataModel\vtkHexahedron.h(57): warning C4996: 'vtkCell3D::GetFacePoints': was declared deprecated
  c:\daten\projekte\simulationplatform\third_party_libraries\vtk\vtk-9.0.3\common\datamodel\vtkCell3D.h(66): note: see declaration of 'vtkCell3D::GetFacePoints'
C:\Daten\Projekte\SimulationPlatform\Third_Party_Libraries\vtk\VTK-9.0.3\Common\DataModel\vtkPyramid.h(56): warning C4996: 'vtkCell3D::GetEdgePoints': was declared deprecated
  c:\daten\projekte\simulationplatform\third_party_libraries\vtk\vtk-9.0.3\common\datamodel\vtkCell3D.h(53): note: see declaration of 'vtkCell3D::GetEdgePoints'
C:\Daten\Projekte\SimulationPlatform\Third_Party_Libraries\vtk\VTK-9.0.3\Common\DataModel\vtkPyramid.h(59): warning C4996: 'vtkCell3D::GetFacePoints': was declared deprecated
  c:\daten\projekte\simulationplatform\third_party_libraries\vtk\vtk-9.0.3\common\datamodel\vtkCell3D.h(66): note: see declaration of 'vtkCell3D::GetFacePoints'
C:\Daten\Projekte\SimulationPlatform\Third_Party_Libraries\vtk\VTK-9.0.3\Common\DataModel\vtkTetra.h(54): warning C4996: 'vtkCell3D::GetEdgePoints': was declared deprecated
  c:\daten\projekte\simulationplatform\third_party_libraries\vtk\vtk-9.0.3\common\datamodel\vtkCell3D.h(53): note: see declaration of 'vtkCell3D::GetEdgePoints'
C:\Daten\Projekte\SimulationPlatform\Third_Party_Libraries\vtk\VTK-9.0.3\Common\DataModel\vtkTetra.h(57): warning C4996: 'vtkCell3D::GetFacePoints': was declared deprecated
  c:\daten\projekte\simulationplatform\third_party_libraries\vtk\vtk-9.0.3\common\datamodel\vtkCell3D.h(66): note: see declaration of 'vtkCell3D::GetFacePoints'
C:\Daten\Projekte\SimulationPlatform\Third_Party_Libraries\vtk\VTK-9.0.3\Common\DataModel\vtkWedge.h(56): warning C4996: 'vtkCell3D::GetEdgePoints': was declared deprecated
  c:\daten\projekte\simulationplatform\third_party_libraries\vtk\vtk-9.0.3\common\datamodel\vtkCell3D.h(53): note: see declaration of 'vtkCell3D::GetEdgePoints'
C:\Daten\Projekte\SimulationPlatform\Third_Party_Libraries\vtk\VTK-9.0.3\Common\DataModel\vtkWedge.h(59): warning C4996: 'vtkCell3D::GetFacePoints': was declared deprecated
  c:\daten\projekte\simulationplatform\third_party_libraries\vtk\vtk-9.0.3\common\datamodel\vtkCell3D.h(66): note: see declaration of 'vtkCell3D::GetFacePoints'
  vtkParticleReader.cxx
  Generating Code...
  Compiling...
  vtkPDBReader.cxx
  vtkProStarReader.cxx
  vtkPTSReader.cxx
  vtkSTLReader.cxx
  vtkSTLWriter.cxx
  vtkTecplotReader.cxx
  vtkWindBladeReader.cxx
  vtkXYZMolReader.cxx
  vtkGLTFDocumentLoaderInternals.cxx
C:\Daten\Projekte\SimulationPlatform\Third_Party_Libraries\vtk\VTK-9.0.3\ThirdParty\jsoncpp\vtkjsoncpp/json/json.h(635): warning C4275: non dll-interface class 'std::exception' used as base for dll-interface class 'vtkJson::Exception'
  C:\Program Files (x86)\Microsoft Visual Studio\2017\Community\VC\Tools\MSVC\14.16.27023\include\vcruntime_exception.h(44): note: see declaration of 'std::exception'
  C:\Daten\Projekte\SimulationPlatform\Third_Party_Libraries\vtk\VTK-9.0.3\ThirdParty\jsoncpp\vtkjsoncpp/json/json.h(635): note: see declaration of 'vtkJson::Exception'
  vtkGLTFUtils.cxx
C:\Daten\Projekte\SimulationPlatform\Third_Party_Libraries\vtk\VTK-9.0.3\ThirdParty\jsoncpp\vtkjsoncpp/json/json.h(635): warning C4275: non dll-interface class 'std::exception' used as base for dll-interface class 'vtkJson::Exception'
  C:\Program Files (x86)\Microsoft Visual Studio\2017\Community\VC\Tools\MSVC\14.16.27023\include\vcruntime_exception.h(44): note: see declaration of 'std::exception'
  C:\Daten\Projekte\SimulationPlatform\Third_Party_Libraries\vtk\VTK-9.0.3\ThirdParty\jsoncpp\vtkjsoncpp/json/json.h(635): note: see declaration of 'vtkJson::Exception'
  Generating Code...
     Creating library C:/Daten/Projekte/SimulationPlatform/Third_Party_Libraries/vtk/VTK-9.0.3/build_Win64/lib/Release/vtkIOGeometry-9.0.lib and object C:/Daten/Projekte/SimulationPlatform/Third_Party_Libraries/vtk/VTK-9.0.3/build_Win64/lib/Release/vtkIOGeometry-9.0.exp
  IOGeometry.vcxproj -> C:\Daten\Projekte\SimulationPlatform\Third_Party_Libraries\vtk\VTK-9.0.3\build_Win64\bin\Release\vtkIOGeometry-9.0.dll
