  Building Custom Rule C:/Daten/Projekte/SimulationPlatform/Third_Party_Libraries/vtk/VTK-9.0.3/Views/Infovis/CMakeLists.txt
  CMake does not need to re-run because C:/Daten/Projekte/SimulationPlatform/Third_Party_Libraries/vtk/VTK-9.0.3/build_Win64/Views/Infovis/CMakeFiles/generate.stamp is up-to-date.
  vtkApplyColors.cxx
  vtkApplyIcons.cxx
  vtkDendrogramItem.cxx
  vtkGraphItem.cxx
  vtkGraphLayoutView.cxx
  vtkHeatmapItem.cxx
  vtkHierarchicalGraphPipeline.cxx
  vtkHierarchicalGraphView.cxx
  vtkIcicleView.cxx
  vtkInteractorStyleAreaSelectHover.cxx
  vtkInteractorStyleTreeMapHover.cxx
  vtkParallelCoordinatesHistogramRepresentation.cxx
  vtkParallelCoordinatesRepresentation.cxx
  vtkParallelCoordinatesView.cxx
  vtkRenderedGraphRepresentation.cxx
  vtkRenderedHierarchyRepresentation.cxx
  vtkRenderedRepresentation.cxx
  vtkRenderedSurfaceRepresentation.cxx
  vtkRenderedTreeAreaRepresentation.cxx
  vtkRenderView.cxx
  Generating Code...
  Compiling...
  vtkSCurveSpline.cxx
  vtkTanglegramItem.cxx
  vtkTreeAreaView.cxx
  vtkTreeHeatmapItem.cxx
  vtkTreeMapView.cxx
  vtkTreeRingView.cxx
  vtkViewUpdater.cxx
  Generating Code...
     Creating library C:/Daten/Projekte/SimulationPlatform/Third_Party_Libraries/vtk/VTK-9.0.3/build_Win64/lib/Debug/vtkViewsInfovis-9.0d.lib and object C:/Daten/Projekte/SimulationPlatform/Third_Party_Libraries/vtk/VTK-9.0.3/build_Win64/lib/Debug/vtkViewsInfovis-9.0d.exp
  ViewsInfovis.vcxproj -> C:\Daten\Projekte\SimulationPlatform\Third_Party_Libraries\vtk\VTK-9.0.3\build_Win64\bin\Debug\vtkViewsInfovis-9.0d.dll
