  Building Custom Rule C:/Daten/Projekte/SimulationPlatform/Third_Party_Libraries/vtk/VTK-9.0.3/IO/ParallelXML/CMakeLists.txt
  CMake does not need to re-run because C:/Daten/Projekte/SimulationPlatform/Third_Party_Libraries/vtk/VTK-9.0.3/build_Win64/IO/ParallelXML/CMakeFiles/generate.stamp is up-to-date.
  vtkXMLPDataSetWriter.cxx
  vtkXMLPDataObjectWriter.cxx
  vtkXMLPDataWriter.cxx
  vtkXMLPImageDataWriter.cxx
  vtkXMLPPolyDataWriter.cxx
  vtkXMLPRectilinearGridWriter.cxx
  vtkXMLPStructuredDataWriter.cxx
  vtkXMLPStructuredGridWriter.cxx
  vtkXMLPTableWriter.cxx
  vtkXMLPUnstructuredDataWriter.cxx
  vtkXMLPUnstructuredGridWriter.cxx
  vtkXMLPHierarchicalBoxDataWriter.cxx
  vtkXMLPMultiBlockDataWriter.cxx
  vtkXMLPUniformGridAMRWriter.cxx
  vtkXMLPHyperTreeGridWriter.cxx
  Generating Code...
     Creating library C:/Daten/Projekte/SimulationPlatform/Third_Party_Libraries/vtk/VTK-9.0.3/build_Win64/lib/Release/vtkIOParallelXML-9.0.lib and object C:/Daten/Projekte/SimulationPlatform/Third_Party_Libraries/vtk/VTK-9.0.3/build_Win64/lib/Release/vtkIOParallelXML-9.0.exp
  IOParallelXML.vcxproj -> C:\Daten\Projekte\SimulationPlatform\Third_Party_Libraries\vtk\VTK-9.0.3\build_Win64\bin\Release\vtkIOParallelXML-9.0.dll
