  Generating vtkSocketCommunicatorHash.h
  Building Custom Rule C:/Daten/Projekte/SimulationPlatform/Third_Party_Libraries/vtk/VTK-9.0.3/Parallel/Core/CMakeLists.txt
  CMake does not need to re-run because C:/Daten/Projekte/SimulationPlatform/Third_Party_Libraries/vtk/VTK-9.0.3/build_Win64/Parallel/Core/CMakeFiles/generate.stamp is up-to-date.
  vtkCommunicator.cxx
  vtkDummyCommunicator.cxx
  vtkDummyController.cxx
  vtkFieldDataSerializer.cxx
  vtkMultiProcessController.cxx
  vtkMultiProcessStream.cxx
  vtkPDirectory.cxx
  vtkProcess.cxx
  vtkProcessGroup.cxx
  vtkPSystemTools.cxx
  vtkSocketCommunicator.cxx
  vtkSocketController.cxx
  vtkSubCommunicator.cxx
  vtkSubGroup.cxx
  Generating Code...
     Creating library C:/Daten/Projekte/SimulationPlatform/Third_Party_Libraries/vtk/VTK-9.0.3/build_Win64/lib/Debug/vtkParallelCore-9.0d.lib and object C:/Daten/Projekte/SimulationPlatform/Third_Party_Libraries/vtk/VTK-9.0.3/build_Win64/lib/Debug/vtkParallelCore-9.0d.exp
  ParallelCore.vcxproj -> C:\Daten\Projekte\SimulationPlatform\Third_Party_Libraries\vtk\VTK-9.0.3\build_Win64\bin\Debug\vtkParallelCore-9.0d.dll
