  Building Custom Rule C:/Daten/Projekte/SimulationPlatform/Third_Party_Libraries/vtk/VTK-9.0.3/Rendering/FreeType/CMakeLists.txt
  CMake does not need to re-run because C:/Daten/Projekte/SimulationPlatform/Third_Party_Libraries/vtk/VTK-9.0.3/build_Win64/Rendering/FreeType/CMakeFiles/generate.stamp is up-to-date.
  vtkRenderingFreeTypeObjectFactory.cxx
  face_arial_bold.cxx
  face_arial_bold_italic.cxx
  face_arial.cxx
  face_arial_italic.cxx
  face_courier_bold.cxx
  face_courier_bold_italic.cxx
  face_courier.cxx
  face_courier_italic.cxx
  face_times_bold.cxx
  face_times_bold_italic.cxx
  face_times.cxx
  face_times_italic.cxx
  vtkFreeTypeStringToImage.cxx
  vtkFreeTypeTools.cxx
  vtkMathTextFreeTypeTextRenderer.cxx
  vtkMathTextUtilities.cxx
  vtkScaledTextActor.cxx
  vtkTextRendererStringToImage.cxx
  vtkVectorText.cxx
  Generating Code...
     Creating library C:/Daten/Projekte/SimulationPlatform/Third_Party_Libraries/vtk/VTK-9.0.3/build_Win64/lib/Debug/vtkRenderingFreeType-9.0d.lib and object C:/Daten/Projekte/SimulationPlatform/Third_Party_Libraries/vtk/VTK-9.0.3/build_Win64/lib/Debug/vtkRenderingFreeType-9.0d.exp
  RenderingFreeType.vcxproj -> C:\Daten\Projekte\SimulationPlatform\Third_Party_Libraries\vtk\VTK-9.0.3\build_Win64\bin\Debug\vtkRenderingFreeType-9.0d.dll
