  Building Custom Rule C:/Daten/Projekte/SimulationPlatform/Third_Party_Libraries/vtk/VTK-9.0.3/IO/Legacy/CMakeLists.txt
  CMake does not need to re-run because C:/Daten/Projekte/SimulationPlatform/Third_Party_Libraries/vtk/VTK-9.0.3/build_Win64/IO/Legacy/CMakeFiles/generate.stamp is up-to-date.
  vtkCompositeDataReader.cxx
  vtkCompositeDataWriter.cxx
  vtkDataObjectReader.cxx
  vtkDataObjectWriter.cxx
  vtkDataReader.cxx
  vtkDataSetReader.cxx
  vtkDataSetWriter.cxx
  vtkDataWriter.cxx
  vtkGenericDataObjectReader.cxx
  vtkGenericDataObjectWriter.cxx
  vtkGraphReader.cxx
  vtkGraphWriter.cxx
  vtkPixelExtentIO.cxx
  vtkPolyDataReader.cxx
  vtkPolyDataWriter.cxx
  vtkRectilinearGridReader.cxx
  vtkRectilinearGridWriter.cxx
  vtkSimplePointsReader.cxx
  vtkSimplePointsWriter.cxx
  vtkStructuredGridReader.cxx
  Generating Code...
  Compiling...
  vtkStructuredGridWriter.cxx
  vtkStructuredPointsReader.cxx
  vtkStructuredPointsWriter.cxx
  vtkTableReader.cxx
  vtkTableWriter.cxx
  vtkTreeReader.cxx
  vtkTreeWriter.cxx
  vtkUnstructuredGridReader.cxx
  vtkUnstructuredGridWriter.cxx
  Generating Code...
     Creating library C:/Daten/Projekte/SimulationPlatform/Third_Party_Libraries/vtk/VTK-9.0.3/build_Win64/lib/Debug/vtkIOLegacy-9.0d.lib and object C:/Daten/Projekte/SimulationPlatform/Third_Party_Libraries/vtk/VTK-9.0.3/build_Win64/lib/Debug/vtkIOLegacy-9.0d.exp
  IOLegacy.vcxproj -> C:\Daten\Projekte\SimulationPlatform\Third_Party_Libraries\vtk\VTK-9.0.3\build_Win64\bin\Debug\vtkIOLegacy-9.0d.dll
