c:\daten\projekte\simulationplatform\third_party_libraries\gmsh\gmsh-4.8.0-source\build_win64\cmakefiles\generate.stamp
c:\daten\projekte\simulationplatform\third_party_libraries\gmsh\gmsh-4.8.0-source\build_win64\common\cmakefiles\generate.stamp
c:\daten\projekte\simulationplatform\third_party_libraries\gmsh\gmsh-4.8.0-source\build_win64\numeric\cmakefiles\generate.stamp
c:\daten\projekte\simulationplatform\third_party_libraries\gmsh\gmsh-4.8.0-source\build_win64\geo\cmakefiles\generate.stamp
c:\daten\projekte\simulationplatform\third_party_libraries\gmsh\gmsh-4.8.0-source\build_win64\mesh\cmakefiles\generate.stamp
c:\daten\projekte\simulationplatform\third_party_libraries\gmsh\gmsh-4.8.0-source\build_win64\solver\cmakefiles\generate.stamp
c:\daten\projekte\simulationplatform\third_party_libraries\gmsh\gmsh-4.8.0-source\build_win64\post\cmakefiles\generate.stamp
c:\daten\projekte\simulationplatform\third_party_libraries\gmsh\gmsh-4.8.0-source\build_win64\plugin\cmakefiles\generate.stamp
c:\daten\projekte\simulationplatform\third_party_libraries\gmsh\gmsh-4.8.0-source\build_win64\parser\cmakefiles\generate.stamp
c:\daten\projekte\simulationplatform\third_party_libraries\gmsh\gmsh-4.8.0-source\build_win64\contrib\ann\cmakefiles\generate.stamp
c:\daten\projekte\simulationplatform\third_party_libraries\gmsh\gmsh-4.8.0-source\build_win64\contrib\alglib\cmakefiles\generate.stamp
c:\daten\projekte\simulationplatform\third_party_libraries\gmsh\gmsh-4.8.0-source\build_win64\contrib\discreteintegration\cmakefiles\generate.stamp
c:\daten\projekte\simulationplatform\third_party_libraries\gmsh\gmsh-4.8.0-source\build_win64\contrib\highordermeshoptimizer\cmakefiles\generate.stamp
c:\daten\projekte\simulationplatform\third_party_libraries\gmsh\gmsh-4.8.0-source\build_win64\contrib\meshoptimizer\cmakefiles\generate.stamp
c:\daten\projekte\simulationplatform\third_party_libraries\gmsh\gmsh-4.8.0-source\build_win64\contrib\meshqualityoptimizer\cmakefiles\generate.stamp
c:\daten\projekte\simulationplatform\third_party_libraries\gmsh\gmsh-4.8.0-source\build_win64\contrib\domhex\cmakefiles\generate.stamp
c:\daten\projekte\simulationplatform\third_party_libraries\gmsh\gmsh-4.8.0-source\build_win64\contrib\quadtri\cmakefiles\generate.stamp
c:\daten\projekte\simulationplatform\third_party_libraries\gmsh\gmsh-4.8.0-source\build_win64\contrib\kbipack\cmakefiles\generate.stamp
c:\daten\projekte\simulationplatform\third_party_libraries\gmsh\gmsh-4.8.0-source\build_win64\contrib\mathex\cmakefiles\generate.stamp
c:\daten\projekte\simulationplatform\third_party_libraries\gmsh\gmsh-4.8.0-source\build_win64\contrib\metis\cmakefiles\generate.stamp
c:\daten\projekte\simulationplatform\third_party_libraries\gmsh\gmsh-4.8.0-source\build_win64\contrib\voro++\cmakefiles\generate.stamp
c:\daten\projekte\simulationplatform\third_party_libraries\gmsh\gmsh-4.8.0-source\build_win64\contrib\blossom\cmakefiles\generate.stamp
c:\daten\projekte\simulationplatform\third_party_libraries\gmsh\gmsh-4.8.0-source\build_win64\contrib\netgen\cmakefiles\generate.stamp
c:\daten\projekte\simulationplatform\third_party_libraries\gmsh\gmsh-4.8.0-source\build_win64\contrib\bamg\cmakefiles\generate.stamp
c:\daten\projekte\simulationplatform\third_party_libraries\gmsh\gmsh-4.8.0-source\build_win64\contrib\hxt\cmakefiles\generate.stamp
c:\daten\projekte\simulationplatform\third_party_libraries\gmsh\gmsh-4.8.0-source\build_win64\x64\release\zero_check\zero_check.tlog\custombuild.command.1.tlog
c:\daten\projekte\simulationplatform\third_party_libraries\gmsh\gmsh-4.8.0-source\build_win64\x64\release\zero_check\zero_check.tlog\custombuild.read.1.tlog
c:\daten\projekte\simulationplatform\third_party_libraries\gmsh\gmsh-4.8.0-source\build_win64\x64\release\zero_check\zero_check.tlog\custombuild.write.1.tlog
