  Building Custom Rule C:/Daten/Projekte/SimulationPlatform/Third_Party_Libraries/vtk/VTK-9.0.3/Rendering/Annotation/CMakeLists.txt
  CMake does not need to re-run because C:/Daten/Projekte/SimulationPlatform/Third_Party_Libraries/vtk/VTK-9.0.3/build_Win64/Rendering/Annotation/CMakeFiles/generate.stamp is up-to-date.
  vtkAnnotatedCubeActor.cxx
  vtkArcPlotter.cxx
  vtkAxesActor.cxx
  vtkAxisActor.cxx
  vtkAxisActor2D.cxx
  vtkAxisFollower.cxx
  vtkBarChartActor.cxx
  vtkCaptionActor2D.cxx
  vtkConvexHull2D.cxx
  vtkCornerAnnotation.cxx
  vtkCubeAxesActor.cxx
  vtkCubeAxesActor2D.cxx
  vtkGraphAnnotationLayersFilter.cxx
  vtkLeaderActor2D.cxx
  vtkLegendBoxActor.cxx
  vtkLegendScaleActor.cxx
  vtkParallelCoordinatesActor.cxx
  vtkPieChartActor.cxx
  vtkPolarAxesActor.cxx
  vtkProp3DAxisFollower.cxx
  Generating Code...
  Compiling...
  vtkScalarBarActor.cxx
  vtkSpiderPlotActor.cxx
  vtkXYPlotActor.cxx
  Generating Code...
     Creating library C:/Daten/Projekte/SimulationPlatform/Third_Party_Libraries/vtk/VTK-9.0.3/build_Win64/lib/Debug/vtkRenderingAnnotation-9.0d.lib and object C:/Daten/Projekte/SimulationPlatform/Third_Party_Libraries/vtk/VTK-9.0.3/build_Win64/lib/Debug/vtkRenderingAnnotation-9.0d.exp
  RenderingAnnotation.vcxproj -> C:\Daten\Projekte\SimulationPlatform\Third_Party_Libraries\vtk\VTK-9.0.3\build_Win64\bin\Debug\vtkRenderingAnnotation-9.0d.dll
