  Building Custom Rule C:/Daten/Projekte/SimulationPlatform/Third_Party_Libraries/vtk/VTK-9.0.3/Imaging/Core/CMakeLists.txt
  CMake does not need to re-run because C:/Daten/Projekte/SimulationPlatform/Third_Party_Libraries/vtk/VTK-9.0.3/build_Win64/Imaging/Core/CMakeFiles/generate.stamp is up-to-date.
  vtkImageProbeFilter.cxx
  vtkAbstractImageInterpolator.cxx
  vtkExtractVOI.cxx
  vtkImageAppendComponents.cxx
  vtkImageBlend.cxx
  vtkImageBSplineCoefficients.cxx
  vtkImageBSplineInternals.cxx
  vtkImageBSplineInterpolator.cxx
  vtkImageCacheFilter.cxx
  vtkImageCast.cxx
  vtkImageChangeInformation.cxx
  vtkImageClip.cxx
  vtkImageConstantPad.cxx
  vtkImageDataStreamer.cxx
  vtkImageDecomposeFilter.cxx
  vtkImageDifference.cxx
  vtkImageExtractComponents.cxx
  vtkImageFlip.cxx
  vtkImageInterpolator.cxx
  vtkImageIterateFilter.cxx
  Generating Code...
  Compiling...
  vtkImageMagnify.cxx
  vtkImageMapToColors.cxx
  vtkImageMask.cxx
  vtkImageMirrorPad.cxx
  vtkImagePadFilter.cxx
  vtkImagePermute.cxx
  vtkImagePointDataIterator.cxx
  vtkImagePointIterator.cxx
  vtkImageResample.cxx
  vtkImageResize.cxx
  vtkImageReslice.cxx
  vtkImageResliceToColors.cxx
  vtkImageShiftScale.cxx
  vtkImageShrink3D.cxx
  vtkImageSincInterpolator.cxx
  vtkImageStencilAlgorithm.cxx
  vtkImageStencilData.cxx
  vtkImageStencilIterator.cxx
  vtkImageStencilSource.cxx
  vtkImageThreshold.cxx
  Generating Code...
  Compiling...
  vtkImageTranslateExtent.cxx
  vtkImageWrapPad.cxx
  vtkRTAnalyticSource.cxx
  Generating Code...
     Creating library C:/Daten/Projekte/SimulationPlatform/Third_Party_Libraries/vtk/VTK-9.0.3/build_Win64/lib/Release/vtkImagingCore-9.0.lib and object C:/Daten/Projekte/SimulationPlatform/Third_Party_Libraries/vtk/VTK-9.0.3/build_Win64/lib/Release/vtkImagingCore-9.0.exp
  ImagingCore.vcxproj -> C:\Daten\Projekte\SimulationPlatform\Third_Party_Libraries\vtk\VTK-9.0.3\build_Win64\bin\Release\vtkImagingCore-9.0.dll
